
Gurobi 9.5.1 (win64) logging started Mon Apr 18 22:26:14 2022

Set parameter LogFile to value "./Log/Direct_MIP_Sshape_solver_600_order_40_batch.log"
Gurobi Optimizer version 9.5.1 build v9.5.1rc2 (win64)
Thread count: 6 physical cores, 12 logical processors, using up to 12 threads
Optimize a model with 42560 rows, 65920 columns and 198280 nonzeros
Model fingerprint: 0x8977677f
Variable types: 0 continuous, 65920 integer (65920 binary)
Coefficient statistics:
  Matrix range     [1e+00, 2e+01]
  Objective range  [4e-01, 2e+01]
  Bounds range     [1e+00, 1e+00]
  RHS range        [1e+00, 2e+01]
Found heuristic solution: objective 8792.8000000
Presolve removed 22280 rows and 22280 columns
Presolve time: 0.41s
Presolved: 20280 rows, 43640 columns, 171840 nonzeros
Variable types: 0 continuous, 43640 integer (43640 binary)

Deterministic concurrent LP optimizer: primal and dual simplex
Showing first log only...


Use crossover to convert LP symmetric solution to basic solution...
Concurrent spin time: 0.00s

Solved with primal simplex

Root relaxation: objective 2.250760e+03, 23942 iterations, 0.14 seconds (0.15 work units)

    Nodes    |    Current Node    |     Objective Bounds      |     Work
 Expl Unexpl |  Obj  Depth IntInf | Incumbent    BestBd   Gap | It/Node Time

     0     0 2250.76000    0 1870 8792.80000 2250.76000  74.4%     -    2s
H    0     0                    8120.8000000 2250.76000  72.3%     -    2s
H    0     0                    8101.0000000 2250.76000  72.2%     -    2s
H    0     0                    6702.0000000 2250.76000  66.4%     -    4s
H    0     0                    6503.4000000 2250.76000  65.4%     -    4s
     0     0 2250.76000    0 2796 6503.40000 2250.76000  65.4%     -    4s
H    0     0                    6237.8000000 2250.76000  63.9%     -    5s
     0     0 2250.76000    0 2415 6237.80000 2250.76000  63.9%     -    5s
H    0     0                    6223.6000000 2250.76000  63.8%     -    9s
H    0     0                    6186.6000000 2250.76000  63.6%     -    9s
H    0     0                    6142.4000000 2250.76000  63.4%     -    9s
H    0     0                    6137.0000000 2250.76000  63.3%     -    9s
H    0     0                    6040.0000000 2250.76000  62.7%     -    9s
H    0     0                    6003.6000000 2250.76000  62.5%     -    9s
     0     0 2250.76000    0 1853 6003.60000 2250.76000  62.5%     -    9s
     0     0 2250.76000    0 1863 6003.60000 2250.76000  62.5%     -   10s
H    0     0                    5965.0000000 2250.76000  62.3%     -   14s
H    0     0                    5928.0000000 2250.76000  62.0%     -   14s
     0     0 2250.76000    0 1820 5928.00000 2250.76000  62.0%     -   14s
H    0     0                    5923.4000000 2250.76000  62.0%     -   16s
H    0     0                    5657.0000000 2250.76000  60.2%     -   16s
H    0     0                    5638.0000000 2250.76000  60.1%     -   16s
H    0     0                    5562.8000000 2250.76000  59.5%     -   16s
     0     0 2256.12000    0 1782 5562.80000 2256.12000  59.4%     -   17s
H    0     0                    5428.8000000 2256.12000  58.4%     -   18s
H    0     0                    5423.3999666 2256.12000  58.4%     -   20s
     0     2 2256.12000    0 1782 5423.39997 2256.12000  58.4%     -   21s
    17    10 2293.77037    6 2763 5423.39997 2280.03374  58.0%  1780   26s
    23    14 2306.37557    7 2839 5423.39997 2293.77037  57.7%  2876   31s
H   29    18                    5406.8000000 2297.59158  57.5%  4210   37s
H   30    18                    5406.6000000 2297.59158  57.5%  4218   37s
H   31    18                    5381.2000000 2297.59158  57.3%  4148   37s
    35    22 2333.13433    9 2652 5381.20000 2297.59158  57.3%  4381   47s
    47    30 2401.18780   11 2469 5381.20000 2297.59158  57.3%  3757   52s
    66    38 infeasible   13      5381.20000 2297.59158  57.3%  3344   57s
    77    42 infeasible   14      5381.20000 2297.59158  57.3%  3241   60s
   110    73 2424.14306   18 2476 5381.20000 2297.59158  57.3%  2654   65s
H  153    91                    5354.6000000 2297.59158  57.1%  2039   69s
   166    98 2549.05025   25 1961 5354.60000 2297.59158  57.1%  1926   70s
H  200   114                    5311.2000000 2297.59158  56.7%  1641   73s
H  202   114                    5287.2000000 2297.59158  56.5%  1631   73s
   211   119 infeasible   31      5287.20000 2297.59158  56.5%  1568   75s
H  250   127                    5219.6000000 2297.59158  56.0%  1357   86s
H  251   127                    5212.8000000 2297.59158  55.9%  1353   86s
H  252   127                    5211.0000000 2297.59158  55.9%  1348   86s
   274   146 2706.46973   34 1829 5211.00000 2297.59158  55.9%  1267   90s
   338   170 2730.58657   40 1771 5211.00000 2297.59158  55.9%  1071   97s
H  341   170                    5206.6000000 2297.59158  55.9%  1063   97s
H  346   170                    5205.8000000 2297.59158  55.9%  1051   97s
   347   178 infeasible   41      5205.80000 2297.59158  55.9%  1049  100s
   391   206 2727.92316   45 1682 5205.80000 2297.59158  55.9%  1012  106s
   441   227 2754.64536   52 1622 5205.80000 2297.59158  55.9%   925  111s
   470   238 2765.60536   57 1625 5205.80000 2297.59158  55.9%   879  115s
   523   252 2925.63377   66 1563 5205.80000 2297.59158  55.9%   871  121s
   547   278 2944.04732   70 1551 5205.80000 2297.59158  55.9%   873  125s
H  583   282                    5202.6000000 2297.59158  55.8%   835  135s
H  586   282                    5202.2000000 2297.59158  55.8%   832  135s
H  588   282                    5192.4000000 2297.59158  55.8%   831  135s
H  589   282                    5176.2000000 2297.59158  55.6%   830  135s
H  591   287                    5112.0000000 2297.59158  55.1%   831  155s
   646   321 3012.63608   81 1514 5112.00000 2297.59158  55.1%   785  162s
   690   330 3102.20532   90 1416 5112.00000 2297.59158  55.1%   747  166s
   737   338 3154.18009   97 1388 5112.00000 2297.59158  55.1%   705  170s
   831   356 3146.82342  102 1376 5112.00000 2297.59158  55.1%   650  179s
   879   373 3203.00866  111 1352 5112.00000 2297.59158  55.1%   633  183s
   931   397 3231.56866  120 1309 5112.00000 2297.59158  55.1%   608  188s
   992   427 3265.41065  133 1272 5112.00000 2297.59158  55.1%   581  193s
  1059   461 3341.59922  153 1274 5112.00000 2297.59158  55.1%   550  199s
  1119   501 3447.76693  171 1292 5112.00000 2297.59158  55.1%   538  206s
  1174   541 3751.96225  189 1105 5112.00000 2297.59158  55.1%   534  212s
  1236   592 3965.02320  205 1012 5112.00000 2297.59158  55.1%   524  239s
H 1300   592                    5041.8000000 2297.59158  54.4%   521  239s
  1301   640 4208.52482  232  887 5041.80000 2297.59158  54.4%   541  251s
  1370   641 4037.55793  217 1782 5041.80000 2297.59158  54.4%   575  289s

Explored 1371 nodes (1377183 simplex iterations) in 1000.04 seconds (1488.90 work units)
Thread count was 12 (of 12 available processors)

Solution count 10: 5041.8 5112 5176.2 ... 5212.8

Time limit reached
Best objective 5.041800000000e+03, best bound 2.297600000000e+03, gap 54.4290%

Gurobi 9.5.1 (win64) logging started Wed May 25 15:17:31 2022

Set parameter LogFile to value "./Log/Direct_MIP_Sshape_solver_600_order_40_batch.log"
Gurobi Optimizer version 9.5.1 build v9.5.1rc2 (win64)
Thread count: 6 physical cores, 12 logical processors, using up to 12 threads
Optimize a model with 55040 rows, 76480 columns and 323720 nonzeros
Model fingerprint: 0x5a95a2a0
Model has 1880 quadratic constraints
Variable types: 0 continuous, 76480 integer (72640 binary)
Coefficient statistics:
  Matrix range     [1e+00, 5e+01]
  QMatrix range    [1e+00, 1e+00]
  QLMatrix range   [1e+00, 1e+00]
  Objective range  [4e-01, 4e+01]
  Bounds range     [1e+00, 1e+00]
  RHS range        [1e+00, 2e+01]
Presolve removed 21480 rows and 25080 columns
Presolve time: 0.65s
Presolved: 33560 rows, 51400 columns, 215400 nonzeros
Variable types: 0 continuous, 51400 integer (47680 binary)
Found heuristic solution: objective 14953.200000

Deterministic concurrent LP optimizer: primal and dual simplex
Showing first log only...


Use crossover to convert LP symmetric solution to basic solution...
Concurrent spin time: 0.06s

Solved with primal simplex

Root relaxation: objective 1.630720e+03, 27785 iterations, 0.95 seconds (1.41 work units)

    Nodes    |    Current Node    |     Objective Bounds      |     Work
 Expl Unexpl |  Obj  Depth IntInf | Incumbent    BestBd   Gap | It/Node Time

     0     0 1630.72000    0 9539 14953.2000 1630.72000  89.1%     -   28s
H    0     0                    14450.000000 1630.72000  88.7%     -   31s
H    0     0                    14196.800000 1630.72000  88.5%     -   44s
H    0     0                    14093.200000 1630.72000  88.4%     -   44s
H    0     0                    14087.200000 1630.72000  88.4%     -   44s
     0     0 1630.72000    0 6597 14087.2000 1630.72000  88.4%     -   53s
H    0     0                    13970.800000 1630.72000  88.3%     -   55s
H    0     0                    13925.200000 1631.92000  88.3%     -   55s
     0     0 1924.72000    0 6348 13925.2000 1924.72000  86.2%     -   56s
H    0     0                    13771.600000 1924.72000  86.0%     -   57s
     0     0 1924.72000    0 6336 13771.6000 1924.72000  86.0%     -   57s
     0     0 1924.72000    0 6177 13771.6000 1924.72000  86.0%     -   58s
     0     0 1924.72000    0 6172 13771.6000 1924.72000  86.0%     -   58s
H    0     0                    13604.400000 2842.45484  79.1%     -  109s
H    0     0                    13568.000000 2842.45484  79.1%     -  109s
H    0     0                    13567.600000 2842.45484  79.0%     -  109s
H    0     0                    13561.600000 2842.45484  79.0%     -  109s
H    0     0                    13560.000000 2842.45484  79.0%     -  109s
H    0     0                    13557.600000 2842.45484  79.0%     -  109s
H    0     0                    13539.600000 2842.45484  79.0%     -  109s
H    0     0                    13539.200000 2842.45484  79.0%     -  109s
H    0     0                    13519.200000 2842.45484  79.0%     -  109s
H    0     0                    13496.800000 2842.45484  78.9%     -  109s
H    0     0                    13494.400000 2842.45484  78.9%     -  109s
H    0     0                    13471.200000 2842.45484  78.9%     -  109s
H    0     0                    13469.600000 2842.45484  78.9%     -  109s
H    0     0                    13450.000000 2842.45484  78.9%     -  109s
H    0     0                    13445.200000 2842.45484  78.9%     -  109s
H    0     0                    13444.400000 2842.45484  78.9%     -  109s
H    0     0                    13424.400000 2842.45484  78.8%     -  109s
H    0     0                    13422.000000 2842.45484  78.8%     -  109s
H    0     0                    13421.200000 2842.45484  78.8%     -  109s
H    0     0                    13417.200000 2842.45484  78.8%     -  109s
H    0     0                    13296.000000 2842.45484  78.6%     -  109s
H    0     0                    13292.400000 2842.45484  78.6%     -  109s
H    0     0                    13220.400000 2842.45484  78.5%     -  109s
H    0     0                    13214.400000 2842.45484  78.5%     -  109s
H    0     0                    13165.600000 2842.45484  78.4%     -  109s
H    0     0                    13157.600000 2842.45484  78.4%     -  109s
H    0     0                    13147.600000 2842.45484  78.4%     -  109s
H    0     0                    13140.800000 2842.45484  78.4%     -  109s
H    0     0                    13136.000000 2842.45484  78.4%     -  109s
     0     0 2842.45484    0 7452 13136.0000 2842.45484  78.4%     -  111s
H    0     0                    13058.000000 3381.60116  74.1%     -  126s
H    0     0                    13051.200000 3381.60116  74.1%     -  126s
H    0     0                    13046.800000 3381.60116  74.1%     -  126s
H    0     0                    12969.600000 3381.60116  73.9%     -  126s
H    0     0                    12961.200000 3381.60116  73.9%     -  126s
H    0     0                    12894.800000 3381.60116  73.8%     -  126s
H    0     0                    12886.800000 3381.60116  73.8%     -  126s
H    0     0                    12886.400000 3381.60116  73.8%     -  126s
H    0     0                    12882.400000 3381.60116  73.8%     -  126s
H    0     0                    12877.600000 3381.60116  73.7%     -  126s
     0     0 3381.60116    0 9282 12877.6000 3381.60116  73.7%     -  127s
H    0     0                    12872.400000 3566.94518  72.3%     -  137s
H    0     0                    12610.400000 3566.94518  71.7%     -  137s
H    0     0                    12595.200000 3566.94518  71.7%     -  137s
H    0     0                    12594.800000 3566.94518  71.7%     -  137s
H    0     0                    12590.800000 3566.94518  71.7%     -  137s
H    0     0                    12585.600000 3566.94518  71.7%     -  137s
H    0     0                    12569.600000 3566.94518  71.6%     -  137s
     0     0 3566.94518    0 9066 12569.6000 3566.94518  71.6%     -  138s
H    0     0                    12560.400000 3613.66428  71.2%     -  149s
H    0     0                    12544.400000 3613.66428  71.2%     -  149s
H    0     0                    12516.000000 3613.66428  71.1%     -  149s
H    0     0                    12515.200000 3613.66428  71.1%     -  149s
     0     0 3613.66428    0 9155 12515.2000 3613.66428  71.1%     -  149s
H    0     0                    12502.000000 3628.82098  71.0%     -  157s
H    0     0                    12472.800000 3628.82098  70.9%     -  157s
H    0     0                    12456.000000 3628.82098  70.9%     -  157s
H    0     0                    12439.200000 3628.82098  70.8%     -  157s
     0     0 3628.82098    0 9073 12439.2000 3628.82098  70.8%     -  158s
H    0     0                    12437.600000 3634.82039  70.8%     -  169s
H    0     0                    12421.600000 3634.82039  70.7%     -  169s
H    0     0                    12402.800000 3634.82039  70.7%     -  169s
H    0     0                    12318.800000 3634.82039  70.5%     -  169s
H    0     0                    12318.400000 3634.82039  70.5%     -  169s
     0     0 3634.82039    0 8899 12318.4000 3634.82039  70.5%     -  169s
H    0     0                    12316.800000 3636.22824  70.5%     -  177s
H    0     0                    12314.000000 3636.22824  70.5%     -  177s
H    0     0                    12312.800000 3636.22824  70.5%     -  177s
H    0     0                    12309.200000 3636.22824  70.5%     -  177s
     0     0 3636.22824    0 9027 12309.2000 3636.22824  70.5%     -  177s
H    0     0                    12277.200000 3637.22341  70.4%     -  181s
H    0     0                    12276.800000 3637.22341  70.4%     -  181s
     0     0 3637.22341    0 8890 12276.8000 3637.22341  70.4%     -  181s
H    0     0                    12257.200000 3637.36686  70.3%     -  184s
H    0     0                    12227.200000 3637.36686  70.3%     -  184s
     0     0 3637.36686    0 8860 12227.2000 3637.36686  70.3%     -  184s
H    0     0                    12209.600000 3637.36686  70.2%     -  186s
H    0     0                    12209.200000 3986.81380  67.3%     -  199s
H    0     0                    12208.800000 3986.81380  67.3%     -  199s
H    0     0                    12208.000000 3986.81380  67.3%     -  199s
H    0     0                    12191.600000 3986.81380  67.3%     -  199s
     0     0 3986.81380    0 9051 12191.6000 3986.81380  67.3%     -  199s
H    0     0                    12096.400000 3986.81380  67.0%     -  200s
H    0     0                    12088.400000 4253.64345  64.8%     -  246s
H    0     0                    12086.800000 4253.64345  64.8%     -  246s
H    0     0                    12070.400000 4253.64345  64.8%     -  246s
H    0     0                    12053.200000 4253.64345  64.7%     -  246s
H    0     0                    12048.000000 4253.64345  64.7%     -  246s
H    0     0                    12031.200000 4253.64345  64.6%     -  246s
H    0     0                    11980.000000 4253.64345  64.5%     -  246s
H    0     0                    11890.800000 4253.64345  64.2%     -  246s
     0     0 4253.64345    0 9909 11890.8000 4253.64345  64.2%     -  247s
H    0     0                    11890.000000 4366.41235  63.3%     -  313s
H    0     0                    11875.600000 4366.41235  63.2%     -  313s
H    0     0                    11874.800000 4366.41235  63.2%     -  313s
     0     0 4366.41235    0 10000 11874.8000 4366.41235  63.2%     -  314s
     0     0 4385.05147    0 9925 11874.8000 4385.05147  63.1%     -  345s
H    0     0                    11824.800000 4388.82438  62.9%     -  380s
     0     0 4388.82438    0 10052 11824.8000 4388.82438  62.9%     -  380s
     0     0 4390.27655    0 9957 11824.8000 4390.27655  62.9%     -  423s
H    0     0                    11740.400000 4391.01524  62.6%     -  473s
H    0     0                    11720.800000 4391.01524  62.5%     -  473s
     0     0 4391.01524    0 9966 11720.8000 4391.01524  62.5%     -  473s
H    0     0                    11685.600000 4484.36461  61.6%     -  544s
H    0     0                    11666.400000 4484.36461  61.6%     -  544s
     0     0 4484.36461    0 9865 11666.4000 4484.36461  61.6%     -  544s
H    0     0                    11665.200000 4550.22930  61.0%     -  827s
H    0     0                    11663.200000 4550.22930  61.0%     -  827s
H    0     0                    11661.600000 4550.22930  61.0%     -  827s
H    0     0                    11626.800000 4550.22930  60.9%     -  827s
H    0     0                    11608.400000 4550.22930  60.8%     -  827s
H    0     0                    11588.000000 4550.22930  60.7%     -  827s
H    0     0                    11586.000000 4550.22930  60.7%     -  827s
H    0     0                    11584.400000 4550.22930  60.7%     -  827s
H    0     0                    11566.000000 4550.22930  60.7%     -  827s
H    0     0                    11564.800000 4550.22930  60.7%     -  827s
H    0     0                    11562.000000 4550.22930  60.6%     -  827s
H    0     0                    11559.200000 4550.22930  60.6%     -  827s
H    0     0                    11558.800000 4550.22930  60.6%     -  827s
H    0     0                    11555.200000 4550.22930  60.6%     -  827s
H    0     0                    11554.000000 4550.22930  60.6%     -  827s
H    0     0                    11552.800000 4550.22930  60.6%     -  827s
H    0     0                    11532.400000 4550.22930  60.5%     -  827s
H    0     0                    11529.600000 4550.22930  60.5%     -  827s
H    0     0                    11526.800000 4550.22930  60.5%     -  827s
H    0     0                    11524.800000 4550.22930  60.5%     -  827s
H    0     0                    11522.000000 4550.22930  60.5%     -  827s
H    0     0                    11519.200000 4550.22930  60.5%     -  827s
H    0     0                    11516.800000 4550.22930  60.5%     -  827s
H    0     0                    11514.000000 4550.22930  60.5%     -  827s
H    0     0                    11069.600000 4550.22930  58.9%     -  827s
H    0     0                    11068.000000 4550.22930  58.9%     -  827s
H    0     0                    11058.400000 4550.22930  58.9%     -  827s
H    0     0                    11049.600000 4550.22930  58.8%     -  827s
H    0     0                    11041.600000 4550.22930  58.8%     -  827s
H    0     0                    11040.000000 4550.22930  58.8%     -  827s
H    0     0                    11038.000000 4550.22930  58.8%     -  827s
H    0     0                    11037.200000 4550.22930  58.8%     -  827s
H    0     0                    11034.400000 4550.22930  58.8%     -  827s
H    0     0                    11025.200000 4550.22930  58.7%     -  827s
H    0     0                    11021.600000 4550.22930  58.7%     -  827s
H    0     0                    11016.800000 4550.22930  58.7%     -  827s
H    0     0                    11016.400000 4550.22930  58.7%     -  827s
H    0     0                    11015.600000 4550.22930  58.7%     -  827s
H    0     0                    11014.000000 4550.22930  58.7%     -  827s
H    0     0                    11011.600000 4550.22930  58.7%     -  827s
H    0     0                    11011.200000 4550.22930  58.7%     -  827s
H    0     0                    11010.000000 4550.22930  58.7%     -  827s
H    0     0                    11007.200000 4550.22930  58.7%     -  827s
H    0     0                    11006.800000 4550.22930  58.7%     -  827s
H    0     0                    11006.400000 4550.22930  58.7%     -  827s
H    0     0                    11004.000000 4550.22930  58.6%     -  827s
H    0     0                    11003.600000 4550.22930  58.6%     -  827s
H    0     0                    10999.600000 4550.22930  58.6%     -  827s
H    0     0                    10999.200000 4550.22930  58.6%     -  827s
H    0     0                    10997.600000 4550.22930  58.6%     -  827s
H    0     0                    10996.000000 4550.22930  58.6%     -  827s
H    0     0                    10995.200000 4550.22930  58.6%     -  827s
H    0     0                    10994.400000 4550.22930  58.6%     -  827s
H    0     0                    10992.400000 4550.22930  58.6%     -  827s
H    0     0                    10977.600000 4550.22930  58.5%     -  827s
H    0     0                    10977.200000 4550.22930  58.5%     -  827s
H    0     0                    10966.400000 4550.22930  58.5%     -  827s
H    0     0                    10949.600000 4550.22930  58.4%     -  827s
H    0     0                    10934.800000 4550.22930  58.4%     -  827s
H    0     0                    10931.200000 4550.22930  58.4%     -  827s
H    0     0                    10929.600000 4550.22930  58.4%     -  827s
H    0     0                    10929.200000 4550.22930  58.4%     -  827s
H    0     0                    10928.400000 4550.22930  58.4%     -  827s
H    0     0                    10898.400000 4550.22930  58.2%     -  827s
H    0     0                    10898.000000 4550.22930  58.2%     -  827s
H    0     0                    10896.800000 4550.22930  58.2%     -  827s
H    0     0                    10896.400000 4550.22930  58.2%     -  827s
H    0     0                    10895.200000 4550.22930  58.2%     -  827s
H    0     0                    10880.400000 4550.22930  58.2%     -  827s
     0     0 4550.22930    0 10395 10880.4000 4550.22930  58.2%     -  828s
     0     0 4571.13165    0 9736 10880.4000 4571.13165  58.0%     -  874s
     0     0 4576.21533    0 9199 10880.4000 4576.21533  57.9%     -  906s
H    0     0                    10880.000000 4580.90407  57.9%     -  949s
     0     0 4580.90407    0 9808 10880.0000 4580.90407  57.9%     -  949s
     0     0 4584.78924    0 9254 10880.0000 4584.78924  57.9%     -  978s
     0     0 4585.90485    0 8915 10880.0000 4585.90485  57.9%     -  989s
     0     0          -    0      10880.0000 4585.90485  57.9%     - 1000s

Cutting planes:
  Learned: 54
  Gomory: 1
  Cover: 5359
  Implied bound: 941
  Clique: 153
  MIR: 640
  StrongCG: 233
  Flow cover: 409
  Zero half: 2561
  Network: 126
  RLT: 851
  Relax-and-lift: 1279

Explored 1 nodes (710489 simplex iterations) in 1000.41 seconds (1094.55 work units)
Thread count was 12 (of 12 available processors)

Solution count 10: 10880 10880.4 10895.2 ... 10929.6

Time limit reached
Best objective 1.088000000000e+04, best bound 4.586000000000e+03, gap 57.8493%

Gurobi 9.5.1 (win64) logging started Wed May 25 15:34:14 2022

Set parameter LogFile to value "./Log/Direct_MIP_Sshape_solver_600_order_40_batch.log"
Gurobi Optimizer version 9.5.1 build v9.5.1rc2 (win64)
Thread count: 6 physical cores, 12 logical processors, using up to 12 threads
Optimize a model with 55040 rows, 76480 columns and 323520 nonzeros
Model fingerprint: 0x99c61adc
Model has 1880 quadratic constraints
Variable types: 0 continuous, 76480 integer (72640 binary)
Coefficient statistics:
  Matrix range     [1e+00, 5e+01]
  QMatrix range    [1e+00, 1e+00]
  QLMatrix range   [1e+00, 1e+00]
  Objective range  [4e-01, 4e+01]
  Bounds range     [1e+00, 1e+00]
  RHS range        [1e+00, 2e+01]
Presolve removed 21120 rows and 24720 columns
Presolve time: 0.62s
Presolved: 33920 rows, 51760 columns, 215920 nonzeros
Variable types: 0 continuous, 51760 integer (48040 binary)
Found heuristic solution: objective 14998.000000

Deterministic concurrent LP optimizer: primal and dual simplex
Showing first log only...


Use crossover to convert LP symmetric solution to basic solution...
Concurrent spin time: 0.12s

Solved with primal simplex

Root relaxation: objective 1.642240e+03, 27780 iterations, 1.12 seconds (1.65 work units)

    Nodes    |    Current Node    |     Objective Bounds      |     Work
 Expl Unexpl |  Obj  Depth IntInf | Incumbent    BestBd   Gap | It/Node Time

     0     0 1642.24000    0 10069 14998.0000 1642.24000  89.1%     -   30s
H    0     0                    14924.000000 1642.24000  89.0%     -   30s
H    0     0                    14728.000000 1642.24000  88.8%     -   33s
H    0     0                    14483.600000 1642.24000  88.7%     -   49s
H    0     0                    14240.000000 1642.24000  88.5%     -   49s
H    0     0                    14152.000000 1642.24000  88.4%     -   49s
H    0     0                    14057.200000 1642.24000  88.3%     -   49s
     0     0 1936.24000    0 6561 14057.2000 1936.24000  86.2%     -   68s
H    0     0                    13849.200000 1936.24000  86.0%     -   69s
H    0     0                    13824.400000 1936.24000  86.0%     -   72s
H    0     0                    13811.600000 1936.24000  86.0%     -   72s
H    0     0                    13675.200000 1936.24000  85.8%     -   72s
H    0     0                    13557.200000 1936.24000  85.7%     -   72s
H    0     0                    13461.600000 1936.24000  85.6%     -   72s
H    0     0                    13409.200000 1936.24000  85.6%     -   72s
H    0     0                    13340.400000 1936.24000  85.5%     -   72s
     0     0 1936.24000    0 6423 13340.4000 1936.24000  85.5%     -   73s
H    0     0                    13325.200000 1936.24000  85.5%     -   73s
     0     0 1936.24000    0 6307 13325.2000 1936.24000  85.5%     -   73s
H    0     0                    13323.600000 2555.28623  80.8%     -  114s
H    0     0                    13320.800000 2555.28623  80.8%     -  114s
H    0     0                    13319.200000 2555.28623  80.8%     -  114s
H    0     0                    13314.400000 2555.28623  80.8%     -  114s
H    0     0                    13202.000000 2555.28623  80.6%     -  114s
H    0     0                    13200.800000 2555.28623  80.6%     -  114s
H    0     0                    13199.600000 2555.28623  80.6%     -  114s
H    0     0                    13197.600000 2555.28623  80.6%     -  114s
H    0     0                    13197.200000 2555.28623  80.6%     -  114s
H    0     0                    13179.200000 2555.28623  80.6%     -  114s
H    0     0                    13176.000000 2555.28623  80.6%     -  114s
H    0     0                    13104.800000 2555.28623  80.5%     -  114s
H    0     0                    13103.600000 2555.28623  80.5%     -  114s
H    0     0                    13085.600000 2555.28623  80.5%     -  114s
H    0     0                    13082.000000 2555.28623  80.5%     -  114s
H    0     0                    13049.200000 2555.28623  80.4%     -  114s
H    0     0                    13046.400000 2555.28623  80.4%     -  114s
H    0     0                    13026.400000 2555.28623  80.4%     -  114s
H    0     0                    13023.200000 2555.28623  80.4%     -  114s
H    0     0                    12968.400000 2555.28623  80.3%     -  114s
H    0     0                    12964.000000 2555.28623  80.3%     -  114s
H    0     0                    12953.200000 2555.28623  80.3%     -  114s
H    0     0                    12952.000000 2555.28623  80.3%     -  114s
H    0     0                    12951.200000 2555.28623  80.3%     -  114s
H    0     0                    12946.400000 2555.28623  80.3%     -  114s
H    0     0                    12940.800000 2555.28623  80.3%     -  114s
     0     0 2604.67963    0 6864 12940.8000 2604.67963  79.9%     -  115s
H    0     0                    12934.800000 3050.61506  76.4%     -  208s
H    0     0                    12934.400000 3050.61506  76.4%     -  208s
H    0     0                    12928.800000 3050.61506  76.4%     -  208s
H    0     0                    12884.800000 3050.61506  76.3%     -  208s
H    0     0                    12877.200000 3050.61506  76.3%     -  208s
H    0     0                    12845.200000 3050.61506  76.3%     -  208s
H    0     0                    12841.600000 3050.61506  76.2%     -  208s
H    0     0                    12835.200000 3050.61506  76.2%     -  208s
H    0     0                    12763.200000 3050.61506  76.1%     -  208s
H    0     0                    12754.000000 3050.61506  76.1%     -  208s
H    0     0                    12704.000000 3050.61506  76.0%     -  208s
H    0     0                    12696.000000 3050.61506  76.0%     -  208s
H    0     0                    12679.200000 3050.61506  75.9%     -  208s
H    0     0                    12675.200000 3050.61506  75.9%     -  208s
H    0     0                    12670.400000 3050.61506  75.9%     -  208s
H    0     0                    12664.800000 3050.61506  75.9%     -  208s
H    0     0                    12656.800000 3050.61506  75.9%     -  208s
H    0     0                    12620.000000 3050.61506  75.8%     -  208s
H    0     0                    12594.400000 3050.61506  75.8%     -  208s
H    0     0                    12527.200000 3050.61506  75.6%     -  208s
H    0     0                    12463.200000 3050.61506  75.5%     -  208s
H    0     0                    12392.000000 3050.61506  75.4%     -  208s
H    0     0                    12376.800000 3050.61506  75.4%     -  208s
H    0     0                    12292.400000 3050.61506  75.2%     -  208s
H    0     0                    12236.400000 3050.61506  75.1%     -  208s
H    0     0                    12220.400000 3050.61506  75.0%     -  208s
H    0     0                    12218.800000 3050.61506  75.0%     -  208s
H    0     0                    12205.600000 3050.61506  75.0%     -  208s
H    0     0                    12172.800000 3050.61506  74.9%     -  208s
H    0     0                    12171.600000 3050.61506  74.9%     -  208s
H    0     0                    12155.200000 3050.61506  74.9%     -  208s
H    0     0                    12152.800000 3050.61506  74.9%     -  208s
H    0     0                    12134.000000 3050.61506  74.9%     -  208s
H    0     0                    12101.200000 3050.61506  74.8%     -  208s
H    0     0                    12029.600000 3050.61506  74.6%     -  208s
H    0     0                    12011.600000 3050.61506  74.6%     -  208s
H    0     0                    11952.800000 3050.61506  74.5%     -  208s
H    0     0                    11949.200000 3050.61506  74.5%     -  208s
H    0     0                    11948.800000 3050.61506  74.5%     -  208s
H    0     0                    11945.200000 3050.61506  74.5%     -  208s
H    0     0                    11890.800000 3050.61506  74.3%     -  208s
H    0     0                    11870.800000 3050.61506  74.3%     -  208s
H    0     0                    11854.000000 3050.61506  74.3%     -  208s
     0     0 3050.61506    0 9358 11854.0000 3050.61506  74.3%     -  209s
H    0     0                    11838.400000 3486.66324  70.5%     -  231s
H    0     0                    11834.400000 3486.66324  70.5%     -  231s
H    0     0                    11824.400000 3486.66324  70.5%     -  231s
H    0     0                    11820.800000 3486.66324  70.5%     -  231s
H    0     0                    11818.800000 3486.66324  70.5%     -  231s
     0     0 3486.66324    0 9157 11818.8000 3486.66324  70.5%     -  232s
H    0     0                    11804.799983 3548.12757  69.9%     -  247s
H    0     0                    11803.200000 3548.12757  69.9%     -  247s
H    0     0                    11777.200000 3548.12757  69.9%     -  247s
H    0     0                    11774.000000 3548.12757  69.9%     -  247s
H    0     0                    11766.400000 3548.12757  69.8%     -  247s
     0     0 3548.12757    0 9089 11766.4000 3548.12757  69.8%     -  247s
H    0     0                    11765.600000 3560.51188  69.7%     -  268s
H    0     0                    11749.600000 3560.51188  69.7%     -  268s
H    0     0                    11748.000000 3560.51188  69.7%     -  268s
H    0     0                    11747.200000 3560.51188  69.7%     -  268s
H    0     0                    11731.200000 3560.51188  69.6%     -  268s
H    0     0                    11695.600000 3560.51188  69.6%     -  268s
     0     0 3560.51188    0 9194 11695.6000 3560.51188  69.6%     -  268s
     0     0 3567.57210    0 9243 11695.6000 3567.57210  69.5%     -  296s
     0     0 3571.40539    0 9326 11695.6000 3571.40539  69.5%     -  330s
     0     0 3573.00537    0 9170 11695.6000 3573.00537  69.5%     -  345s
     0     0 3573.78697    0 9232 11695.6000 3573.78697  69.4%     -  375s
     0     0 3573.95377    0 9248 11695.6000 3573.95377  69.4%     -  397s
     0     0 3908.59867    0 9666 11695.6000 3908.59867  66.6%     -  462s
H    0     0                    11693.600000 3908.59867  66.6%     -  464s
H    0     0                    11623.600000 4193.50203  63.9%     -  583s
     0     0 4193.50203    0 9009 11623.6000 4193.50203  63.9%     -  583s
     0     0 4283.43055    0 9635 11623.6000 4283.43055  63.1%     -  603s
H    0     0                    11573.200000 4316.53192  62.7%     -  652s
     0     0 4316.53192    0 9907 11573.2000 4316.53192  62.7%     -  653s
     0     0 4330.81297    0 9931 11573.2000 4330.81297  62.6%     -  700s
H    0     0                    11515.200000 4334.74893  62.4%     -  734s
     0     0 4334.74893    0 10009 11515.2000 4334.74893  62.4%     -  734s
H    0     0                    11476.000000 4335.15538  62.2%     -  752s
H    0     0                    11418.000000 4335.15538  62.0%     -  752s
     0     0 4335.15538    0 9975 11418.0000 4335.15538  62.0%     -  752s
H    0     0                    11415.600000 4454.18128  61.0%     -  868s
H    0     0                    11408.000000 4454.18128  61.0%     -  868s
H    0     0                    11406.400000 4454.18128  61.0%     -  868s
H    0     0                    11393.600000 4454.18128  60.9%     -  868s
H    0     0                    11374.000000 4454.18128  60.8%     -  868s
H    0     0                    11360.000000 4454.18128  60.8%     -  868s
H    0     0                    11356.800000 4454.18128  60.8%     -  868s
H    0     0                    11356.000000 4454.18128  60.8%     -  868s
H    0     0                    11355.600000 4454.18128  60.8%     -  868s
H    0     0                    11299.200000 4454.18128  60.6%     -  868s
H    0     0                    11298.400000 4454.18128  60.6%     -  868s
H    0     0                    11283.600000 4454.18128  60.5%     -  868s
H    0     0                    11278.800000 4454.18128  60.5%     -  868s
H    0     0                    11263.600000 4454.18128  60.5%     -  868s
H    0     0                    11262.800000 4454.18128  60.5%     -  868s
H    0     0                    11262.000000 4454.18128  60.4%     -  868s
H    0     0                    11259.600000 4454.18128  60.4%     -  868s
H    0     0                    11252.400000 4454.18128  60.4%     -  868s
H    0     0                    11249.200000 4454.18128  60.4%     -  868s
H    0     0                    11245.200000 4454.18128  60.4%     -  868s
H    0     0                    11237.600000 4454.18128  60.4%     -  868s
H    0     0                    11234.400000 4454.18128  60.4%     -  868s
H    0     0                    10856.000000 4454.18128  59.0%     -  868s
H    0     0                    10850.800000 4454.18128  59.0%     -  868s
H    0     0                    10846.800000 4454.18128  58.9%     -  868s
H    0     0                    10842.000000 4454.18128  58.9%     -  868s
H    0     0                    10840.800000 4454.18128  58.9%     -  868s
H    0     0                    10838.000000 4454.18128  58.9%     -  868s
H    0     0                    10836.000000 4454.18128  58.9%     -  868s
H    0     0                    10832.800000 4454.18128  58.9%     -  868s
H    0     0                    10828.400000 4454.18128  58.9%     -  868s
H    0     0                    10826.800000 4454.18128  58.9%     -  868s
H    0     0                    10826.000000 4454.18128  58.9%     -  868s
H    0     0                    10824.800000 4454.18128  58.9%     -  868s
H    0     0                    10824.400000 4454.18128  58.9%     -  868s
H    0     0                    10821.600000 4454.18128  58.8%     -  868s
H    0     0                    10820.000000 4454.18128  58.8%     -  868s
H    0     0                    10817.600000 4454.18128  58.8%     -  868s
H    0     0                    10816.000000 4454.18128  58.8%     -  868s
H    0     0                    10814.800000 4454.18128  58.8%     -  868s
H    0     0                    10812.800000 4454.18128  58.8%     -  868s
H    0     0                    10811.600000 4454.18128  58.8%     -  868s
H    0     0                    10811.200000 4454.18128  58.8%     -  868s
H    0     0                    10810.000000 4454.18128  58.8%     -  868s
H    0     0                    10808.800000 4454.18128  58.8%     -  868s
H    0     0                    10808.000000 4454.18128  58.8%     -  868s
H    0     0                    10806.800000 4454.18128  58.8%     -  868s
H    0     0                    10805.600000 4454.18128  58.8%     -  868s
H    0     0                    10803.200000 4454.18128  58.8%     -  868s
H    0     0                    10801.600000 4454.18128  58.8%     -  868s
H    0     0                    10798.400000 4454.18128  58.8%     -  868s
H    0     0                    10796.400000 4454.18128  58.7%     -  868s
H    0     0                    10794.400000 4454.18128  58.7%     -  868s
H    0     0                    10792.400000 4454.18128  58.7%     -  868s
     0     0 4454.18128    0 9832 10792.4000 4454.18128  58.7%     -  868s
H    0     0                    10790.000000 4581.21647  57.5%     -  916s
H    0     0                    10787.200000 4581.21647  57.5%     -  916s
H    0     0                    10786.800000 4581.21647  57.5%     -  916s
H    0     0                    10784.400000 4581.21647  57.5%     -  916s
     0     0 4581.21647    0 9242 10784.4000 4581.21647  57.5%     -  916s
H    0     0                    10783.600000 4603.29226  57.3%     -  959s
H    0     0                    10783.200000 4603.29226  57.3%     -  959s
     0     0 4603.29226    0 9478 10783.2000 4603.29226  57.3%     -  959s
     0     0          -    0      10783.2000 4603.29226  57.3%     - 1000s

Cutting planes:
  Learned: 66
  Cover: 4078
  Implied bound: 541
  Clique: 333
  MIR: 486
  StrongCG: 140
  Flow cover: 504
  Zero half: 2256
  Network: 81
  RLT: 771
  Relax-and-lift: 1637

Explored 1 nodes (976593 simplex iterations) in 1000.40 seconds (1130.60 work units)
Thread count was 12 (of 12 available processors)

Solution count 10: 10783.2 10783.6 10784.4 ... 10798.4

Time limit reached
Best objective 1.078320000000e+04, best bound 4.603600000000e+03, gap 57.3077%

Gurobi 9.5.1 (win64) logging started Wed May 25 15:50:57 2022

Set parameter LogFile to value "./Log/Direct_MIP_Sshape_solver_600_order_40_batch.log"
Gurobi Optimizer version 9.5.1 build v9.5.1rc2 (win64)
Thread count: 6 physical cores, 12 logical processors, using up to 12 threads
Optimize a model with 55040 rows, 76480 columns and 323640 nonzeros
Model fingerprint: 0xc7e40c7a
Model has 1880 quadratic constraints
Variable types: 0 continuous, 76480 integer (72640 binary)
Coefficient statistics:
  Matrix range     [1e+00, 5e+01]
  QMatrix range    [1e+00, 1e+00]
  QLMatrix range   [1e+00, 1e+00]
  Objective range  [4e-01, 4e+01]
  Bounds range     [1e+00, 1e+00]
  RHS range        [1e+00, 2e+01]
Presolve removed 21520 rows and 25120 columns
Presolve time: 0.60s
Presolved: 33520 rows, 51360 columns, 215240 nonzeros
Variable types: 0 continuous, 51360 integer (47640 binary)
Found heuristic solution: objective 14927.200000

Deterministic concurrent LP optimizer: primal and dual simplex
Showing first log only...


Use crossover to convert LP symmetric solution to basic solution...
Concurrent spin time: 0.13s

Solved with primal simplex

Root relaxation: objective 1.679680e+03, 27782 iterations, 1.17 seconds (1.74 work units)

    Nodes    |    Current Node    |     Objective Bounds      |     Work
 Expl Unexpl |  Obj  Depth IntInf | Incumbent    BestBd   Gap | It/Node Time

     0     0 1679.68000    0 10251 14927.2000 1679.68000  88.7%     -   29s
H    0     0                    14382.800000 1679.68000  88.3%     -   32s
H    0     0                    14153.600000 1679.68000  88.1%     -   45s
H    0     0                    14012.000000 1679.68000  88.0%     -   45s
H    0     0                    13992.400000 1679.68000  88.0%     -   45s
     0     0 1679.68000    0 6693 13992.4000 1679.68000  88.0%     -   61s
H    0     0                    13787.200000 1679.68000  87.8%     -   63s
H    0     0                    13592.000000 1973.68000  85.5%     -   67s
H    0     0                    13552.000000 1973.68000  85.4%     -   67s
H    0     0                    13531.600000 1973.68000  85.4%     -   67s
H    0     0                    13496.000000 1973.68000  85.4%     -   67s
     0     0 1973.68000    0 6478 13496.0000 1973.68000  85.4%     -   67s
     0     0 2255.68000    0 6332 13496.0000 2255.68000  83.3%     -   68s
H    0     0                    13322.400000 2255.68000  83.1%     -   69s
H    0     0                    13320.800000 2563.82731  80.8%     -  108s
H    0     0                    13257.600000 2563.82731  80.7%     -  108s
H    0     0                    13239.200000 2563.82731  80.6%     -  108s
H    0     0                    13238.400000 2563.82731  80.6%     -  108s
H    0     0                    13233.200000 2563.82731  80.6%     -  108s
H    0     0                    13231.600000 2563.82731  80.6%     -  108s
H    0     0                    13148.800000 2563.82731  80.5%     -  108s
H    0     0                    13137.600000 2563.82731  80.5%     -  108s
H    0     0                    13136.800000 2563.82731  80.5%     -  108s
H    0     0                    13134.000000 2563.82731  80.5%     -  108s
H    0     0                    13092.800000 2563.82731  80.4%     -  108s
H    0     0                    13091.600000 2563.82731  80.4%     -  108s
H    0     0                    13089.200000 2563.82731  80.4%     -  108s
H    0     0                    13086.800000 2563.82731  80.4%     -  108s
H    0     0                    13047.200000 2563.82731  80.3%     -  108s
H    0     0                    13045.600000 2563.82731  80.3%     -  108s
H    0     0                    13012.800000 2563.82731  80.3%     -  108s
H    0     0                    13008.400000 2563.82731  80.3%     -  108s
H    0     0                    12992.400000 2563.82731  80.3%     -  108s
H    0     0                    12987.200000 2563.82731  80.3%     -  108s
H    0     0                    12954.400000 2563.82731  80.2%     -  108s
H    0     0                    12951.600000 2563.82731  80.2%     -  108s
H    0     0                    12950.400000 2563.82731  80.2%     -  108s
H    0     0                    12944.800000 2563.82731  80.2%     -  108s
H    0     0                    12923.200000 2563.82731  80.2%     -  108s
H    0     0                    12918.000000 2563.82731  80.2%     -  108s
H    0     0                    12685.200000 2563.82731  79.8%     -  108s
H    0     0                    12498.000000 2563.82731  79.5%     -  108s
     0     0 2563.82731    0 7893 12498.0000 2563.82731  79.5%     -  109s
H    0     0                    12470.800000 2965.84787  76.2%     -  176s
H    0     0                    12457.200000 2965.84787  76.2%     -  176s
H    0     0                    12370.000000 2965.84787  76.0%     -  176s
H    0     0                    12366.000000 2965.84787  76.0%     -  176s
H    0     0                    12304.000000 2965.84787  75.9%     -  176s
H    0     0                    12303.600000 2965.84787  75.9%     -  176s
H    0     0                    12268.400000 2965.84787  75.8%     -  176s
H    0     0                    12231.200000 2965.84787  75.8%     -  176s
H    0     0                    12215.200000 2965.84787  75.7%     -  176s
H    0     0                    12214.000000 2965.84787  75.7%     -  176s
H    0     0                    12190.000000 2965.84787  75.7%     -  176s
H    0     0                    12149.200000 2965.84787  75.6%     -  176s
H    0     0                    12147.600000 2965.84787  75.6%     -  176s
H    0     0                    12132.400000 2965.84787  75.6%     -  176s
H    0     0                    12095.200000 2965.84787  75.5%     -  176s
H    0     0                    12040.400000 2965.84787  75.4%     -  176s
H    0     0                    12038.000000 2965.84787  75.4%     -  176s
H    0     0                    12035.200000 2965.84787  75.4%     -  176s
H    0     0                    12025.200000 2965.84787  75.3%     -  176s
H    0     0                    12014.000000 2965.84787  75.3%     -  176s
H    0     0                    11994.800000 2965.84787  75.3%     -  205s
H    0     0                    11980.000000 2965.84787  75.2%     -  205s
H    0     0                    11813.200000 2965.84787  74.9%     -  205s
H    0     0                    11812.000000 2965.84787  74.9%     -  205s
H    0     0                    11625.600000 2965.84787  74.5%     -  205s
H    0     0                    11624.000000 2965.84787  74.5%     -  205s
H    0     0                    11618.400000 2965.84787  74.5%     -  205s
H    0     0                    11148.800000 2965.84787  73.4%     -  205s
H    0     0                    11147.600000 2965.84787  73.4%     -  205s
H    0     0                    11146.000000 2965.84787  73.4%     -  205s
H    0     0                    11143.200000 2965.84787  73.4%     -  205s
H    0     0                    11142.400000 2965.84787  73.4%     -  205s
H    0     0                    11138.000000 2965.84787  73.4%     -  205s
H    0     0                    11136.400000 2965.84787  73.4%     -  205s
H    0     0                    11128.000000 2965.84787  73.3%     -  205s
H    0     0                    11127.600000 2965.84787  73.3%     -  205s
H    0     0                    11122.800000 2965.84787  73.3%     -  205s
H    0     0                    11119.600000 2965.84787  73.3%     -  205s
H    0     0                    11117.600000 2965.84787  73.3%     -  205s
H    0     0                    11115.600000 2965.84787  73.3%     -  205s
H    0     0                    11108.400000 2965.84787  73.3%     -  205s
H    0     0                    11107.200000 2965.84787  73.3%     -  205s
H    0     0                    11106.000000 2965.84787  73.3%     -  205s
H    0     0                    11104.000000 2965.84787  73.3%     -  205s
H    0     0                    11102.400000 2965.84787  73.3%     -  205s
H    0     0                    11100.800000 2965.84787  73.3%     -  205s
H    0     0                    11100.000000 2965.84787  73.3%     -  205s
H    0     0                    11098.400000 2965.84787  73.3%     -  205s
H    0     0                    11096.000000 2965.84787  73.3%     -  205s
H    0     0                    11094.400000 2965.84787  73.3%     -  205s
H    0     0                    11091.600000 2965.84787  73.3%     -  205s
H    0     0                    11091.200000 2965.84787  73.3%     -  205s
H    0     0                    11090.000000 2965.84787  73.3%     -  205s
H    0     0                    11088.000000 2965.84787  73.3%     -  205s
H    0     0                    11085.200000 2965.84787  73.2%     -  205s
H    0     0                    11084.000000 2965.84787  73.2%     -  205s
H    0     0                    11081.600000 2965.84787  73.2%     -  205s
H    0     0                    11077.600000 2965.84787  73.2%     -  205s
H    0     0                    11076.800000 2965.84787  73.2%     -  205s
H    0     0                    11075.200000 2965.84787  73.2%     -  205s
H    0     0                    11074.000000 2965.84787  73.2%     -  205s
H    0     0                    11070.400000 2965.84787  73.2%     -  205s
H    0     0                    11070.000000 2965.84787  73.2%     -  205s
H    0     0                    11067.600000 2965.84787  73.2%     -  205s
H    0     0                    11066.000000 2965.84787  73.2%     -  205s
H    0     0                    11064.000000 2965.84787  73.2%     -  205s
H    0     0                    11046.800000 2965.84787  73.2%     -  205s
H    0     0                    11045.200000 2965.84787  73.1%     -  205s
H    0     0                    11029.200000 2965.84787  73.1%     -  205s
H    0     0                    11026.000000 2965.84787  73.1%     -  205s
H    0     0                    11023.600000 2965.84787  73.1%     -  205s
H    0     0                    11021.600000 2965.84787  73.1%     -  205s
H    0     0                    11021.200000 2965.84787  73.1%     -  205s
H    0     0                    11006.800000 2965.84787  73.1%     -  205s
H    0     0                    11006.400000 2965.84787  73.1%     -  205s
H    0     0                    11006.000000 2965.84787  73.1%     -  205s
H    0     0                    11005.200000 2965.84787  73.1%     -  205s
H    0     0                    11004.000000 2965.84787  73.0%     -  205s
H    0     0                    11003.600000 2965.84787  73.0%     -  206s
H    0     0                    10984.400000 2965.84787  73.0%     -  206s
H    0     0                    10977.600000 2965.84787  73.0%     -  206s
     0     0 2965.84787    0 9347 10977.6000 2965.84787  73.0%     -  206s
     0     0 3094.92420    0 9324 10977.6000 3094.92420  71.8%     -  244s
     0     0 3148.38398    0 9342 10977.6000 3148.38398  71.3%     -  271s
     0     0 3153.61328    0 9324 10977.6000 3153.61328  71.3%     -  310s
     0     0 3154.12060    0 9345 10977.6000 3154.12060  71.3%     -  324s
H    0     0                    10947.600000 3154.28627  71.2%     -  340s
H    0     0                    10946.000000 3154.28627  71.2%     -  340s
     0     0 3154.28627    0 9215 10946.0000 3154.28627  71.2%     -  341s
     0     0 3448.32061    0 9421 10946.0000 3448.32061  68.5%     -  378s
     0     0 3925.50117    0 9508 10946.0000 3925.50117  64.1%     -  423s
     0     0 4006.07377    0 9603 10946.0000 4006.07377  63.4%     -  451s
     0     0 4017.18301    0 9907 10946.0000 4017.18301  63.3%     -  513s
     0     0 4023.88681    0 9901 10946.0000 4023.88681  63.2%     -  595s
     0     0 4026.71793    0 9889 10946.0000 4026.71793  63.2%     -  649s
     0     0 4031.34575    0 9937 10946.0000 4031.34575  63.2%     -  701s
     0     0 4033.53000    0 9903 10946.0000 4033.53000  63.2%     -  760s
     0     0 4034.59021    0 9897 10946.0000 4034.59021  63.1%     -  802s
     0     0 4035.94443    0 9870 10946.0000 4035.94443  63.1%     -  905s
H    0     0                    10929.600000 4036.26905  63.1%     -  969s
     0     0 4036.26905    0 9784 10929.6000 4036.26905  63.1%     -  969s
     0     0          -    0      10929.6000 4036.26905  63.1%     - 1000s

Cutting planes:
  Learned: 85
  Cover: 4558
  Implied bound: 894
  Clique: 214
  MIR: 482
  StrongCG: 214
  Flow cover: 366
  Zero half: 2417
  Network: 141
  RLT: 820
  Relax-and-lift: 854

Explored 1 nodes (836892 simplex iterations) in 1000.29 seconds (987.09 work units)
Thread count was 12 (of 12 available processors)

Solution count 10: 10929.6 10946 10947.6 ... 11006.4

Time limit reached
Best objective 1.092960000000e+04, best bound 4.036400000000e+03, gap 63.0691%

Gurobi 9.5.1 (win64) logging started Wed May 25 16:07:40 2022

Set parameter LogFile to value "./Log/Direct_MIP_Sshape_solver_600_order_40_batch.log"
Gurobi Optimizer version 9.5.1 build v9.5.1rc2 (win64)
Thread count: 6 physical cores, 12 logical processors, using up to 12 threads
Optimize a model with 55040 rows, 76480 columns and 324440 nonzeros
Model fingerprint: 0x8755f1d1
Model has 1880 quadratic constraints
Variable types: 0 continuous, 76480 integer (72640 binary)
Coefficient statistics:
  Matrix range     [1e+00, 5e+01]
  QMatrix range    [1e+00, 1e+00]
  QLMatrix range   [1e+00, 1e+00]
  Objective range  [4e-01, 4e+01]
  Bounds range     [1e+00, 1e+00]
  RHS range        [1e+00, 2e+01]
Presolve removed 21960 rows and 25560 columns
Presolve time: 0.68s
Presolved: 33080 rows, 50920 columns, 214640 nonzeros
Variable types: 0 continuous, 50920 integer (47200 binary)
Found heuristic solution: objective 14998.000000

Deterministic concurrent LP optimizer: primal and dual simplex
Showing first log only...


Use crossover to convert LP symmetric solution to basic solution...
Concurrent spin time: 0.00s

Solved with primal simplex

Root relaxation: objective 1.644640e+03, 27785 iterations, 0.63 seconds (0.75 work units)

    Nodes    |    Current Node    |     Objective Bounds      |     Work
 Expl Unexpl |  Obj  Depth IntInf | Incumbent    BestBd   Gap | It/Node Time

     0     0 1644.64000    0 9355 14998.0000 1644.64000  89.0%     -   25s
H    0     0                    14472.800000 1644.64000  88.6%     -   28s
H    0     0                    14298.000000 1644.64000  88.5%     -   38s
H    0     0                    14108.000000 1644.64000  88.3%     -   38s
     0     0 1644.64000    0 6423 14108.0000 1644.64000  88.3%     -   47s
H    0     0                    14091.200000 1644.64000  88.3%     -   47s
H    0     0                    14066.800000 1644.64000  88.3%     -   48s
H    0     0                    13920.800000 1644.64000  88.2%     -   48s
H    0     0                    13838.400000 1644.64000  88.1%     -   48s
     0     0 1938.64000    0 6449 13838.4000 1938.64000  86.0%     -   49s
H    0     0                    13796.000000 2416.14000  82.5%     -  104s
H    0     0                    13792.000000 2416.14000  82.5%     -  104s
H    0     0                    13736.400000 2416.14000  82.4%     -  104s
H    0     0                    13593.200000 2416.14000  82.2%     -  104s
H    0     0                    13539.600000 2416.14000  82.2%     -  104s
H    0     0                    13537.200000 2416.14000  82.2%     -  104s
H    0     0                    13463.200000 2416.14000  82.1%     -  104s
H    0     0                    13415.600000 2416.14000  82.0%     -  104s
H    0     0                    13386.800000 2416.14000  82.0%     -  104s
H    0     0                    13386.400000 2416.14000  82.0%     -  104s
H    0     0                    13365.200000 2416.14000  81.9%     -  104s
H    0     0                    13363.600000 2416.14000  81.9%     -  104s
H    0     0                    13352.400000 2416.14000  81.9%     -  104s
H    0     0                    13352.000000 2416.14000  81.9%     -  104s
H    0     0                    13351.200000 2416.14000  81.9%     -  104s
H    0     0                    13348.400000 2416.14000  81.9%     -  104s
H    0     0                    13292.400000 2416.14000  81.8%     -  104s
H    0     0                    13285.200000 2416.14000  81.8%     -  104s
H    0     0                    13284.400000 2416.14000  81.8%     -  104s
H    0     0                    13210.400000 2416.14000  81.7%     -  104s
H    0     0                    13207.200000 2416.14000  81.7%     -  104s
H    0     0                    13205.600000 2416.14000  81.7%     -  104s
H    0     0                    13201.200000 2416.14000  81.7%     -  104s
H    0     0                    13145.600000 2416.14000  81.6%     -  104s
H    0     0                    13144.400000 2416.14000  81.6%     -  104s
H    0     0                    13124.400000 2416.14000  81.6%     -  104s
H    0     0                    13118.000000 2416.14000  81.6%     -  104s
H    0     0                    13100.400000 2416.14000  81.6%     -  104s
H    0     0                    13096.000000 2416.14000  81.6%     -  104s
     0     0 2416.14000    0 8725 13096.0000 2416.14000  81.6%     -  105s
H    0     0                    13079.200000 2616.13758  80.0%     -  117s
H    0     0                    13074.400000 2616.13758  80.0%     -  117s
H    0     0                    13073.600000 2616.13758  80.0%     -  117s
H    0     0                    13069.600000 2616.13758  80.0%     -  117s
H    0     0                    13067.200000 2616.13758  80.0%     -  117s
H    0     0                    13062.800000 2616.13758  80.0%     -  117s
H    0     0                    12971.600000 2616.13758  79.8%     -  117s
     0     0 2616.13758    0 8395 12971.6000 2616.13758  79.8%     -  119s
H    0     0                    12964.800000 2652.43311  79.5%     -  125s
H    0     0                    12901.600000 2652.43311  79.4%     -  125s
H    0     0                    12894.800000 2652.43311  79.4%     -  125s
H    0     0                    12894.000000 2652.43311  79.4%     -  125s
H    0     0                    12886.400000 2652.43311  79.4%     -  125s
H    0     0                    12857.600000 2652.43311  79.4%     -  125s
     0     0 2652.43311    0 8487 12857.6000 2652.43311  79.4%     -  126s
H    0     0                    12849.200000 2691.04602  79.1%     -  137s
H    0     0                    12764.400000 2691.04602  78.9%     -  137s
H    0     0                    12754.000000 2691.04602  78.9%     -  137s
H    0     0                    12722.000000 2691.04602  78.8%     -  137s
H    0     0                    12718.400000 2691.04602  78.8%     -  137s
     0     0 2691.04602    0 8460 12718.4000 2691.04602  78.8%     -  138s
H    0     0                    12702.800000 2695.81844  78.8%     -  145s
H    0     0                    12688.400000 2695.81844  78.8%     -  145s
H    0     0                    12674.400000 2695.81844  78.7%     -  145s
     0     0 2695.81844    0 8350 12674.4000 2695.81844  78.7%     -  145s
H    0     0                    12643.200000 2695.88910  78.7%     -  147s
     0     0 2695.88910    0 8324 12643.2000 2695.88910  78.7%     -  147s
H    0     0                    12600.000000 2695.88910  78.6%     -  148s
H    0     0                    12598.400000 3683.55225  70.8%     -  177s
H    0     0                    12597.600000 3683.55225  70.8%     -  177s
H    0     0                    12524.800000 3683.55225  70.6%     -  177s
H    0     0                    12523.200000 3683.55225  70.6%     -  177s
H    0     0                    12512.400000 3683.55225  70.6%     -  177s
H    0     0                    12498.000000 3683.55225  70.5%     -  177s
H    0     0                    12451.200000 3683.55225  70.4%     -  177s
H    0     0                    12407.200000 3683.55225  70.3%     -  177s
H    0     0                    12390.400000 3683.55225  70.3%     -  177s
H    0     0                    12340.000000 3683.55225  70.1%     -  177s
H    0     0                    12338.400000 3683.55225  70.1%     -  177s
H    0     0                    12302.800000 3683.55225  70.1%     -  177s
     0     0 3683.55225    0 9312 12302.8000 3683.55225  70.1%     -  178s
H    0     0                    12282.800000 4275.97268  65.2%     -  193s
H    0     0                    12236.000000 4275.97268  65.1%     -  193s
H    0     0                    12207.600000 4275.97268  65.0%     -  193s
H    0     0                    12177.600000 4275.97268  64.9%     -  193s
H    0     0                    12176.000000 4275.97268  64.9%     -  193s
     0     0 4275.97268    0 9364 12176.0000 4275.97268  64.9%     -  194s
H    0     0                    12165.200000 4377.88571  64.0%     -  211s
H    0     0                    12154.400000 4377.88571  64.0%     -  211s
H    0     0                    12152.000000 4377.88571  64.0%     -  211s
H    0     0                    12150.400000 4377.88571  64.0%     -  211s
H    0     0                    12134.400000 4377.88571  63.9%     -  211s
     0     0 4377.88571    0 9771 12134.4000 4377.88571  63.9%     -  211s
H    0     0                    12124.800000 4451.25050  63.3%     -  278s
H    0     0                    12123.600000 4451.25050  63.3%     -  278s
H    0     0                    12106.800000 4451.25050  63.2%     -  278s
H    0     0                    12105.200000 4451.25050  63.2%     -  278s
H    0     0                    12072.400000 4451.25050  63.1%     -  278s
H    0     0                    12070.800000 4451.25050  63.1%     -  278s
H    0     0                    12053.200000 4451.25050  63.1%     -  278s
H    0     0                    12052.400000 4451.25050  63.1%     -  278s
H    0     0                    12033.200000 4451.25050  63.0%     -  278s
H    0     0                    12012.800000 4451.25050  62.9%     -  278s
H    0     0                    12008.400000 4451.25050  62.9%     -  278s
H    0     0                    12008.000000 4451.25050  62.9%     -  278s
H    0     0                    11973.600000 4451.25050  62.8%     -  278s
     0     0 4451.25050    0 9946 11973.6000 4451.25050  62.8%     -  279s
H    0     0                    11955.600000 4463.95337  62.7%     -  337s
H    0     0                    11954.800000 4463.95337  62.7%     -  337s
H    0     0                    11937.200000 4463.95337  62.6%     -  337s
H    0     0                    11936.800000 4463.95337  62.6%     -  337s
H    0     0                    11934.400000 4463.95337  62.6%     -  337s
H    0     0                    11934.000000 4463.95337  62.6%     -  337s
H    0     0                    11933.600000 4463.95337  62.6%     -  337s
H    0     0                    11914.400000 4463.95337  62.5%     -  337s
H    0     0                    11913.200000 4463.95337  62.5%     -  337s
H    0     0                    11912.000000 4463.95337  62.5%     -  337s
H    0     0                    11911.200000 4463.95337  62.5%     -  337s
H    0     0                    11909.200000 4463.95337  62.5%     -  337s
H    0     0                    11892.400000 4463.95337  62.5%     -  337s
H    0     0                    11890.400000 4463.95337  62.5%     -  337s
H    0     0                    11881.600000 4463.95337  62.4%     -  337s
H    0     0                    11880.400000 4463.95337  62.4%     -  337s
H    0     0                    11878.000000 4463.95337  62.4%     -  337s
H    0     0                    11874.400000 4463.95337  62.4%     -  337s
H    0     0                    11870.800000 4463.95337  62.4%     -  337s
H    0     0                    11868.400000 4463.95337  62.4%     -  337s
H    0     0                    11833.600000 4463.95337  62.3%     -  337s
H    0     0                    11828.000000 4463.95337  62.3%     -  337s
H    0     0                    11824.800000 4463.95337  62.2%     -  337s
H    0     0                    11821.200000 4463.95337  62.2%     -  338s
H    0     0                    11816.800000 4463.95337  62.2%     -  338s
H    0     0                    11800.800000 4463.95337  62.2%     -  338s
H    0     0                    11799.200000 4463.95337  62.2%     -  338s
H    0     0                    11798.400000 4463.95337  62.2%     -  338s
H    0     0                    11795.200000 4463.95337  62.2%     -  338s
H    0     0                    11776.000000 4463.95337  62.1%     -  338s
H    0     0                    11771.600000 4463.95337  62.1%     -  338s
H    0     0                    11771.200000 4463.95337  62.1%     -  338s
H    0     0                    11766.800000 4463.95337  62.1%     -  338s
H    0     0                    11760.400000 4463.95337  62.0%     -  338s
H    0     0                    11760.000000 4463.95337  62.0%     -  338s
H    0     0                    11754.800000 4463.95337  62.0%     -  338s
H    0     0                    11737.200000 4463.95337  62.0%     -  338s
H    0     0                    11733.200000 4463.95337  62.0%     -  338s
H    0     0                    11699.600000 4463.95337  61.8%     -  338s
H    0     0                    11694.000000 4463.95337  61.8%     -  338s
H    0     0                    11686.800000 4463.95337  61.8%     -  338s
H    0     0                    11679.600000 4463.95337  61.8%     -  338s
H    0     0                    11675.200000 4463.95337  61.8%     -  338s
H    0     0                    11674.800000 4463.95337  61.8%     -  338s
H    0     0                    11668.800000 4463.95337  61.7%     -  338s
H    0     0                    11622.000000 4463.95337  61.6%     -  338s
     0     0 4463.95337    0 10093 11622.0000 4463.95337  61.6%     -  338s
H    0     0                    11614.800000 4472.23766  61.5%     -  385s
H    0     0                    11614.000000 4472.23766  61.5%     -  385s
H    0     0                    11608.400000 4472.23766  61.5%     -  385s
H    0     0                    11603.200000 4472.23766  61.5%     -  385s
H    0     0                    11598.400000 4472.23766  61.4%     -  385s
H    0     0                    11235.200000 4472.23766  60.2%     -  385s
H    0     0                    11232.000000 4472.23766  60.2%     -  385s
H    0     0                    11203.600000 4472.23766  60.1%     -  385s
H    0     0                    11202.800000 4472.23766  60.1%     -  385s
H    0     0                    11189.600000 4472.23766  60.0%     -  385s
H    0     0                    11178.400000 4472.23766  60.0%     -  385s
H    0     0                    11177.600000 4472.23766  60.0%     -  385s
H    0     0                    11177.200000 4472.23766  60.0%     -  385s
H    0     0                    11176.800000 4472.23766  60.0%     -  385s
H    0     0                    11176.400000 4472.23766  60.0%     -  385s
H    0     0                    11176.000000 4472.23766  60.0%     -  385s
H    0     0                    11175.600000 4472.23766  60.0%     -  385s
     0     0 4472.23766    0 9846 11175.6000 4472.23766  60.0%     -  386s
H    0     0                    11175.200000 4474.97289  60.0%     -  447s
H    0     0                    11174.800000 4474.97289  60.0%     -  447s
     0     0 4474.97289    0 9779 11174.8000 4474.97289  60.0%     -  448s
H    0     0                    11174.000000 4476.24565  59.9%     -  488s
H    0     0                    11153.200000 4476.24565  59.9%     -  488s
H    0     0                    11152.400000 4476.24565  59.9%     -  488s
     0     0 4476.24565    0 9632 11152.4000 4476.24565  59.9%     -  488s
     0     0 4476.27913    0 9520 11152.4000 4476.27913  59.9%     -  495s
     0     0 4618.02693    0 9325 11152.4000 4618.02693  58.6%     -  579s
     0     0 4890.57251    0 8054 11152.4000 4890.57251  56.1%     -  607s
     0     0 4923.24441    0 8003 11152.4000 4923.24441  55.9%     -  616s
     0     0 4932.78596    0 8020 11152.4000 4932.78596  55.8%     -  626s
     0     0 4933.74751    0 7895 11152.4000 4933.74751  55.8%     -  635s
     0     0 4973.15403    0 8439 11152.4000 4973.15403  55.4%     -  650s
H    0     0                    11147.200000 4995.09173  55.2%     -  707s
H    0     0                    11141.600000 4995.09173  55.2%     -  707s
     0     0 4995.09173    0 8815 11141.6000 4995.09173  55.2%     -  707s
     0     0 4996.54841    0 8729 11141.6000 4996.54841  55.2%     -  738s
     0     0 5012.30418    0 9465 11141.6000 5012.30418  55.0%     -  826s
     0     0 5045.18326    0 9589 11141.6000 5045.18326  54.7%     -  903s
     0     0 5054.70656    0 9076 11141.6000 5054.70656  54.6%     -  964s
     0     0 5055.92872    0 8432 11141.6000 5055.92872  54.6%     -  997s

Cutting planes:
  Learned: 42
  Cover: 7390
  Implied bound: 1089
  Clique: 297
  MIR: 784
  StrongCG: 164
  Flow cover: 359
  Zero half: 1974
  Network: 177
  RLT: 1065
  Relax-and-lift: 1542

Explored 1 nodes (721231 simplex iterations) in 1000.39 seconds (868.51 work units)
Thread count was 12 (of 12 available processors)

Solution count 10: 11141.6 11147.2 11152.4 ... 11176.4

Time limit reached
Best objective 1.114160000000e+04, best bound 5.056000000000e+03, gap 54.6205%
