
Gurobi 9.1.1 (win64) logging started Sun Mar 13 20:05:15 2022

Changed value of parameter LogFile to ./Log/Direct_MIP_Return_solver_900_order_45_batch.log
   Prev:   Default: 
Gurobi Optimizer version 9.1.1 build v9.1.1rc0 (win64)
Thread count: 6 physical cores, 12 logical processors, using up to 12 threads
Optimize a model with 162765 rows, 134820 columns and 468225 nonzeros
Model fingerprint: 0xa8147577
Variable types: 2160 continuous, 132660 integer (132660 binary)
Coefficient statistics:
  Matrix range     [1e+00, 4e+01]
  Objective range  [4e-01, 1e+00]
  Bounds range     [1e+00, 4e+01]
  RHS range        [1e+00, 2e+01]
Found heuristic solution: objective 9991.6000000
Presolve removed 76095 rows and 74970 columns
Presolve time: 1.23s
Presolved: 86670 rows, 59850 columns, 400815 nonzeros
Variable types: 0 continuous, 59850 integer (57780 binary)

Deterministic concurrent LP optimizer: primal and dual simplex
Showing first log only...


Root simplex log...

Iteration    Objective       Primal Inf.    Dual Inf.      Time
   24806    7.0921472e+03   0.000000e+00   2.033746e+05      5s
   31794    6.1420972e+03   0.000000e+00   1.790448e+07     10s
   35524    5.7042645e+03   0.000000e+00   1.593457e+07     15s
   38374    5.4093527e+03   0.000000e+00   2.075299e+06     20s
   40724    5.1847854e+03   0.000000e+00   7.902252e+06     25s
   42814    4.9959283e+03   0.000000e+00   2.096486e+06     30s
   44994    4.8348136e+03   0.000000e+00   4.892248e+06     35s
   46744    4.7162351e+03   0.000000e+00   1.359096e+07     40s
   48504    4.6021572e+03   0.000000e+00   3.060820e+06     45s
   50294    4.5035538e+03   0.000000e+00   4.422854e+06     50s
   51934    4.4251553e+03   0.000000e+00   2.457539e+06     55s
   53604    4.3450307e+03   0.000000e+00   8.254299e+06     61s
   55154    4.2777453e+03   0.000000e+00   9.354238e+05     66s
   56154    4.2388586e+03   0.000000e+00   8.244909e+06     70s
   57694    4.1679327e+03   0.000000e+00   7.882800e+06     76s
   58774    4.1179510e+03   0.000000e+00   2.140048e+07     80s
   60204    4.0440540e+03   0.000000e+00   2.284140e+06     85s
   61704    3.9680624e+03   0.000000e+00   1.374696e+06     90s
   63194    3.9059311e+03   0.000000e+00   4.961272e+05     95s
   64584    3.8582557e+03   0.000000e+00   3.731368e+06    100s
   65924    3.8053265e+03   0.000000e+00   2.334207e+06    105s
   67424    3.7401722e+03   0.000000e+00   2.166668e+06    111s
   68704    3.6989176e+03   0.000000e+00   1.702760e+06    115s
   69874    3.6680957e+03   0.000000e+00   9.857716e+05    120s
   71074    3.6318515e+03   0.000000e+00   4.073408e+06    125s
   72114    3.5698828e+03   0.000000e+00   6.968438e+07    131s
   73054    3.4944055e+03   0.000000e+00   3.953763e+06    135s
   73944    3.4393117e+03   0.000000e+00   9.822934e+06    140s
   75064    3.3714910e+03   0.000000e+00   3.306614e+07    146s
   75954    3.3261568e+03   0.000000e+00   1.126740e+07    150s
   77014    3.2840917e+03   0.000000e+00   2.799268e+07    156s
   77904    3.2367691e+03   0.000000e+00   5.198427e+07    160s
   79014    3.1859310e+03   0.000000e+00   1.725239e+07    166s
   79904    3.1568497e+03   0.000000e+00   1.373409e+07    170s
   80944    3.1200125e+03   0.000000e+00   2.599210e+06    176s
   81814    3.0935838e+03   0.000000e+00   2.070728e+06    180s
   82844    3.0589678e+03   0.000000e+00   2.017771e+06    186s
   83704    3.0288224e+03   0.000000e+00   1.489042e+07    190s
   84604    2.9942561e+03   0.000000e+00   2.092811e+06    195s
   85654    2.9623246e+03   0.000000e+00   3.331531e+06    201s
   86454    2.9358495e+03   0.000000e+00   1.745642e+06    205s
   87414    2.9107266e+03   0.000000e+00   4.497546e+06    210s
   88334    2.8858339e+03   0.000000e+00   3.068053e+06    216s
   89154    2.8658778e+03   0.000000e+00   9.944212e+06    220s
   90114    2.8422829e+03   0.000000e+00   3.591844e+06    226s
   90974    2.8244518e+03   0.000000e+00   6.075354e+06    230s
   91794    2.8078240e+03   0.000000e+00   1.732475e+06    235s
   92794    2.7862416e+03   0.000000e+00   6.298382e+07    241s
   93634    2.7713605e+03   0.000000e+00   6.345613e+05    246s
   94484    2.7565347e+03   0.000000e+00   2.550480e+06    251s
   95354    2.7412784e+03   0.000000e+00   7.091494e+05    256s
   96134    2.7279552e+03   0.000000e+00   2.071549e+06    260s
   96994    2.7152696e+03   0.000000e+00   2.159175e+06    265s
   97784    2.7038161e+03   0.000000e+00   1.415349e+06    270s
   98724    2.6921486e+03   0.000000e+00   1.234046e+07    276s
   99474    2.6830966e+03   0.000000e+00   1.008961e+07    280s
  100394    2.6695708e+03   0.000000e+00   3.075919e+06    285s
  101294    2.6561362e+03   0.000000e+00   4.552049e+06    291s
  102114    2.6443831e+03   0.000000e+00   6.788071e+05    296s


Root relaxation: time limit, 102799 iterations, 298.68 seconds

    Nodes    |    Current Node    |     Objective Bounds      |     Work
 Expl Unexpl |  Obj  Depth IntInf | Incumbent    BestBd   Gap | It/Node Time

     0     0          -    0      9991.60000 1585.20000  84.1%     -  300s

Explored 0 nodes (102799 simplex iterations) in 300.02 seconds
Thread count was 12 (of 12 available processors)

Solution count 1: 9991.6 

Time limit reached
Best objective 9.991600000000e+03, best bound 1.585200000000e+03, gap 84.1347%
