
Gurobi 9.5.1 (win64) logging started Mon Apr 18 19:52:51 2022

Set parameter LogFile to value "./Log/Direct_MIP_Sshape_solver_480_order_32_batch.log"
Gurobi Optimizer version 9.5.1 build v9.5.1rc2 (win64)
Thread count: 6 physical cores, 12 logical processors, using up to 12 threads
Optimize a model with 27648 rows, 42496 columns and 127168 nonzeros
Model fingerprint: 0xa8e61c25
Variable types: 0 continuous, 42496 integer (42496 binary)
Coefficient statistics:
  Matrix range     [1e+00, 2e+01]
  Objective range  [4e-01, 2e+01]
  Bounds range     [1e+00, 1e+00]
  RHS range        [1e+00, 2e+01]
Found heuristic solution: objective 7237.0000000
Presolve removed 14624 rows and 14624 columns
Presolve time: 0.23s
Presolved: 13024 rows, 27872 columns, 109824 nonzeros
Variable types: 0 continuous, 27872 integer (27872 binary)

Deterministic concurrent LP optimizer: primal and dual simplex
Showing first log only...


Use crossover to convert LP symmetric solution to basic solution...
Concurrent spin time: 0.00s

Solved with primal simplex

Root relaxation: objective 1.814600e+03, 15311 iterations, 0.08 seconds (0.09 work units)

    Nodes    |    Current Node    |     Objective Bounds      |     Work
 Expl Unexpl |  Obj  Depth IntInf | Incumbent    BestBd   Gap | It/Node Time

     0     0 1814.60000    0 1456 7237.00000 1814.60000  74.9%     -    1s
H    0     0                    6432.4000000 1814.60000  71.8%     -    1s
H    0     0                    6428.8000000 1814.60000  71.8%     -    1s
H    0     0                    5111.0000000 1814.60000  64.5%     -    2s
H    0     0                    5099.6000000 1814.60000  64.4%     -    2s
H    0     0                    5037.0000000 1814.60000  64.0%     -    2s
     0     0 1814.60000    0 2450 5037.00000 1814.60000  64.0%     -    2s
H    0     0                    4962.6000000 1814.60000  63.4%     -    2s
     0     0 1814.60000    0 2091 4962.60000 1814.60000  63.4%     -    2s
H    0     0                    4947.0000000 1814.60000  63.3%     -    4s
     0     0 1814.60000    0 1515 4947.00000 1814.60000  63.3%     -    4s
H    0     0                    4919.6000000 1814.60000  63.1%     -    4s
     0     0 1814.60000    0 1572 4919.60000 1814.60000  63.1%     -    4s
H    0     0                    4906.4000000 1814.60000  63.0%     -    6s
H    0     0                    4897.2000000 1814.60000  62.9%     -    6s
H    0     0                    4833.0000000 1814.60000  62.5%     -    6s
     0     0 1814.60000    0 1491 4833.00000 1814.60000  62.5%     -    6s
H    0     0                    4769.2000000 1814.60000  62.0%     -    6s
H    0     0                    4760.8000000 1814.60000  61.9%     -    6s
     0     0 1814.60000    0 1446 4760.80000 1814.60000  61.9%     -    7s
H    0     0                    4717.6000000 1814.60000  61.5%     -    9s
     0     2 1814.60000    0 1446 4717.60000 1814.60000  61.5%     -    9s
     3     2 1814.60000    2 1487 4717.60000 1814.60000  61.5%   994   10s
    27    16 1996.54497    8 2173 4717.60000 1852.23521  60.7%  2550   18s
H   33    22                    4661.4000000 1852.23664  60.3%  2962   23s
H   34    22                    4658.8000000 1852.23664  60.2%  2993   23s
H   35    22                    4634.4000000 1852.23664  60.0%  3193   23s
    45    35 2037.68179   11 2042 4634.40000 1852.23664  60.0%  2998   27s
    52    39 infeasible   12      4634.40000 1852.23664  60.0%  2947   30s
    85    57 2056.80743   16 1989 4634.40000 1852.23664  60.0%  2301   35s
H  137   102                    4630.6000000 1852.23664  60.0%  1740   40s
H  140   102                    4625.6000000 1852.23664  60.0%  1708   40s
H  143   102                    4620.4000000 1852.23664  59.9%  1676   40s
H  149   102                    4617.2000000 1852.23664  59.9%  1668   40s
H  185   134                    4603.2000000 1852.23664  59.8%  1437   43s
H  190   134                    4603.0000000 1852.23664  59.8%  1409   43s
H  194   134                    4600.4000000 1852.23664  59.7%  1382   43s
H  203   142                    4541.4000000 1852.23664  59.2%  1352   44s
   214   159 2121.52334   35 1660 4541.40000 1852.23664  59.2%  1302   45s
H  235   165                    4502.4000000 1852.23664  58.9%  1216   48s
H  237   165                    4492.0000000 1852.23664  58.8%  1207   48s
H  270   186                    4415.2000000 1852.23664  58.0%  1108   52s
H  272   186                    4394.6000000 1852.23664  57.9%  1100   52s
H  276   203                    4382.2000000 1852.23664  57.7%  1090   53s
H  279   203                    4366.6000000 1852.23664  57.6%  1085   53s
   293   226 infeasible   47      4366.60000 1852.23664  57.6%  1042   55s
H  395   287                    4359.6000000 1852.23664  57.5%   823   63s
H  396   287                    4356.6000000 1852.23664  57.5%   821   63s
H  405   287                    4352.8000000 1852.23664  57.4%   807   63s
   407   313 2201.84459   60 1481 4352.80000 1852.23664  57.4%   804   67s
   492   366 2242.22303   70 1474 4352.80000 1852.23664  57.4%   756   73s
H  494   366                    4332.0000000 1852.23664  57.2%   753   73s
   522   407 2261.03516   74 1456 4332.00000 1852.23664  57.2%   776   78s
   567   443 2313.40191   81 1371 4332.00000 1852.23664  57.2%   807   83s
   678   535 infeasible   95      4332.00000 1852.23664  57.2%   718   86s
   827   638 2413.04966  115 1311 4332.00000 1852.23664  57.2%   613   94s
   909   708 2455.71197  129 1380 4332.00000 1852.23664  57.2%   601   99s
   999   785 2490.23296  148 1299 4332.00000 1852.23664  57.2%   584  103s
  1088   885 2490.75525  171 1300 4332.00000 1852.23664  57.2%   573  106s
H 1305   985                    4324.2000000 1852.23664  57.2%   510  112s
  1306   986 2490.46393  161 1446 4324.20000 1852.23664  57.2%   509  125s
  1308   987 2242.22303   72 24718 4324.20000 1852.23664  57.2%   509  430s
  1309   988 2820.94633  143 24718 4324.20000 1852.23664  57.2%   508  493s
H 1309   938                    4281.6000000 1852.23664  56.7%   508  606s

Explored 1311 nodes (1145793 simplex iterations) in 1000.05 seconds (2384.47 work units)
Thread count was 12 (of 12 available processors)

Solution count 10: 4281.6 4324.2 4332 ... 4415.2

Time limit reached
Best objective 4.281600000000e+03, best bound 1.852400000000e+03, gap 56.7358%

Gurobi 9.5.1 (win64) logging started Wed May 25 11:57:03 2022

Set parameter LogFile to value "./Log/Direct_MIP_Sshape_solver_480_order_32_batch.log"
Gurobi Optimizer version 9.5.1 build v9.5.1rc2 (win64)
Thread count: 6 physical cores, 12 logical processors, using up to 12 threads
Optimize a model with 36864 rows, 50176 columns and 224288 nonzeros
Model fingerprint: 0xec77493e
Model has 1504 quadratic constraints
Variable types: 0 continuous, 50176 integer (47104 binary)
Coefficient statistics:
  Matrix range     [1e+00, 5e+01]
  QMatrix range    [1e+00, 1e+00]
  QLMatrix range   [1e+00, 1e+00]
  Objective range  [4e-01, 4e+01]
  Bounds range     [1e+00, 1e+00]
  RHS range        [1e+00, 2e+01]
Presolve removed 13536 rows and 16416 columns
Presolve time: 0.45s
Presolved: 23328 rows, 33760 columns, 143200 nonzeros
Variable types: 0 continuous, 33760 integer (30784 binary)
Found heuristic solution: objective 11986.000000

Deterministic concurrent LP optimizer: primal and dual simplex
Showing first log only...


Use crossover to convert LP symmetric solution to basic solution...
Concurrent spin time: 0.10s

Solved with primal simplex

Root relaxation: objective 1.312880e+03, 18393 iterations, 0.63 seconds (0.93 work units)

    Nodes    |    Current Node    |     Objective Bounds      |     Work
 Expl Unexpl |  Obj  Depth IntInf | Incumbent    BestBd   Gap | It/Node Time

     0     0 1312.88000    0 8108 11986.0000 1312.88000  89.0%     -   13s
H    0     0                    11678.000000 1312.88000  88.8%     -   15s
H    0     0                    11568.000000 1312.88000  88.7%     -   21s
H    0     0                    11214.400000 1312.88000  88.3%     -   21s
     0     0 1312.88000    0 5188 11214.4000 1312.88000  88.3%     -   26s
H    0     0                    11171.200000 1312.88000  88.2%     -   27s
H    0     0                    11074.400000 1609.46182  85.5%     -   28s
H    0     0                    11016.000000 1609.46182  85.4%     -   28s
H    0     0                    10948.800000 1609.46182  85.3%     -   28s
H    0     0                    10926.400000 1609.46182  85.3%     -   28s
     0     0 1609.46182    0 5013 10926.4000 1609.46182  85.3%     -   28s
     0     0 1609.46182    0 4960 10926.4000 1609.46182  85.3%     -   29s
H    0     0                    10863.600000 2322.99994  78.6%     -   55s
H    0     0                    10807.600000 2322.99994  78.5%     -   55s
H    0     0                    10805.600000 2322.99994  78.5%     -   55s
H    0     0                    10766.400000 2322.99994  78.4%     -   55s
H    0     0                    10762.400000 2322.99994  78.4%     -   55s
H    0     0                    10654.000000 2322.99994  78.2%     -   55s
H    0     0                    10653.200000 2322.99994  78.2%     -   55s
H    0     0                    10652.800000 2322.99994  78.2%     -   55s
H    0     0                    10615.200000 2322.99994  78.1%     -   55s
H    0     0                    10614.000000 2322.99994  78.1%     -   55s
H    0     0                    10596.400000 2322.99994  78.1%     -   55s
H    0     0                    10587.600000 2322.99994  78.1%     -   55s
H    0     0                    10556.400000 2322.99994  78.0%     -   55s
H    0     0                    10555.600000 2322.99994  78.0%     -   55s
H    0     0                    10520.000000 2322.99994  77.9%     -   55s
H    0     0                    10518.400000 2322.99994  77.9%     -   55s
H    0     0                    10518.000000 2322.99994  77.9%     -   55s
H    0     0                    10517.600000 2322.99994  77.9%     -   55s
H    0     0                    10490.800000 2322.99994  77.9%     -   55s
H    0     0                    10488.400000 2322.99994  77.9%     -   55s
H    0     0                    10478.400000 2322.99994  77.8%     -   55s
H    0     0                    10474.800000 2322.99994  77.8%     -   55s
H    0     0                    10474.000000 2322.99994  77.8%     -   55s
H    0     0                    10471.600000 2322.99994  77.8%     -   55s
H    0     0                    10452.800000 2322.99994  77.8%     -   55s
H    0     0                    10448.800000 2322.99994  77.8%     -   55s
     0     0 2322.99994    0 5249 10448.8000 2322.99994  77.8%     -   56s
H    0     0                    10448.400000 2624.26752  74.9%     -  101s
H    0     0                    10444.800000 2624.26752  74.9%     -  101s
H    0     0                    10410.400000 2624.26752  74.8%     -  101s
H    0     0                    10404.800000 2624.26752  74.8%     -  101s
H    0     0                    10355.200000 2624.26752  74.7%     -  101s
H    0     0                    10349.200000 2624.26752  74.6%     -  101s
H    0     0                    10329.600000 2624.26752  74.6%     -  101s
H    0     0                    10324.000000 2624.26752  74.6%     -  101s
H    0     0                    10319.600000 2624.26752  74.6%     -  101s
H    0     0                    10303.200000 2624.26752  74.5%     -  101s
H    0     0                    10300.400000 2624.26752  74.5%     -  101s
H    0     0                    10271.600000 2624.26752  74.5%     -  101s
H    0     0                    10266.800000 2624.26752  74.4%     -  101s
H    0     0                    10266.400000 2624.26752  74.4%     -  101s
H    0     0                    10262.400000 2624.26752  74.4%     -  101s
H    0     0                    10259.200000 2624.26752  74.4%     -  101s
H    0     0                    10258.800000 2624.26752  74.4%     -  101s
H    0     0                    10252.000000 2624.26752  74.4%     -  101s
H    0     0                    10212.400000 2624.26752  74.3%     -  101s
H    0     0                    10203.600000 2624.26752  74.3%     -  101s
H    0     0                    10168.000000 2624.26752  74.2%     -  101s
H    0     0                    10153.200000 2624.26752  74.2%     -  101s
H    0     0                    10138.400000 2624.26752  74.1%     -  101s
H    0     0                    10085.600000 2624.26752  74.0%     -  101s
H    0     0                    10084.000000 2624.26752  74.0%     -  101s
H    0     0                    10066.000000 2624.26752  73.9%     -  101s
H    0     0                    10065.600000 2624.26752  73.9%     -  101s
H    0     0                    10047.600000 2624.26752  73.9%     -  101s
H    0     0                    10046.400000 2624.26752  73.9%     -  101s
H    0     0                    10044.800000 2624.26752  73.9%     -  101s
H    0     0                    10044.400000 2624.26752  73.9%     -  101s
H    0     0                    10043.600000 2624.26752  73.9%     -  101s
H    0     0                    10042.800000 2624.26752  73.9%     -  101s
H    0     0                    10040.800000 2624.26752  73.9%     -  101s
H    0     0                    10040.400000 2624.26752  73.9%     -  101s
H    0     0                    10038.800000 2624.26752  73.9%     -  101s
H    0     0                    10024.400000 2624.26752  73.8%     -  101s
H    0     0                    10008.000000 2624.26752  73.8%     -  101s
H    0     0                    9999.2000000 2624.26752  73.8%     -  101s
H    0     0                    9974.0000000 2624.26752  73.7%     -  101s
     0     0 2624.26752    0 7394 9974.00000 2624.26752  73.7%     -  102s
H    0     0                    9960.0000000 2770.04959  72.2%     -  111s
H    0     0                    9906.8000000 2770.04959  72.0%     -  111s
H    0     0                    9887.2000000 2770.04959  72.0%     -  111s
H    0     0                    9886.4000000 2770.04959  72.0%     -  111s
H    0     0                    9883.6000000 2770.04959  72.0%     -  111s
H    0     0                    9882.8000000 2770.04959  72.0%     -  111s
     0     0 2770.04959    0 7168 9882.80000 2770.04959  72.0%     -  112s
H    0     0                    9873.2000000 2806.83514  71.6%     -  117s
H    0     0                    9872.0000000 2806.83514  71.6%     -  117s
     0     0 2806.83514    0 7185 9872.00000 2806.83514  71.6%     -  117s
H    0     0                    9870.8000000 2812.40993  71.5%     -  121s
H    0     0                    9870.4000000 2812.40993  71.5%     -  121s
     0     0 2812.40993    0 7079 9870.40000 2812.40993  71.5%     -  122s
H    0     0                    9861.6000000 2813.37340  71.5%     -  125s
H    0     0                    9774.0000000 2813.37340  71.2%     -  125s
H    0     0                    9771.2000000 2813.37340  71.2%     -  125s
     0     0 2813.37340    0 7093 9771.20000 2813.37340  71.2%     -  126s
H    0     0                    9721.2000000 2813.68467  71.1%     -  128s
     0     0 2813.68467    0 7118 9721.20000 2813.68467  71.1%     -  128s
     0     0 2813.71754    0 7110 9721.20000 2813.71754  71.1%     -  130s
H    0     0                    9671.2000000 2813.71754  70.9%     -  131s
H    0     0                    9668.8000000 3120.61728  67.7%     -  145s
H    0     0                    9666.0000000 3120.61728  67.7%     -  145s
H    0     0                    9662.4000000 3120.61728  67.7%     -  145s
H    0     0                    9662.0000000 3120.61728  67.7%     -  145s
H    0     0                    9646.4000000 3120.61728  67.6%     -  145s
H    0     0                    9644.0000000 3120.61728  67.6%     -  145s
H    0     0                    9628.0000000 3120.61728  67.6%     -  145s
     0     0 3120.61728    0 7349 9628.00000 3120.61728  67.6%     -  146s
H    0     0                    9622.0000000 3120.61728  67.6%     -  146s
H    0     0                    9598.8000000 3418.31485  64.4%     -  171s
H    0     0                    9596.4000000 3418.31485  64.4%     -  171s
H    0     0                    9595.2000000 3418.31485  64.4%     -  171s
H    0     0                    9586.0000000 3418.31485  64.3%     -  171s
     0     0 3418.31485    0 7765 9586.00000 3418.31485  64.3%     -  172s
     0     0 3471.01902    0 7896 9586.00000 3471.01902  63.8%     -  196s
     0     0 3481.92010    0 7870 9586.00000 3481.92010  63.7%     -  210s
     0     0 3491.06162    0 7884 9586.00000 3491.06162  63.6%     -  239s
     0     0 3496.41387    0 7835 9586.00000 3496.41387  63.5%     -  266s
     0     0 3499.42328    0 7887 9586.00000 3499.42328  63.5%     -  290s
     0     0 3500.75011    0 7885 9586.00000 3500.75011  63.5%     -  310s
     0     0 3501.25655    0 7866 9586.00000 3501.25655  63.5%     -  318s
     0     0 3570.54150    0 7727 9586.00000 3570.54150  62.8%     -  357s
     0     0 3622.48088    0 7885 9586.00000 3622.48088  62.2%     -  407s
H    0     0                    9496.4000000 3636.63648  61.7%     -  456s
     0     0 3636.63648    0 7840 9496.40000 3636.63648  61.7%     -  456s
     0     0 3641.07427    0 7832 9496.40000 3641.07427  61.7%     -  503s
H    0     0                    9462.8000000 3642.86900  61.5%     -  539s
     0     0 3642.86900    0 7865 9462.80000 3642.86900  61.5%     -  540s
H    0     0                    9330.8000000 3643.63662  61.0%     -  573s
     0     0 3643.63662    0 7821 9330.80000 3643.63662  61.0%     -  573s
     0     0 3674.13560    0 7812 9330.80000 3674.13560  60.6%     -  636s
H    0     0                    9304.0000000 3704.24960  60.2%     -  737s
H    0     0                    9246.0000000 3704.24960  59.9%     -  737s
     0     0 3704.24960    0 7588 9246.00000 3704.24960  59.9%     -  738s
H    0     0                    9240.8000000 3720.55040  59.7%     -  790s
H    0     0                    9218.8000000 3720.55040  59.6%     -  790s
H    0     0                    9167.2000000 3720.55040  59.4%     -  790s
H    0     0                    9166.8000000 3720.55040  59.4%     -  790s
H    0     0                    9145.6000000 3720.55040  59.3%     -  790s
H    0     0                    9143.2000000 3720.55040  59.3%     -  790s
H    0     0                    9106.8000000 3720.55040  59.1%     -  790s
H    0     0                    9026.8000000 3720.55040  58.8%     -  790s
     0     0 3720.55040    0 7719 9026.80000 3720.55040  58.8%     -  791s
H    0     0                    9025.6000000 3725.98530  58.7%     -  847s
H    0     0                    8980.4000000 3725.98530  58.5%     -  847s
H    0     0                    8867.6000000 3725.98530  58.0%     -  847s
H    0     0                    8867.2000000 3725.98530  58.0%     -  847s
H    0     0                    8864.8000000 3725.98530  58.0%     -  847s
H    0     0                    8863.6000000 3725.98530  58.0%     -  847s
H    0     0                    8858.4000000 3725.98530  57.9%     -  847s
H    0     0                    8857.6000000 3725.98530  57.9%     -  847s
H    0     0                    8857.2000000 3725.98530  57.9%     -  847s
H    0     0                    8856.0000000 3725.98530  57.9%     -  847s
H    0     0                    8854.0000000 3725.98530  57.9%     -  847s
H    0     0                    8853.2000000 3725.98530  57.9%     -  847s
H    0     0                    8851.6000000 3725.98530  57.9%     -  847s
H    0     0                    8851.2000000 3725.98530  57.9%     -  847s
H    0     0                    8850.0000000 3725.98530  57.9%     -  847s
H    0     0                    8849.6000000 3725.98530  57.9%     -  847s
H    0     0                    8849.2000000 3725.98530  57.9%     -  847s
H    0     0                    8847.6000000 3725.98530  57.9%     -  847s
H    0     0                    8845.6000000 3725.98530  57.9%     -  847s
H    0     0                    8845.2000000 3725.98530  57.9%     -  847s
H    0     0                    8841.6000000 3725.98530  57.9%     -  847s
H    0     0                    8841.2000000 3725.98530  57.9%     -  847s
H    0     0                    8840.4000000 3725.98530  57.9%     -  847s
H    0     0                    8840.0000000 3725.98530  57.9%     -  847s
H    0     0                    8839.6000000 3725.98530  57.8%     -  847s
H    0     0                    8839.2000000 3725.98530  57.8%     -  847s
H    0     0                    8837.6000000 3725.98530  57.8%     -  847s
H    0     0                    8837.2000000 3725.98530  57.8%     -  847s
H    0     0                    8836.0000000 3725.98530  57.8%     -  847s
H    0     0                    8834.8000000 3725.98530  57.8%     -  847s
H    0     0                    8832.8000000 3725.98530  57.8%     -  847s
H    0     0                    8832.4000000 3725.98530  57.8%     -  847s
H    0     0                    8832.0000000 3725.98530  57.8%     -  847s
H    0     0                    8829.2000000 3725.98530  57.8%     -  847s
H    0     0                    8828.8000000 3725.98530  57.8%     -  847s
H    0     0                    8828.4000000 3725.98530  57.8%     -  847s
H    0     0                    8827.6000000 3725.98530  57.8%     -  847s
H    0     0                    8826.0000000 3725.98530  57.8%     -  847s
H    0     0                    8825.2000000 3725.98530  57.8%     -  847s
H    0     0                    8823.6000000 3725.98530  57.8%     -  847s
H    0     0                    8823.2000000 3725.98530  57.8%     -  847s
H    0     0                    8822.4000000 3725.98530  57.8%     -  847s
H    0     0                    8822.0000000 3725.98530  57.8%     -  847s
H    0     0                    8820.8000000 3725.98530  57.8%     -  847s
H    0     0                    8819.2000000 3725.98530  57.8%     -  847s
H    0     0                    8818.8000000 3725.98530  57.7%     -  847s
     0     0 3725.98530    0 7701 8818.80000 3725.98530  57.7%     -  847s
     0     0 3727.92406    0 7652 8818.80000 3727.92406  57.7%     -  905s
H    0     0                    8818.4000000 3729.16017  57.7%     - 1000s
H    0     0                    8800.0000000 3729.16017  57.6%     - 1000s
H    0     0                    8791.2000000 3729.16017  57.6%     - 1000s
H    0     0                    8788.4000000 3729.16017  57.6%     - 1000s
H    0     0                    8786.8000000 3729.16017  57.6%     - 1000s
     0     0 3729.16017    0 7837 8786.80000 3729.16017  57.6%     - 1000s

Cutting planes:
  Learned: 38
  Gomory: 2
  Cover: 4108
  Implied bound: 345
  Clique: 356
  MIR: 369
  StrongCG: 132
  Flow cover: 405
  Zero half: 2366
  Network: 100
  RLT: 738
  Relax-and-lift: 943

Explored 1 nodes (1020401 simplex iterations) in 1000.25 seconds (996.34 work units)
Thread count was 12 (of 12 available processors)

Solution count 10: 8786.8 8788.4 8791.2 ... 8822.4

Time limit reached
Best objective 8.786800000000e+03, best bound 3.729200000000e+03, gap 57.5591%

Gurobi 9.5.1 (win64) logging started Wed May 25 12:13:45 2022

Set parameter LogFile to value "./Log/Direct_MIP_Sshape_solver_480_order_32_batch.log"
Gurobi Optimizer version 9.5.1 build v9.5.1rc2 (win64)
Thread count: 6 physical cores, 12 logical processors, using up to 12 threads
Optimize a model with 36864 rows, 50176 columns and 224352 nonzeros
Model fingerprint: 0x49d26c4c
Model has 1504 quadratic constraints
Variable types: 0 continuous, 50176 integer (47104 binary)
Coefficient statistics:
  Matrix range     [1e+00, 5e+01]
  QMatrix range    [1e+00, 1e+00]
  QLMatrix range   [1e+00, 1e+00]
  Objective range  [4e-01, 4e+01]
  Bounds range     [1e+00, 1e+00]
  RHS range        [1e+00, 2e+01]
Presolve removed 13632 rows and 16512 columns
Presolve time: 0.42s
Presolved: 23232 rows, 33664 columns, 142080 nonzeros
Variable types: 0 continuous, 33664 integer (30688 binary)
Found heuristic solution: objective 12062.800000

Deterministic concurrent LP optimizer: primal and dual simplex
Showing first log only...


Use crossover to convert LP symmetric solution to basic solution...
Concurrent spin time: 0.00s

Solved with primal simplex

Root relaxation: objective 1.316000e+03, 18398 iterations, 0.46 seconds (0.63 work units)

    Nodes    |    Current Node    |     Objective Bounds      |     Work
 Expl Unexpl |  Obj  Depth IntInf | Incumbent    BestBd   Gap | It/Node Time

     0     0 1316.00000    0 7645 12062.8000 1316.00000  89.1%     -   13s
H    0     0                    12016.400000 1316.00000  89.0%     -   13s
H    0     0                    12015.600000 1316.00000  89.0%     -   15s
H    0     0                    11984.000000 1316.00000  89.0%     -   15s
H    0     0                    11826.800000 1316.00000  88.9%     -   21s
H    0     0                    11766.000000 1316.00000  88.8%     -   21s
H    0     0                    11615.200000 1316.00000  88.7%     -   21s
H    0     0                    11529.600000 1316.00000  88.6%     -   21s
H    0     0                    11322.800000 1316.00000  88.4%     -   21s
     0     0 1316.00000    0 5212 11322.8000 1316.00000  88.4%     -   26s
H    0     0                    11027.200000 1316.00000  88.1%     -   27s
     0     0 1610.00000    0 5040 11027.2000 1610.00000  85.4%     -   28s
H    0     0                    10951.200000 2188.24013  80.0%     -   53s
H    0     0                    10948.000000 2188.24013  80.0%     -   53s
H    0     0                    10944.800000 2188.24013  80.0%     -   53s
H    0     0                    10942.000000 2188.24013  80.0%     -   53s
H    0     0                    10939.600000 2188.24013  80.0%     -   53s
H    0     0                    10938.400000 2188.24013  80.0%     -   53s
H    0     0                    10937.200000 2188.24013  80.0%     -   53s
H    0     0                    10933.600000 2188.24013  80.0%     -   53s
H    0     0                    10930.000000 2188.24013  80.0%     -   53s
H    0     0                    10929.200000 2188.24013  80.0%     -   53s
H    0     0                    10927.200000 2188.24013  80.0%     -   53s
H    0     0                    10876.000000 2188.24013  79.9%     -   53s
H    0     0                    10873.600000 2188.24013  79.9%     -   53s
H    0     0                    10848.000000 2188.24013  79.8%     -   53s
H    0     0                    10846.400000 2188.24013  79.8%     -   53s
     0     0 2188.24013    0 5351 10846.4000 2188.24013  79.8%     -   53s
H    0     0                    10846.000000 2636.75198  75.7%     -   81s
H    0     0                    10843.600000 2636.75198  75.7%     -   81s
H    0     0                    10842.000000 2636.75198  75.7%     -   81s
H    0     0                    10841.200000 2636.75198  75.7%     -   81s
H    0     0                    10728.400000 2636.75198  75.4%     -   81s
H    0     0                    10724.800000 2636.75198  75.4%     -   81s
H    0     0                    10610.000000 2636.75198  75.1%     -   81s
H    0     0                    10607.600000 2636.75198  75.1%     -   81s
H    0     0                    10518.400000 2636.75198  74.9%     -   81s
H    0     0                    10514.800000 2636.75198  74.9%     -   81s
H    0     0                    10500.000000 2636.75198  74.9%     -   81s
H    0     0                    10493.600000 2636.75198  74.9%     -   81s
H    0     0                    10486.400000 2636.75198  74.9%     -   81s
H    0     0                    10354.800000 2636.75198  74.5%     -   81s
H    0     0                    10347.200000 2636.75198  74.5%     -   81s
H    0     0                    10282.000000 2636.75198  74.4%     -   81s
H    0     0                    10270.000000 2636.75198  74.3%     -   81s
H    0     0                    10236.000000 2636.75198  74.2%     -   81s
H    0     0                    10231.600000 2636.75198  74.2%     -   81s
H    0     0                    10225.600000 2636.75198  74.2%     -   81s
H    0     0                    10225.200000 2636.75198  74.2%     -   81s
H    0     0                    10221.600000 2636.75198  74.2%     -   81s
H    0     0                    10127.600000 2636.75198  74.0%     -   81s
H    0     0                    10118.800000 2636.75198  73.9%     -   81s
H    0     0                    9977.2000000 2636.75198  73.6%     -   81s
H    0     0                    9970.4000000 2636.75198  73.6%     -   81s
H    0     0                    9955.6000000 2636.75198  73.5%     -   81s
H    0     0                    9948.0000000 2636.75198  73.5%     -   81s
H    0     0                    9895.2000000 2636.75198  73.4%     -   81s
H    0     0                    9858.4000000 2636.75198  73.3%     -   81s
     0     0 2636.75198    0 7308 9858.40000 2636.75198  73.3%     -   82s
H    0     0                    9857.2000000 2928.36954  70.3%     -   89s
     0     0 2928.36954    0 7184 9857.20000 2928.36954  70.3%     -   90s
H    0     0                    9846.0000000 2975.91566  69.8%     -   95s
     0     0 2975.91566    0 7300 9846.00000 2975.91566  69.8%     -   95s
     0     0 2981.03940    0 7126 9846.00000 2981.03940  69.7%     -   98s
H    0     0                    9844.8000000 2981.92213  69.7%     -   99s
     0     0 2981.92213    0 7058 9844.80000 2981.92213  69.7%     -   99s
H    0     0                    9844.0000000 2982.05419  69.7%     -  100s
     0     0 2982.05419    0 7021 9844.00000 2982.05419  69.7%     -  100s
H    0     0                    9835.6000000 3256.22091  66.9%     -  110s
H    0     0                    9835.2000000 3256.22091  66.9%     -  110s
H    0     0                    9834.8000000 3256.22091  66.9%     -  111s
H    0     0                    9708.4000000 3256.22091  66.5%     -  111s
     0     0 3256.22091    0 7258 9708.40000 3256.22091  66.5%     -  111s
H    0     0                    9674.0000000 3256.22091  66.3%     -  111s
H    0     0                    9655.6000000 3524.03186  63.5%     -  121s
H    0     0                    9600.4000000 3524.03186  63.3%     -  121s
H    0     0                    9582.0000000 3524.03186  63.2%     -  121s
H    0     0                    9547.6000000 3524.03186  63.1%     -  121s
     0     0 3524.03186    0 7485 9547.60000 3524.03186  63.1%     -  122s
H    0     0                    9530.4000000 3578.10120  62.5%     -  132s
H    0     0                    9528.0000000 3578.10120  62.4%     -  132s
H    0     0                    9518.4000000 3578.10120  62.4%     -  132s
H    0     0                    9501.6000000 3578.10120  62.3%     -  132s
     0     0 3578.10120    0 7944 9501.60000 3578.10120  62.3%     -  132s
H    0     0                    9500.8000000 3599.98742  62.1%     -  163s
H    0     0                    9484.4000000 3599.98742  62.0%     -  163s
H    0     0                    9474.4000000 3599.98742  62.0%     -  163s
H    0     0                    9474.0000000 3599.98742  62.0%     -  163s
H    0     0                    9459.2000000 3599.98742  61.9%     -  163s
H    0     0                    9458.0000000 3599.98742  61.9%     -  163s
H    0     0                    9441.6000000 3599.98742  61.9%     -  163s
H    0     0                    9441.2000000 3599.98742  61.9%     -  163s
H    0     0                    9440.0000000 3599.98742  61.9%     -  163s
H    0     0                    9438.8000000 3599.98742  61.9%     -  163s
H    0     0                    9438.0000000 3599.98742  61.9%     -  163s
H    0     0                    9437.2000000 3599.98742  61.9%     -  163s
H    0     0                    9382.4000000 3599.98742  61.6%     -  163s
H    0     0                    9379.6000000 3599.98742  61.6%     -  163s
H    0     0                    9378.8000000 3599.98742  61.6%     -  163s
H    0     0                    9308.4000000 3599.98742  61.3%     -  163s
     0     0 3599.98742    0 7886 9308.40000 3599.98742  61.3%     -  163s
H    0     0                    9305.6000000 3613.28637  61.2%     -  186s
H    0     0                    9274.0000000 3613.28637  61.0%     -  186s
H    0     0                    9256.0000000 3613.28637  61.0%     -  186s
H    0     0                    9218.4000000 3613.28637  60.8%     -  186s
H    0     0                    9201.6000000 3613.28637  60.7%     -  186s
H    0     0                    9199.6000000 3613.28637  60.7%     -  186s
     0     0 3613.28637    0 7881 9199.60000 3613.28637  60.7%     -  187s
H    0     0                    9199.2000000 3620.24680  60.6%     -  205s
     0     0 3620.24680    0 7940 9199.20000 3620.24680  60.6%     -  205s
     0     0 3622.50337    0 7941 9199.20000 3622.50337  60.6%     -  234s
H    0     0                    8849.6000000 3624.31672  59.0%     -  271s
H    0     0                    8831.6000000 3624.31672  59.0%     -  271s
H    0     0                    8825.6000000 3624.31672  58.9%     -  271s
H    0     0                    8825.2000000 3624.31672  58.9%     -  271s
H    0     0                    8819.2000000 3624.31672  58.9%     -  271s
     0     0 3624.31672    0 7955 8819.20000 3624.31672  58.9%     -  271s
H    0     0                    8815.2000000 3625.28587  58.9%     -  311s
H    0     0                    8814.8000000 3625.28587  58.9%     -  311s
H    0     0                    8806.0000000 3625.28587  58.8%     -  311s
H    0     0                    8805.6000000 3625.28587  58.8%     -  311s
H    0     0                    8804.4000000 3625.28587  58.8%     -  311s
H    0     0                    8732.4000000 3625.28587  58.5%     -  311s
H    0     0                    8730.0000000 3625.28587  58.5%     -  311s
     0     0 3625.28587    0 7890 8730.00000 3625.28587  58.5%     -  311s
H    0     0                    8729.6000000 3625.76493  58.5%     -  325s
     0     0 3625.76493    0 7859 8729.60000 3625.76493  58.5%     -  325s
     0     0 3721.69242    0 7772 8729.60000 3721.69242  57.4%     -  377s
     0     0 3807.73970    0 7406 8729.60000 3807.73970  56.4%     -  408s
     0     0 3817.77765    0 7287 8729.60000 3817.77765  56.3%     -  417s
     0     0 3819.17570    0 7219 8729.60000 3819.17570  56.3%     -  428s
     0     0 3820.31517    0 7330 8729.60000 3820.31517  56.2%     -  441s
H    0     0                    8727.6000000 3834.68188  56.1%     -  465s
     0     0 3834.68188    0 7324 8727.60000 3834.68188  56.1%     -  465s
     0     0 3850.80127    0 7103 8727.60000 3850.80127  55.9%     -  477s
     0     0 3852.25222    0 7240 8727.60000 3852.25222  55.9%     -  485s
     0     0 3858.22556    0 7558 8727.60000 3858.22556  55.8%     -  500s
     0     0 3866.55822    0 8084 8727.60000 3866.55822  55.7%     -  546s
H    0     0                    8726.8000000 3871.30846  55.6%     -  686s
     0     0 3871.30846    0 8055 8726.80000 3871.30846  55.6%     -  686s
     0     0 3876.32811    0 8048 8726.80000 3876.32811  55.6%     -  807s
     0     0 3879.63968    0 7645 8726.80000 3879.63968  55.5%     -  901s
     0     0 3880.40544    0 7723 8726.80000 3880.40544  55.5%     -  932s
     0     0          -    0      8726.80000 3880.40544  55.5%     - 1000s

Cutting planes:
  Learned: 35
  Cover: 5475
  Implied bound: 892
  Clique: 345
  MIR: 480
  StrongCG: 91
  Flow cover: 475
  Zero half: 2054
  Network: 140
  RLT: 608
  Relax-and-lift: 1265

Explored 1 nodes (834599 simplex iterations) in 1000.18 seconds (1071.59 work units)
Thread count was 12 (of 12 available processors)

Solution count 10: 8726.8 8727.6 8729.6 ... 8815.2

Time limit reached
Best objective 8.726800000000e+03, best bound 3.880800000000e+03, gap 55.5301%

Gurobi 9.5.1 (win64) logging started Wed May 25 12:30:27 2022

Set parameter LogFile to value "./Log/Direct_MIP_Sshape_solver_480_order_32_batch.log"
Gurobi Optimizer version 9.5.1 build v9.5.1rc2 (win64)
Thread count: 6 physical cores, 12 logical processors, using up to 12 threads
Optimize a model with 36864 rows, 50176 columns and 224992 nonzeros
Model fingerprint: 0x296a7833
Model has 1504 quadratic constraints
Variable types: 0 continuous, 50176 integer (47104 binary)
Coefficient statistics:
  Matrix range     [1e+00, 5e+01]
  QMatrix range    [1e+00, 1e+00]
  QLMatrix range   [1e+00, 1e+00]
  Objective range  [4e-01, 4e+01]
  Bounds range     [1e+00, 1e+00]
  RHS range        [1e+00, 2e+01]
Presolve removed 13344 rows and 16224 columns
Presolve time: 0.46s
Presolved: 23520 rows, 33952 columns, 142880 nonzeros
Variable types: 0 continuous, 33952 integer (30976 binary)
Found heuristic solution: objective 12008.800000

Deterministic concurrent LP optimizer: primal and dual simplex
Showing first log only...


Use crossover to convert LP symmetric solution to basic solution...
Concurrent spin time: 0.03s

Solved with primal simplex

Root relaxation: objective 1.307280e+03, 18393 iterations, 0.65 seconds (0.91 work units)

    Nodes    |    Current Node    |     Objective Bounds      |     Work
 Expl Unexpl |  Obj  Depth IntInf | Incumbent    BestBd   Gap | It/Node Time

     0     0 1307.28000    0 7995 12008.8000 1307.28000  89.1%     -   15s
H    0     0                    11911.600000 1307.28000  89.0%     -   15s
H    0     0                    11911.200000 1307.28000  89.0%     -   17s
H    0     0                    11826.800000 1307.28000  88.9%     -   17s
H    0     0                    11776.400000 1307.28000  88.9%     -   24s
H    0     0                    11653.200000 1307.28000  88.8%     -   24s
H    0     0                    11512.800000 1307.28000  88.6%     -   24s
H    0     0                    11306.000000 1307.28000  88.4%     -   24s
     0     0 1307.28000    0 5053 11306.0000 1307.28000  88.4%     -   29s
H    0     0                    11273.200000 1307.28000  88.4%     -   30s
H    0     0                    11182.000000 1307.28000  88.3%     -   30s
H    0     0                    11053.600000 1307.28000  88.2%     -   30s
H    0     0                    11026.000000 1307.28000  88.1%     -   30s
     0     0 1601.28000    0 4927 11026.0000 1601.28000  85.5%     -   30s
H    0     0                    11020.000000 1601.28000  85.5%     -   31s
H    0     0                    10945.999999 2568.48000  76.5%     -   51s
H    0     0                    10885.200000 2568.48000  76.4%     -   51s
H    0     0                    10866.800000 2568.48000  76.4%     -   51s
H    0     0                    10756.800000 2568.48000  76.1%     -   51s
H    0     0                    10700.800000 2568.48000  76.0%     -   51s
H    0     0                    10679.200000 2568.48000  75.9%     -   51s
H    0     0                    10639.600000 2568.48000  75.9%     -   51s
H    0     0                    10638.000000 2568.48000  75.9%     -   51s
H    0     0                    10637.200000 2568.48000  75.9%     -   51s
H    0     0                    10595.600000 2568.48000  75.8%     -   51s
H    0     0                    10584.800000 2568.48000  75.7%     -   51s
H    0     0                    10583.600000 2568.48000  75.7%     -   51s
H    0     0                    10581.600000 2568.48000  75.7%     -   51s
H    0     0                    10580.000000 2568.48000  75.7%     -   51s
     0     0 2568.48000    0 4239 10580.0000 2568.48000  75.7%     -   52s
H    0     0                    10577.200000 2933.83141  72.3%     -   99s
H    0     0                    10575.600000 2933.83141  72.3%     -   99s
H    0     0                    10574.800000 2933.83141  72.3%     -   99s
H    0     0                    10573.600000 2933.83141  72.3%     -   99s
H    0     0                    10573.200000 2933.83141  72.3%     -   99s
H    0     0                    10570.000000 2933.83141  72.2%     -   99s
H    0     0                    10568.000000 2933.83141  72.2%     -   99s
H    0     0                    10566.800000 2933.83141  72.2%     -   99s
H    0     0                    10563.600000 2933.83141  72.2%     -   99s
H    0     0                    10545.600000 2933.83141  72.2%     -   99s
H    0     0                    10542.000000 2933.83141  72.2%     -   99s
H    0     0                    10525.600000 2933.83141  72.1%     -   99s
H    0     0                    10521.200000 2933.83141  72.1%     -   99s
H    0     0                    10517.200000 2933.83141  72.1%     -   99s
H    0     0                    10516.000000 2933.83141  72.1%     -   99s
H    0     0                    10389.200000 2933.83141  71.8%     -   99s
H    0     0                    10383.200000 2933.83141  71.7%     -   99s
H    0     0                    10365.200000 2933.83141  71.7%     -   99s
H    0     0                    10361.200000 2933.83141  71.7%     -   99s
H    0     0                    10355.600000 2933.83141  71.7%     -   99s
H    0     0                    10341.600000 2933.83141  71.6%     -   99s
H    0     0                    10335.200000 2933.83141  71.6%     -   99s
H    0     0                    10320.000000 2933.83141  71.6%     -   99s
H    0     0                    10314.400000 2933.83141  71.6%     -   99s
H    0     0                    10198.800000 2933.83141  71.2%     -   99s
H    0     0                    10189.200000 2933.83141  71.2%     -   99s
H    0     0                    10170.400000 2933.83141  71.2%     -   99s
H    0     0                    10121.200000 2933.83141  71.0%     -   99s
H    0     0                    10072.400000 2933.83141  70.9%     -   99s
H    0     0                    10056.800000 2933.83141  70.8%     -   99s
H    0     0                    10054.000000 2933.83141  70.8%     -   99s
H    0     0                    10025.200000 2933.83141  70.7%     -   99s
H    0     0                    10006.800000 2933.83141  70.7%     -   99s
H    0     0                    9996.4000000 2933.83141  70.7%     -   99s
H    0     0                    9995.6000000 2933.83141  70.6%     -   99s
H    0     0                    9979.6000000 2933.83141  70.6%     -   99s
H    0     0                    9979.2000000 2933.83141  70.6%     -   99s
H    0     0                    9978.8000000 2933.83141  70.6%     -   99s
     0     0 2933.83141    0 7120 9978.80000 2933.83141  70.6%     -  100s
H    0     0                    9964.4000000 3106.12044  68.8%     -  109s
H    0     0                    9962.4000000 3106.12044  68.8%     -  109s
H    0     0                    9960.8000000 3106.12044  68.8%     -  109s
H    0     0                    9960.0000000 3106.12044  68.8%     -  109s
H    0     0                    9944.8000000 3106.12044  68.8%     -  109s
H    0     0                    9909.6000000 3106.12044  68.7%     -  109s
     0     0 3106.12044    0 6956 9909.60000 3106.12044  68.7%     -  110s
H    0     0                    9908.8000000 3178.02146  67.9%     -  115s
H    0     0                    9908.4000000 3178.02146  67.9%     -  115s
     0     0 3178.02146    0 6821 9908.40000 3178.02146  67.9%     -  115s
H    0     0                    9907.6000000 3184.51668  67.9%     -  120s
H    0     0                    9898.4000000 3184.51668  67.8%     -  120s
H    0     0                    9889.2000000 3184.51668  67.8%     -  120s
     0     0 3184.51668    0 6968 9889.20000 3184.51668  67.8%     -  120s
H    0     0                    9888.4000000 3186.14643  67.8%     -  124s
H    0     0                    9888.0000000 3186.14643  67.8%     -  124s
H    0     0                    9801.2000000 3186.14643  67.5%     -  124s
     0     0 3186.14643    0 6913 9801.20000 3186.14643  67.5%     -  125s
H    0     0                    9786.0000000 3186.80055  67.4%     -  127s
     0     0 3186.80055    0 6815 9786.00000 3186.80055  67.4%     -  127s
H    0     0                    9752.4000000 3186.96495  67.3%     -  131s
H    0     0                    9736.8000000 3186.96495  67.3%     -  131s
H    0     0                    9735.2000000 3186.96495  67.3%     -  131s
     0     0 3186.96495    0 6737 9735.20000 3186.96495  67.3%     -  131s
H    0     0                    9734.8000000 3186.96495  67.3%     -  133s
H    0     0                    9733.2000000 3311.01657  66.0%     -  142s
H    0     0                    9723.2000000 3311.01657  65.9%     -  142s
H    0     0                    9722.8000000 3311.01657  65.9%     -  142s
H    0     0                    9712.4000000 3311.01657  65.9%     -  142s
H    0     0                    9710.4000000 3311.01657  65.9%     -  142s
     0     0 3311.01657    0 7207 9710.40000 3311.01657  65.9%     -  143s
H    0     0                    9658.0000000 3311.01657  65.7%     -  143s
     0     0 3499.38326    0 7361 9658.00000 3499.38326  63.8%     -  155s
H    0     0                    9640.0000000 3566.43340  63.0%     -  171s
H    0     0                    9637.6000000 3566.43340  63.0%     -  171s
H    0     0                    9635.2000000 3566.43340  63.0%     -  171s
H    0     0                    9621.2000000 3566.43340  62.9%     -  171s
H    0     0                    9619.6000000 3566.43340  62.9%     -  171s
H    0     0                    9616.8000000 3566.43340  62.9%     -  171s
H    0     0                    9616.0000000 3566.43340  62.9%     -  171s
H    0     0                    9613.2000000 3566.43340  62.9%     -  171s
H    0     0                    9609.6000000 3566.43340  62.9%     -  171s
H    0     0                    9592.4000000 3566.43340  62.8%     -  171s
H    0     0                    9590.8000000 3566.43340  62.8%     -  171s
H    0     0                    9588.0000000 3566.43340  62.8%     -  171s
H    0     0                    9583.6000000 3566.43340  62.8%     -  171s
H    0     0                    9581.2000000 3566.43340  62.8%     -  171s
H    0     0                    9580.0000000 3566.43340  62.8%     -  171s
H    0     0                    9516.4000000 3566.43340  62.5%     -  171s
H    0     0                    9511.6000000 3566.43340  62.5%     -  171s
H    0     0                    9497.6000000 3566.43340  62.4%     -  171s
H    0     0                    9493.6000000 3566.43340  62.4%     -  171s
H    0     0                    9482.0000000 3566.43340  62.4%     -  171s
H    0     0                    9477.6000000 3566.43340  62.4%     -  171s
H    0     0                    9438.0000000 3566.43340  62.2%     -  171s
H    0     0                    9432.8000000 3566.43340  62.2%     -  171s
     0     0 3566.43340    0 7568 9432.80000 3566.43340  62.2%     -  171s
H    0     0                    9430.0000000 3582.54724  62.0%     -  187s
H    0     0                    9428.8000000 3582.54724  62.0%     -  187s
H    0     0                    9419.2000000 3582.54724  62.0%     -  187s
H    0     0                    9403.6000000 3582.54724  61.9%     -  187s
H    0     0                    9403.2000000 3582.54724  61.9%     -  187s
H    0     0                    9402.8000000 3582.54724  61.9%     -  187s
H    0     0                    9251.2000000 3582.54724  61.3%     -  187s
     0     0 3582.54724    0 7729 9251.20000 3582.54724  61.3%     -  187s
H    0     0                    9235.2000000 3593.09509  61.1%     -  204s
H    0     0                    9198.0000000 3593.09509  60.9%     -  204s
H    0     0                    9194.8000000 3593.09509  60.9%     -  204s
H    0     0                    9124.8000000 3593.09509  60.6%     -  204s
H    0     0                    9018.4000000 3593.09509  60.2%     -  204s
     0     0 3593.09509    0 7558 9018.40000 3593.09509  60.2%     -  204s
     0     0 3596.46791    0 7560 9018.40000 3596.46791  60.1%     -  233s
H    0     0                    9002.8000000 3597.94868  60.0%     -  248s
     0     0 3597.94868    0 7669 9002.80000 3597.94868  60.0%     -  249s
     0     0 3598.48121    0 7543 9002.80000 3598.48121  60.0%     -  265s
     0     0 3667.03803    0 7773 9002.80000 3667.03803  59.3%     -  311s
H    0     0                    8994.8000000 3737.02560  58.5%     -  353s
     0     0 3737.02560    0 7849 8994.80000 3737.02560  58.5%     -  354s
     0     0 3756.63974    0 7406 8994.80000 3756.63974  58.2%     -  369s
     0     0 3759.09388    0 7391 8994.80000 3759.09388  58.2%     -  379s
     0     0 3759.57291    0 7122 8994.80000 3759.57291  58.2%     -  391s
     0     0 3768.33233    0 7601 8994.80000 3768.33233  58.1%     -  412s
     0     0 3769.17877    0 7329 8994.80000 3769.17877  58.1%     -  431s
     0     0 3770.01680    0 7938 8994.80000 3770.01680  58.1%     -  488s
     0     0 3770.01680    0 7938 8994.80000 3770.01680  58.1%     -  499s
     0     2 3770.01680    0 7938 8994.80000 3770.01680  58.1%     -  573s
     1     2 infeasible    1      8994.80000 3770.02301  58.1% 20042  609s
     2     2 3810.65346    1 7285 8994.80000 3810.65346  57.6% 31538  610s
     3     2 3973.53023    2 7406 8994.80000 3811.56139  57.6% 43201  668s
     5     4 4260.26819    3 7897 8994.80000 3973.98823  55.8% 86956  945s
     7     2 infeasible    4      8994.80000 4135.58620  54.0% 74658 1000s

Cutting planes:
  Learned: 40
  Cover: 6437
  Implied bound: 2205
  Clique: 1199
  MIR: 541
  StrongCG: 57
  Flow cover: 400
  Zero half: 2873
  Network: 120
  RLT: 696
  Relax-and-lift: 1268

Explored 9 nodes (1129205 simplex iterations) in 1000.03 seconds (1968.12 work units)
Thread count was 12 (of 12 available processors)

Solution count 10: 8994.8 9002.8 9018.4 ... 9403.2

Time limit reached
Best objective 8.994800000000e+03, best bound 4.136000000000e+03, gap 54.0179%

Gurobi 9.5.1 (win64) logging started Wed May 25 12:47:08 2022

Set parameter LogFile to value "./Log/Direct_MIP_Sshape_solver_480_order_32_batch.log"
Gurobi Optimizer version 9.5.1 build v9.5.1rc2 (win64)
Thread count: 6 physical cores, 12 logical processors, using up to 12 threads
Optimize a model with 36864 rows, 50176 columns and 224704 nonzeros
Model fingerprint: 0x34ea27eb
Model has 1504 quadratic constraints
Variable types: 0 continuous, 50176 integer (47104 binary)
Coefficient statistics:
  Matrix range     [1e+00, 5e+01]
  QMatrix range    [1e+00, 1e+00]
  QLMatrix range   [1e+00, 1e+00]
  Objective range  [4e-01, 4e+01]
  Bounds range     [1e+00, 1e+00]
  RHS range        [1e+00, 2e+01]
Presolve removed 12992 rows and 15872 columns
Presolve time: 0.47s
Presolved: 23872 rows, 34304 columns, 143136 nonzeros
Variable types: 0 continuous, 34304 integer (31328 binary)
Found heuristic solution: objective 12016.400000

Deterministic concurrent LP optimizer: primal and dual simplex
Showing first log only...


Use crossover to convert LP symmetric solution to basic solution...
Concurrent spin time: 0.00s

Solved with primal simplex

Root relaxation: objective 1.319600e+03, 18398 iterations, 0.46 seconds (0.65 work units)

    Nodes    |    Current Node    |     Objective Bounds      |     Work
 Expl Unexpl |  Obj  Depth IntInf | Incumbent    BestBd   Gap | It/Node Time

     0     0 1319.60000    0 7678 12016.4000 1319.60000  89.0%     -   15s
H    0     0                    11960.000000 1319.60000  89.0%     -   15s
H    0     0                    11722.800000 1319.60000  88.7%     -   17s
H    0     0                    11664.400000 1319.60000  88.7%     -   24s
H    0     0                    11239.200000 1319.60000  88.3%     -   24s
H    0     0                    11175.200000 1319.60000  88.2%     -   24s
     0     0 1613.60000    0 5118 11175.2000 1613.60000  85.6%     -   29s
H    0     0                    11108.000000 1613.60000  85.5%     -   31s
H    0     0                    10972.000000 1613.60000  85.3%     -   32s
H    0     0                    10965.600000 1613.60000  85.3%     -   32s
H    0     0                    10952.000000 1613.60000  85.3%     -   32s
     0     0 1613.60000    0 4902 10952.0000 1613.60000  85.3%     -   32s
H    0     0                    10872.800000 2373.87985  78.2%     -   67s
H    0     0                    10831.600000 2373.87985  78.1%     -   67s
H    0     0                    10830.400000 2373.87985  78.1%     -   67s
H    0     0                    10830.000000 2373.87985  78.1%     -   67s
H    0     0                    10828.800000 2373.87985  78.1%     -   67s
H    0     0                    10787.600000 2373.87985  78.0%     -   67s
H    0     0                    10787.200000 2373.87985  78.0%     -   67s
H    0     0                    10767.200000 2373.87985  78.0%     -   67s
H    0     0                    10766.000000 2373.87985  78.0%     -   67s
H    0     0                    10763.199954 2373.87985  77.9%     -   67s
H    0     0                    10760.000000 2373.87985  77.9%     -   67s
H    0     0                    10740.800000 2373.87985  77.9%     -   67s
H    0     0                    10739.600000 2373.87985  77.9%     -   67s
H    0     0                    10738.800000 2373.87985  77.9%     -   67s
H    0     0                    10738.400000 2373.87985  77.9%     -   67s
H    0     0                    10735.600000 2373.87985  77.9%     -   67s
H    0     0                    10734.000000 2373.87985  77.9%     -   67s
H    0     0                    10610.000000 2373.87985  77.6%     -   67s
H    0     0                    10605.200000 2373.87985  77.6%     -   67s
H    0     0                    10554.000000 2373.87985  77.5%     -   67s
H    0     0                    10552.400000 2373.87985  77.5%     -   67s
H    0     0                    10530.800000 2373.87985  77.5%     -   67s
H    0     0                    10528.800000 2373.87985  77.5%     -   67s
H    0     0                    10526.800000 2373.87985  77.4%     -   67s
H    0     0                    10523.200000 2373.87985  77.4%     -   67s
H    0     0                    10436.400000 2373.87985  77.3%     -   67s
H    0     0                    10429.200000 2373.87985  77.2%     -   67s
H    0     0                    10428.800000 2373.87985  77.2%     -   67s
H    0     0                    10423.600000 2373.87985  77.2%     -   67s
     0     0 2373.87985    0 4936 10423.6000 2373.87985  77.2%     -   68s
H    0     0                    10421.600000 2835.63009  72.8%     -  100s
H    0     0                    10330.000000 2835.63009  72.5%     -  100s
H    0     0                    10324.400000 2835.63009  72.5%     -  100s
H    0     0                    10316.000000 2835.63009  72.5%     -  100s
H    0     0                    10312.400000 2835.63009  72.5%     -  100s
H    0     0                    10246.000000 2835.63009  72.3%     -  100s
H    0     0                    10238.000000 2835.63009  72.3%     -  100s
H    0     0                    10198.800000 2835.63009  72.2%     -  100s
H    0     0                    10190.400000 2835.63009  72.2%     -  100s
H    0     0                    10142.400000 2835.63009  72.0%     -  100s
H    0     0                    10135.600000 2835.63009  72.0%     -  100s
H    0     0                    10122.800000 2835.63009  72.0%     -  100s
H    0     0                    10116.000000 2835.63009  72.0%     -  100s
H    0     0                    10035.600000 2835.63009  71.7%     -  100s
H    0     0                    10023.600000 2835.63009  71.7%     -  100s
H    0     0                    10023.200000 2835.63009  71.7%     -  100s
H    0     0                    10003.600000 2835.63009  71.7%     -  100s
H    0     0                    10003.200000 2835.63009  71.7%     -  100s
H    0     0                    10002.000000 2835.63009  71.6%     -  100s
H    0     0                    9965.6000000 2835.63009  71.5%     -  100s
H    0     0                    9964.8000000 2835.63009  71.5%     -  100s
H    0     0                    9962.4000000 2835.63009  71.5%     -  100s
H    0     0                    9948.8000000 2835.63009  71.5%     -  100s
H    0     0                    9947.2000000 2835.63009  71.5%     -  100s
     0     0 2835.63009    0 7447 9947.20000 2835.63009  71.5%     -  101s
H    0     0                    9945.6000000 3151.22606  68.3%     -  110s
H    0     0                    9918.4000000 3151.22606  68.2%     -  110s
H    0     0                    9917.2000000 3151.22606  68.2%     -  110s
H    0     0                    9916.8000000 3151.22606  68.2%     -  110s
H    0     0                    9900.8000000 3151.22606  68.2%     -  110s
     0     0 3151.22606    0 7299 9900.80000 3151.22606  68.2%     -  111s
H    0     0                    9897.2000000 3189.12518  67.8%     -  114s
H    0     0                    9860.4000000 3189.12518  67.7%     -  114s
     0     0 3189.12518    0 7232 9860.40000 3189.12518  67.7%     -  114s
H    0     0                    9845.6000000 3194.94023  67.5%     -  117s
     0     0 3194.94023    0 7102 9845.60000 3194.94023  67.5%     -  117s
H    0     0                    9829.2000000 3195.38898  67.5%     -  118s
     0     0 3195.38898    0 7032 9829.20000 3195.38898  67.5%     -  118s
     0     0 3195.44233    0 6922 9829.20000 3195.44233  67.5%     -  119s
H    0     0                    9810.8000000 3195.44233  67.4%     -  120s
H    0     0                    9809.6000000 3470.18589  64.6%     -  126s
H    0     0                    9757.2000000 3470.18589  64.4%     -  126s
H    0     0                    9740.0000000 3470.18589  64.4%     -  126s
H    0     0                    9707.6000000 3470.18589  64.3%     -  126s
H    0     0                    9462.8000000 3470.18589  63.3%     -  126s
     0     0 3470.18589    0 7230 9462.80000 3470.18589  63.3%     -  127s
H    0     0                    9359.6000000 3470.18589  62.9%     -  127s
     0     0 3767.21065    0 7720 9359.60000 3767.21065  59.8%     -  149s
H    0     0                    9272.0000000 3863.48168  58.3%     -  165s
     0     0 3863.48168    0 7623 9272.00000 3863.48168  58.3%     -  166s
H    0     0                    9156.8000000 3885.66858  57.6%     -  181s
     0     0 3885.66858    0 7685 9156.80000 3885.66858  57.6%     -  182s
H    0     0                    9146.4000000 3892.91796  57.4%     -  200s
H    0     0                    9122.8000000 3892.91796  57.3%     -  200s
     0     0 3892.91796    0 7779 9122.80000 3892.91796  57.3%     -  200s
H    0     0                    9112.8000000 3893.42491  57.3%     -  206s
     0     0 3893.42491    0 7788 9112.80000 3893.42491  57.3%     -  206s
H    0     0                    9095.6000000 3893.42491  57.2%     -  208s
H    0     0                    9073.6000000 3980.16577  56.1%     -  234s
H    0     0                    9062.4000000 3980.16577  56.1%     -  234s
H    0     0                    9060.4000000 3980.16577  56.1%     -  234s
H    0     0                    9058.0000000 3980.16577  56.1%     -  234s
H    0     0                    9032.4000000 3980.16577  55.9%     -  234s
H    0     0                    9022.8000000 3980.16577  55.9%     -  234s
H    0     0                    9021.6000000 3980.16577  55.9%     -  234s
H    0     0                    9021.2000000 3980.16577  55.9%     -  234s
H    0     0                    9020.4000000 3980.16577  55.9%     -  234s
H    0     0                    9020.0000000 3980.16577  55.9%     -  234s
H    0     0                    9018.0000000 3980.16577  55.9%     -  234s
H    0     0                    9016.8000000 3980.16577  55.9%     -  234s
H    0     0                    9015.2000000 3980.16577  55.9%     -  234s
H    0     0                    9014.0000000 3980.16577  55.8%     -  234s
H    0     0                    8996.8000000 3980.16577  55.8%     -  234s
H    0     0                    8996.0000000 3980.16577  55.8%     -  234s
H    0     0                    8995.2000000 3980.16577  55.8%     -  234s
H    0     0                    8993.6000000 3980.16577  55.7%     -  234s
H    0     0                    8991.6000000 3980.16577  55.7%     -  234s
H    0     0                    8990.4000000 3980.16577  55.7%     -  234s
H    0     0                    8988.0000000 3980.16577  55.7%     -  234s
H    0     0                    8983.2000000 3980.16577  55.7%     -  234s
H    0     0                    8968.4000000 3980.16577  55.6%     -  234s
H    0     0                    8964.0000000 3980.16577  55.6%     -  234s
H    0     0                    8963.2000000 3980.16577  55.6%     -  234s
H    0     0                    8962.4000000 3980.16577  55.6%     -  234s
H    0     0                    8962.0000000 3980.16577  55.6%     -  234s
H    0     0                    8959.2000000 3980.16577  55.6%     -  234s
H    0     0                    8958.8000000 3980.16577  55.6%     -  234s
H    0     0                    8956.8000000 3980.16577  55.6%     -  234s
H    0     0                    8955.6000000 3980.16577  55.6%     -  234s
H    0     0                    8954.8000000 3980.16577  55.6%     -  234s
H    0     0                    8953.2000000 3980.16577  55.5%     -  234s
H    0     0                    8949.2000000 3980.16577  55.5%     -  234s
     0     0 3980.16577    0 7407 8949.20000 3980.16577  55.5%     -  234s
H    0     0                    8947.2000000 4082.72989  54.4%     -  265s
H    0     0                    8945.2000000 4082.72989  54.4%     -  265s
H    0     0                    8941.2000000 4082.72989  54.3%     -  265s
H    0     0                    8931.6000000 4082.72989  54.3%     -  265s
H    0     0                    8923.6000000 4082.72989  54.2%     -  265s
H    0     0                    8861.2000000 4082.72989  53.9%     -  265s
H    0     0                    8853.6000000 4082.72989  53.9%     -  265s
H    0     0                    8849.2000000 4082.72989  53.9%     -  265s
H    0     0                    8766.0000000 4082.72989  53.4%     -  265s
H    0     0                    8764.7999985 4082.72989  53.4%     -  265s
H    0     0                    8750.0000000 4082.72989  53.3%     -  265s
H    0     0                    8749.2000000 4082.72989  53.3%     -  265s
H    0     0                    8740.0000000 4082.72989  53.3%     -  265s
H    0     0                    8705.2000000 4082.72989  53.1%     -  265s
H    0     0                    8695.2000000 4082.72989  53.0%     -  265s
     0     0 4082.72989    0 7627 8695.20000 4082.72989  53.0%     -  266s
H    0     0                    8686.8000000 4115.10267  52.6%     -  298s
     0     0 4115.10267    0 7577 8686.80000 4115.10267  52.6%     -  298s
     0     0 4129.73209    0 7661 8686.80000 4129.73209  52.5%     -  332s
     0     0 4132.93451    0 7686 8686.80000 4132.93451  52.4%     -  364s
H    0     0                    8684.0000000 4134.56333  52.4%     -  393s
     0     0 4134.56333    0 7603 8684.00000 4134.56333  52.4%     -  393s
     0     0 4134.87441    0 7595 8684.00000 4134.87441  52.4%     -  411s
     0     0 4157.83467    0 7444 8684.00000 4157.83467  52.1%     -  458s
     0     0 4189.65555    0 6863 8684.00000 4189.65555  51.8%     -  480s
     0     0 4203.30155    0 6919 8684.00000 4203.30155  51.6%     -  487s
     0     0 4206.94456    0 6829 8684.00000 4206.94456  51.6%     -  493s
     0     0 4210.76889    0 6813 8684.00000 4210.76889  51.5%     -  497s
     0     0 4211.27318    0 6624 8684.00000 4211.27318  51.5%     -  501s
H    0     0                    8680.8000000 4240.89197  51.1%     -  539s
     0     0 4240.89197    0 7772 8680.80000 4240.89197  51.1%     -  540s
     0     0 4243.58457    0 7985 8680.80000 4243.58457  51.1%     -  632s
H    0     0                    8680.0000000 4245.09498  51.1%     -  753s
     0     0 4245.09498    0 7817 8680.00000 4245.09498  51.1%     -  753s
     0     0 4246.37902    0 8110 8680.00000 4246.37902  51.1%     -  801s
     0     0 4246.37902    0 8110 8680.00000 4246.37902  51.1%     -  810s
     0     2 4246.37902    0 8110 8680.00000 4246.37902  51.1%     -  875s
     1     2 infeasible    1      8680.00000 4246.37902  51.1% 19091  964s
     3     1 infeasible    2      8680.00000 4246.59014  51.1% 35217 1000s

Cutting planes:
  Learned: 50
  Gomory: 2
  Cover: 6299
  Implied bound: 557
  Clique: 617
  MIR: 697
  StrongCG: 68
  Flow cover: 412
  Zero half: 2454
  Network: 111
  RLT: 540
  Relax-and-lift: 834

Explored 4 nodes (981020 simplex iterations) in 1000.02 seconds (1282.05 work units)
Thread count was 12 (of 12 available processors)

Solution count 10: 8680 8680.8 8684 ... 8764.8

Time limit reached
Best objective 8.680000000000e+03, best bound 4.246800000000e+03, gap 51.0737%
