
Gurobi 9.1.1 (win64) logging started Mon Apr 18 00:04:21 2022

Changed value of parameter LogFile to ./Log/Direct_MIP_Sshape_solver_200_order_10_batch.log
   Prev:   Default: 
Gurobi Optimizer version 9.1.1 build v9.1.1rc0 (win64)
Thread count: 6 physical cores, 12 logical processors, using up to 12 threads
Optimize a model with 4690 rows, 6480 columns and 17490 nonzeros
Model fingerprint: 0x48a1438c
Variable types: 0 continuous, 6480 integer (6480 binary)
Coefficient statistics:
  Matrix range     [1e+00, 2e+01]
  Objective range  [4e-01, 2e+01]
  Bounds range     [1e+00, 1e+00]
  RHS range        [1e+00, 2e+01]
Found heuristic solution: objective 2607.2000000
Presolve removed 2490 rows and 2490 columns
Presolve time: 0.03s
Presolved: 2200 rows, 3990 columns, 14980 nonzeros
Variable types: 0 continuous, 3990 integer (3990 binary)

Root relaxation: objective 7.347200e+02, 8699 iterations, 0.16 seconds

    Nodes    |    Current Node    |     Objective Bounds      |     Work
 Expl Unexpl |  Obj  Depth IntInf | Incumbent    BestBd   Gap | It/Node Time

     0     0  734.72000    0  522 2607.20000  734.72000  71.8%     -    0s
H    0     0                    2377.2000000  734.72000  69.1%     -    0s
H    0     0                    1843.4000000  734.72000  60.1%     -    0s
H    0     0                    1842.2000000  734.72000  60.1%     -    0s
H    0     0                    1823.8000000  734.72000  59.7%     -    0s
     0     0  734.72000    0 1093 1823.80000  734.72000  59.7%     -    0s
H    0     0                    1819.8000000  734.72000  59.6%     -    0s
H    0     0                    1804.2000000  734.72000  59.3%     -    0s
     0     0  736.05000    0  848 1804.20000  736.05000  59.2%     -    0s
     0     0  736.08000    0  798 1804.20000  736.08000  59.2%     -    0s
     0     0  736.08000    0  794 1804.20000  736.08000  59.2%     -    0s
H    0     0                    1787.8000000  736.08000  58.8%     -    0s
H    0     0                    1777.8000000  736.08000  58.6%     -    0s
H    0     0                    1773.0000000  736.08000  58.5%     -    0s
H    0     0                    1771.4000000  736.08000  58.4%     -    0s
H    0     0                    1764.2000000  736.08000  58.3%     -    0s
H    0     0                    1751.8000000  736.08000  58.0%     -    0s
H    0     0                    1746.6000000  736.08000  57.9%     -    0s
     0     0  740.35012    0  708 1746.60000  740.35012  57.6%     -    0s
H    0     0                    1746.2000000  740.35012  57.6%     -    1s
     0     0  740.80536    0  749 1746.20000  740.80536  57.6%     -    1s
     0     0  740.83569    0  737 1746.20000  740.83569  57.6%     -    1s
     0     0  740.85066    0  734 1746.20000  740.85066  57.6%     -    1s
     0     0  740.86409    0  737 1746.20000  740.86409  57.6%     -    1s
     0     0  740.87471    0  741 1746.20000  740.87471  57.6%     -    1s
     0     0  740.90051    0  749 1746.20000  740.90051  57.6%     -    1s
     0     0  740.90346    0  743 1746.20000  740.90346  57.6%     -    1s
H    0     0                    1742.0000000  740.90346  57.5%     -    1s
H    0     0                    1741.6000000  740.90346  57.5%     -    1s
H    0     0                    1736.8000000  740.90346  57.3%     -    1s
     0     0  742.26012    0 1200 1736.80000  742.26012  57.3%     -    1s
H    0     0                    1734.2000000  742.26012  57.2%     -    1s
H    0     0                    1733.8000000  742.26012  57.2%     -    1s
H    0     0                    1731.4000000  742.26012  57.1%     -    1s
     0     0  742.52786    0 1224 1731.40000  742.52786  57.1%     -    1s
H    0     0                    1730.2000000  742.52786  57.1%     -    1s
     0     0  742.56759    0 1224 1730.20000  742.56759  57.1%     -    1s
H    0     0                    1729.8000000  742.56759  57.1%     -    1s
     0     0  742.57473    0 1177 1729.80000  742.57473  57.1%     -    1s
H    0     0                    1729.4000000  742.57473  57.1%     -    1s
H    0     0                    1724.0000000  742.57473  56.9%     -    1s
     0     0  742.57647    0 1139 1724.00000  742.57647  56.9%     -    1s
H    0     0                    1721.0000000  742.57647  56.9%     -    1s
H    0     0                    1719.4000000  742.57647  56.8%     -    1s
H    0     0                    1718.6000000  742.57647  56.8%     -    1s
H    0     0                    1718.2000000  742.57647  56.8%     -    1s
H    0     0                    1717.4000000  742.57647  56.8%     -    1s
H    0     0                    1717.0000000  742.57647  56.8%     -    1s
H    0     0                    1716.2000000  742.57647  56.7%     -    1s
     0     0  742.70488    0 1407 1716.20000  742.70488  56.7%     -    1s
H    0     0                    1715.8000000  742.70488  56.7%     -    2s
H    0     0                    1711.2000000  742.70488  56.6%     -    2s
H    0     0                    1699.0000000  742.70488  56.3%     -    2s
H    0     0                    1689.4000000  742.70488  56.0%     -    2s
H    0     0                    1681.0000000  742.70488  55.8%     -    2s
     0     0  742.74689    0 1497 1681.00000  742.74689  55.8%     -    2s
H    0     0                    1678.6000000  742.74689  55.8%     -    2s
H    0     0                    1674.4000000  742.74689  55.6%     -    2s
H    0     0                    1674.0000000  742.74689  55.6%     -    2s
     0     0  742.77572    0 1449 1674.00000  742.77572  55.6%     -    2s
H    0     0                    1672.4000000  742.77572  55.6%     -    2s
H    0     0                    1672.0000000  742.77572  55.6%     -    2s
     0     0  742.78225    0 1418 1672.00000  742.78225  55.6%     -    2s
H    0     0                    1671.6000000  742.78225  55.6%     -    2s
     0     0  742.78476    0 1396 1671.60000  742.78476  55.6%     -    2s
H    0     0                    1671.2000000  742.78476  55.6%     -    2s
H    0     0                    1655.6000000  742.78476  55.1%     -    3s
H    0     0                    1646.4000000  742.78476  54.9%     -    3s
H    0     0                    1642.4000000  742.78476  54.8%     -    3s
     0     0  742.79516    0 1828 1642.40000  742.79516  54.8%     -    3s
H    0     0                    1642.0000000  742.79516  54.8%     -    3s
H    0     0                    1641.0000000  742.79516  54.7%     -    3s
H    0     0                    1640.6000000  742.79516  54.7%     -    3s
H    0     0                    1635.0000000  742.79516  54.6%     -    3s
     0     0  742.81517    0 1807 1635.00000  742.81517  54.6%     -    3s
H    0     0                    1631.6000000  742.81517  54.5%     -    4s
H    0     0                    1626.2000000  742.81517  54.3%     -    4s
     0     0  742.81544    0 1860 1626.20000  742.81544  54.3%     -    4s
H    0     0                    1613.8000000  742.81544  54.0%     -    6s
H    0     0                    1604.2000000  742.81544  53.7%     -    6s
     0     0  742.81915    0 2516 1604.20000  742.81915  53.7%     -    6s
     0     0  742.81915    0 1213 1604.20000  742.81915  53.7%     -    6s
     0     2  742.81915    0 1077 1604.20000  742.81915  53.7%     -    7s
     7    12 infeasible    3      1604.20000  756.12996  52.9%  1480   14s
    13    18  874.47197    4 2761 1604.20000  758.80040  52.7% 13405   43s
    19    22  936.28587    5 3244 1604.20000  758.80040  52.7% 22870   67s
    25    28  939.71662    6 3240 1604.20000  758.80040  52.7% 23933   89s
    31    34  964.22673    7 3201 1604.20000  792.23702  50.6% 24627   96s
    37    40  968.75401    8 3198 1604.20000  792.23702  50.6% 22335  133s
    43    45  970.07295    9 3200 1604.20000  792.23702  50.6% 23315  141s
    50    53  981.66909   10 3112 1604.20000  792.23702  50.6% 20627  146s
    58    62  986.18873   11 3172 1604.20000  792.23702  50.6% 18357  153s
    67    72  993.24381   12 3107 1604.20000  792.23702  50.6% 16481  156s
    79    84 1002.15124   14 3089 1604.20000  792.23702  50.6% 14445  160s
   103   108 1026.61396   18 2902 1604.20000  792.23702  50.6% 11790  166s
   128   136 1040.79534   23 2805 1604.20000  792.23702  50.6% 10056  172s
   143   151 1074.03555   25 2755 1604.20000  792.23702  50.6%  9298  175s
   175   187 1095.09203   30 2510 1604.20000  792.23702  50.6%  8120  182s
   194   203 1105.94525   32 2441 1604.20000  792.23702  50.6%  7555  186s
   244   280 1115.23931   37 2334 1604.20000  792.23702  50.6%  6323  192s
   287   325 1141.50094   41 2057 1604.20000  792.23702  50.6%  5542  195s
   452   521 1226.57296   56 1524 1604.20000  792.23702  50.6%  3815  201s
H  570   605                    1600.6000000  792.23702  50.5%  3164  203s
H  606   605                    1600.4000000  792.23702  50.5%  3005  203s
H  675   709                    1592.0000000  792.23702  50.2%  2749  204s
H  696   709                    1589.0000000  792.23702  50.1%  2682  204s
   720   842 1368.48457   81  913 1589.00000  792.23702  50.1%  2606  207s
H  743   842                    1587.6000000  792.23702  50.1%  2537  207s
H  767   842                    1578.8000000  792.23702  49.8%  2470  207s
H  859   913                    1570.8000000  792.23702  49.6%  2253  213s
H  883   913                    1568.0000000  792.23702  49.5%  2204  213s
H  942   913                    1567.2000000  792.23702  49.4%  2123  213s
   964   911     cutoff  121      1567.20000  792.30119  49.4%  2106  239s
H  986   906                    1562.8000000  797.37368  49.0%  2136  239s
   988   913  840.73039    6 3421 1562.80000  797.37368  49.0%  2200  263s
H  994   907                    1558.4000000  797.37368  48.8%  2227  263s
   997   923  846.23912    7 3385 1558.40000  797.37368  48.8%  2291  288s
H 1012   922                    1558.0000000  797.37368  48.8%  2290  288s
H 1013   932                    1554.2000000  797.37368  48.7%  2296  312s
H 1014   914                    1547.0000000  797.37368  48.5%  2321  312s
H 1029   893                    1536.8000000  797.37368  48.1%  2312  312s
  1032   925 infeasible    9      1536.80000  797.37368  48.1%  2330  322s
  1074   932  919.87256   10 3616 1536.80000  797.37368  48.1%  2316  328s
  1081   939  938.24616   11 3623 1536.80000  797.37368  48.1%  2354  336s
H 1088   900                    1519.2000000  797.37368  47.5%  2387  347s
H 1090   896                    1516.8000000  797.37368  47.4%  2397  347s
  1094   905  991.95381   13 3422 1516.80000  797.37368  47.4%  2422  354s
  1103   914 1012.32452   14 3401 1516.80000  797.37368  47.4%  2441  358s
  1112   921 1017.32975   15 3390 1516.80000  797.37368  47.4%  2453  362s
H 1115   918                    1516.4000000  797.37368  47.4%  2449  362s
H 1117   912                    1514.4000000  797.37368  47.3%  2457  362s
H 1121   906                    1510.0000000  797.37368  47.2%  2459  366s
H 1128   898                    1504.8000000  797.37368  47.0%  2468  366s
  1142   920 1058.74742   18 3292 1504.80000  797.37368  47.0%  2481  373s
H 1154   930                    1501.4000000  797.37368  46.9%  2483  377s
H 1155   930                    1498.8000000  797.37368  46.8%  2484  377s
  1171   956 1075.76639   20 3206 1498.80000  797.37368  46.8%  2477  382s
  1209   969 1080.37468   22 3150 1498.80000  797.37368  46.8%  2445  404s
  1240   976 infeasible   24      1498.80000  797.37368  46.8%  2441  415s
H 1241   974                    1498.4000000  797.37368  46.8%  2439  415s
H 1242   974                    1498.2000000  797.37368  46.8%  2441  415s
H 1249   974                    1497.8000000  797.37368  46.8%  2463  432s
  1250   975 1414.66950   63 1213 1497.80000  797.37368  46.8%  2461  445s
  1252   976 1346.83342   54 3837 1497.80000  797.37368  46.8%  2457  450s
  1255   981  797.37368   10 3305 1497.80000  797.37368  46.8%  2529  470s
  1257   985  797.37368   11 3476 1497.80000  797.37368  46.8%  2550  477s
  1261   989  797.37368   12 3171 1497.80000  797.37368  46.8%  2557  485s
  1267   993  812.55350   13 3140 1497.80000  797.37368  46.8%  2602  490s
  1279  1001  809.03816   14 3189 1497.80000  797.37368  46.8%  2623  495s
H 1282   951                    1497.4000000  797.37368  46.7%  2627  495s
  1285   956  805.24646   14 3162 1497.40000  797.37368  46.7%  2628  505s
  1291   963  811.62594   15 3160 1497.40000  797.37368  46.7%  2688  517s
  1300   970  815.43286   16 3192 1497.40000  797.37368  46.7%  2716  523s
  1310   977  815.63733   17 2883 1497.40000  797.37368  46.7%  2740  538s
  1320   988  815.69938   18 2874 1497.40000  797.37368  46.7%  2803  543s
  1334   992  831.14027   19 3014 1497.40000  797.37368  46.7%  2824  551s
  1343  1002  824.04449   20 2888 1497.40000  797.37368  46.7%  2856  556s
  1356  1010  824.22820   21 2887 1497.40000  797.37368  46.7%  2866  570s
  1368  1021  824.27909   22 2823 1497.40000  797.37368  46.7%  2936  586s
  1383  1037  824.23393   24 2860 1497.40000  797.37368  46.7%  2977  595s
  1404  1046  831.72506   25 2884 1497.40000  797.37368  46.7%  3004  605s
  1420  1060  833.18341   27 2827 1497.40000  797.37368  46.7%  3036  612s
  1440  1073  838.82366   29 2818 1497.40000  797.37368  46.7%  3046  632s
  1459  1082  840.16953   32 2772 1497.40000  797.37368  46.7%  3123  646s
  1475  1098  851.78602   35 2907 1497.40000  797.37368  46.7%  3204  652s
H 1481  1049                    1497.0000000  797.37368  46.7%  3197  652s
  1496  1065  853.38315   38 2732 1497.00000  797.37368  46.7%  3213  662s
  1517  1070  854.44243   41 2899 1497.00000  797.37368  46.7%  3259  673s
  1529  1084  858.42148   42 2899 1497.00000  797.37368  46.7%  3311  682s
H 1545  1035                    1492.8000000  797.37368  46.6%  3324  682s
  1547  1066  855.93011   46 2870 1492.80000  797.37368  46.6%  3352  687s
  1579  1089  856.43697   51 2804 1492.80000  797.37368  46.6%  3344  693s
  1613  1117  858.58310   55 2749 1492.80000  797.37368  46.6%  3326  704s
  1652  1144  867.52729   56 2746 1492.80000  797.37368  46.6%  3338  712s
H 1663  1098                    1490.4000000  797.37368  46.5%  3324  712s
  1692  1139  868.99210   62 2653 1490.40000  797.37368  46.5%  3321  719s
H 1742  1135                    1489.6000000  797.37368  46.5%  3287  731s
H 1759  1091                    1489.4000000  797.37368  46.5%  3264  731s
H 1775  1050                    1486.4000000  797.37368  46.4%  3249  731s
  1795  1089  870.26432   78 2488 1486.40000  797.37368  46.4%  3250  739s
H 1841  1058                    1482.6000000  797.37368  46.2%  3234  751s
H 1855  1021                    1478.4000000  797.37368  46.1%  3221  751s
  1859  1072  871.73601   89 2373 1478.40000  797.37368  46.1%  3249  758s
  1911  1068  878.84230   91 2311 1478.40000  797.37368  46.1%  3232  774s
H 1912  1036                    1478.0000000  797.37368  46.1%  3231  774s
H 1923  1003                    1476.6000000  797.37368  46.0%  3244  774s
  1924  1043  879.98005   92 2323 1476.60000  797.37368  46.0%  3246  785s
  1965  1059  887.96261   95 2303 1476.60000  797.37368  46.0%  3287  795s
  1994  1076  923.77729  100 2286 1476.60000  797.37368  46.0%  3329  806s
  2021  1117  942.64862  102 2272 1476.60000  797.37368  46.0%  3354  819s
  2071  1146  942.28347  113 2246 1476.60000  797.37368  46.0%  3367  829s
  2117  1187  951.90217  120 2226 1476.60000  797.37368  46.0%  3383  842s
  2173  1226  991.51324  131 2176 1476.60000  797.37368  46.0%  3394  853s
  2231  1254  976.06579  138 2107 1476.60000  797.37368  46.0%  3398  863s
  2278  1309 1007.04288  143 2064 1476.60000  797.37368  46.0%  3409  874s
  2349  1360 1026.23106  151 2065 1476.60000  797.37368  46.0%  3399  886s
  2423  1414 1095.87000  161 1934 1476.60000  797.37368  46.0%  3390  899s
  2502  1474 1144.60301  173 1854 1476.60000  797.37368  46.0%  3391  913s
  2588  1523 1182.89599  188 1787 1476.60000  797.37368  46.0%  3391  926s
  2666  1631 1257.17497  205 1516 1476.60000  797.37368  46.0%  3391  939s
  2800  1717 1334.43950  229 1332 1476.60000  797.37368  46.0%  3320  953s
  2931  1834 1401.92051  255 1310 1476.60000  797.37368  46.0%  3225  964s
  3103  1935     cutoff  279      1476.60000  797.37368  46.0%  3119  980s
  3236  2019  888.09585   18 3442 1476.60000  797.37368  46.0%  3071  993s
  3324  2080  954.12021   26 3068 1476.60000  797.37368  46.0%  3060 1000s

Explored 3385 nodes (10311749 simplex iterations) in 1000.02 seconds
Thread count was 12 (of 12 available processors)

Solution count 10: 1476.6 1478 1478.4 ... 1497

Time limit reached
Best objective 1.476600000000e+03, best bound 7.974000000000e+02, gap 45.9976%
