
Gurobi 9.1.1 (win64) logging started Mon Apr 18 03:20:09 2022

Changed value of parameter LogFile to ./Log/Direct_MIP_Sshape_solver_500_order_50_batch.log
   Prev:   Default: 
Gurobi Optimizer version 9.1.1 build v9.1.1rc0 (win64)
Thread count: 6 physical cores, 12 logical processors, using up to 12 threads
Optimize a model with 52950 rows, 77400 columns and 216400 nonzeros
Model fingerprint: 0x6caf529d
Variable types: 0 continuous, 77400 integer (77400 binary)
Coefficient statistics:
  Matrix range     [1e+00, 1e+01]
  Objective range  [4e-01, 2e+01]
  Bounds range     [1e+00, 1e+00]
  RHS range        [1e+00, 1e+01]
Found heuristic solution: objective 9103.0000000
Presolve removed 30950 rows and 30950 columns
Presolve time: 0.44s
Presolved: 22000 rows, 46450 columns, 180250 nonzeros
Variable types: 0 continuous, 46450 integer (46450 binary)

Deterministic concurrent LP optimizer: primal and dual simplex
Showing first log only...

Concurrent spin time: 0.00s

Solved with primal simplex

Root relaxation: objective 2.755680e+03, 18 iterations, 0.08 seconds

    Nodes    |    Current Node    |     Objective Bounds      |     Work
 Expl Unexpl |  Obj  Depth IntInf | Incumbent    BestBd   Gap | It/Node Time

     0     0 2755.68000    0 1623 9103.00000 2755.68000  69.7%     -    2s
H    0     0                    7782.6000000 2755.68000  64.6%     -    3s
H    0     0                    7498.6000000 2755.68000  63.3%     -    3s
     0     0 2755.68000    0 2575 7498.60000 2755.68000  63.3%     -    5s
H    0     0                    7022.6000000 2755.68000  60.8%     -    5s
H    0     0                    6974.6000000 2755.68000  60.5%     -    6s
     0     0 2755.68000    0 2273 6974.60000 2755.68000  60.5%     -    6s
H    0     0                    6485.4000000 2755.68000  57.5%     -    9s
H    0     0                    6466.6000000 2755.68000  57.4%     -    9s
     0     0 2755.68000    0 1651 6466.60000 2755.68000  57.4%     -   10s
     0     0 2755.68000    0 1508 6466.60000 2755.68000  57.4%     -   10s
H    0     0                    6430.0000000 2755.68000  57.1%     -   11s
H    0     0                    6367.6000000 2755.68000  56.7%     -   11s
H    0     0                    6012.2000000 2755.68000  54.2%     -   12s
H    0     0                    5994.4000000 2755.68000  54.0%     -   12s
     0     2 2764.96000    0 1573 5994.40000 2764.96000  53.9%     -   14s
     1     2 infeasible    1      5994.40000 2764.96000  53.9%  3817   15s
H   29    26                    5966.2000000 2778.35666  53.4%  1088   28s
H   30    26                    5948.6000000 2778.35666  53.3%  1053   28s
    35    30 2886.83405    9 1922 5948.60000 2778.35666  53.3%   973   30s
H   38    30                    5946.8000000 2778.35666  53.3%   991   30s
    83    62 2894.79568   17 1888 5946.80000 2778.35666  53.3%   601   35s
H   97    68                    5942.0000000 2778.35666  53.2%   537   36s
H  102    68                    5929.4000000 2778.35666  53.1%   527   36s
   126    87 2899.52889   23 1825 5929.40000 2778.35666  53.1%   500   40s
H  134    92                    5888.0000000 2778.35666  52.8%   487   41s
H  136    92                    5872.8000000 2778.35666  52.7%   483   41s
H  172   113                    5812.6000000 2778.35666  52.2%   427   45s
H  203   126                    5638.8000000 2778.35666  50.7%   408   52s
   223   140 2965.20713   38 1746 5638.80000 2778.35666  50.7%   397   55s
   235   150 2970.67944   40 1635 5638.80000 2778.35666  50.7%   391   68s
H  236   150                    5551.0000000 2778.35666  49.9%   389   68s
   247   156 2975.74782   42 1689 5551.00000 2778.35666  49.9%   389   70s
H  295   180                    5550.4000000 2778.35666  49.9%   358   76s
H  296   180                    5546.0000000 2778.35666  49.9%   357   76s
   325   201 3063.81250   55 1600 5546.00000 2778.35666  49.9%   338   80s
   344   212 3086.51836   58 1655 5546.00000 2778.35666  49.9%   328   91s
H  345   212                    5545.6000000 2778.35666  49.9%   327   91s
H  347   212                    5542.4000000 2778.35666  49.9%   326   91s
H  354   212                    5542.0000000 2778.35666  49.9%   329   91s
   376   234 3113.71550   64 1652 5542.00000 2778.35666  49.9%   329   96s
   393   249 3124.31500   67 1600 5542.00000 2778.35666  49.9%   324  103s
H  397   249                    5514.0000000 2778.35666  49.6%   322  103s
   414   273 3132.28389   72 1637 5514.00000 2778.35666  49.6%   324  105s
   464   326 3228.09427   83 1485 5514.00000 2778.35666  49.6%   307  111s
   493   337 3307.29430   90 1380 5514.00000 2778.35666  49.6%   298  116s
H  494   337                    5511.6000000 2778.35666  49.6%   297  116s
   539   378 3407.16022  100 1335 5511.60000 2778.35666  49.6%   282  142s
H  540   378                    5508.4000000 2778.35666  49.6%   282  142s
H  553   378                    5508.0000000 2778.35666  49.6%   278  142s
   557   409 3413.65889  101 1355 5508.00000 2778.35666  49.6%   276  145s
   634   482 3536.30956  123 1227 5508.00000 2778.35666  49.6%   263  152s
   679   533 3642.45556  137 1197 5508.00000 2778.35666  49.6%   254  155s
   783   623 3880.61907  169 1152 5508.00000 2778.35666  49.6%   237  163s
   832   679 4004.53167  186 1107 5508.00000 2778.35666  49.6%   232  167s
   892   735 4106.38722  208 1074 5508.00000 2778.35666  49.6%   226  171s
H  956   741                    5408.6000000 2778.35666  48.6%   218  187s
   962   799 4233.08556  232 1025 5408.60000 2778.35666  48.6%   217  196s
H  964   799                    5368.0000000 2778.35666  48.2%   217  196s
H 1026   859                    5159.0000000 2778.35666  46.1%   212  200s
H 1114   930                    5067.0000000 2778.35666  45.2%   199  204s
H 1168  1008                    5053.8000000 2778.35666  45.0%   194  209s
  1257  1009 3007.21136   59 1508 5053.80000 2778.35666  45.0%   183  219s
  1259  1010 3315.80537   92 38928 5053.80000 2778.35666  45.0%   183  687s
  1260  1011 3085.87271   32 38928 5053.80000 2778.35666  45.0%   183  787s
H 1260   960                    5046.6000000 2778.35666  44.9%   183 1000s

Explored 1260 nodes (659420 simplex iterations) in 1000.04 seconds
Thread count was 12 (of 12 available processors)

Solution count 10: 5046.6 5053.8 5067 ... 5514

Time limit reached
Best objective 5.046600000000e+03, best bound 2.778400000000e+03, gap 44.9451%
