
Gurobi 9.5.1 (win64) logging started Mon Apr 18 20:38:58 2022

Set parameter LogFile to value "./Log/Direct_MIP_Sshape_solver_480_order_24_batch.log"
Gurobi Optimizer version 9.5.1 build v9.5.1rc2 (win64)
Thread count: 6 physical cores, 12 logical processors, using up to 12 threads
Optimize a model with 20856 rows, 31872 columns and 95544 nonzeros
Model fingerprint: 0x2bd3985a
Variable types: 0 continuous, 31872 integer (31872 binary)
Coefficient statistics:
  Matrix range     [1e+00, 2e+01]
  Objective range  [4e-01, 2e+01]
  Bounds range     [1e+00, 1e+00]
  RHS range        [1e+00, 2e+01]
Found heuristic solution: objective 6129.8000000
Presolve removed 10800 rows and 10800 columns
Presolve time: 0.17s
Presolved: 10056 rows, 21072 columns, 82104 nonzeros
Variable types: 0 continuous, 21072 integer (21072 binary)

Root relaxation: objective 1.450880e+03, 47538 iterations, 1.58 seconds (2.02 work units)

    Nodes    |    Current Node    |     Objective Bounds      |     Work
 Expl Unexpl |  Obj  Depth IntInf | Incumbent    BestBd   Gap | It/Node Time

     0     0 1450.88000    0 1310 6129.80000 1450.88000  76.3%     -    2s
H    0     0                    5421.0000000 1450.88000  73.2%     -    2s
H    0     0                    5350.6000000 1450.88000  72.9%     -    2s
H    0     0                    5331.8000000 1450.88000  72.8%     -    2s
H    0     0                    4302.0000000 1450.88000  66.3%     -    3s
H    0     0                    4299.6000000 1450.88000  66.3%     -    3s
H    0     0                    4294.4000000 1450.88000  66.2%     -    3s
H    0     0                    4285.8000000 1450.88000  66.1%     -    3s
     0     0 1450.88000    0 2337 4285.80000 1450.88000  66.1%     -    3s
H    0     0                    4239.8000000 1450.88000  65.8%     -    4s
H    0     0                    4228.8000000 1451.52000  65.7%     -    4s
     0     0 1451.52000    0 2008 4228.80000 1451.52000  65.7%     -    4s
     0     0 1451.78466    0 1883 4228.80000 1451.78466  65.7%     -    4s
     0     0 1451.78466    0 1879 4228.80000 1451.78466  65.7%     -    4s
H    0     0                    4203.2000000 1455.62011  65.4%     -    6s
H    0     0                    4202.0000000 1455.62011  65.4%     -    6s
H    0     0                    4192.0000000 1455.62011  65.3%     -    6s
     0     0 1455.62011    0 1485 4192.00000 1455.62011  65.3%     -    6s
H    0     0                    4190.4000000 1456.39098  65.2%     -    6s
     0     0 1456.39098    0 1673 4190.40000 1456.39098  65.2%     -    6s
     0     0 1456.42049    0 1658 4190.40000 1456.42049  65.2%     -    6s
     0     0 1456.46333    0 1537 4190.40000 1456.46333  65.2%     -    6s
     0     0 1456.47857    0 1612 4190.40000 1456.47857  65.2%     -    6s
     0     0 1456.47961    0 1628 4190.40000 1456.47961  65.2%     -    6s
H    0     0                    4182.0000000 1456.96330  65.2%     -    7s
     0     0 1456.96330    0 2089 4182.00000 1456.96330  65.2%     -    7s
H    0     0                    4128.2000000 1456.96330  64.7%     -    7s
     0     0 1457.06055    0 2154 4128.20000 1457.06055  64.7%     -    7s
     0     0 1457.08683    0 1960 4128.20000 1457.08683  64.7%     -    7s
     0     0 1457.11284    0 1936 4128.20000 1457.11284  64.7%     -    7s
     0     0 1457.11430    0 1950 4128.20000 1457.11430  64.7%     -    8s
     0     0 1457.15241    0 2130 4128.20000 1457.15241  64.7%     -    8s
     0     0 1457.23468    0 2377 4128.20000 1457.23468  64.7%     -    8s
H    0     0                    3915.2000000 1457.27084  62.8%     -    9s
H    0     0                    3853.2000000 1457.27084  62.2%     -    9s
     0     0 1457.27084    0 1833 3853.20000 1457.27084  62.2%     -    9s
     0     0 1457.27600    0 2164 3853.20000 1457.27600  62.2%     -    9s
H    0     0                    3809.0000000 1457.27859  61.7%     -    9s
     0     0 1457.27859    0 2021 3809.00000 1457.27859  61.7%     -    9s
H    0     0                    3808.6000000 1457.27859  61.7%     -    9s
H    0     0                    3775.0000000 1457.29681  61.4%     -   10s
H    0     0                    3740.8000000 1457.29681  61.0%     -   10s
     0     0 1457.29681    0 2610 3740.80000 1457.29681  61.0%     -   10s
H    0     0                    3732.8000000 1457.33374  61.0%     -   10s
H    0     0                    3625.4000000 1457.33374  59.8%     -   10s
H    0     0                    3578.4000000 1457.33374  59.3%     -   10s
     0     0 1457.33374    0 2733 3578.40000 1457.33374  59.3%     -   10s
H    0     0                    3575.4000000 1457.35568  59.2%     -   11s
H    0     0                    3575.0000000 1457.35568  59.2%     -   11s
H    0     0                    3566.6000000 1457.35568  59.1%     -   11s
     0     0 1457.35568    0 2708 3566.60000 1457.35568  59.1%     -   11s
H    0     0                    3562.0000000 1457.36601  59.1%     -   11s
H    0     0                    3552.0000000 1457.36601  59.0%     -   11s
     0     0 1457.36601    0 2679 3552.00000 1457.36601  59.0%     -   11s
H    0     0                    3551.2000000 1457.36821  59.0%     -   11s
     0     0 1457.36821    0 2652 3551.20000 1457.36821  59.0%     -   11s
H    0     0                    3547.6000000 1457.36821  58.9%     -   12s
H    0     0                    3546.8000000 1457.37056  58.9%     -   13s
H    0     0                    3542.6000000 1457.37056  58.9%     -   13s
H    0     0                    3542.2000000 1457.37056  58.9%     -   13s
H    0     0                    3531.0000000 1457.37056  58.7%     -   13s
H    0     0                    3525.8000000 1457.37056  58.7%     -   13s
H    0     0                    3525.4000000 1457.37056  58.7%     -   13s
     0     0 1457.37056    0 2960 3525.40000 1457.37056  58.7%     -   13s
H    0     0                    3515.0000000 1457.40276  58.5%     -   13s
H    0     0                    3506.8000000 1457.40276  58.4%     -   13s
     0     0 1457.40276    0 2981 3506.80000 1457.40276  58.4%     -   13s
H    0     0                    3499.0000000 1457.41315  58.3%     -   14s
H    0     0                    3497.4000000 1457.41315  58.3%     -   14s
     0     0 1457.41315    0 3066 3497.40000 1457.41315  58.3%     -   14s
     0     0 1457.41612    0 2962 3497.40000 1457.41612  58.3%     -   14s
     0     0 1457.41612    0 3235 3497.40000 1457.41612  58.3%     -   16s
H    0     0                    3497.0000000 1457.43272  58.3%     -   17s
H    0     0                    3496.6000000 1457.43272  58.3%     -   17s
     0     0 1457.43272    0 3286 3496.60000 1457.43272  58.3%     -   17s
H    0     0                    3492.8000000 1457.44176  58.3%     -   19s
     0     0 1457.44176    0 3295 3492.80000 1457.44176  58.3%     -   19s
     0     0 1457.44213    0 3297 3492.80000 1457.44213  58.3%     -   19s
     0     0 1457.44213    0 3331 3492.80000 1457.44213  58.3%     -   21s
     0     0 1457.44213    0 2639 3492.80000 1457.44213  58.3%     -   23s
     0     2 1457.44213    0 2446 3492.80000 1457.44213  58.3%     -   25s
     8    10 1542.06620    4 1848 3492.80000 1466.32013  58.0%  5098   33s
    14    12 infeasible    5      3492.80000 1481.75905  57.6%  4374   43s
    20    18 1688.93140    6 2372 3492.80000 1481.89139  57.6%  8527   58s
    26    24 1701.57298    7 2170 3492.80000 1494.49639  57.2% 11548   68s
    32    31 1719.99844    8 2485 3492.80000 1494.49639  57.2% 12167   70s
    39    37 1722.29838    9 2196 3492.80000 1494.49639  57.2% 11030   89s
    45    42 1746.21578   10 2162 3492.80000 1494.49639  57.2% 12835   92s
    52    49 1746.21579   11 2178 3492.80000 1494.49639  57.2% 11625  103s
    61    54 1746.21579   13 2541 3492.80000 1494.49639  57.2% 10984  109s
    74    63 1746.21579   15 2610 3492.80000 1494.49639  57.2%  9542  111s
   100    76 1762.27305   17 2097 3492.80000 1494.49639  57.2%  7880  118s
   108    87 1766.41930   18 2053 3492.80000 1494.49639  57.2%  7862  120s
   157   126 1790.64851   24 2174 3492.80000 1494.49639  57.2%  6446  126s
   196   161 1796.58005   26 1904 3492.80000 1494.49639  57.2%  5601  131s
   246   213 1813.99657   32 1810 3492.80000 1494.49639  57.2%  4832  135s
H  263   213                    3492.6000000 1494.49639  57.2%  4585  135s
H  273   246                    3491.8000000 1494.49639  57.2%  4465  137s
H  289   246                    3488.4000000 1494.49639  57.2%  4235  137s
H  296   246                    3487.2000000 1494.49639  57.1%  4187  137s
   308   273 1852.46033   40 1537 3487.20000 1494.49639  57.1%  4078  140s
H  317   273                    3483.4000000 1494.49639  57.1%  3973  140s
H  340   273                    3482.4000000 1494.49639  57.1%  3811  140s
H  349   297                    3481.6000000 1494.49639  57.1%  3733  142s
H  357   297                    3477.2000000 1494.49639  57.0%  3661  142s
H  367   297                    3470.2000000 1494.49639  56.9%  3605  142s
   383   333 1949.41297   56 1623 3470.20000 1494.49639  56.9%  3522  145s
H  413   333                    3467.0000000 1494.49639  56.9%  3320  145s
H  433   366                    3466.8000000 1494.49639  56.9%  3229  147s
H  448   366                    3466.2000000 1494.49639  56.9%  3133  147s
H  456   366                    3457.4000000 1494.49639  56.8%  3088  147s
H  467   366                    3452.2000000 1494.49639  56.7%  3057  147s
   476   414 2121.73059   82 1288 3452.20000 1494.49639  56.7%  3012  150s
H  534   450                    3446.2000000 1494.49639  56.6%  2747  153s
H  547   450                    3433.4000000 1494.49639  56.5%  2690  153s
H  556   450                    3430.4000000 1494.49639  56.4%  2648  153s
   574   503 2347.03988  110 1200 3430.40000 1494.49639  56.4%  2598  156s
H  588   503                    3402.0000000 1494.49639  56.1%  2539  156s
   637   552 2448.88150  125 1187 3402.00000 1494.49639  56.1%  2405  160s
H  682   552                    3397.4000000 1494.49639  56.0%  2319  160s
H  701   558                    3385.6000000 1494.49639  55.9%  2264  185s
H  702   558                    3366.2000000 1494.49639  55.6%  2264  185s
H  704   558                    3351.2000000 1494.49639  55.4%  2293  185s
   707   612 2613.29334  148 1050 3351.20000 1494.49639  55.4%  2300  190s
H  740   612                    3350.8000000 1494.49639  55.4%  2279  190s
H  785   671                    3344.0000000 1494.49639  55.3%  2171  194s
   832   746 2925.95698  198  980 3344.00000 1494.49639  55.3%  2096  196s
   992   917 3193.15804  257  870 3344.00000 1494.49639  55.3%  1840  202s
H 1028   917                    3341.4000000 1494.49639  55.3%  1785  202s
H 1043   917                    3340.8000000 1494.49639  55.3%  1779  202s
  1080   978     cutoff  291      3340.80000 1505.74614  54.9%  1726  207s
  1162  1008 1516.48760    7 3204 3340.80000 1505.74614  54.9%  1796  283s
H 1180  1008                    3337.8000000 1505.74614  54.9%  1813  283s
  1219  1043 1517.59727    8 2836 3337.80000 1505.74614  54.9%  1766  287s
  1265  1044 1530.87314   18 2639 3337.80000 1505.74614  54.9%  1763  507s
  1267  1045 2968.70432  289 19871 3337.80000 1505.74614  54.9%  1760  622s
  1268  1046 2243.05481  110 19871 3337.80000 1505.74614  54.9%  1759  633s
H 1268   993                    3336.2000000 1505.74614  54.9%  1759  664s
  1270   997 1505.74614   12 18841 3336.20000 1505.74614  54.9%  2036  899s
  1272   998 1505.74614   13 17961 3336.20000 1505.74614  54.9%  2238 1000s

Explored 1273 nodes (2964867 simplex iterations) in 1000.03 seconds (2241.76 work units)
Thread count was 12 (of 12 available processors)

Solution count 10: 3336.2 3337.8 3340.8 ... 3397.4

Time limit reached
Best objective 3.336200000000e+03, best bound 1.505800000000e+03, gap 54.8648%

Gurobi 9.5.1 (win64) logging started Tue Apr 19 17:54:55 2022

Set parameter LogFile to value "./Log/Direct_MIP_Sshape_solver_480_order_24_batch.log"
Gurobi Optimizer version 9.5.1 build v9.5.1rc2 (win64)
Thread count: 6 physical cores, 12 logical processors, using up to 12 threads
Optimize a model with 23160 rows, 34176 columns and 103872 nonzeros
Model fingerprint: 0x7232e95c
Variable types: 0 continuous, 34176 integer (34176 binary)
Coefficient statistics:
  Matrix range     [1e+00, 2e+01]
  Objective range  [4e-01, 2e+01]
  Bounds range     [1e+00, 1e+00]
  RHS range        [1e+00, 2e+01]
Found heuristic solution: objective 6539.6000000
Presolve removed 12192 rows and 12192 columns
Presolve time: 0.20s
Presolved: 10968 rows, 21984 columns, 89112 nonzeros
Variable types: 0 continuous, 21984 integer (21984 binary)

Root relaxation: objective 1.532050e+03, 50042 iterations, 1.67 seconds (2.03 work units)

    Nodes    |    Current Node    |     Objective Bounds      |     Work
 Expl Unexpl |  Obj  Depth IntInf | Incumbent    BestBd   Gap | It/Node Time

     0     0 1532.05000    0 1509 6539.60000 1532.05000  76.6%     -    3s
H    0     0                    6007.0000000 1532.05000  74.5%     -    3s
H    0     0                    5926.4000000 1532.05000  74.1%     -    3s
H    0     0                    4768.6000000 1532.05000  67.9%     -    4s
H    0     0                    4768.4000000 1532.05000  67.9%     -    4s
H    0     0                    4625.6000000 1532.05000  66.9%     -    4s
     0     0 1532.05000    0 2538 4625.60000 1532.05000  66.9%     -    4s
H    0     0                    4560.2000000 1532.05000  66.4%     -    4s
H    0     0                    4469.2000000 1544.77316  65.4%     -    5s
H    0     0                    4455.6000000 1544.77316  65.3%     -    5s
     0     0 1544.77316    0 2009 4455.60000 1544.77316  65.3%     -    5s
H    0     0                    4294.8000000 1544.77316  64.0%     -    5s
     0     0 1544.77316    0 1944 4294.80000 1544.77316  64.0%     -    5s
H    0     0                    4246.0000000 1548.66682  63.5%     -    7s
     0     0 1548.66682    0 1554 4246.00000 1548.66682  63.5%     -    7s
H    0     0                    4238.0000000 1550.27788  63.4%     -    7s
     0     0 1550.27788    0 1730 4238.00000 1550.27788  63.4%     -    7s
     0     0 1550.53240    0 1602 4238.00000 1550.53240  63.4%     -    7s
     0     0 1550.53829    0 1579 4238.00000 1550.53829  63.4%     -    7s
     0     0 1550.53829    0 1578 4238.00000 1550.53829  63.4%     -    7s
     0     0 1551.80571    0 2095 4238.00000 1551.80571  63.4%     -    7s
H    0     0                    4183.0000000 1551.80571  62.9%     -    7s
     0     0 1551.83034    0 2094 4183.00000 1551.83034  62.9%     -    8s
     0     0 1551.84315    0 1986 4183.00000 1551.84315  62.9%     -    8s
     0     0 1551.84315    0 1936 4183.00000 1551.84315  62.9%     -    8s
     0     0 1552.28765    0 2098 4183.00000 1552.28765  62.9%     -    8s
     0     0 1552.31642    0 2160 4183.00000 1552.31642  62.9%     -    8s
     0     0 1552.32423    0 2112 4183.00000 1552.32423  62.9%     -    8s
     0     0 1552.46392    0 2320 4183.00000 1552.46392  62.9%     -   10s
H    0     0                    4144.0000000 1552.46392  62.5%     -   10s
     0     0 1552.48825    0 2250 4144.00000 1552.48825  62.5%     -   10s
     0     0 1552.48825    0 2121 4144.00000 1552.48825  62.5%     -   10s
     0     0 1552.49369    0 2277 4144.00000 1552.49369  62.5%     -   11s
     0     0 1552.49369    0 1564 4144.00000 1552.49369  62.5%     -   12s
H    0     0                    4050.8000000 1552.49369  61.7%     -   12s
H    0     0                    4028.8000000 1552.49369  61.5%     -   14s
     0     2 1552.49369    0 1458 4028.80000 1552.49369  61.5%     -   15s
    17    16 1744.30388    6 1873 4028.80000 1572.20269  61.0%  2205   21s
    23    20 1801.24170    7 2027 4028.80000 1572.20269  61.0%  3365   27s
H   29    26                    4017.4000000 1572.20269  60.9%  4670   37s
H   30    26                    4011.8000000 1572.20269  60.8%  4631   37s
    35    29 1806.73415    8 1995 4011.80000 1572.20269  60.8%  5377   40s
H   66    40                    4011.0000000 1572.20269  60.8%  4119   43s
H   70    40                    3998.6000000 1572.20269  60.7%  4099   43s
    71    46 1814.03658   12 1782 3998.60000 1572.20269  60.7%  4081   59s
    83    52 1825.09048   14 1837 3998.60000 1572.20269  60.7%  4808   60s
H  103    70                    3985.8000000 1572.20269  60.6%  4308   63s
H  105    70                    3984.0000000 1572.20269  60.5%  4298   63s
H  109    70                    3975.4000000 1572.20269  60.5%  4237   63s
   115    83 1818.39723   17 1842 3975.40000 1572.20269  60.5%  4110   65s
H  148   105                    3974.6000000 1572.20269  60.4%  3520   66s
H  148   105                    3973.2000000 1572.20269  60.4%  3520   66s
H  150   105                    3967.2000000 1572.20269  60.4%  3500   66s
H  152   105                    3965.4000000 1572.20269  60.4%  3471   66s
H  152   105                    3964.6000000 1572.20269  60.3%  3471   66s
H  158   105                    3964.2000000 1572.20269  60.3%  3381   66s
H  163   105                    3961.0000000 1572.20269  60.3%  3300   66s
H  193   136                    3952.6000000 1572.20269  60.2%  2946   68s
H  193   136                    3940.6000000 1572.20269  60.1%  2946   68s
H  244   163                    3927.4000000 1572.20269  60.0%  2508   71s
H  244   163                    3899.0000000 1572.20269  59.7%  2508   71s
H  291   186                    3890.2000000 1572.20269  59.6%  2226   80s
H  291   186                    3845.0000000 1572.20269  59.1%  2226   80s
H  293   186                    3823.4000000 1572.20269  58.9%  2219   80s
H  294   186                    3815.8000000 1572.20269  58.8%  2219   80s
H  300   192                    3788.4000000 1572.20269  58.5%  2190   86s
H  350   243                    3787.6000000 1572.20269  58.5%  1968   89s
H  360   243                    3775.8000000 1572.20269  58.4%  1942   89s
   367   281 1916.55079   42 1582 3775.80000 1572.20269  58.4%  1911   90s
H  418   287                    3775.0000000 1572.20269  58.4%  1755   93s
H  420   287                    3771.2000000 1572.20269  58.3%  1751   93s
   488   354 1946.99109   54 1505 3771.20000 1572.20269  58.3%  1565  105s
H  489   354                    3770.0000000 1572.20269  58.3%  1562  105s
H  490   354                    3769.8000000 1572.20269  58.3%  1561  105s
   744   641 2006.90286   79 1498 3769.80000 1572.20269  58.3%  1132  110s
H 1004   797                    3761.8000000 1572.20269  58.2%   935  122s
H 1006   797                    3747.2000000 1572.20269  58.0%   935  122s
  1232  1089 2166.51106  116 1484 3747.20000 1572.20269  58.0%   815  126s
  1344  1158 2353.82600  124 1378 3747.20000 1572.20269  58.0%   767  135s
H 1380  1154                    3708.8000000 1572.20269  57.6%   766  135s
H 1415  1153                    3700.0000000 1572.20269  57.5%   756  140s
  1416  1154 2567.80271  135 1564 3700.00000 1572.20269  57.5%   756  186s
  1418  1155 2185.54465  159 19280 3700.00000 1572.20269  57.5%   755  370s
  1419  1156 2140.48853  126 19389 3700.00000 1572.20269  57.5%   754  485s
  1420  1157 1988.85000   66 20393 3700.00000 1572.20269  57.5%   753  495s
  1421  1157 3252.16930  255 20421 3700.00000 1572.20269  57.5%   753  505s
  1422  1158 2382.61918   70 20341 3700.00000 1572.20269  57.5%   752  609s
  1423  1159 3362.87145  279 20369 3700.00000 1572.20269  57.5%   752  622s
H 1423  1100                    3698.6000000 1572.20269  57.5%   752  667s
  1425  1101 2193.56958  161 20383 3698.60000 1572.20269  57.5%   751  686s
  1426  1102 1818.50549   52 20367 3698.60000 1572.20269  57.5%   750  746s
  1427  1102 2478.94962  172 20367 3698.60000 1572.20269  57.5%   750  766s
H 1427  1047                    3698.2000000 1572.20269  57.5%   750  867s
  1429  1049 infeasible   14      3698.20000 1572.20269  57.5%  1043 1000s

Cutting planes:
  Cover: 3
  Clique: 2
  StrongCG: 1
  Flow cover: 1
  Zero half: 55
  RLT: 179

Explored 1430 nodes (1594689 simplex iterations) in 1000.04 seconds (1686.67 work units)
Thread count was 12 (of 12 available processors)

Solution count 10: 3698.2 3698.6 3700 ... 3775

Time limit reached
Best objective 3.698200000000e+03, best bound 1.572400000000e+03, gap 57.4820%

Gurobi 9.5.1 (win64) logging started Wed Apr 27 20:27:28 2022

Set parameter LogFile to value "./Log/Direct_MIP_Sshape_solver_480_order_24_batch.log"
Gurobi Optimizer version 9.5.1 build v9.5.1rc2 (win64)
Thread count: 6 physical cores, 12 logical processors, using up to 12 threads
Optimize a model with 27768 rows, 37632 columns and 168360 nonzeros
Model fingerprint: 0xa5d3bbf7
Model has 1128 quadratic constraints
Variable types: 0 continuous, 37632 integer (35328 binary)
Coefficient statistics:
  Matrix range     [1e+00, 5e+01]
  QMatrix range    [1e+00, 1e+00]
  QLMatrix range   [1e+00, 1e+00]
  Objective range  [4e-01, 4e+01]
  Bounds range     [1e+00, 1e+00]
  RHS range        [1e+00, 2e+01]
Presolve removed 9720 rows and 11880 columns
Presolve time: 0.33s
Presolved: 18048 rows, 25752 columns, 108000 nonzeros
Variable types: 0 continuous, 25752 integer (23520 binary)
Found heuristic solution: objective 9179.2000000

Deterministic concurrent LP optimizer: primal and dual simplex
Showing first log only...


Use crossover to convert LP symmetric solution to basic solution...
Concurrent spin time: 0.01s

Solved with primal simplex

Root relaxation: objective 1.073440e+03, 13807 iterations, 0.33 seconds (0.45 work units)
Total elapsed time = 9.20s
Total elapsed time = 10.24s

    Nodes    |    Current Node    |     Objective Bounds      |     Work
 Expl Unexpl |  Obj  Depth IntInf | Incumbent    BestBd   Gap | It/Node Time

     0     0 1073.44000    0 3163 9179.20000 1073.44000  88.3%     -   13s
H    0     0                    8819.6000000 1073.44000  87.8%     -   13s
H    0     0                    8553.2000000 1073.44000  87.4%     -   13s
H    0     0                    8450.8000000 1073.44000  87.3%     -   14s
     0     0 1073.44000    0 3833 8450.80000 1073.44000  87.3%     -   14s
H    0     0                    8285.6000000 1073.44000  87.0%     -   15s
H    0     0                    8228.8000000 2194.38175  73.3%     -   31s
H    0     0                    8207.2000000 2194.38175  73.3%     -   31s
H    0     0                    8206.0000000 2194.38175  73.3%     -   31s
H    0     0                    8204.4000000 2194.38175  73.3%     -   31s
H    0     0                    8202.8000000 2194.38175  73.2%     -   31s
H    0     0                    8202.0000000 2194.38175  73.2%     -   31s
H    0     0                    8073.6000000 2194.38175  72.8%     -   31s
H    0     0                    8038.4000000 2194.38175  72.7%     -   31s
     0     0 2194.38175    0 5377 8038.40000 2194.38175  72.7%     -   32s
H    0     0                    8020.8000000 2239.32841  72.1%     -   36s
H    0     0                    8001.6000000 2239.32841  72.0%     -   36s
H    0     0                    7981.6000000 2239.32841  71.9%     -   36s
H    0     0                    7980.4000000 2239.32841  71.9%     -   36s
H    0     0                    7980.0000000 2239.32841  71.9%     -   36s
H    0     0                    7978.4000000 2239.32841  71.9%     -   36s
H    0     0                    7977.2000000 2239.32841  71.9%     -   36s
     0     0 2239.32841    0 5248 7977.20000 2239.32841  71.9%     -   37s
H    0     0                    7970.4000000 2243.94674  71.8%     -   38s
H    0     0                    7969.2000000 2243.94674  71.8%     -   38s
H    0     0                    7954.4000000 2243.94674  71.8%     -   38s
H    0     0                    7952.4000000 2243.94674  71.8%     -   38s
     0     0 2243.94674    0 5185 7952.40000 2243.94674  71.8%     -   38s
     0     0 2244.05067    0 5134 7952.40000 2244.05067  71.8%     -   39s
H    0     0                    7936.4000000 2244.06037  71.7%     -   39s
     0     0 2244.06037    0 5074 7936.40000 2244.06037  71.7%     -   39s
H    0     0                    7934.0000000 2244.06037  71.7%     -   40s
H    0     0                    7929.6000000 2600.52543  67.2%     -   50s
H    0     0                    7928.8000000 2600.52543  67.2%     -   50s
H    0     0                    7928.4000000 2600.52543  67.2%     -   50s
H    0     0                    7928.0000000 2600.52543  67.2%     -   50s
H    0     0                    7925.2000000 2600.52543  67.2%     -   50s
H    0     0                    7867.2000000 2600.52543  66.9%     -   50s
H    0     0                    7863.2000000 2600.52543  66.9%     -   50s
H    0     0                    7860.8000000 2600.52543  66.9%     -   50s
H    0     0                    7860.4000000 2600.52543  66.9%     -   50s
H    0     0                    7857.6000000 2600.52543  66.9%     -   50s
H    0     0                    7841.6000000 2600.52543  66.8%     -   50s
H    0     0                    7841.2000000 2600.52543  66.8%     -   50s
H    0     0                    7768.0000000 2600.52543  66.5%     -   50s
H    0     0                    7764.0000000 2600.52543  66.5%     -   50s
H    0     0                    7748.8000000 2600.52543  66.4%     -   50s
H    0     0                    7746.4000000 2600.52543  66.4%     -   50s
H    0     0                    7733.6000000 2600.52543  66.4%     -   50s
     0     0 2600.52543    0 5440 7733.60000 2600.52543  66.4%     -   50s
H    0     0                    7727.2000000 3062.44561  60.4%     -   68s
H    0     0                    7721.2000000 3062.44561  60.3%     -   68s
H    0     0                    7716.0000000 3062.44561  60.3%     -   68s
H    0     0                    7709.2000001 3062.44561  60.3%     -   68s
H    0     0                    7706.4000000 3062.44561  60.3%     -   68s
H    0     0                    7692.4000000 3062.44561  60.2%     -   68s
H    0     0                    7692.0000000 3062.44561  60.2%     -   68s
H    0     0                    7686.0000000 3062.44561  60.2%     -   68s
H    0     0                    7684.8000000 3062.44561  60.1%     -   68s
H    0     0                    7674.4000000 3062.44561  60.1%     -   68s
H    0     0                    7640.0000000 3062.44561  59.9%     -   68s
H    0     0                    7639.6000000 3062.44561  59.9%     -   68s
H    0     0                    7622.8000000 3062.44561  59.8%     -   68s
H    0     0                    7604.4000000 3062.44561  59.7%     -   68s
     0     0 3062.44561    0 6177 7604.40000 3062.44561  59.7%     -   68s
H    0     0                    7556.4000000 3162.22985  58.2%     -   84s
H    0     0                    7555.6000000 3162.22985  58.1%     -   84s
H    0     0                    7537.6000000 3162.22985  58.0%     -   84s
H    0     0                    7537.2000000 3162.22985  58.0%     -   84s
H    0     0                    7502.0000000 3162.22985  57.8%     -   84s
H    0     0                    7501.2000000 3162.22985  57.8%     -   84s
H    0     0                    7500.8000000 3162.22985  57.8%     -   84s
H    0     0                    7494.4000000 3162.22985  57.8%     -   84s
H    0     0                    7480.8000000 3162.22985  57.7%     -   84s
H    0     0                    7479.6000000 3162.22985  57.7%     -   84s
H    0     0                    7478.8000000 3162.22985  57.7%     -   84s
     0     0 3162.22985    0 5990 7478.80000 3162.22985  57.7%     -   84s
H    0     0                    7478.4000000 3170.96121  57.6%     -  118s
H    0     0                    7464.4000000 3170.96121  57.5%     -  118s
H    0     0                    7444.8000000 3170.96121  57.4%     -  118s
H    0     0                    7428.0000000 3170.96121  57.3%     -  118s
H    0     0                    7427.2000000 3170.96121  57.3%     -  118s
H    0     0                    7416.4000000 3170.96121  57.2%     -  118s
H    0     0                    7378.4000000 3170.96121  57.0%     -  118s
H    0     0                    7376.0000000 3170.96121  57.0%     -  118s
H    0     0                    7343.6000000 3170.96121  56.8%     -  118s
H    0     0                    7343.2000000 3170.96121  56.8%     -  118s
H    0     0                    7340.0000000 3170.96121  56.8%     -  118s
H    0     0                    7337.6000000 3170.96121  56.8%     -  118s
H    0     0                    7337.2000000 3170.96121  56.8%     -  118s
H    0     0                    7336.4000000 3170.96121  56.8%     -  118s
H    0     0                    7336.0000000 3170.96121  56.8%     -  118s
H    0     0                    7335.2000000 3170.96121  56.8%     -  118s
H    0     0                    7333.2000000 3170.96121  56.8%     -  118s
H    0     0                    7331.2000000 3170.96121  56.7%     -  118s
H    0     0                    7330.4000000 3170.96121  56.7%     -  118s
H    0     0                    7324.4000000 3170.96121  56.7%     -  118s
     0     0 3170.96121    0 5957 7324.40000 3170.96121  56.7%     -  118s
H    0     0                    7324.0000000 3173.85880  56.7%     -  127s
H    0     0                    7322.8000000 3173.85880  56.7%     -  127s
H    0     0                    7314.0000000 3173.85880  56.6%     -  127s
     0     0 3173.85880    0 5681 7314.00000 3173.85880  56.6%     -  127s
     0     0 3175.06093    0 5674 7314.00000 3175.06093  56.6%     -  129s
H    0     0                    7313.2000000 3177.52015  56.6%     -  148s
H    0     0                    7297.6000000 3177.52015  56.5%     -  148s
H    0     0                    7296.8000000 3177.52015  56.5%     -  148s
     0     0 3177.52015    0 6009 7296.80000 3177.52015  56.5%     -  148s
     0     0 3178.22819    0 5806 7296.80000 3178.22819  56.4%     -  153s
H    0     0                    7296.4000000 3178.96780  56.4%     -  164s
H    0     0                    7294.4000000 3178.96780  56.4%     -  164s
     0     0 3178.96780    0 5687 7294.40000 3178.96780  56.4%     -  164s
     0     0 3178.96780    0 5702 7294.40000 3178.96780  56.4%     -  164s
     0     0 3301.57767    0 5959 7294.40000 3301.57767  54.7%     -  208s
     0     0 3382.64640    0 5955 7294.40000 3382.64640  53.6%     -  241s
     0     0 3392.60619    0 5562 7294.40000 3392.60619  53.5%     -  254s
     0     0 3398.69053    0 5426 7294.40000 3398.69053  53.4%     -  266s
     0     0 3402.44272    0 5474 7294.40000 3402.44272  53.4%     -  271s
     0     0 3404.45156    0 5558 7294.40000 3404.45156  53.3%     -  276s
     0     0 3405.31826    0 5591 7294.40000 3405.31826  53.3%     -  280s
     0     0 3408.34910    0 5800 7294.40000 3408.34910  53.3%     -  291s
H    0     0                    7240.4000000 3412.16876  52.9%     -  330s
     0     0 3412.16876    0 6145 7240.40000 3412.16876  52.9%     -  330s
H    0     0                    7192.0000000 3417.96575  52.5%     -  350s
     0     0 3417.96575    0 6126 7192.00000 3417.96575  52.5%     -  350s
H    0     0                    7174.4000000 3419.59228  52.3%     -  391s
H    0     0                    7155.6000000 3419.59228  52.2%     -  391s
H    0     0                    7153.6000000 3419.59228  52.2%     -  391s
H    0     0                    7153.2000000 3419.59228  52.2%     -  391s
H    0     0                    7134.0000000 3419.59228  52.1%     -  391s
H    0     0                    7132.8000000 3419.59228  52.1%     -  391s
H    0     0                    7132.0000000 3419.59228  52.1%     -  391s
H    0     0                    7131.2000000 3419.59228  52.0%     -  391s
H    0     0                    7127.6000000 3419.59228  52.0%     -  391s
H    0     0                    7126.8000000 3419.59228  52.0%     -  391s
H    0     0                    7126.0000000 3419.59228  52.0%     -  392s
H    0     0                    7124.8000000 3419.59228  52.0%     -  392s
H    0     0                    7123.2000000 3419.59228  52.0%     -  392s
H    0     0                    7122.4000000 3419.59228  52.0%     -  392s
H    0     0                    7120.8000000 3419.59228  52.0%     -  392s
H    0     0                    7120.4000000 3419.59228  52.0%     -  392s
H    0     0                    7118.8000000 3419.59228  52.0%     -  392s
H    0     0                    7118.4000000 3419.59228  52.0%     -  392s
H    0     0                    7114.8000000 3419.59228  51.9%     -  392s
H    0     0                    7114.4000000 3419.59228  51.9%     -  392s
H    0     0                    7113.2000000 3419.59228  51.9%     -  392s
H    0     0                    7112.8000000 3419.59228  51.9%     -  392s
H    0     0                    7108.8000000 3419.59228  51.9%     -  392s
H    0     0                    7108.0000000 3419.59228  51.9%     -  392s
H    0     0                    7104.4000000 3419.59228  51.9%     -  392s
H    0     0                    7102.8000000 3419.59228  51.9%     -  392s
H    0     0                    7102.4000000 3419.59228  51.9%     -  392s
H    0     0                    7099.6000000 3419.59228  51.8%     -  392s
H    0     0                    7095.2000000 3419.59228  51.8%     -  392s
H    0     0                    7094.4000000 3419.59228  51.8%     -  392s
H    0     0                    7093.6000000 3419.59228  51.8%     -  392s
H    0     0                    7092.0000000 3419.59228  51.8%     -  392s
H    0     0                    7091.2000000 3419.59228  51.8%     -  392s
H    0     0                    7090.0000000 3419.59228  51.8%     -  392s
H    0     0                    7089.2000000 3419.59228  51.8%     -  392s
H    0     0                    7088.0000000 3419.59228  51.8%     -  392s
H    0     0                    7085.2000000 3419.59228  51.7%     -  392s
H    0     0                    7084.8000000 3419.59228  51.7%     -  392s
H    0     0                    7083.6000000 3419.59228  51.7%     -  392s
H    0     0                    7082.4000000 3419.59228  51.7%     -  392s
H    0     0                    7081.2000000 3419.59228  51.7%     -  392s
     0     0 3419.59228    0 6131 7081.20000 3419.59228  51.7%     -  392s
H    0     0                    7079.6000000 3419.71081  51.7%     -  443s
H    0     0                    7075.6000000 3419.71081  51.7%     -  443s
H    0     0                    7074.4000000 3419.71081  51.7%     -  443s
H    0     0                    7074.0000000 3419.71081  51.7%     -  443s
H    0     0                    7073.6000000 3419.71081  51.7%     -  443s
H    0     0                    7073.2000000 3419.71081  51.7%     -  443s
H    0     0                    6895.6000000 3419.71081  50.4%     -  443s
     0     0 3419.71081    0 6188 6895.60000 3419.71081  50.4%     -  443s
     0     0 3422.31620    0 6241 6895.60000 3422.31620  50.4%     -  476s
     0     0 3422.31620    0 5714 6895.60000 3422.31620  50.4%     -  494s
     0     2 3422.31632    0 5535 6895.60000 3422.31632  50.4%     -  548s
     1     2 infeasible    1      6895.60000 3422.52133  50.4% 11799  571s
     3     2 3488.05750    2 6331 6895.60000 3433.14790  50.2% 69849  661s
     5     2 infeasible    3      6895.60000 3495.00893  49.3% 42686  810s
     7     4 3639.01276    4 6059 6895.60000 3610.71032  47.6% 80483  910s
     9     4 3810.96489    5 5724 6895.60000 3627.55393  47.4% 88011 1000s

Cutting planes:
  Learned: 32
  Gomory: 7
  Cover: 5772
  Implied bound: 2156
  Clique: 1600
  MIR: 1112
  StrongCG: 72
  Flow cover: 218
  Zero half: 1230
  Network: 166
  RLT: 422
  Relax-and-lift: 498
  BQP: 1
  PSD: 265

Explored 11 nodes (1491803 simplex iterations) in 1000.03 seconds (1708.02 work units)
Thread count was 12 (of 12 available processors)

Solution count 10: 6895.6 7073.2 7073.6 ... 7083.6

Time limit reached
Best objective 6.895600000000e+03, best bound 3.627600000000e+03, gap 47.3925%

Gurobi 9.5.1 (win64) logging started Wed May 25 13:03:50 2022

Set parameter LogFile to value "./Log/Direct_MIP_Sshape_solver_480_order_24_batch.log"
Gurobi Optimizer version 9.5.1 build v9.5.1rc2 (win64)
Thread count: 6 physical cores, 12 logical processors, using up to 12 threads
Optimize a model with 27768 rows, 37632 columns and 168696 nonzeros
Model fingerprint: 0xa1dc5ab6
Model has 1128 quadratic constraints
Variable types: 0 continuous, 37632 integer (35328 binary)
Coefficient statistics:
  Matrix range     [1e+00, 5e+01]
  QMatrix range    [1e+00, 1e+00]
  QLMatrix range   [1e+00, 1e+00]
  Objective range  [4e-01, 4e+01]
  Bounds range     [1e+00, 1e+00]
  RHS range        [1e+00, 2e+01]
Presolve removed 9912 rows and 12072 columns
Presolve time: 0.32s
Presolved: 17856 rows, 25560 columns, 107088 nonzeros
Variable types: 0 continuous, 25560 integer (23328 binary)
Found heuristic solution: objective 9253.2000000

Deterministic concurrent LP optimizer: primal and dual simplex
Showing first log only...


Use crossover to convert LP symmetric solution to basic solution...
Concurrent spin time: 0.00s

Solved with dual simplex

Root relaxation: objective 1.115200e+03, 13790 iterations, 0.27 seconds (0.34 work units)

    Nodes    |    Current Node    |     Objective Bounds      |     Work
 Expl Unexpl |  Obj  Depth IntInf | Incumbent    BestBd   Gap | It/Node Time

     0     0 1115.20000    0 5340 9253.20000 1115.20000  87.9%     -   12s
H    0     0                    9054.4000000 1115.20000  87.7%     -   12s
H    0     0                    8803.2000000 1115.20000  87.3%     -   20s
H    0     0                    8774.4000000 1115.20000  87.3%     -   20s
H    0     0                    8647.2000000 1115.20000  87.1%     -   20s
H    0     0                    8641.6000000 1115.20000  87.1%     -   20s
H    0     0                    8508.4000000 1115.20000  86.9%     -   20s
H    0     0                    8483.6000000 1115.20000  86.9%     -   20s
     0     0 1409.20000    0 4330 8483.60000 1409.20000  83.4%     -   21s
H    0     0                    8417.2000000 1409.20000  83.3%     -   22s
H    0     0                    8400.8000000 2093.70000  75.1%     -   24s
     0     0 2275.60000    0 4357 8400.80000 2275.60000  72.9%     -   24s
H    0     0                    8360.8000000 2275.60000  72.8%     -   26s
     0     0 2333.26289    0 4239 8360.80000 2333.26289  72.1%     -   26s
H    0     0                    8359.2000000 2566.75459  69.3%     -   45s
H    0     0                    8340.0000000 2566.75459  69.2%     -   45s
H    0     0                    8338.4000000 2566.75459  69.2%     -   45s
H    0     0                    8337.2000000 2566.75459  69.2%     -   45s
H    0     0                    8336.8000000 2566.75459  69.2%     -   45s
H    0     0                    8333.6000000 2566.75459  69.2%     -   45s
H    0     0                    8332.4000000 2566.75459  69.2%     -   45s
H    0     0                    8212.0000000 2566.75459  68.7%     -   45s
H    0     0                    8089.2000000 2566.75459  68.3%     -   45s
H    0     0                    8071.6000000 2566.75459  68.2%     -   45s
H    0     0                    8036.8000000 2566.75459  68.1%     -   45s
H    0     0                    8036.0000000 2566.75459  68.1%     -   45s
H    0     0                    8033.2000000 2566.75459  68.0%     -   45s
H    0     0                    8030.8000000 2566.75459  68.0%     -   45s
H    0     0                    8030.0000000 2566.75459  68.0%     -   45s
H    0     0                    8028.0000000 2566.75459  68.0%     -   45s
H    0     0                    8025.2000000 2566.75459  68.0%     -   45s
H    0     0                    7952.4000000 2566.75459  67.7%     -   45s
H    0     0                    7949.6000000 2566.75459  67.7%     -   45s
     0     0 2566.75459    0 4641 7949.60000 2566.75459  67.7%     -   46s
H    0     0                    7933.2000000 2763.09750  65.2%     -   71s
H    0     0                    7930.0000000 2763.09750  65.2%     -   71s
H    0     0                    7929.6000000 2763.09750  65.2%     -   71s
H    0     0                    7927.6000000 2763.09750  65.1%     -   71s
H    0     0                    7924.4000000 2763.09750  65.1%     -   71s
H    0     0                    7912.8000000 2763.09750  65.1%     -   71s
H    0     0                    7890.8000000 2763.09750  65.0%     -   71s
H    0     0                    7880.0000000 2763.09750  64.9%     -   71s
H    0     0                    7876.0000000 2763.09750  64.9%     -   71s
H    0     0                    7874.0000000 2763.09750  64.9%     -   71s
H    0     0                    7871.2000000 2763.09750  64.9%     -   71s
H    0     0                    7851.6000000 2763.09750  64.8%     -   71s
H    0     0                    7847.2000000 2763.09750  64.8%     -   71s
H    0     0                    7793.2000000 2763.09750  64.5%     -   71s
H    0     0                    7787.6000000 2763.09750  64.5%     -   71s
H    0     0                    7719.2000000 2763.09750  64.2%     -   71s
H    0     0                    7717.6000000 2763.09750  64.2%     -   71s
H    0     0                    7715.2000000 2763.09750  64.2%     -   71s
H    0     0                    7714.8000000 2763.09750  64.2%     -   71s
H    0     0                    7654.4000000 2763.09750  63.9%     -   71s
H    0     0                    7654.0000000 2763.09750  63.9%     -   71s
H    0     0                    7653.6000000 2763.09750  63.9%     -   71s
H    0     0                    7644.0000000 2763.09750  63.9%     -   71s
     0     0 2763.09750    0 5701 7644.00000 2763.09750  63.9%     -   72s
H    0     0                    7587.6000000 2851.04259  62.4%     -   89s
H    0     0                    7587.2000000 2851.04259  62.4%     -   89s
H    0     0                    7557.2000000 2851.04259  62.3%     -   89s
H    0     0                    7527.2000000 2851.04259  62.1%     -   89s
H    0     0                    7511.2000000 2851.04259  62.0%     -   89s
H    0     0                    7510.0000000 2851.04259  62.0%     -   89s
H    0     0                    7496.0000000 2851.04259  62.0%     -   89s
H    0     0                    7446.0000000 2851.04259  61.7%     -   89s
H    0     0                    7429.6000000 2851.04259  61.6%     -   89s
H    0     0                    7419.2000000 2851.04259  61.6%     -   89s
H    0     0                    7418.8000000 2851.04259  61.6%     -   89s
H    0     0                    7401.6000000 2851.04259  61.5%     -   89s
H    0     0                    7393.6000000 2851.04259  61.4%     -   89s
H    0     0                    7377.2000000 2851.04259  61.4%     -   89s
     0     0 2851.04259    0 5477 7377.20000 2851.04259  61.4%     -   90s
H    0     0                    7376.4000000 2881.14179  60.9%     -  100s
H    0     0                    7375.6000000 2881.14179  60.9%     -  100s
H    0     0                    7374.4000000 2881.14179  60.9%     -  100s
H    0     0                    7358.8000000 2881.14179  60.8%     -  100s
H    0     0                    7357.6000000 2881.14179  60.8%     -  100s
     0     0 2881.14179    0 5638 7357.60000 2881.14179  60.8%     -  101s
H    0     0                    7352.0000000 2885.08384  60.8%     -  106s
H    0     0                    7340.8000000 2885.08384  60.7%     -  106s
H    0     0                    7340.4000000 2885.08384  60.7%     -  106s
H    0     0                    7322.8000000 2885.08384  60.6%     -  106s
H    0     0                    7305.6000000 2885.08384  60.5%     -  106s
     0     0 2885.08384    0 5661 7305.60000 2885.08384  60.5%     -  106s
H    0     0                    7304.4000000 2887.43877  60.5%     -  107s
H    0     0                    7301.6000000 2887.43877  60.5%     -  107s
     0     0 2887.43877    0 5570 7301.60000 2887.43877  60.5%     -  108s
     0     0 2887.76606    0 5561 7301.60000 2887.76606  60.5%     -  108s
H    0     0                    7300.4000000 3041.42082  58.3%     -  144s
H    0     0                    7299.6000000 3041.42082  58.3%     -  144s
H    0     0                    7287.2000000 3041.42082  58.3%     -  144s
H    0     0                    7286.4000000 3041.42082  58.3%     -  144s
H    0     0                    7282.0000000 3041.42082  58.2%     -  144s
H    0     0                    7262.4000000 3041.42082  58.1%     -  144s
H    0     0                    7259.6000000 3041.42082  58.1%     -  144s
H    0     0                    7257.6000000 3041.42082  58.1%     -  144s
H    0     0                    7257.2000000 3041.42082  58.1%     -  144s
H    0     0                    7255.6000000 3041.42082  58.1%     -  144s
H    0     0                    7224.4000000 3041.42082  57.9%     -  144s
H    0     0                    7222.8000000 3041.42082  57.9%     -  144s
H    0     0                    7209.6000000 3041.42082  57.8%     -  144s
H    0     0                    7207.6000000 3041.42082  57.8%     -  144s
H    0     0                    7191.2000000 3041.42082  57.7%     -  144s
H    0     0                    7154.8000000 3041.42082  57.5%     -  144s
H    0     0                    7153.6000000 3041.42082  57.5%     -  144s
H    0     0                    7151.6000000 3041.42082  57.5%     -  144s
H    0     0                    7151.2000000 3041.42082  57.5%     -  144s
H    0     0                    7142.0000000 3041.42082  57.4%     -  144s
     0     0 3041.42082    0 5574 7142.00000 3041.42082  57.4%     -  145s
     0     0 3284.13464    0 6055 7142.00000 3284.13464  54.0%     -  192s
     0     0 3301.36064    0 6104 7142.00000 3301.36064  53.8%     -  232s
H    0     0                    7056.4000000 3304.22747  53.2%     -  262s
H    0     0                    7051.2000000 3304.22747  53.1%     -  262s
H    0     0                    7048.0000000 3304.22747  53.1%     -  262s
H    0     0                    7047.2000000 3304.22747  53.1%     -  262s
H    0     0                    7046.8000000 3304.22747  53.1%     -  262s
H    0     0                    7026.8000000 3304.22747  53.0%     -  262s
H    0     0                    7026.0000000 3304.22747  53.0%     -  262s
H    0     0                    7003.6000000 3304.22747  52.8%     -  262s
H    0     0                    7002.0000000 3304.22747  52.8%     -  262s
H    0     0                    6999.6000000 3304.22747  52.8%     -  262s
H    0     0                    6998.8000000 3304.22747  52.8%     -  262s
H    0     0                    6997.6000000 3304.22747  52.8%     -  262s
H    0     0                    6997.2000000 3304.22747  52.8%     -  262s
H    0     0                    6996.4000000 3304.22747  52.8%     -  262s
H    0     0                    6979.6000000 3304.22747  52.7%     -  262s
H    0     0                    6978.4000000 3304.22747  52.7%     -  262s
H    0     0                    6976.4000000 3304.22747  52.6%     -  262s
H    0     0                    6975.2000000 3304.22747  52.6%     -  262s
H    0     0                    6974.8000000 3304.22747  52.6%     -  262s
H    0     0                    6974.0000000 3304.22747  52.6%     -  262s
H    0     0                    6972.8000000 3304.22747  52.6%     -  262s
H    0     0                    6972.0000000 3304.22747  52.6%     -  262s
H    0     0                    6970.8000000 3304.22747  52.6%     -  262s
H    0     0                    6970.4000000 3304.22747  52.6%     -  262s
H    0     0                    6968.0000000 3304.22747  52.6%     -  262s
H    0     0                    6966.8000000 3304.22747  52.6%     -  262s
H    0     0                    6966.0000000 3304.22747  52.6%     -  262s
H    0     0                    6964.0000000 3304.22747  52.6%     -  262s
H    0     0                    6961.2000000 3304.22747  52.5%     -  262s
H    0     0                    6959.2000000 3304.22747  52.5%     -  262s
H    0     0                    6957.6000000 3304.22747  52.5%     -  262s
H    0     0                    6955.6000000 3304.22747  52.5%     -  262s
H    0     0                    6954.8000000 3304.22747  52.5%     -  262s
H    0     0                    6953.2000000 3304.22747  52.5%     -  262s
H    0     0                    6952.4000000 3304.22747  52.5%     -  262s
H    0     0                    6949.2000000 3304.22747  52.5%     -  262s
H    0     0                    6946.8000000 3304.22747  52.4%     -  262s
H    0     0                    6946.4000000 3304.22747  52.4%     -  262s
H    0     0                    6945.6000000 3304.22747  52.4%     -  262s
H    0     0                    6945.2000000 3304.22747  52.4%     -  262s
H    0     0                    6943.2000000 3304.22747  52.4%     -  262s
H    0     0                    6942.0000000 3304.22747  52.4%     -  262s
H    0     0                    6940.4000000 3304.22747  52.4%     -  262s
H    0     0                    6938.0000000 3304.22747  52.4%     -  262s
     0     0 3304.22747    0 6172 6938.00000 3304.22747  52.4%     -  262s
H    0     0                    6936.8000000 3307.65612  52.3%     -  309s
H    0     0                    6928.0000000 3307.65612  52.3%     -  309s
H    0     0                    6912.4000000 3307.65612  52.1%     -  309s
H    0     0                    6911.2000000 3307.65612  52.1%     -  309s
H    0     0                    6894.0000000 3307.65612  52.0%     -  309s
H    0     0                    6876.4000000 3307.65612  51.9%     -  309s
H    0     0                    6845.6000000 3307.65612  51.7%     -  309s
     0     0 3307.65612    0 6096 6845.60000 3307.65612  51.7%     -  310s
     0     0 3312.33138    0 6086 6845.60000 3312.33138  51.6%     -  326s
     0     0 3313.28803    0 6055 6845.60000 3313.28803  51.6%     -  340s
H    0     0                    6836.8000000 3324.53258  51.4%     -  393s
H    0     0                    6821.6000000 3324.53258  51.3%     -  393s
     0     0 3324.53258    0 6229 6821.60000 3324.53258  51.3%     -  393s
     0     0 3328.91241    0 6328 6821.60000 3328.91241  51.2%     -  432s
     0     0 3329.96498    0 5984 6821.60000 3329.96498  51.2%     -  461s
     0     0 3331.51793    0 6348 6821.60000 3331.51793  51.2%     -  482s
     0     0 3331.51793    0 6348 6821.60000 3331.51793  51.2%     -  490s
     0     2 3331.51793    0 6348 6821.60000 3331.51793  51.2%     -  544s
     1     2 infeasible    1      6821.60000 3331.94043  51.2% 19120  553s
     3     2 3611.11512    2 6105 6821.60000 3449.23280  49.4% 87177  715s
     5     2 infeasible    3      6821.60000 3611.11687  47.1% 56581  816s
     7     4 4027.33349    4 5697 6821.60000 3806.66705  44.2% 78255  991s
     9     2 infeasible    5      6821.60000 3856.01669  43.5% 88976 1000s

Cutting planes:
  Learned: 52
  Gomory: 12
  Cover: 6149
  Implied bound: 1741
  Clique: 1992
  MIR: 514
  StrongCG: 96
  Flow cover: 403
  Zero half: 1895
  Network: 143
  RLT: 621
  Relax-and-lift: 561
  PSD: 120

Explored 11 nodes (1489704 simplex iterations) in 1000.03 seconds (1860.46 work units)
Thread count was 12 (of 12 available processors)

Solution count 10: 6821.6 6836.8 6845.6 ... 6938

Time limit reached
Best objective 6.821600000000e+03, best bound 3.856400000000e+03, gap 43.4678%

Gurobi 9.5.1 (win64) logging started Wed May 25 13:20:31 2022

Set parameter LogFile to value "./Log/Direct_MIP_Sshape_solver_480_order_24_batch.log"
Gurobi Optimizer version 9.5.1 build v9.5.1rc2 (win64)
Thread count: 6 physical cores, 12 logical processors, using up to 12 threads
Optimize a model with 27768 rows, 37632 columns and 168552 nonzeros
Model fingerprint: 0xdcf18ae0
Model has 1128 quadratic constraints
Variable types: 0 continuous, 37632 integer (35328 binary)
Coefficient statistics:
  Matrix range     [1e+00, 5e+01]
  QMatrix range    [1e+00, 1e+00]
  QLMatrix range   [1e+00, 1e+00]
  Objective range  [4e-01, 4e+01]
  Bounds range     [1e+00, 1e+00]
  RHS range        [1e+00, 2e+01]
Presolve removed 11568 rows and 12600 columns
Presolve time: 0.55s
Presolved: 16200 rows, 25032 columns, 101400 nonzeros
Variable types: 0 continuous, 25032 integer (23040 binary)
Found heuristic solution: objective 9204.8000000

Deterministic concurrent LP optimizer: primal and dual simplex
Showing first log only...


Use crossover to convert LP symmetric solution to basic solution...
Concurrent spin time: 0.01s

Solved with primal simplex

Root relaxation: objective 1.066240e+03, 13292 iterations, 0.31 seconds (0.50 work units)
Total elapsed time = 7.74s

    Nodes    |    Current Node    |     Objective Bounds      |     Work
 Expl Unexpl |  Obj  Depth IntInf | Incumbent    BestBd   Gap | It/Node Time

     0     0 1066.24000    0 3618 9204.80000 1066.24000  88.4%     -   14s
H    0     0                    8874.4000000 1066.24000  88.0%     -   14s
H    0     0                    8425.2000000 1066.24000  87.3%     -   15s
H    0     0                    8342.4000000 1066.24000  87.2%     -   16s
H    0     0                    7736.4000000 1066.24000  86.2%     -   16s
     0     0 1066.24000    0 3615 7736.40000 1066.24000  86.2%     -   17s
H    0     0                    7725.2000000 1066.24000  86.2%     -   17s
H    0     0                    7722.8000000 1846.01536  76.1%     -   38s
H    0     0                    7721.2000000 1846.01536  76.1%     -   38s
H    0     0                    7704.8000000 1846.01536  76.0%     -   38s
H    0     0                    7703.6000000 1846.01536  76.0%     -   38s
H    0     0                    7699.2000000 1846.01536  76.0%     -   38s
H    0     0                    7698.8000000 1846.01536  76.0%     -   38s
H    0     0                    7697.6000000 1846.01536  76.0%     -   38s
H    0     0                    7656.4000000 1846.01536  75.9%     -   38s
H    0     0                    7656.0000000 1846.01536  75.9%     -   38s
H    0     0                    7655.6000000 1846.01536  75.9%     -   38s
H    0     0                    7644.0000000 1846.01536  75.9%     -   38s
H    0     0                    7628.4000000 1846.01536  75.8%     -   38s
H    0     0                    7611.2000000 1846.01536  75.7%     -   38s
H    0     0                    7610.8000000 1846.01536  75.7%     -   38s
H    0     0                    7608.8000000 1846.01536  75.7%     -   38s
H    0     0                    7608.4000000 1846.01536  75.7%     -   38s
H    0     0                    7607.6000000 1846.01536  75.7%     -   38s
H    0     0                    7596.8000000 1846.01536  75.7%     -   38s
H    0     0                    7595.6000000 1846.01536  75.7%     -   38s
H    0     0                    7569.6000000 1846.01536  75.6%     -   38s
H    0     0                    7566.8000000 1846.01536  75.6%     -   38s
H    0     0                    7564.0000000 1846.01536  75.6%     -   38s
H    0     0                    7560.8000000 1846.01536  75.6%     -   38s
H    0     0                    7522.4000000 1846.01536  75.5%     -   38s
H    0     0                    7521.2000000 1846.01536  75.5%     -   38s
H    0     0                    7518.4000000 1846.01536  75.4%     -   38s
H    0     0                    7516.8000000 1846.01536  75.4%     -   38s
     0     0 1846.01536    0 5257 7516.80000 1846.01536  75.4%     -   39s
H    0     0                    7516.4000000 1881.34862  75.0%     -   49s
H    0     0                    7512.8000000 1881.34862  75.0%     -   49s
H    0     0                    7512.0000000 1881.34862  75.0%     -   49s
H    0     0                    7509.2000000 1881.34862  74.9%     -   49s
H    0     0                    7493.6000000 1881.34862  74.9%     -   49s
H    0     0                    7484.0000000 1881.34862  74.9%     -   49s
H    0     0                    7476.4000000 1881.34862  74.8%     -   49s
H    0     0                    7457.2000000 1881.34862  74.8%     -   49s
H    0     0                    7451.6000000 1881.34862  74.8%     -   49s
H    0     0                    7446.0000000 1881.34862  74.7%     -   49s
H    0     0                    7427.2000000 1881.34862  74.7%     -   49s
H    0     0                    7423.2000000 1881.34862  74.7%     -   49s
H    0     0                    7421.6000000 1881.34862  74.7%     -   49s
H    0     0                    7419.2000000 1881.34862  74.6%     -   49s
H    0     0                    7418.0000000 1881.34862  74.6%     -   49s
H    0     0                    7370.0000000 1881.34862  74.5%     -   49s
H    0     0                    7365.2000000 1881.34862  74.5%     -   49s
H    0     0                    7360.0000000 1881.34862  74.4%     -   49s
H    0     0                    7348.4000000 1881.34862  74.4%     -   49s
     0     0 1881.34862    0 5194 7348.40000 1881.34862  74.4%     -   49s
H    0     0                    7331.6000000 1884.10033  74.3%     -   55s
H    0     0                    7330.8000000 1884.10033  74.3%     -   55s
H    0     0                    7330.4000000 1884.10033  74.3%     -   55s
H    0     0                    7317.2000000 1884.10033  74.3%     -   55s
H    0     0                    7303.6000000 1884.10033  74.2%     -   55s
     0     0 1884.10033    0 5012 7303.60000 1884.10033  74.2%     -   55s
     0     0 1884.76530    0 5048 7303.60000 1884.76530  74.2%     -   56s
H    0     0                    7302.0000000 1884.77212  74.2%     -   56s
     0     0 1884.77212    0 5035 7302.00000 1884.77212  74.2%     -   57s
     0     0 1884.77303    0 4987 7302.00000 1884.77303  74.2%     -   57s
H    0     0                    7301.2000000 1884.77303  74.2%     -   58s
H    0     0                    7286.0000000 2171.47471  70.2%     -   79s
H    0     0                    7285.6000000 2171.47471  70.2%     -   79s
H    0     0                    7284.8000000 2171.47471  70.2%     -   79s
H    0     0                    7282.8000000 2171.47471  70.2%     -   79s
H    0     0                    7282.0000000 2171.47471  70.2%     -   79s
H    0     0                    7277.6000000 2171.47471  70.2%     -   79s
H    0     0                    7265.6000000 2171.47471  70.1%     -   79s
H    0     0                    7252.4000000 2171.47471  70.1%     -   79s
H    0     0                    7250.4000000 2171.47471  70.1%     -   79s
H    0     0                    7236.0000000 2171.47471  70.0%     -   79s
H    0     0                    7234.8000000 2171.47471  70.0%     -   79s
H    0     0                    7232.8000000 2171.47471  70.0%     -   79s
H    0     0                    7216.0000000 2171.47471  69.9%     -   79s
H    0     0                    7215.2000000 2171.47471  69.9%     -   79s
H    0     0                    7214.8000000 2171.47471  69.9%     -   79s
H    0     0                    7214.0000000 2171.47471  69.9%     -   79s
H    0     0                    7213.6000000 2171.47471  69.9%     -   79s
H    0     0                    7213.2000000 2171.47471  69.9%     -   79s
H    0     0                    7212.8000000 2171.47471  69.9%     -   79s
H    0     0                    7212.0000000 2171.47471  69.9%     -   79s
     0     0 2171.47471    0 4934 7212.00000 2171.47471  69.9%     -   79s
H    0     0                    7210.0000000 2686.90055  62.7%     -  205s
H    0     0                    7180.4000000 2686.90055  62.6%     -  205s
H    0     0                    7178.8000000 2686.90055  62.6%     -  205s
H    0     0                    7178.0000000 2686.90055  62.6%     -  205s
H    0     0                    7176.4000000 2686.90055  62.6%     -  205s
H    0     0                    7176.0000000 2686.90055  62.6%     -  205s
H    0     0                    7157.2000000 2686.90055  62.5%     -  205s
H    0     0                    7156.8000000 2686.90055  62.5%     -  205s
H    0     0                    7140.4000000 2686.90055  62.4%     -  205s
H    0     0                    7135.2000000 2686.90055  62.3%     -  205s
H    0     0                    7133.2000000 2686.90055  62.3%     -  205s
H    0     0                    7122.0000000 2686.90055  62.3%     -  205s
H    0     0                    7110.8000000 2686.90055  62.2%     -  205s
H    0     0                    7104.0000000 2686.90055  62.2%     -  205s
H    0     0                    7102.4000000 2686.90055  62.2%     -  205s
H    0     0                    7101.2000000 2686.90055  62.2%     -  205s
H    0     0                    7100.8000000 2686.90055  62.2%     -  205s
H    0     0                    7100.4000000 2686.90055  62.2%     -  205s
H    0     0                    7099.6000000 2686.90055  62.2%     -  205s
H    0     0                    7092.8000000 2686.90055  62.1%     -  205s
H    0     0                    7088.4000000 2686.90055  62.1%     -  205s
     0     0 2686.90055    0 6191 7088.40000 2686.90055  62.1%     -  206s
     0     0 2819.17075    0 6029 7088.40000 2819.17075  60.2%     -  245s
     0     0 2843.73162    0 5958 7088.40000 2843.73162  59.9%     -  273s
     0     0 2846.56316    0 5989 7088.40000 2846.56316  59.8%     -  314s
     0     0 2847.78690    0 5944 7088.40000 2847.78690  59.8%     -  329s
     0     0 2848.13347    0 5963 7088.40000 2848.13347  59.8%     -  349s
     0     0 2907.51358    0 5953 7088.40000 2907.51358  59.0%     -  382s
     0     0 2958.71318    0 5828 7088.40000 2958.71318  58.3%     -  407s
     0     0 2993.58526    0 5834 7088.40000 2993.58526  57.8%     -  431s
     0     0 2999.73834    0 5730 7088.40000 2999.73834  57.7%     -  447s
     0     0 3001.20740    0 5731 7088.40000 3001.20740  57.7%     -  457s
     0     0 3001.97698    0 5697 7088.40000 3001.97698  57.6%     -  463s
     0     0 3025.27868    0 5898 7088.40000 3025.27868  57.3%     -  505s
H    0     0                    6828.4000000 3161.50548  53.7%     -  592s
H    0     0                    6824.4000000 3161.50548  53.7%     -  592s
H    0     0                    6823.6000000 3161.50548  53.7%     -  592s
H    0     0                    6818.8000000 3161.50548  53.6%     -  592s
H    0     0                    6815.2000000 3161.50548  53.6%     -  592s
H    0     0                    6808.0000000 3161.50548  53.6%     -  592s
H    0     0                    6804.8000000 3161.50548  53.5%     -  592s
H    0     0                    6804.4000000 3161.50548  53.5%     -  592s
H    0     0                    6800.8000000 3161.50548  53.5%     -  592s
H    0     0                    6800.0000000 3161.50548  53.5%     -  592s
H    0     0                    6799.6000000 3161.50548  53.5%     -  592s
H    0     0                    6799.2000000 3161.50548  53.5%     -  592s
H    0     0                    6798.8000000 3161.50548  53.5%     -  592s
H    0     0                    6797.2000000 3161.50548  53.5%     -  592s
H    0     0                    6796.4000000 3161.50548  53.5%     -  592s
H    0     0                    6795.6000000 3161.50548  53.5%     -  592s
H    0     0                    6795.2000000 3161.50548  53.5%     -  592s
H    0     0                    6794.8000000 3161.50548  53.5%     -  592s
H    0     0                    6794.4000000 3161.50548  53.5%     -  592s
H    0     0                    6793.6000000 3161.50548  53.5%     -  592s
H    0     0                    6793.2000000 3161.50548  53.5%     -  592s
H    0     0                    6792.8000000 3161.50548  53.5%     -  592s
H    0     0                    6792.0000000 3161.50548  53.5%     -  592s
H    0     0                    6790.4000000 3161.50548  53.4%     -  592s
H    0     0                    6789.6000000 3161.50548  53.4%     -  592s
H    0     0                    6789.2000000 3161.50548  53.4%     -  592s
H    0     0                    6787.2000000 3161.50548  53.4%     -  592s
H    0     0                    6785.6000000 3161.50548  53.4%     -  592s
H    0     0                    6785.2000000 3161.50548  53.4%     -  592s
H    0     0                    6784.4000000 3161.50548  53.4%     -  592s
H    0     0                    6784.0000000 3161.50548  53.4%     -  592s
H    0     0                    6783.2000000 3161.50548  53.4%     -  592s
H    0     0                    6782.8000000 3161.50548  53.4%     -  592s
H    0     0                    6782.0000000 3161.50548  53.4%     -  592s
H    0     0                    6781.2000000 3161.50548  53.4%     -  592s
H    0     0                    6779.6000000 3161.50548  53.4%     -  592s
H    0     0                    6778.4000000 3161.50548  53.4%     -  592s
H    0     0                    6778.0000000 3161.50548  53.4%     -  592s
H    0     0                    6776.4000000 3161.50548  53.3%     -  592s
H    0     0                    6776.0000000 3161.50548  53.3%     -  592s
H    0     0                    6774.8000000 3161.50548  53.3%     -  592s
H    0     0                    6774.0000000 3161.50548  53.3%     -  592s
H    0     0                    6773.2000000 3161.50548  53.3%     -  592s
H    0     0                    6772.0000000 3161.50548  53.3%     -  592s
H    0     0                    6770.4000000 3161.50548  53.3%     -  592s
H    0     0                    6770.0000000 3161.50548  53.3%     -  592s
H    0     0                    6769.2000000 3161.50548  53.3%     -  592s
H    0     0                    6768.8000000 3161.50548  53.3%     -  592s
H    0     0                    6768.4000000 3161.50548  53.3%     -  592s
H    0     0                    6768.0000000 3161.50548  53.3%     -  592s
H    0     0                    6767.6000000 3161.50548  53.3%     -  592s
H    0     0                    6766.8000000 3161.50548  53.3%     -  592s
H    0     0                    6766.4000000 3161.50548  53.3%     -  592s
H    0     0                    6750.0000000 3161.50548  53.2%     -  592s
H    0     0                    6748.8000000 3161.50548  53.2%     -  592s
     0     0 3161.50548    0 6099 6748.80000 3161.50548  53.2%     -  593s
     0     0 3617.18425    0 5937 6748.80000 3617.18425  46.4%     -  693s
     0     0 3698.08687    0 5907 6748.80000 3698.08687  45.2%     -  764s
     0     0 3716.95641    0 5698 6748.80000 3716.95641  44.9%     -  833s
     0     0 3722.70518    0 5739 6748.80000 3722.70518  44.8%     -  877s
     0     0 3723.27698    0 5785 6748.80000 3723.27698  44.8%     -  890s
     0     0 3799.26469    0 6020 6748.80000 3799.26469  43.7%     -  983s
     0     0          -    0      6748.80000 3799.26469  43.7%     - 1000s

Cutting planes:
  Learned: 39
  Gomory: 101
  Cover: 3850
  Implied bound: 385
  Clique: 831
  MIR: 1377
  StrongCG: 23
  Flow cover: 210
  Zero half: 1380
  Network: 32
  RLT: 340
  Relax-and-lift: 894
  PSD: 53

Explored 1 nodes (1158812 simplex iterations) in 1000.36 seconds (789.86 work units)
Thread count was 12 (of 12 available processors)

Solution count 10: 6748.8 6750 6766.4 ... 6770

Time limit reached
Best objective 6.748800000000e+03, best bound 3.799600000000e+03, gap 43.6996%

Gurobi 9.5.1 (win64) logging started Wed May 25 13:37:13 2022

Set parameter LogFile to value "./Log/Direct_MIP_Sshape_solver_480_order_24_batch.log"
Gurobi Optimizer version 9.5.1 build v9.5.1rc2 (win64)
Thread count: 6 physical cores, 12 logical processors, using up to 12 threads
Optimize a model with 27768 rows, 37632 columns and 168792 nonzeros
Model fingerprint: 0x0c50f20c
Model has 1128 quadratic constraints
Variable types: 0 continuous, 37632 integer (35328 binary)
Coefficient statistics:
  Matrix range     [1e+00, 5e+01]
  QMatrix range    [1e+00, 1e+00]
  QLMatrix range   [1e+00, 1e+00]
  Objective range  [4e-01, 4e+01]
  Bounds range     [1e+00, 1e+00]
  RHS range        [1e+00, 2e+01]
Presolve removed 9984 rows and 12144 columns
Presolve time: 0.32s
Presolved: 17784 rows, 25488 columns, 106776 nonzeros
Variable types: 0 continuous, 25488 integer (23256 binary)
Found heuristic solution: objective 9182.8000000

Deterministic concurrent LP optimizer: primal and dual simplex
Showing first log only...


Use crossover to convert LP symmetric solution to basic solution...
Concurrent spin time: 0.02s

Solved with primal simplex

Root relaxation: objective 1.039840e+03, 13802 iterations, 0.43 seconds (0.75 work units)
Total elapsed time = 8.13s
Total elapsed time = 10.80s

    Nodes    |    Current Node    |     Objective Bounds      |     Work
 Expl Unexpl |  Obj  Depth IntInf | Incumbent    BestBd   Gap | It/Node Time

     0     0 1039.84000    0 3363 9182.80000 1039.84000  88.7%     -   16s
H    0     0                    8838.4000000 1039.84000  88.2%     -   16s
H    0     0                    8390.8000000 1039.84000  87.6%     -   17s
H    0     0                    8236.8000000 1057.84000  87.2%     -   18s
H    0     0                    7286.0000000 1057.84000  85.5%     -   18s
     0     0 1057.84000    0 3567 7286.00000 1057.84000  85.5%     -   19s
H    0     0                    7253.2000000 1956.64000  73.0%     -   33s
H    0     0                    7252.0000000 1956.64000  73.0%     -   33s
H    0     0                    7249.2000000 1956.64000  73.0%     -   33s
H    0     0                    7248.8000000 1956.64000  73.0%     -   33s
H    0     0                    7247.2000000 1956.64000  73.0%     -   33s
H    0     0                    7234.4000000 1956.64000  73.0%     -   33s
H    0     0                    7215.2000000 1956.64000  72.9%     -   33s
H    0     0                    7214.4000000 1956.64000  72.9%     -   33s
H    0     0                    7211.2000000 1956.64000  72.9%     -   33s
H    0     0                    7210.8000000 1956.64000  72.9%     -   33s
H    0     0                    7209.6000000 1956.64000  72.9%     -   33s
     0     0 1956.64000    0 5242 7209.60000 1956.64000  72.9%     -   34s
H    0     0                    7208.4000000 1964.57527  72.7%     -   78s
H    0     0                    7207.6000000 1964.57527  72.7%     -   78s
H    0     0                    7206.4000000 1964.57527  72.7%     -   78s
H    0     0                    7204.4000000 1964.57527  72.7%     -   78s
H    0     0                    7189.6000000 1964.57527  72.7%     -   78s
H    0     0                    7188.0000000 1964.57527  72.7%     -   78s
H    0     0                    7170.8000000 1964.57527  72.6%     -   78s
H    0     0                    7169.2000000 1964.57527  72.6%     -   78s
H    0     0                    7168.4000000 1964.57527  72.6%     -   78s
H    0     0                    7166.4000000 1964.57527  72.6%     -   78s
H    0     0                    7124.4000000 1964.57527  72.4%     -   78s
H    0     0                    7121.6000000 1964.57527  72.4%     -   78s
H    0     0                    7112.4000000 1964.57527  72.4%     -   78s
H    0     0                    7111.2000000 1964.57527  72.4%     -   78s
H    0     0                    7101.2000000 1964.57527  72.3%     -   78s
H    0     0                    7096.8000000 1964.57527  72.3%     -   78s
H    0     0                    7092.8000000 1964.57527  72.3%     -   78s
H    0     0                    7077.9999923 1964.57527  72.2%     -   78s
H    0     0                    7072.8000000 1964.57527  72.2%     -   78s
H    0     0                    7068.8000000 1964.57527  72.2%     -   78s
H    0     0                    7068.4000000 1964.57527  72.2%     -   78s
H    0     0                    7066.4000000 1964.57527  72.2%     -   78s
H    0     0                    7065.6000000 1964.57527  72.2%     -   78s
H    0     0                    7064.8000000 1964.57527  72.2%     -   78s
H    0     0                    7064.0000000 1964.57527  72.2%     -   78s
H    0     0                    7061.6000000 1964.57527  72.2%     -   78s
H    0     0                    7060.8000000 1964.57527  72.2%     -   78s
H    0     0                    7058.4000000 1964.57527  72.2%     -   78s
H    0     0                    7042.0000000 1964.57527  72.1%     -   78s
H    0     0                    7039.6000000 1964.57527  72.1%     -   78s
H    0     0                    7031.6000000 1964.57527  72.1%     -   78s
H    0     0                    7026.8000000 1964.57527  72.0%     -   78s
H    0     0                    7024.4000000 1964.57527  72.0%     -   78s
H    0     0                    7014.8000000 1964.57527  72.0%     -   78s
H    0     0                    6981.2000000 1964.57527  71.9%     -   78s
H    0     0                    6980.0000000 1964.57527  71.9%     -   78s
H    0     0                    6979.6000000 1964.57527  71.9%     -   78s
H    0     0                    6978.4000000 1964.57527  71.8%     -   78s
H    0     0                    6954.4000000 1964.57527  71.8%     -   78s
H    0     0                    6946.4000000 1964.57527  71.7%     -   78s
H    0     0                    6922.4000000 1964.57527  71.6%     -   78s
     0     0 1964.57527    0 5523 6922.40000 1964.57527  71.6%     -   78s
H    0     0                    6921.2000000 1968.11477  71.6%     -   83s
     0     0 1968.11477    0 5358 6921.20000 1968.11477  71.6%     -   83s
H    0     0                    6906.0000000 1970.58608  71.5%     -   87s
     0     0 1970.58608    0 5388 6906.00000 1970.58608  71.5%     -   87s
     0     0 1970.59086    0 5262 6906.00000 1970.59086  71.5%     -   87s
     0     0 1970.59086    0 5225 6906.00000 1970.59086  71.5%     -   88s
H    0     0                    6902.8000000 2116.83996  69.3%     -  122s
H    0     0                    6899.2000000 2116.83996  69.3%     -  122s
H    0     0                    6898.0000000 2116.83996  69.3%     -  122s
H    0     0                    6896.8000000 2116.83996  69.3%     -  122s
     0     0 2116.83996    0 5920 6896.80000 2116.83996  69.3%     -  122s
     0     0 2423.01046    0 6248 6896.80000 2423.01046  64.9%     -  153s
H    0     0                    6895.2000000 2465.00760  64.3%     -  194s
     0     0 2465.00760    0 6276 6895.20000 2465.00760  64.3%     -  194s
     0     0 2470.55422    0 6314 6895.20000 2470.55422  64.2%     -  226s
     0     0 2471.39680    0 6257 6895.20000 2471.39680  64.2%     -  237s
H    0     0                    6881.6000000 2471.68962  64.1%     -  244s
H    0     0                    6881.2000000 2471.68962  64.1%     -  244s
H    0     0                    6873.6000000 2471.68962  64.0%     -  244s
H    0     0                    6872.8000000 2471.68962  64.0%     -  244s
H    0     0                    6872.4000000 2471.68962  64.0%     -  244s
     0     0 2471.68962    0 6213 6872.40000 2471.68962  64.0%     -  244s
H    0     0                    6871.6000000 2539.68171  63.0%     -  298s
     0     0 2539.68171    0 6244 6871.60000 2539.68171  63.0%     -  298s
H    0     0                    6869.6000000 2634.22405  61.7%     -  371s
H    0     0                    6856.4000000 2634.22405  61.6%     -  371s
     0     0 2634.22405    0 6428 6856.40000 2634.22405  61.6%     -  371s
     0     0 2680.26629    0 6359 6856.40000 2680.26629  60.9%     -  428s
     0     0 2698.24349    0 6468 6856.40000 2698.24349  60.6%     -  474s
     0     0 2705.39924    0 6215 6856.40000 2705.39924  60.5%     -  490s
     0     0 2706.96413    0 6412 6856.40000 2706.96413  60.5%     -  511s
H    0     0                    6854.4000000 2707.58609  60.5%     -  542s
H    0     0                    6841.6000000 2707.58609  60.4%     -  542s
H    0     0                    6838.0000000 2707.58609  60.4%     -  542s
H    0     0                    6823.6000000 2707.58609  60.3%     -  542s
H    0     0                    6822.4000000 2707.58609  60.3%     -  542s
H    0     0                    6821.6000000 2707.58609  60.3%     -  542s
H    0     0                    6820.8000000 2707.58609  60.3%     -  542s
     0     0 2707.58609    0 6394 6820.80000 2707.58609  60.3%     -  543s
H    0     0                    6810.8000000 2724.04306  60.0%     -  614s
     0     0 2724.04306    0 6411 6810.80000 2724.04306  60.0%     -  615s
H    0     0                    6805.6000000 2732.49243  59.8%     -  706s
     0     0 2732.49243    0 6488 6805.60000 2732.49243  59.8%     -  707s
     0     0 2742.64321    0 6643 6805.60000 2742.64321  59.7%     -  771s
     0     0 2744.90603    0 6459 6805.60000 2744.90603  59.7%     -  811s
     0     0 2745.78150    0 6584 6805.60000 2745.78150  59.7%     -  866s
H    0     0                    6805.2000000 2748.86445  59.6%     -  972s
H    0     0                    6801.6000000 2748.86445  59.6%     -  972s
H    0     0                    6801.2000000 2748.86445  59.6%     -  972s
     0     0 2748.86445    0 6622 6801.20000 2748.86445  59.6%     -  972s
     0     0          -    0      6801.20000 2748.86445  59.6%     - 1000s

Cutting planes:
  Learned: 28
  Gomory: 107
  Cover: 3650
  Implied bound: 568
  Clique: 868
  MIR: 946
  StrongCG: 24
  Flow cover: 187
  Zero half: 1184
  Network: 35
  RLT: 356
  Relax-and-lift: 421
  PSD: 102

Explored 1 nodes (954759 simplex iterations) in 1000.45 seconds (808.04 work units)
Thread count was 12 (of 12 available processors)

Solution count 10: 6801.2 6801.6 6805.2 ... 6838

Time limit reached
Best objective 6.801200000000e+03, best bound 2.749200000000e+03, gap 59.5777%

Gurobi 9.5.1 (win64) logging started Wed May 25 13:53:55 2022

Set parameter LogFile to value "./Log/Direct_MIP_Sshape_solver_480_order_24_batch.log"
Gurobi Optimizer version 9.5.1 build v9.5.1rc2 (win64)
Thread count: 6 physical cores, 12 logical processors, using up to 12 threads
Optimize a model with 27768 rows, 37632 columns and 168696 nonzeros
Model fingerprint: 0x0ddb1339
Model has 1128 quadratic constraints
Variable types: 0 continuous, 37632 integer (35328 binary)
Coefficient statistics:
  Matrix range     [1e+00, 5e+01]
  QMatrix range    [1e+00, 1e+00]
  QLMatrix range   [1e+00, 1e+00]
  Objective range  [4e-01, 4e+01]
  Bounds range     [1e+00, 1e+00]
  RHS range        [1e+00, 2e+01]
Presolve removed 9720 rows and 11880 columns
Presolve time: 0.34s
Presolved: 18048 rows, 25752 columns, 108192 nonzeros
Variable types: 0 continuous, 25752 integer (23520 binary)
Found heuristic solution: objective 9204.0000000

Deterministic concurrent LP optimizer: primal and dual simplex
Showing first log only...


Use crossover to convert LP symmetric solution to basic solution...
Concurrent spin time: 0.01s

Solved with primal simplex

Root relaxation: objective 1.070320e+03, 13810 iterations, 0.26 seconds (0.32 work units)
Total elapsed time = 8.78s
Total elapsed time = 10.14s

    Nodes    |    Current Node    |     Objective Bounds      |     Work
 Expl Unexpl |  Obj  Depth IntInf | Incumbent    BestBd   Gap | It/Node Time

     0     0 1070.32000    0 3401 9204.00000 1070.32000  88.4%     -   17s
H    0     0                    8751.6000000 1070.32000  87.8%     -   17s
H    0     0                    8342.0000000 1070.32000  87.2%     -   17s
H    0     0                    7757.2000000 1070.32000  86.2%     -   18s
H    0     0                    7685.6000000 1070.32000  86.1%     -   18s
     0     0 1070.32000    0 3970 7685.60000 1070.32000  86.1%     -   19s
H    0     0                    7676.8000000 1934.39346  74.8%     -   30s
H    0     0                    7676.0000000 1934.39346  74.8%     -   30s
H    0     0                    7651.2000000 1934.39346  74.7%     -   30s
H    0     0                    7644.4000000 1934.39346  74.7%     -   30s
H    0     0                    7624.0000000 1934.39346  74.6%     -   30s
H    0     0                    7602.8000000 1934.39346  74.6%     -   30s
H    0     0                    7599.6000000 1934.39346  74.5%     -   30s
H    0     0                    7598.4000000 1934.39346  74.5%     -   30s
     0     0 1934.39346    0 5290 7598.40000 1934.39346  74.5%     -   31s
H    0     0                    7596.8000000 1972.00171  74.0%     -   47s
H    0     0                    7596.0000000 1972.00171  74.0%     -   47s
H    0     0                    7595.2000000 1972.00171  74.0%     -   47s
H    0     0                    7594.0000000 1972.00171  74.0%     -   47s
H    0     0                    7593.2000000 1972.00171  74.0%     -   47s
H    0     0                    7592.8000000 1972.00171  74.0%     -   47s
H    0     0                    7592.4000000 1972.00171  74.0%     -   47s
H    0     0                    7573.6000000 1972.00171  74.0%     -   47s
H    0     0                    7560.8000000 1972.00171  73.9%     -   47s
H    0     0                    7542.0000000 1972.00171  73.9%     -   47s
H    0     0                    7525.6000000 1972.00171  73.8%     -   47s
H    0     0                    7524.0000000 1972.00171  73.8%     -   47s
H    0     0                    7523.2000000 1972.00171  73.8%     -   47s
H    0     0                    7522.8000000 1972.00171  73.8%     -   47s
H    0     0                    7522.0000000 1972.00171  73.8%     -   47s
H    0     0                    7520.4000000 1972.00171  73.8%     -   47s
H    0     0                    7518.0000000 1972.00171  73.8%     -   47s
H    0     0                    7516.8000000 1972.00171  73.8%     -   47s
H    0     0                    7502.4000000 1972.00171  73.7%     -   47s
H    0     0                    7501.2000000 1972.00171  73.7%     -   47s
H    0     0                    7498.0000000 1972.00171  73.7%     -   47s
     0     0 1972.00171    0 5462 7498.00000 1972.00171  73.7%     -   48s
H    0     0                    7493.6000000 1972.07323  73.7%     -   49s
     0     0 1972.07323    0 5418 7493.60000 1972.07323  73.7%     -   49s
H    0     0                    7492.0000000 1972.07895  73.7%     -   49s
     0     0 1972.07895    0 5295 7492.00000 1972.07895  73.7%     -   49s
H    0     0                    7467.6000000 1972.10637  73.6%     -   50s
     0     0 1972.10637    0 5232 7467.60000 1972.10637  73.6%     -   50s
     0     0 1972.11895    0 5254 7467.60000 1972.11895  73.6%     -   50s
     0     0 1972.12267    0 5232 7467.60000 1972.12267  73.6%     -   50s
     0     0 1972.12267    0 5166 7467.60000 1972.12267  73.6%     -   50s
H    0     0                    7463.2000000 1972.12267  73.6%     -   51s
H    0     0                    7431.2000000 1972.12267  73.5%     -   51s
H    0     0                    7426.4000000 2227.61347  70.0%     -   64s
H    0     0                    7412.8000000 2227.61347  69.9%     -   64s
H    0     0                    7408.0000000 2227.61347  69.9%     -   64s
H    0     0                    7407.6000000 2227.61347  69.9%     -   64s
H    0     0                    7404.8000000 2227.61347  69.9%     -   64s
H    0     0                    7404.4000000 2227.61347  69.9%     -   64s
H    0     0                    7402.0000000 2227.61347  69.9%     -   64s
H    0     0                    7399.6000000 2227.61347  69.9%     -   64s
H    0     0                    7396.4000000 2227.61347  69.9%     -   64s
H    0     0                    7379.2000000 2227.61347  69.8%     -   64s
H    0     0                    7378.0000000 2227.61347  69.8%     -   64s
H    0     0                    7373.2000000 2227.61347  69.8%     -   64s
H    0     0                    7359.6000000 2227.61347  69.7%     -   64s
     0     0 2227.61347    0 5381 7359.60000 2227.61347  69.7%     -   64s
H    0     0                    7357.6000000 2829.74213  61.5%     -   90s
H    0     0                    7338.8000000 2829.74213  61.4%     -   90s
H    0     0                    7338.0000000 2829.74213  61.4%     -   90s
H    0     0                    7325.2000000 2829.74213  61.4%     -   90s
H    0     0                    7323.6000000 2829.74213  61.4%     -   90s
H    0     0                    7322.4000000 2829.74213  61.4%     -   90s
H    0     0                    7306.0000000 2829.74213  61.3%     -   90s
H    0     0                    7274.4000000 2829.74213  61.1%     -   90s
H    0     0                    7263.2000000 2829.74213  61.0%     -   90s
H    0     0                    7260.0000000 2829.74213  61.0%     -   90s
H    0     0                    7259.6000000 2829.74213  61.0%     -   90s
H    0     0                    7258.8000000 2829.74213  61.0%     -   90s
H    0     0                    7251.9999999 2829.74213  61.0%     -   90s
H    0     0                    7249.6000000 2829.74213  61.0%     -   90s
H    0     0                    7248.8000000 2829.74213  61.0%     -   90s
H    0     0                    7246.8000000 2829.74213  61.0%     -   90s
H    0     0                    7246.0000000 2829.74213  60.9%     -   90s
     0     0 2829.74213    0 6006 7246.00000 2829.74213  60.9%     -   90s
H    0     0                    7245.6000000 2954.44985  59.2%     -  119s
H    0     0                    7244.4000000 2954.44985  59.2%     -  119s
H    0     0                    7228.4000000 2954.44985  59.1%     -  119s
H    0     0                    7227.6000000 2954.44985  59.1%     -  119s
H    0     0                    7226.8000000 2954.44985  59.1%     -  119s
H    0     0                    7226.4000000 2954.44985  59.1%     -  119s
H    0     0                    7226.0000000 2954.44985  59.1%     -  119s
H    0     0                    7212.8000000 2954.44985  59.0%     -  119s
H    0     0                    7210.0000000 2954.44985  59.0%     -  119s
H    0     0                    7159.2000000 2954.44985  58.7%     -  119s
H    0     0                    7156.4000000 2954.44985  58.7%     -  119s
H    0     0                    7139.6000000 2954.44985  58.6%     -  119s
H    0     0                    7135.6000000 2954.44985  58.6%     -  119s
H    0     0                    7131.6000000 2954.44985  58.6%     -  119s
H    0     0                    7118.0000000 2954.44985  58.5%     -  119s
H    0     0                    7117.2000000 2954.44985  58.5%     -  119s
H    0     0                    7080.8000000 2954.44985  58.3%     -  119s
     0     0 2954.44985    0 5992 7080.80000 2954.44985  58.3%     -  119s
H    0     0                    7079.6000000 2960.17484  58.2%     -  146s
H    0     0                    7078.8000000 2960.17484  58.2%     -  146s
H    0     0                    7077.6000000 2960.17484  58.2%     -  146s
H    0     0                    7063.6000000 2960.17484  58.1%     -  146s
H    0     0                    7061.2000000 2960.17484  58.1%     -  146s
H    0     0                    7023.2000000 2960.17484  57.9%     -  146s
H    0     0                    7021.6000000 2960.17484  57.8%     -  146s
H    0     0                    7018.8000000 2960.17484  57.8%     -  146s
H    0     0                    7018.0000000 2960.17484  57.8%     -  146s
H    0     0                    7016.0000000 2960.17484  57.8%     -  146s
     0     0 2960.17484    0 5959 7016.00000 2960.17484  57.8%     -  146s
H    0     0                    7011.6000000 2960.74223  57.8%     -  149s
H    0     0                    6996.0000000 2960.74223  57.7%     -  149s
H    0     0                    6981.6000000 2960.74223  57.6%     -  149s
     0     0 2960.74223    0 5964 6981.60000 2960.74223  57.6%     -  149s
     0     0 2961.75277    0 5872 6981.60000 2961.75277  57.6%     -  157s
     0     0 2962.22574    0 5937 6981.60000 2962.22574  57.6%     -  160s
     0     0 2962.63194    0 5979 6981.60000 2962.63194  57.6%     -  162s
     0     0 2962.64445    0 5972 6981.60000 2962.64445  57.6%     -  164s
     0     0 3097.00793    0 5827 6981.60000 3097.00793  55.6%     -  196s
     0     0 3209.79693    0 5527 6981.60000 3209.79693  54.0%     -  209s
     0     0 3224.46653    0 5453 6981.60000 3224.46653  53.8%     -  219s
     0     0 3226.86971    0 5295 6981.60000 3226.86971  53.8%     -  224s
     0     0 3227.92689    0 5249 6981.60000 3227.92689  53.8%     -  225s
     0     0 3229.00925    0 5585 6981.60000 3229.00925  53.7%     -  234s
     0     0 3229.55287    0 5554 6981.60000 3229.55287  53.7%     -  241s
     0     0 3242.04473    0 5461 6981.60000 3242.04473  53.6%     -  254s
     0     0 3253.94106    0 5468 6981.60000 3253.94106  53.4%     -  265s
     0     0 3256.14501    0 5524 6981.60000 3256.14501  53.4%     -  277s
     0     0 3256.18750    0 5366 6981.60000 3256.18750  53.4%     -  283s
     0     0 3265.21012    0 6102 6981.60000 3265.21012  53.2%     -  313s
     0     0 3268.78549    0 6377 6981.60000 3268.78549  53.2%     -  396s
     0     0 3273.41693    0 5998 6981.60000 3273.41693  53.1%     -  428s
     0     0 3274.91559    0 5824 6981.60000 3274.91559  53.1%     -  446s
     0     0 3275.41710    0 5559 6981.60000 3275.41710  53.1%     -  491s
     0     0 3280.06966    0 5847 6981.60000 3280.06966  53.0%     -  557s
     0     0 3280.06966    0 5847 6981.60000 3280.06966  53.0%     -  565s
     0     2 3280.06966    0 5847 6981.60000 3280.06966  53.0%     -  621s
     1     2 infeasible    1      6981.60000 3280.06966  53.0% 17468  642s
     3     2 3299.26667    2 5424 6981.60000 3280.08339  53.0% 24162  659s
     5     4 3557.92444    3 4787 6981.60000 3299.26667  52.7% 16068  722s
     7     4 infeasible    4      6981.60000 3340.82790  52.1% 27207  845s
    11     3 infeasible    5      6981.60000 3512.55363  49.7% 35016 1000s

Cutting planes:
  Learned: 30
  Gomory: 25
  Cover: 7646
  Implied bound: 2785
  Clique: 1654
  MIR: 1246
  StrongCG: 121
  Flow cover: 285
  Zero half: 1247
  Network: 220
  RLT: 498
  Relax-and-lift: 696
  PSD: 287

Explored 12 nodes (1001724 simplex iterations) in 1000.03 seconds (1533.46 work units)
Thread count was 12 (of 12 available processors)

Solution count 10: 6981.6 6996 7011.6 ... 7063.6

Time limit reached
Best objective 6.981600000000e+03, best bound 3.512800000000e+03, gap 49.6849%
