
Gurobi 9.1.1 (win64) logging started Sun Mar 13 14:31:32 2022

Changed value of parameter LogFile to ./Log/Direct_MIP_Return_solver_600_order_60_batch.log
   Prev:   Default: 
Gurobi Optimizer version 9.1.1 build v9.1.1rc0 (win64)
Thread count: 6 physical cores, 12 logical processors, using up to 12 threads
Optimize a model with 216420 rows, 161760 columns and 585840 nonzeros
Model fingerprint: 0xa40048a3
Variable types: 2880 continuous, 158880 integer (158880 binary)
Coefficient statistics:
  Matrix range     [1e+00, 4e+01]
  Objective range  [4e-01, 1e+00]
  Bounds range     [1e+00, 4e+01]
  RHS range        [1e+00, 1e+01]
Found heuristic solution: objective 11262.400000
Presolve removed 101940 rows and 99240 columns
Presolve time: 1.65s
Presolved: 114480 rows, 62520 columns, 495120 nonzeros
Variable types: 0 continuous, 62520 integer (59760 binary)

Deterministic concurrent LP optimizer: primal and dual simplex (primal and dual model)
Showing first log only...

Presolve removed 21360 rows and 21180 columns
Presolved: 93120 rows, 41340 columns, 424320 nonzeros


Root simplex log...

Iteration    Objective       Primal Inf.    Dual Inf.      Time
   13689    1.5487791e+04   0.000000e+00   4.361371e+05      5s
   19777    8.3168776e+03   0.000000e+00   2.136917e+06     10s
   22627    7.8885674e+03   0.000000e+00   1.511995e+07     15s
   24647    7.6218566e+03   0.000000e+00   6.242989e+06     20s
   26517    7.3446587e+03   0.000000e+00   5.349271e+06     26s
   28007    7.1708232e+03   0.000000e+00   1.181225e+06     30s
   29457    6.9731831e+03   0.000000e+00   1.793566e+07     35s
   30837    6.8356860e+03   0.000000e+00   7.149993e+06     40s
   32217    6.6603457e+03   0.000000e+00   9.015359e+06     45s
   33557    6.5197398e+03   0.000000e+00   2.983568e+07     50s
   34737    6.3914663e+03   0.000000e+00   3.826776e+06     55s
   36067    6.2303415e+03   0.000000e+00   8.437078e+06     60s
   37337    6.0725131e+03   0.000000e+00   2.956482e+06     65s
   38597    5.9438652e+03   0.000000e+00   3.161009e+06     71s
   39687    5.8371707e+03   0.000000e+00   2.508394e+08     75s
   40837    5.7184692e+03   0.000000e+00   6.505186e+06     80s
   41927    5.6297328e+03   0.000000e+00   4.969266e+06     86s
   42927    5.5283848e+03   0.000000e+00   2.273265e+07     90s
   43927    5.4442162e+03   0.000000e+00   3.349311e+06     96s
   44847    5.3472631e+03   0.000000e+00   6.756485e+06    101s
   45577    5.2895016e+03   0.000000e+00   9.513664e+06    105s
   46477    5.1973994e+03   0.000000e+00   4.872303e+06    111s
   47197    5.1338542e+03   0.000000e+00   4.094486e+06    115s
   48207    5.0643740e+03   0.000000e+00   1.345591e+07    121s
   48927    5.0186771e+03   0.000000e+00   6.718744e+06    126s
   49647    4.9715675e+03   0.000000e+00   4.964504e+06    130s
   50547    4.9104980e+03   0.000000e+00   1.065364e+07    136s
   51367    4.8715810e+03   0.000000e+00   1.138124e+06    140s
   52277    4.8190455e+03   0.000000e+00   1.938624e+06    145s
   53237    4.7711253e+03   0.000000e+00   9.928631e+06    150s
   54137    4.7119800e+03   0.000000e+00   1.455670e+07    155s
   55037    4.6515149e+03   0.000000e+00   9.313189e+05    160s
   55917    4.5926158e+03   0.000000e+00   7.557727e+06    165s
   56847    4.5395398e+03   0.000000e+00   3.706075e+06    170s
   57747    4.4942724e+03   0.000000e+00   1.274845e+07    175s
   58637    4.4642118e+03   0.000000e+00   2.615554e+06    180s
   59517    4.4325737e+03   0.000000e+00   7.065096e+06    185s
   60417    4.4019632e+03   0.000000e+00   3.371734e+06    191s
   61307    4.3671370e+03   0.000000e+00   5.436332e+06    196s
   62117    4.3362160e+03   0.000000e+00   1.513847e+06    200s
   63017    4.2997992e+03   0.000000e+00   2.822985e+06    205s
   63907    4.2683156e+03   0.000000e+00   6.959859e+07    211s
   64707    4.2333184e+03   0.000000e+00   2.970665e+06    215s
   65627    4.1987018e+03   0.000000e+00   4.706601e+06    221s
   66427    4.1681274e+03   0.000000e+00   1.531287e+06    225s
   67337    4.1363303e+03   0.000000e+00   1.872345e+06    230s
   68147    4.1104626e+03   0.000000e+00   1.139754e+06    235s
   68957    4.0833060e+03   0.000000e+00   5.587580e+06    240s
   69797    4.0569554e+03   0.000000e+00   5.135440e+07    245s
   70627    4.0218990e+03   0.000000e+00   2.335026e+06    250s
   71457    3.9934211e+03   0.000000e+00   6.330133e+06    256s
   72287    3.9656971e+03   0.000000e+00   1.586615e+06    261s
   73097    3.9448853e+03   0.000000e+00   3.566802e+06    266s
   73827    3.9271374e+03   0.000000e+00   8.246279e+06    270s
   74637    3.9066332e+03   0.000000e+00   8.446138e+05    275s
   75477    3.8857636e+03   0.000000e+00   3.828636e+06    280s
   76237    3.8687148e+03   0.000000e+00   2.535776e+06    285s
   77087    3.8526307e+03   0.000000e+00   9.876712e+05    290s
   77857    3.8343896e+03   0.000000e+00   2.114550e+06    295s


Root relaxation: time limit, 78626 iterations, 298.25 seconds

    Nodes    |    Current Node    |     Objective Bounds      |     Work
 Expl Unexpl |  Obj  Depth IntInf | Incumbent    BestBd   Gap | It/Node Time

     0     0          -    0      11262.4000 2012.00000  82.1%     -  300s

Explored 0 nodes (78626 simplex iterations) in 300.06 seconds
Thread count was 12 (of 12 available processors)

Solution count 1: 11262.4 

Time limit reached
Best objective 1.126240000000e+04, best bound 2.012000000000e+03, gap 82.1352%

Gurobi 9.1.1 (win64) logging started Sun Mar 13 14:40:18 2022

Changed value of parameter LogFile to ./Log/Direct_MIP_Return_solver_600_order_60_batch.log
   Prev:   Default: 
Gurobi Optimizer version 9.1.1 build v9.1.1rc0 (win64)
Thread count: 6 physical cores, 12 logical processors, using up to 12 threads
Optimize a model with 216420 rows, 161760 columns and 582780 nonzeros
Model fingerprint: 0x6011174d
Variable types: 2880 continuous, 158880 integer (158880 binary)
Coefficient statistics:
  Matrix range     [1e+00, 4e+01]
  Objective range  [4e-01, 1e+00]
  Bounds range     [1e+00, 4e+01]
  RHS range        [1e+00, 1e+01]
Found heuristic solution: objective 11210.400000
Presolve removed 103260 rows and 99240 columns
Presolve time: 1.51s
Presolved: 113160 rows, 62520 columns, 490260 nonzeros
Variable types: 0 continuous, 62520 integer (59760 binary)

Deterministic concurrent LP optimizer: primal and dual simplex (primal and dual model)
Showing first log only...

Presolve removed 21240 rows and 21120 columns
Presolved: 91920 rows, 41400 columns, 419400 nonzeros


Root simplex log...

Iteration    Objective       Primal Inf.    Dual Inf.      Time
   15748    9.1601729e+03   0.000000e+00   2.818014e+06      5s
   19342    8.5127685e+03   0.000000e+00   4.021940e+08     10s
   21292    8.1373178e+03   0.000000e+00   4.234406e+06     15s
   23382    7.7831458e+03   0.000000e+00   1.407762e+07     20s
   25002    7.5423846e+03   0.000000e+00   2.989525e+06     25s
   26532    7.3547815e+03   0.000000e+00   4.153551e+07     31s
   27752    7.1995762e+03   0.000000e+00   2.126691e+07     35s
   29162    7.0042892e+03   0.000000e+00   2.815469e+06     40s
   30442    6.8312336e+03   0.000000e+00   1.953324e+07     45s
   31692    6.6945869e+03   0.000000e+00   2.695239e+06     51s
   32762    6.5562785e+03   0.000000e+00   1.553609e+06     55s
   34012    6.3817336e+03   0.000000e+00   4.778170e+07     61s
   35082    6.2459819e+03   0.000000e+00   2.067590e+07     65s
   36292    6.1124818e+03   0.000000e+00   9.690046e+06     71s
   37282    6.0062331e+03   0.000000e+00   1.137528e+06     75s
   38342    5.9050145e+03   0.000000e+00   6.538637e+06     80s
   39522    5.7861613e+03   0.000000e+00   1.001378e+07     85s
   40572    5.6655931e+03   0.000000e+00   3.144978e+06     90s
   41632    5.5730174e+03   0.000000e+00   4.632806e+06     96s
   42712    5.4844023e+03   0.000000e+00   9.888866e+06    101s
   43612    5.4124677e+03   0.000000e+00   1.581893e+07    105s
   44672    5.3354739e+03   0.000000e+00   1.147173e+07    111s
   45382    5.2757797e+03   0.000000e+00   4.362985e+06    115s
   46282    5.2037772e+03   0.000000e+00   1.287971e+07    120s
   47362    5.1241884e+03   0.000000e+00   6.671755e+06    126s
   48262    5.0804657e+03   0.000000e+00   1.270522e+06    131s
   49152    5.0078923e+03   0.000000e+00   3.573661e+07    136s
   50052    4.9513370e+03   0.000000e+00   9.923131e+07    141s
   50872    4.8975480e+03   0.000000e+00   4.031508e+06    145s
   51772    4.8277390e+03   0.000000e+00   1.124506e+07    150s
   52672    4.7746096e+03   0.000000e+00   4.844947e+06    156s
   53412    4.7389284e+03   0.000000e+00   3.102335e+06    160s
   54422    4.6601347e+03   0.000000e+00   2.763618e+07    166s
   55142    4.6066977e+03   0.000000e+00   5.019906e+06    170s
   56052    4.5459552e+03   0.000000e+00   1.923804e+06    175s
   57002    4.4967282e+03   0.000000e+00   3.225525e+07    181s
   57872    4.4491063e+03   0.000000e+00   2.258000e+07    185s
   58742    4.4089076e+03   0.000000e+00   2.549214e+06    191s
   59512    4.3670905e+03   0.000000e+00   3.860379e+06    195s
   60472    4.3199264e+03   0.000000e+00   4.142660e+06    201s
   61242    4.2877090e+03   0.000000e+00   2.657855e+06    205s
   62222    4.2392472e+03   0.000000e+00   8.936209e+06    211s
   63012    4.1972153e+03   0.000000e+00   4.005538e+06    216s
   63762    4.1640033e+03   0.000000e+00   7.801629e+06    220s
   64722    4.1245096e+03   0.000000e+00   2.499135e+07    226s
   65432    4.0942473e+03   0.000000e+00   1.183622e+07    230s
   66232    4.0631147e+03   0.000000e+00   2.848584e+06    235s
   66912    4.0422416e+03   0.000000e+00   4.001432e+06    240s
   67692    4.0206940e+03   0.000000e+00   7.022982e+06    245s
   68512    3.9976984e+03   0.000000e+00   4.152464e+06    250s
   69312    3.9651677e+03   0.000000e+00   4.943676e+06    255s
   70072    3.9390246e+03   0.000000e+00   7.673336e+06    260s
   70872    3.9147304e+03   0.000000e+00   2.379908e+06    265s
   71672    3.8879337e+03   0.000000e+00   3.147781e+06    270s
   72472    3.8663804e+03   0.000000e+00   5.550307e+06    275s
   73372    3.8424456e+03   0.000000e+00   3.695516e+06    281s
   74172    3.8212892e+03   0.000000e+00   6.402159e+05    286s
   74902    3.8050755e+03   0.000000e+00   7.210846e+06    290s
   75722    3.7804931e+03   0.000000e+00   1.898739e+07    295s


Root relaxation: time limit, 76526 iterations, 298.39 seconds

    Nodes    |    Current Node    |     Objective Bounds      |     Work
 Expl Unexpl |  Obj  Depth IntInf | Incumbent    BestBd   Gap | It/Node Time

     0     0          -    0      11210.4000 2009.20000  82.1%     -  300s

Explored 0 nodes (76526 simplex iterations) in 300.05 seconds
Thread count was 12 (of 12 available processors)

Solution count 1: 11210.4 

Time limit reached
Best objective 1.121040000000e+04, best bound 2.009200000000e+03, gap 82.0774%

Gurobi 9.1.1 (win64) logging started Sun Mar 13 14:57:41 2022

Changed value of parameter LogFile to ./Log/Direct_MIP_Return_solver_600_order_60_batch.log
   Prev:   Default: 
Gurobi Optimizer version 9.1.1 build v9.1.1rc0 (win64)
Thread count: 6 physical cores, 12 logical processors, using up to 12 threads
Optimize a model with 216420 rows, 161760 columns and 583200 nonzeros
Model fingerprint: 0x27adb16b
Variable types: 2880 continuous, 158880 integer (158880 binary)
Coefficient statistics:
  Matrix range     [1e+00, 4e+01]
  Objective range  [4e-01, 1e+00]
  Bounds range     [1e+00, 4e+01]
  RHS range        [1e+00, 1e+01]
Found heuristic solution: objective 11127.200000
Presolve removed 102780 rows and 99060 columns
Presolve time: 1.46s
Presolved: 113640 rows, 62700 columns, 491940 nonzeros
Variable types: 0 continuous, 62700 integer (59940 binary)

Deterministic concurrent LP optimizer: primal and dual simplex (primal and dual model)
Showing first log only...

Presolve removed 21540 rows and 21360 columns
Presolved: 92100 rows, 41340 columns, 419160 nonzeros


Root simplex log...

Iteration    Objective       Primal Inf.    Dual Inf.      Time
   16485    1.1419711e+04   0.000000e+00   1.990888e+06      5s
   20780    8.2512583e+03   0.000000e+00   5.632446e+05     10s
   22228    8.0027931e+03   0.000000e+00   1.972449e+07     15s
   23578    7.5991839e+03   0.000000e+00   2.659511e+07     20s
   24808    7.2783413e+03   0.000000e+00   1.721470e+08     25s
   25848    6.9790364e+03   0.000000e+00   1.847442e+08     30s
   26958    6.7178127e+03   0.000000e+00   3.341211e+08     36s
   27798    6.4809494e+03   0.000000e+00   1.701495e+07     40s
   28818    6.2662304e+03   0.000000e+00   2.564630e+07     46s
   29678    6.0941460e+03   0.000000e+00   1.080737e+08     51s
   30608    5.8904150e+03   0.000000e+00   2.663783e+07     56s
   31388    5.7032516e+03   0.000000e+00   1.386196e+08     60s
   32208    5.5927960e+03   0.000000e+00   3.171382e+08     65s
   33048    5.4518573e+03   0.000000e+00   1.635988e+07     70s
   33888    5.3103593e+03   0.000000e+00   1.528891e+08     76s
   34648    5.1812558e+03   0.000000e+00   1.426904e+08     80s
   35408    5.0610259e+03   0.000000e+00   1.982811e+08     85s
   36218    4.9466074e+03   0.000000e+00   5.875432e+07     91s
   36888    4.8634896e+03   0.000000e+00   3.164506e+08     95s
   37598    4.7948855e+03   0.000000e+00   1.055144e+07    100s
   38388    4.7062914e+03   0.000000e+00   2.399691e+07    106s
   39098    4.6207520e+03   0.000000e+00   1.858019e+07    111s
   39678    4.5535222e+03   0.000000e+00   9.500714e+07    115s
   40468    4.4778928e+03   0.000000e+00   4.415559e+07    121s
   41168    4.4058740e+03   0.000000e+00   1.502679e+07    126s
   41808    4.3400583e+03   0.000000e+00   1.860391e+07    131s
   42418    4.2802855e+03   0.000000e+00   7.360207e+07    135s
   43038    4.2241039e+03   0.000000e+00   1.353504e+08    140s
   43758    4.1797799e+03   0.000000e+00   3.004019e+06    146s
   44378    4.1349679e+03   0.000000e+00   2.919397e+07    150s
   45008    4.0843501e+03   0.000000e+00   4.930206e+07    155s
   45728    4.0367453e+03   0.000000e+00   4.208393e+07    161s
   46468    3.9859386e+03   0.000000e+00   3.377207e+07    166s
   46998    3.9546428e+03   0.000000e+00   6.234577e+06    171s
   47728    3.9130836e+03   0.000000e+00   1.144803e+07    176s
   48208    3.8872575e+03   0.000000e+00   1.605383e+07    180s
   48848    3.8544570e+03   0.000000e+00   5.122800e+06    185s
   49528    3.8241824e+03   0.000000e+00   6.775937e+07    191s
   50088    3.7915624e+03   0.000000e+00   4.607948e+07    196s
   50648    3.7596216e+03   0.000000e+00   5.564857e+07    200s
   51278    3.7312857e+03   0.000000e+00   3.141576e+07    206s
   51868    3.7102784e+03   0.000000e+00   6.525260e+06    210s
   52532    3.6848543e+03   0.000000e+00   1.251771e+07    216s
   53142    3.6629194e+03   0.000000e+00   1.880216e+07    221s
   53652    3.6420991e+03   0.000000e+00   3.572950e+07    225s
   54242    3.6181263e+03   0.000000e+00   1.206230e+07    230s
   54842    3.5947893e+03   0.000000e+00   3.432515e+07    235s
   55472    3.5672888e+03   0.000000e+00   3.545656e+07    240s
   56102    3.5449535e+03   0.000000e+00   1.177369e+07    246s
   56592    3.5275708e+03   0.000000e+00   1.732925e+07    250s
   57182    3.5067485e+03   0.000000e+00   4.052198e+06    255s
   57782    3.4865837e+03   0.000000e+00   3.748122e+07    260s
   58362    3.4662600e+03   0.000000e+00   3.804364e+07    265s
   58902    3.4463824e+03   0.000000e+00   1.191827e+07    270s
   59522    3.4259223e+03   0.000000e+00   2.446676e+07    276s
   60092    3.4098913e+03   0.000000e+00   5.770477e+06    281s
   60672    3.3971563e+03   0.000000e+00   2.175907e+07    286s
   61142    3.3848493e+03   0.000000e+00   1.765068e+07    290s
   61732    3.3703431e+03   0.000000e+00   3.352335e+06    296s
   62212    3.3592100e+03   0.000000e+00   1.494827e+07    300s


Root relaxation: time limit, 62212 iterations, 298.48 seconds

    Nodes    |    Current Node    |     Objective Bounds      |     Work
 Expl Unexpl |  Obj  Depth IntInf | Incumbent    BestBd   Gap | It/Node Time

     0     0          -    0      11127.2000 2006.40000  82.0%     -  300s

Explored 0 nodes (62212 simplex iterations) in 300.08 seconds
Thread count was 12 (of 12 available processors)

Solution count 1: 11127.2 

Time limit reached
Best objective 1.112720000000e+04, best bound 2.006400000000e+03, gap 81.9685%
