
Gurobi 9.1.1 (win64) logging started Mon Apr 18 01:55:51 2022

Changed value of parameter LogFile to ./Log/Direct_MIP_Sshape_solver_400_order_40_batch.log
   Prev:   Default: 
Gurobi Optimizer version 9.1.1 build v9.1.1rc0 (win64)
Thread count: 6 physical cores, 12 logical processors, using up to 12 threads
Optimize a model with 34360 rows, 49920 columns and 138880 nonzeros
Model fingerprint: 0xa047135f
Variable types: 0 continuous, 49920 integer (49920 binary)
Coefficient statistics:
  Matrix range     [1e+00, 1e+01]
  Objective range  [4e-01, 2e+01]
  Bounds range     [1e+00, 1e+00]
  RHS range        [1e+00, 1e+01]
Found heuristic solution: objective 7391.8000000
Presolve removed 20440 rows and 20440 columns
Presolve time: 0.25s
Presolved: 13920 rows, 29480 columns, 115080 nonzeros
Variable types: 0 continuous, 29480 integer (29480 binary)

Deterministic concurrent LP optimizer: primal and dual simplex
Showing first log only...

Concurrent spin time: 0.00s

Solved with primal simplex

Root relaxation: objective 2.224500e+03, 5 iterations, 0.04 seconds

    Nodes    |    Current Node    |     Objective Bounds      |     Work
 Expl Unexpl |  Obj  Depth IntInf | Incumbent    BestBd   Gap | It/Node Time

     0     0 2224.50000    0 1374 7391.80000 2224.50000  69.9%     -    1s
H    0     0                    6753.4000000 2224.50000  67.1%     -    1s
H    0     0                    6749.6000000 2224.50000  67.0%     -    2s
H    0     0                    6714.8000000 2224.50000  66.9%     -    2s
H    0     0                    6630.0000000 2224.50000  66.4%     -    2s
H    0     0                    6620.0000000 2224.50000  66.4%     -    2s
H    0     0                    6594.0000000 2224.50000  66.3%     -    2s
H    0     0                    6556.4000000 2224.50000  66.1%     -    2s
H    0     0                    6509.2000000 2224.50000  65.8%     -    2s
H    0     0                    6504.0000000 2224.50000  65.8%     -    2s
H    0     0                    6276.2000000 2224.50000  64.6%     -    2s
H    0     0                    6173.2000000 2224.50000  64.0%     -    2s
     0     0 2224.50000    0 2094 6173.20000 2224.50000  64.0%     -    2s
H    0     0                    5687.6000000 2224.50000  60.9%     -    3s
     0     0 2224.50000    0 1952 5687.60000 2224.50000  60.9%     -    3s
H    0     0                    5347.6000000 2224.50000  58.4%     -    4s
H    0     0                    5330.8000000 2224.50000  58.3%     -    4s
     0     0 2224.50000    0 1267 5330.80000 2224.50000  58.3%     -    5s
     0     0 2224.50000    0 1267 5330.80000 2224.50000  58.3%     -    5s
H    0     0                    5169.2000000 2224.50000  57.0%     -    5s
H    0     0                    5166.8000000 2224.50000  56.9%     -    5s
     0     2 2224.50000    0 1237 5166.80000 2224.50000  56.9%     -    7s
H   29    20                    5023.2000000 2247.63612  55.3%  1158   15s
H   40    25                    4869.8000000 2247.63612  53.8%  1629   16s
H   65    39                    4860.2000000 2247.63612  53.8%  1273   18s
H   99    65                    4845.8000000 2247.63612  53.6%  1033   20s
H  142    85                    4835.8000000 2247.63612  53.5%   817   21s
H  146    85                    4808.6000000 2247.63612  53.3%   799   21s
H  179   100                    4780.6000000 2247.63612  53.0%   680   22s
H  183   100                    4768.6000000 2247.63612  52.9%   665   22s
H  186   100                    4766.2000000 2247.63612  52.8%   656   22s
H  192   100                    4765.4000000 2247.63612  52.8%   639   22s
   223   108 infeasible   23      4765.40000 2247.63612  52.8%   572   26s
H  224   108                    4749.6000000 2247.63612  52.7%   570   26s
H  226   108                    4695.2000000 2247.63612  52.1%   566   26s
   289   161 2498.62400   29 1479 4695.20000 2247.63612  52.1%   587   30s
   383   237 2469.86735   39 1336 4695.20000 2247.63612  52.1%   548   35s
   461   277 infeasible   45      4695.20000 2247.63612  52.1%   492   43s
H  462   277                    4650.8000000 2247.63612  51.7%   491   43s
H  463   277                    4635.4000000 2247.63612  51.5%   491   43s
H  465   277                    4612.6000000 2247.63612  51.3%   489   43s
   470   292 2485.32205   47 1268 4612.60000 2247.63612  51.3%   485   45s
   491   311 2495.61000   50 1272 4612.60000 2247.63612  51.3%   483   52s
H  494   311                    4551.0000000 2247.63612  50.6%   480   52s
H  514   322                    4547.0000000 2247.63612  50.6%   483   68s
   567   387 2508.81592   55 1260 4547.00000 2247.63612  50.6%   465   70s
   691   472 2543.59883   68 1230 4547.00000 2247.63612  50.6%   426   76s
   782   545 infeasible   77      4547.00000 2247.63612  50.6%   420   80s
   933   674 2633.16774   94 1255 4547.00000 2247.63612  50.6%   386   86s
  1037   770 2662.99885  106 1201 4547.00000 2247.63612  50.6%   389   91s
H 1174   866                    4536.6000000 2247.63612  50.5%   369   94s
H 1182   866                    4533.2000000 2247.63612  50.4%   367   94s
H 1191   866                    4347.0000000 2247.63612  48.3%   366   94s
  1219   946 2708.12081  120 1240 4347.00000 2247.63612  48.3%   361   96s
H 1305   946                    4346.2000000 2247.63612  48.3%   343   97s
  1306   947 2287.76403   12 1267 4346.20000 2247.63612  48.3%   343  108s
  1308   948 2608.57987   64 25684 4346.20000 2247.63612  48.3%   343  418s
  1309   949 2519.09037   60 25684 4346.20000 2247.63612  48.3%   342  463s
H 1309   901                    4341.6000000 2247.63612  48.2%   342  530s
H 1310   859                    4341.2000000 2247.63612  48.2%   511  613s
  1311   859 2247.63612   16 25020 4341.20000 2247.63612  48.2%   732 1000s

Explored 1312 nodes (980720 simplex iterations) in 1000.05 seconds
Thread count was 12 (of 12 available processors)

Solution count 10: 4341.2 4341.6 4346.2 ... 4635.4

Time limit reached
Best objective 4.341200000000e+03, best bound 2.247800000000e+03, gap 48.2217%
