
Gurobi 9.1.1 (win64) logging started Mon Apr 18 01:17:44 2022

Changed value of parameter LogFile to ./Log/Direct_MIP_Sshape_solver_300_order_15_batch.log
   Prev:   Default: 
Gurobi Optimizer version 9.1.1 build v9.1.1rc0 (win64)
Thread count: 6 physical cores, 12 logical processors, using up to 12 threads
Optimize a model with 10035 rows, 14220 columns and 39060 nonzeros
Model fingerprint: 0x4399bab8
Variable types: 0 continuous, 14220 integer (14220 binary)
Coefficient statistics:
  Matrix range     [1e+00, 2e+01]
  Objective range  [4e-01, 2e+01]
  Bounds range     [1e+00, 1e+00]
  RHS range        [1e+00, 2e+01]
Found heuristic solution: objective 3897.2000000
Presolve removed 5655 rows and 5655 columns
Presolve time: 0.07s
Presolved: 4380 rows, 8565 columns, 32880 nonzeros
Variable types: 0 continuous, 8565 integer (8565 binary)

Root relaxation: objective 9.909200e+02, 19119 iterations, 0.43 seconds

    Nodes    |    Current Node    |     Objective Bounds      |     Work
 Expl Unexpl |  Obj  Depth IntInf | Incumbent    BestBd   Gap | It/Node Time

     0     0  990.92000    0  825 3897.20000  990.92000  74.6%     -    0s
H    0     0                    3493.0000000  990.92000  71.6%     -    0s
H    0     0                    2874.2000000  990.92000  65.5%     -    1s
H    0     0                    2872.2000000  990.92000  65.5%     -    1s
H    0     0                    2795.6000000  990.92000  64.6%     -    1s
     0     0  990.92000    0 1487 2795.60000  990.92000  64.6%     -    1s
H    0     0                    2729.6000000  990.92000  63.7%     -    1s
H    0     0                    2724.8000000  990.92000  63.6%     -    1s
     0     0  993.57263    0 1302 2724.80000  993.57263  63.5%     -    1s
     0     0  993.57263    0 1189 2724.80000  993.57263  63.5%     -    1s
H    0     0                    2701.4000000  993.57263  63.2%     -    1s
H    0     0                    2680.0000000  993.57263  62.9%     -    2s
H    0     0                    2678.8000000  993.57263  62.9%     -    2s
H    0     0                    2635.6000000  993.57263  62.3%     -    2s
H    0     0                    2630.6000000  993.57263  62.2%     -    2s
H    0     0                    2629.0000000  993.57263  62.2%     -    2s
H    0     0                    2605.4000000  993.57263  61.9%     -    2s
H    0     0                    2594.6000000  993.57263  61.7%     -    2s
     0     0  997.20404    0  989 2594.60000  997.20404  61.6%     -    2s
     0     0  997.73250    0 1094 2594.60000  997.73250  61.5%     -    2s
H    0     0                    2583.4000000  997.73250  61.4%     -    2s
     0     0  997.81570    0 1047 2583.40000  997.81570  61.4%     -    2s
     0     0  997.81672    0 1044 2583.40000  997.81672  61.4%     -    2s
H    0     0                    2577.0000000  997.81672  61.3%     -    3s
     0     0 1000.65453    0 1494 2577.00000 1000.65453  61.2%     -    3s
H    0     0                    2568.2000000 1000.65453  61.0%     -    3s
H    0     0                    2539.8000000 1000.65453  60.6%     -    3s
     0     0 1000.81296    0 1653 2539.80000 1000.81296  60.6%     -    3s
     0     0 1000.84503    0 1591 2539.80000 1000.84503  60.6%     -    3s
H    0     0                    2527.4000000 1000.84503  60.4%     -    3s
     0     0 1000.86399    0 1583 2527.40000 1000.86399  60.4%     -    3s
     0     0 1000.86653    0 1486 2527.40000 1000.86653  60.4%     -    3s
H    0     0                    2510.0000000 1000.86653  60.1%     -    3s
H    0     0                    2509.4000000 1000.86653  60.1%     -    3s
H    0     0                    2466.0000000 1000.86653  59.4%     -    4s
H    0     0                    2461.2000000 1000.86653  59.3%     -    4s
H    0     0                    2438.4000000 1000.86653  59.0%     -    4s
H    0     0                    2420.2000000 1000.86653  58.6%     -    4s
H    0     0                    2396.2000000 1000.86653  58.2%     -    4s
     0     0 1000.92687    0 1752 2396.20000 1000.92687  58.2%     -    4s
H    0     0                    2375.0000000 1000.92687  57.9%     -    4s
H    0     0                    2361.6000000 1000.92687  57.6%     -    4s
H    0     0                    2360.8000000 1000.92687  57.6%     -    4s
H    0     0                    2339.8000000 1000.92687  57.2%     -    4s
H    0     0                    2329.2000000 1000.92687  57.0%     -    4s
H    0     0                    2327.0000000 1000.92687  57.0%     -    4s
     0     0 1001.04278    0 1918 2327.00000 1001.04278  57.0%     -    4s
     0     0 1001.07615    0 1863 2327.00000 1001.07615  57.0%     -    4s
     0     0 1001.09559    0 1874 2327.00000 1001.09559  57.0%     -    4s
     0     0 1001.10593    0 1897 2327.00000 1001.10593  57.0%     -    5s
     0     0 1001.10895    0 1834 2327.00000 1001.10895  57.0%     -    5s
H    0     0                    2326.2000000 1001.10895  57.0%     -    5s
H    0     0                    2325.8000000 1001.10895  57.0%     -    5s
H    0     0                    2323.4000000 1001.10895  56.9%     -    5s
     0     0 1001.12297    0 2397 2323.40000 1001.12297  56.9%     -    5s
H    0     0                    2323.0000000 1001.12297  56.9%     -    7s
H    0     0                    2315.4000000 1001.12297  56.8%     -    7s
H    0     0                    2310.2000000 1001.12297  56.7%     -    7s
H    0     0                    2305.8000000 1001.12297  56.6%     -    7s
H    0     0                    2303.8000000 1001.12297  56.5%     -    7s
     0     0 1001.16932    0 2313 2303.80000 1001.16932  56.5%     -    7s
H    0     0                    2284.4000000 1001.16932  56.2%     -    7s
H    0     0                    2280.2000000 1001.16932  56.1%     -    7s
H    0     0                    2273.8000000 1001.16932  56.0%     -    7s
     0     0 1001.17924    0 2305 2273.80000 1001.17924  56.0%     -    7s
H    0     0                    2261.8000000 1001.17924  55.7%     -    8s
H    0     0                    2261.4000000 1001.17924  55.7%     -    8s
     0     0 1001.18167    0 2314 2261.40000 1001.18167  55.7%     -    8s
H    0     0                    2257.8000000 1001.18167  55.7%     -    9s
H    0     0                    2257.2000000 1001.18167  55.6%     -    9s
H    0     0                    2256.8000000 1001.18167  55.6%     -    9s
     0     0 1001.18221    0 2643 2256.80000 1001.18221  55.6%     -    9s
     0     0 1001.18221    0 1779 2256.80000 1001.18221  55.6%     -   10s
     0     2 1001.30863    0 1651 2256.80000 1001.30863  55.6%     -   11s
     7     8 1029.35937    3 2392 2256.80000 1012.55833  55.1%  5749   19s
    13    14  postponed    4      2256.80000 1021.39508  54.7% 15971   89s
    19    20 1054.55924    5 2084 2256.80000 1021.39508  54.7% 51315  115s
    25    24 1062.58848    5 2076 2256.80000 1021.39508  54.7% 47797  172s
    31    29 1094.19765    6 2092 2256.80000 1021.39508  54.7% 46633  177s
    40    34 1100.63465    8 1954 2256.80000 1021.39508  54.7% 37283  182s
    48    35 1097.85312    8 1779 2256.80000 1021.39508  54.7% 31643  216s
    50    36 1134.51431    8 8292 2256.80000 1021.39508  54.7% 30378  234s
    51    37 1045.03151    7 8292 2256.80000 1021.39508  54.7% 29782  237s
    52    38 1134.51337    8 8292 2256.80000 1021.39508  54.7% 29209  247s
    53    41 1043.80652   12 7456 2256.80000 1021.39508  54.7%  3123  293s
    55    45 1079.32747   13 6899 2256.80000 1028.73831  54.4%  5449  327s
    59    49 1082.78536   14 6810 2256.80000 1036.54648  54.1%  7609  372s
    65    53 1149.43459   15 6762 2256.80000 1036.58253  54.1%  9323  440s
    71    57 1121.32426   15 6804 2256.80000 1041.42030  53.9% 11163  476s
    77    61 1122.68526   16 6084 2256.80000 1042.65043  53.8% 12072  501s
    83    65 1129.94411   16 6739 2256.80000 1043.64211  53.8% 12421  520s
    89    70 1122.71000   17 6089 2256.80000 1043.64521  53.8% 12652  564s
    96    75 1128.46667   18 6045 2256.80000 1043.64743  53.8% 14567  625s
   103    83 1122.82667   18 6098 2256.80000 1044.09106  53.7% 16668  654s
   113    87 1129.62000   19 6090 2256.80000 1044.09106  53.7% 16686  706s
   121    96 1129.90000   20 6082 2256.80000 1044.09106  53.7% 17017  757s
   132   102 1137.28000   21 6062 2256.80000 1044.09106  53.7% 17803  792s
   142   108 1137.53333   22 6045 2256.80000 1044.09106  53.7% 18028  868s
   151   120 1146.30000   23 6055 2256.80000 1044.09106  53.7% 19555  896s
   166   127 1200.35052   24 5962 2256.80000 1044.09106  53.7% 19122  929s
   178   142 1205.39142   25 5984 2256.80000 1044.09106  53.7% 19249 1000s

Explored 193 nodes (5222145 simplex iterations) in 1000.03 seconds
Thread count was 12 (of 12 available processors)

Solution count 10: 2256.8 2257.2 2257.8 ... 2305.8

Time limit reached
Best objective 2.256800000000e+03, best bound 1.044200000000e+03, gap 53.7309%
