
Gurobi 9.1.1 (win64) logging started Sun Mar 13 19:55:38 2022

Changed value of parameter LogFile to ./Log/Direct_MIP_Return_solver_900_order_60_batch.log
   Prev:   Default: 
Gurobi Optimizer version 9.1.1 build v9.1.1rc0 (win64)
Thread count: 6 physical cores, 12 logical processors, using up to 12 threads
Optimize a model with 216720 rows, 179760 columns and 623460 nonzeros
Model fingerprint: 0x1fc36f43
Variable types: 2880 continuous, 176880 integer (176880 binary)
Coefficient statistics:
  Matrix range     [1e+00, 3e+01]
  Objective range  [4e-01, 1e+00]
  Bounds range     [1e+00, 4e+01]
  RHS range        [1e+00, 2e+01]
Found heuristic solution: objective 10582.400000
Presolve removed 100560 rows and 99060 columns
Presolve time: 1.81s
Presolved: 116160 rows, 80700 columns, 537060 nonzeros
Variable types: 0 continuous, 80700 integer (77940 binary)

Deterministic concurrent LP optimizer: primal and dual simplex
Showing first log only...


Root simplex log...

Iteration    Objective       Primal Inf.    Dual Inf.      Time
   21011    1.3715877e+04   0.000000e+00   1.243002e+05      5s
   33564    7.1738386e+03   0.000000e+00   2.100262e+07     10s
   37284    6.8117779e+03   0.000000e+00   8.518714e+05     15s
   40374    6.5293836e+03   0.000000e+00   1.110896e+09     20s
   42954    6.3209906e+03   0.000000e+00   2.001798e+06     25s
   45234    6.1136758e+03   0.000000e+00   2.998500e+06     30s
   47154    5.9758843e+03   0.000000e+00   9.592463e+06     35s
   48844    5.8790671e+03   0.000000e+00   2.307603e+06     40s
   50434    5.7827875e+03   0.000000e+00   1.414762e+06     45s
   52044    5.6962256e+03   0.000000e+00   2.746615e+07     50s
   53464    5.6228957e+03   0.000000e+00   2.053956e+06     55s
   54904    5.5409819e+03   0.000000e+00   1.551016e+07     60s
   56324    5.4535463e+03   0.000000e+00   4.032388e+06     65s
   57634    5.3909251e+03   0.000000e+00   2.178520e+06     70s
   58964    5.3230428e+03   0.000000e+00   7.648585e+06     75s
   60184    5.2562793e+03   0.000000e+00   1.314045e+06     80s
   61434    5.1776638e+03   0.000000e+00   2.410278e+07     85s
   62594    5.1192569e+03   0.000000e+00   1.505199e+06     90s
   63814    5.0670310e+03   0.000000e+00   4.607562e+06     96s
   64874    5.0177042e+03   0.000000e+00   6.566374e+06    100s
   66024    4.9654311e+03   0.000000e+00   7.724635e+06    105s
   67214    4.9169018e+03   0.000000e+00   4.805650e+06    110s
   68434    4.8640388e+03   0.000000e+00   8.776529e+07    115s
   69514    4.8130085e+03   0.000000e+00   2.615684e+06    120s
   70774    4.7596370e+03   0.000000e+00   1.428456e+07    126s
   71734    4.7222989e+03   0.000000e+00   2.708067e+06    130s
   72834    4.6634809e+03   0.000000e+00   5.643012e+06    135s
   73754    4.6291385e+03   0.000000e+00   1.284704e+06    140s
   74704    4.5936262e+03   0.000000e+00   9.829036e+05    145s
   75694    4.5639715e+03   0.000000e+00   1.005603e+07    150s
   76734    4.5247499e+03   0.000000e+00   1.333958e+07    155s
   77724    4.4869211e+03   0.000000e+00   7.618077e+06    160s
   78684    4.4520826e+03   0.000000e+00   3.056567e+06    165s
   79784    4.4135457e+03   0.000000e+00   7.890461e+06    171s
   80644    4.3907031e+03   0.000000e+00   1.924002e+06    176s
   81514    4.3649198e+03   0.000000e+00   3.922982e+06    181s
   82374    4.3411331e+03   0.000000e+00   1.748946e+06    185s
   83384    4.3110570e+03   0.000000e+00   3.540838e+06    190s
   84454    4.2833944e+03   0.000000e+00   1.628682e+06    195s
   85384    4.2490954e+03   0.000000e+00   1.571712e+06    200s
   86404    4.2260140e+03   0.000000e+00   1.223059e+06    206s
   87274    4.2020157e+03   0.000000e+00   2.876065e+06    210s
   88234    4.1684147e+03   0.000000e+00   7.257187e+06    216s
   89204    4.1443843e+03   0.000000e+00   1.474184e+06    221s
   90134    4.1239076e+03   0.000000e+00   1.462355e+06    225s
   91084    4.0988627e+03   0.000000e+00   9.331769e+05    231s
   91924    4.0822054e+03   0.000000e+00   6.937684e+06    235s
   92924    4.0544303e+03   0.000000e+00   3.574800e+06    240s
   93894    4.0321184e+03   0.000000e+00   1.366644e+06    245s
   94864    4.0146303e+03   0.000000e+00   5.802233e+07    250s
   95894    3.9837892e+03   0.000000e+00   4.772940e+07    256s
   96794    3.9662566e+03   0.000000e+00   1.875321e+06    260s
   97674    3.9515978e+03   0.000000e+00   3.557716e+06    265s
   98624    3.9342004e+03   0.000000e+00   1.061414e+06    270s
   99624    3.9150426e+03   0.000000e+00   1.630473e+06    276s
  100474    3.9014017e+03   0.000000e+00   1.783354e+07    280s
  101404    3.8798557e+03   0.000000e+00   4.678771e+06    285s
  102344    3.8620338e+03   0.000000e+00   2.844279e+06    290s
  103364    3.8425408e+03   0.000000e+00   7.499372e+05    296s


Root relaxation: time limit, 104198 iterations, 298.06 seconds

    Nodes    |    Current Node    |     Objective Bounds      |     Work
 Expl Unexpl |  Obj  Depth IntInf | Incumbent    BestBd   Gap | It/Node Time

     0     0          -    0      10582.4000 2005.60000  81.0%     -  300s

Explored 0 nodes (104198 simplex iterations) in 300.03 seconds
Thread count was 12 (of 12 available processors)

Solution count 1: 10582.4 

Time limit reached
Best objective 1.058240000000e+04, best bound 2.005600000000e+03, gap 81.0478%
