
Gurobi 9.5.1 (win64) logging started Tue Apr 19 07:01:06 2022

Set parameter LogFile to value "./Log/Direct_MIP_Sshape_solver_840_order_56_batch.log"
Gurobi Optimizer version 9.5.1 build v9.5.1rc2 (win64)
Thread count: 6 physical cores, 12 logical processors, using up to 12 threads
Optimize a model with 81984 rows, 128128 columns and 388192 nonzeros
Model fingerprint: 0xdba0cdd3
Variable types: 0 continuous, 128128 integer (128128 binary)
Coefficient statistics:
  Matrix range     [1e+00, 2e+01]
  Objective range  [4e-01, 2e+01]
  Bounds range     [1e+00, 1e+00]
  RHS range        [1e+00, 2e+01]
Found heuristic solution: objective 12488.600000
Presolve removed 43736 rows and 43736 columns
Presolve time: 0.85s
Presolved: 38248 rows, 84392 columns, 335328 nonzeros
Variable types: 0 continuous, 84392 integer (84392 binary)

Deterministic concurrent LP optimizer: primal and dual simplex
Showing first log only...


Use crossover to convert LP symmetric solution to basic solution...
Concurrent spin time: 0.01s

Solved with primal simplex

Root relaxation: objective 3.179920e+03, 46966 iterations, 0.32 seconds (0.31 work units)

    Nodes    |    Current Node    |     Objective Bounds      |     Work
 Expl Unexpl |  Obj  Depth IntInf | Incumbent    BestBd   Gap | It/Node Time

     0     0 3179.92000    0 2510 12488.6000 3179.92000  74.5%     -    5s
H    0     0                    10705.200000 3179.92000  70.3%     -    5s
H    0     0                    10592.800000 3179.92000  70.0%     -    7s
H    0     0                    9173.8000000 3179.92000  65.3%     -   11s
H    0     0                    9167.4000000 3179.92000  65.3%     -   11s
H    0     0                    8976.8000000 3179.92000  64.6%     -   11s
     0     0 3179.92000    0 4037 8976.80000 3179.92000  64.6%     -   12s
H    0     0                    8637.4000000 3179.92000  63.2%     -   14s
     0     0 3179.92000    0 3580 8637.40000 3179.92000  63.2%     -   15s
     0     0 3179.92000    0 2504 8637.40000 3179.92000  63.2%     -   25s
     0     0 3179.92000    0 2429 8637.40000 3179.92000  63.2%     -   26s
H    0     0                    8526.6000000 3179.92000  62.7%     -   34s
H    0     0                    8517.0000000 3179.92000  62.7%     -   34s
H    0     0                    8512.8000000 3179.92000  62.6%     -   34s
H    0     0                    8508.6000000 3179.92000  62.6%     -   34s
     0     0 3179.92000    0 2535 8508.60000 3179.92000  62.6%     -   34s
H    0     0                    8504.0000000 3179.92000  62.6%     -   35s
     0     0 3179.92000    0 2535 8504.00000 3179.92000  62.6%     -   36s
H    0     0                    7928.2000000 3179.92000  59.9%     -   37s
H    0     0                    7457.6000000 3179.92000  57.4%     -   39s
H    0     0                    7383.6000000 3179.92000  56.9%     -   42s
H    0     2                    7374.8000000 3179.92000  56.9%     -   50s
     0     2 3179.92000    0 2475 7374.80000 3179.92000  56.9%     -   50s
     9     4 infeasible    5      7374.80000 3180.12000  56.9%  1210   55s
    21     6 3195.96000    8 2927 7374.80000 3195.96000  56.7%  1460   61s
    27     6 infeasible    9      7374.80000 3195.96000  56.7%  1507   94s
H   28     6                    7365.8000000 3195.96000  56.6%  1453   94s
H   29     6                    7322.4000000 3197.79431  56.3%  1596   94s
    33    10 3208.19172   10 4271 7322.40000 3197.79950  56.3%  2230  102s
    39    14 3217.06090   11 3748 7322.40000 3208.23147  56.2%  3351  114s
    45    20 3296.99168   12 4430 7322.40000 3217.06176  56.1%  4401  134s
    51    22 3320.89773   13 4186 7322.40000 3217.06176  56.1%  5298  138s
    57    26 3351.29037   14 4167 7322.40000 3217.06176  56.1%  5045  145s
    63    27 3359.76476   15 3975 7322.40000 3217.06176  56.1%  4754  153s
    70    30 3388.18356   16 3669 7322.40000 3217.06176  56.1%  4684  179s
    77    34 3390.83552   17 3828 7322.40000 3217.06176  56.1%  4796  184s
    87    40 3392.30063   18 3790 7322.40000 3217.06176  56.1%  4371  189s
H   96    40                    7314.4000000 3217.06176  56.0%  4087  189s
    97    44 3431.41125   20 3772 7314.40000 3217.06176  56.0%  4095  194s
   107    49 3445.21732   21 3800 7314.40000 3217.06176  56.0%  3855  200s
   118    50 3451.91993   23 3588 7314.40000 3217.06176  56.0%  3575  205s
   129    55 3451.91993   24 3589 7314.40000 3217.06176  56.0%  3398  210s
H  137    55                    7310.0000000 3217.06176  56.0%  3237  210s
H  141    55                    7308.2000000 3217.06176  56.0%  3155  210s
   153    66 3469.16682   27 3468 7308.20000 3217.06176  56.0%  2981  219s
   165    70 3469.16682   28 3485 7308.20000 3217.06176  56.0%  2786  223s
   177    71 infeasible   30      7308.20000 3217.06176  56.0%  2615  229s
H  178    71                    7298.6000000 3217.06176  55.9%  2600  229s
H  181    71                    7296.2000000 3217.06176  55.9%  2574  229s
H  182    71                    7284.6000000 3217.06176  55.8%  2561  229s
H  189    71                    7281.2000000 3217.06176  55.8%  2481  229s
   190    74 3496.64070   32 3529 7281.20000 3217.06176  55.8%  2475  234s
   205    76 3498.07652   34 3527 7281.20000 3217.06176  55.8%  2322  240s
H  221    83                    7258.6000000 3217.06176  55.7%  2180  246s
H  231    83                    7193.6000000 3217.06176  55.3%  2104  246s
   236    89 3517.14528   38 3096 7193.60000 3217.06176  55.3%  2067  253s
   254    92 3520.42688   41 3156 7193.60000 3217.06176  55.3%  1947  261s
H  271    96                    7181.8000000 3217.06176  55.2%  1881  339s
H  271    96                    7094.6000000 3217.06176  54.7%  1881  339s
   279   104 3547.36649   45 3057 7094.60000 3217.06176  54.7%  1955  353s
   297   108 infeasible   48      7094.60000 3217.06176  54.7%  1931  370s
H  304   108                    7023.6000000 3217.06176  54.2%  1897  370s
H  319   112                    6935.0000000 3217.06176  53.6%  1861  431s
H  321   112                    6904.4000000 3217.06176  53.4%  1850  431s
   327   120 3548.89374   49 3011 6904.40000 3217.06176  53.4%  1847  442s
   351   125 3609.73530   54 2774 6904.40000 3217.06176  53.4%  1792  452s
   376   132 infeasible   59      6904.40000 3217.06176  53.4%  1720  461s
   401   148 3786.47021   64 2640 6904.40000 3217.06176  53.4%  1643  470s
   429   152 3819.22820   70 2634 6904.40000 3217.06176  53.4%  1564  482s
   459   158 infeasible   74      6904.40000 3217.06176  53.4%  1501  498s
   489   169 3885.19850   76 2519 6904.40000 3217.06176  53.4%  1499  522s
   516   184 3887.53803   79 2416 6904.40000 3217.06176  53.4%  1591  654s
H  522   184                    6901.6000000 3217.06176  53.4%  1577  654s
H  534   184                    6891.6000000 3217.06176  53.3%  1772  654s
   535   195 infeasible   85      6891.60000 3217.06176  53.3%  1868  673s
   558   204 infeasible   85      6891.60000 3217.06176  53.3%  1944  703s
   585   226 3910.35716   89 2410 6891.60000 3217.06176  53.3%  1998  728s
H  604   226                    6873.0000000 3217.06176  53.2%  1961  728s
   621   235 infeasible   96      6873.00000 3217.06176  53.2%  1995  750s
   662   258 3957.47227  101 2453 6873.00000 3217.06176  53.2%  1985  776s
   703   284 3983.03747  108 2347 6873.00000 3217.06176  53.2%  1973  811s
   749   319 3991.14040  114 2372 6873.00000 3217.06176  53.2%  1977  831s
   804   361 4032.43534  122 2294 6873.00000 3217.06176  53.2%  1896  851s
   872   377 4058.67245  130 2270 6873.00000 3217.06176  53.2%  1792  902s
H  882   377                    6870.8000000 3217.06176  53.2%  1775  902s
   920   430 4140.28582  134 2210 6870.80000 3217.06176  53.2%  1764  924s
  1003   480 4267.36511  157 2069 6870.80000 3217.06176  53.2%  1660  960s
  1080   533 infeasible  174      6870.80000 3217.06176  53.2%  1609  995s
  1153   539 infeasible  189      6870.80000 3217.06176  53.2%  1575 1000s

Cutting planes:
  Gomory: 9
  Cover: 33276
  Clique: 368
  MIR: 433
  StrongCG: 40
  Zero half: 82

Explored 1167 nodes (1986447 simplex iterations) in 1000.14 seconds (1526.90 work units)
Thread count was 12 (of 12 available processors)

Solution count 10: 6870.8 6873 6891.6 ... 7193.6

Time limit reached
Best objective 6.870800000000e+03, best bound 3.217200000000e+03, gap 53.1758%

Gurobi 9.5.1 (win64) logging started Wed May 25 21:59:19 2022

Set parameter LogFile to value "./Log/Direct_MIP_Sshape_solver_840_order_56_batch.log"
Gurobi Optimizer version 9.5.1 build v9.5.1rc2 (win64)
Thread count: 6 physical cores, 12 logical processors, using up to 12 threads
Optimize a model with 102144 rows, 145600 columns and 571760 nonzeros
Model fingerprint: 0xdab3c94d
Model has 2632 quadratic constraints
Variable types: 0 continuous, 145600 integer (140224 binary)
Coefficient statistics:
  Matrix range     [1e+00, 5e+01]
  QMatrix range    [1e+00, 1e+00]
  QLMatrix range   [1e+00, 1e+00]
  Objective range  [4e-01, 4e+01]
  Bounds range     [1e+00, 1e+00]
  RHS range        [1e+00, 2e+01]
Presolve removed 43176 rows and 48216 columns
Presolve time: 1.48s
Presolved: 58968 rows, 97384 columns, 407232 nonzeros
Variable types: 0 continuous, 97384 integer (92176 binary)
Found heuristic solution: objective 21284.800000

Deterministic concurrent LP optimizer: primal and dual simplex
Showing first log only...


Use crossover to convert LP symmetric solution to basic solution...
Concurrent spin time: 0.06s

Solved with primal simplex

Root relaxation: objective 2.404160e+03, 52312 iterations, 2.74 seconds (3.58 work units)

    Nodes    |    Current Node    |     Objective Bounds      |     Work
 Expl Unexpl |  Obj  Depth IntInf | Incumbent    BestBd   Gap | It/Node Time

     0     0 2404.16000    0 13617 21284.8000 2404.16000  88.7%     -   57s
H    0     0                    21252.800000 2404.16000  88.7%     -   58s
H    0     0                    20841.200000 2404.16000  88.5%     -   67s
H    0     0                    20788.000000 2404.16000  88.4%     -  118s
H    0     0                    20501.200000 2404.16000  88.3%     -  118s
H    0     0                    20158.800000 2404.16000  88.1%     -  118s
H    0     0                    19369.600000 2404.16000  87.6%     -  118s
H    0     0                    19360.000000 2404.16000  87.6%     -  118s
     0     0 2698.16000    0 9190 19360.0000 2698.16000  86.1%     -  164s
H    0     0                    19100.400000 2698.16000  85.9%     -  166s
     0     0 2698.16000    0 8870 19100.4000 2698.16000  85.9%     -  181s
     0     0 2698.16000    0 8600 19100.4000 2698.16000  85.9%     -  185s
     0     0 2698.16000    0 8594 19100.4000 2698.16000  85.9%     -  187s
     0     0 2698.16000    0 8572 19100.4000 2698.16000  85.9%     -  187s
H    0     0                    19037.600000 2698.16000  85.8%     -  189s
H    0     0                    19034.000000 3822.82980  79.9%     -  415s
H    0     0                    19030.800000 3822.82980  79.9%     -  415s
H    0     0                    19013.200000 3822.82980  79.9%     -  415s
H    0     0                    19012.000000 3822.82980  79.9%     -  415s
H    0     0                    19010.000000 3822.82980  79.9%     -  415s
H    0     0                    18988.800000 3822.82980  79.9%     -  415s
H    0     0                    18987.200000 3822.82980  79.9%     -  415s
H    0     0                    18951.600000 3822.82980  79.8%     -  415s
H    0     0                    18947.600000 3822.82980  79.8%     -  415s
H    0     0                    18943.200000 3822.82980  79.8%     -  415s
H    0     0                    18941.600000 3822.82980  79.8%     -  415s
H    0     0                    18940.000000 3822.82980  79.8%     -  415s
H    0     0                    18937.200000 3822.82980  79.8%     -  415s
H    0     0                    18811.600000 3822.82980  79.7%     -  415s
H    0     0                    18807.600000 3822.82980  79.7%     -  415s
H    0     0                    18644.400000 3822.82980  79.5%     -  415s
H    0     0                    18637.600000 3822.82980  79.5%     -  415s
H    0     0                    18614.400000 3822.82980  79.5%     -  415s
H    0     0                    18604.400000 3822.82980  79.5%     -  415s
H    0     0                    18598.400000 3822.82980  79.4%     -  415s
H    0     0                    18579.600000 3822.82980  79.4%     -  415s
H    0     0                    18569.600000 3822.82980  79.4%     -  415s
H    0     0                    18568.000000 3822.82980  79.4%     -  415s
H    0     0                    18559.200000 3822.82980  79.4%     -  415s
H    0     0                    18539.600000 3822.82980  79.4%     -  415s
H    0     0                    18536.800000 3822.82980  79.4%     -  415s
H    0     0                    18530.000000 3822.82980  79.4%     -  415s
H    0     0                    18494.400000 3822.82980  79.3%     -  415s
H    0     0                    18487.200000 3822.82980  79.3%     -  415s
H    0     0                    18359.200000 3822.82980  79.2%     -  415s
H    0     0                    18350.800000 3822.82980  79.2%     -  415s
H    0     0                    18252.400000 3822.82980  79.1%     -  415s
H    0     0                    18248.400000 3822.82980  79.1%     -  415s
H    0     0                    18239.200000 3822.82980  79.0%     -  415s
H    0     0                    18202.800000 3822.82980  79.0%     -  415s
H    0     0                    18171.600000 3822.82980  79.0%     -  415s
H    0     0                    18134.400000 3822.82980  78.9%     -  416s
H    0     0                    18117.200000 3822.82980  78.9%     -  416s
H    0     0                    18080.000000 3822.82980  78.9%     -  416s
H    0     0                    18068.800000 3822.82980  78.8%     -  416s
H    0     0                    18050.800000 3822.82980  78.8%     -  416s
     0     0 4345.22796    0 11761 18050.8000 4345.22796  75.9%     -  418s
H    0     0                    18041.600000 4939.29023  72.6%     -  500s
H    0     0                    17990.800000 4939.29023  72.5%     -  500s
H    0     0                    17932.800000 4939.29023  72.5%     -  500s
H    0     0                    17932.400000 4939.29023  72.5%     -  500s
H    0     0                    17930.400000 4939.29023  72.5%     -  500s
H    0     0                    17920.400000 4939.29023  72.4%     -  500s
H    0     0                    17919.200000 4939.29023  72.4%     -  500s
H    0     0                    17875.600000 4939.29023  72.4%     -  500s
     0     0 4939.29023    0 12835 17875.6000 4939.29023  72.4%     -  503s
H    0     0                    17864.400000 5157.63491  71.1%     -  542s
H    0     0                    17802.000000 5157.63491  71.0%     -  542s
H    0     0                    17724.000000 5157.63491  70.9%     -  542s
H    0     0                    17673.200000 5157.63491  70.8%     -  542s
H    0     0                    17638.400000 5157.63491  70.8%     -  542s
H    0     0                    17596.400000 5157.63491  70.7%     -  542s
     0     0 5157.63491    0 13091 17596.4000 5157.63491  70.7%     -  544s
H    0     0                    17594.000000 5199.52350  70.4%     -  601s
H    0     0                    17486.800000 5199.52350  70.3%     -  601s
H    0     0                    17351.600000 5199.52350  70.0%     -  601s
H    0     0                    17227.600000 5199.52350  69.8%     -  601s
H    0     0                    17142.000000 5199.52350  69.7%     -  601s
H    0     0                    17128.400000 5199.52350  69.6%     -  601s
H    0     0                    17126.800000 5199.52350  69.6%     -  601s
H    0     0                    17124.399983 5199.52350  69.6%     -  601s
H    0     0                    17087.600000 5199.52350  69.6%     -  601s
H    0     0                    16912.000000 5199.52350  69.3%     -  601s
     0     0 5199.52350    0 13082 16912.0000 5199.52350  69.3%     -  603s
H    0     0                    16898.400000 5215.99661  69.1%     -  634s
H    0     0                    16829.600000 5215.99661  69.0%     -  634s
H    0     0                    16826.800000 5215.99661  69.0%     -  634s
H    0     0                    16792.400000 5215.99661  68.9%     -  634s
H    0     0                    16790.000000 5215.99661  68.9%     -  634s
H    0     0                    16736.400000 5215.99661  68.8%     -  634s
     0     0 5215.99661    0 13088 16736.4000 5215.99661  68.8%     -  635s
H    0     0                    16719.600000 5217.16789  68.8%     -  653s
     0     0 5217.16789    0 12973 16719.6000 5217.16789  68.8%     -  653s
H    0     0                    16692.400000 5217.28356  68.7%     -  677s
H    0     0                    16689.200000 5217.28356  68.7%     -  677s
H    0     0                    16673.200000 5217.28356  68.7%     -  677s
H    0     0                    16634.800000 5217.28356  68.6%     -  677s
     0     0 5217.28356    0 13014 16634.8000 5217.28356  68.6%     -  677s
H    0     0                    16619.200000 5217.28356  68.6%     -  682s
H    0     0                    16617.600000 5423.68688  67.4%     -  794s
H    0     0                    16580.800000 5423.68688  67.3%     -  794s
H    0     0                    16579.600000 5423.68688  67.3%     -  794s
H    0     0                    16562.000000 5423.68688  67.3%     -  794s
H    0     0                    16550.000000 5423.68688  67.2%     -  794s
     0     0 5423.68688    0 13305 16550.0000 5423.68688  67.2%     -  796s
     0     0          -    0      16550.0000 5423.68688  67.2%     - 1000s

Cutting planes:
  Learned: 102
  Gomory: 2
  Cover: 5362
  Implied bound: 583
  Clique: 1462
  MIR: 557
  StrongCG: 340
  Flow cover: 661
  Zero half: 3053
  Network: 51
  RLT: 1457
  Relax-and-lift: 115

Explored 1 nodes (551186 simplex iterations) in 1000.10 seconds (792.00 work units)
Thread count was 12 (of 12 available processors)

Solution count 10: 16550 16562 16579.6 ... 16692.4

Time limit reached
Best objective 1.655000000000e+04, best bound 5.424000000000e+03, gap 67.2266%

Gurobi 9.5.1 (win64) logging started Wed May 25 22:16:04 2022

Set parameter LogFile to value "./Log/Direct_MIP_Sshape_solver_840_order_56_batch.log"
Gurobi Optimizer version 9.5.1 build v9.5.1rc2 (win64)
Thread count: 6 physical cores, 12 logical processors, using up to 12 threads
Optimize a model with 102144 rows, 145600 columns and 573552 nonzeros
Model fingerprint: 0xb932a19b
Model has 2632 quadratic constraints
Variable types: 0 continuous, 145600 integer (140224 binary)
Coefficient statistics:
  Matrix range     [1e+00, 5e+01]
  QMatrix range    [1e+00, 1e+00]
  QLMatrix range   [1e+00, 1e+00]
  Objective range  [4e-01, 4e+01]
  Bounds range     [1e+00, 1e+00]
  RHS range        [1e+00, 2e+01]
Presolve removed 43736 rows and 48776 columns
Presolve time: 1.29s
Presolved: 58408 rows, 96824 columns, 405160 nonzeros
Variable types: 0 continuous, 96824 integer (91616 binary)
Found heuristic solution: objective 20932.800000

Deterministic concurrent LP optimizer: primal and dual simplex
Showing first log only...


Use crossover to convert LP symmetric solution to basic solution...
Concurrent spin time: 0.01s

Solved with primal simplex

Root relaxation: objective 2.278800e+03, 52309 iterations, 2.95 seconds (4.49 work units)

    Nodes    |    Current Node    |     Objective Bounds      |     Work
 Expl Unexpl |  Obj  Depth IntInf | Incumbent    BestBd   Gap | It/Node Time

     0     0 2278.80000    0 15006 20932.8000 2278.80000  89.1%     -   48s
H    0     0                    20872.800000 2278.80000  89.1%     -   48s
H    0     0                    20506.800000 2278.80000  88.9%     -   59s
H    0     0                    20322.800000 2278.80000  88.8%     -  125s
H    0     0                    20113.600000 2278.80000  88.7%     -  125s
H    0     0                    19945.600000 2278.80000  88.6%     -  125s
H    0     0                    19350.000000 2278.80000  88.2%     -  125s
H    0     0                    19200.400000 2278.80000  88.1%     -  125s
H    0     0                    19128.400000 2278.80000  88.1%     -  125s
H    0     0                    19094.000000 2278.80000  88.1%     -  125s
H    0     0                    19069.200000 2278.80000  88.0%     -  125s
     0     0 2572.80000    0 9758 19069.2000 2572.80000  86.5%     -  206s
H    0     0                    18480.800000 2572.80000  86.1%     -  211s
H    0     0                    18131.200000 2572.80000  85.8%     -  234s
     0     0 3085.20000    0 9729 18131.2000 3085.20000  83.0%     -  235s
H    0     0                    17877.200000 3250.98889  81.8%     -  280s
     0     0 3250.98889    0 6175 17877.2000 3250.98889  81.8%     -  281s
H    0     0                    17874.400000 3500.72712  80.4%     -  517s
H    0     0                    17806.000000 3500.72712  80.3%     -  517s
H    0     0                    17738.400000 3500.72712  80.3%     -  517s
H    0     0                    17726.800000 3500.72712  80.3%     -  517s
H    0     0                    17710.400000 3500.72712  80.2%     -  517s
H    0     0                    17684.400000 3500.72712  80.2%     -  517s
H    0     0                    17630.400000 3500.72712  80.1%     -  517s
H    0     0                    17602.000000 3500.72712  80.1%     -  517s
H    0     0                    17570.000000 3500.72712  80.1%     -  517s
H    0     0                    17567.600000 3500.72712  80.1%     -  517s
H    0     0                    17567.200000 3500.72712  80.1%     -  517s
H    0     0                    17566.000000 3500.72712  80.1%     -  517s
H    0     0                    17558.000000 3500.72712  80.1%     -  517s
H    0     0                    17541.200000 3500.72712  80.0%     -  517s
H    0     0                    17487.600000 3500.72712  80.0%     -  517s
H    0     0                    17438.800000 3500.72712  79.9%     -  517s
H    0     0                    17405.600000 3500.72712  79.9%     -  517s
H    0     0                    17386.400000 3500.72712  79.9%     -  517s
H    0     0                    17385.600000 3500.72712  79.9%     -  517s
H    0     0                    17374.400000 3500.72712  79.9%     -  517s
H    0     0                    17215.200000 3500.72712  79.7%     -  517s
H    0     0                    17199.200000 3500.72712  79.6%     -  517s
H    0     0                    17196.000000 3500.72712  79.6%     -  517s
H    0     0                    17168.000000 3500.72712  79.6%     -  517s
H    0     0                    17143.600000 3500.72712  79.6%     -  517s
H    0     0                    17142.400000 3500.72712  79.6%     -  517s
H    0     0                    17103.600000 3500.72712  79.5%     -  517s
H    0     0                    17086.400000 3500.72712  79.5%     -  517s
H    0     0                    17069.200000 3500.72712  79.5%     -  517s
H    0     0                    17050.800000 3500.72712  79.5%     -  517s
H    0     0                    16936.400000 3500.72712  79.3%     -  517s
H    0     0                    16856.400000 3500.72712  79.2%     -  517s
H    0     0                    16802.400000 3500.72712  79.2%     -  517s
H    0     0                    16770.400000 3500.72712  79.1%     -  517s
H    0     0                    16649.200000 3500.72712  79.0%     -  517s
H    0     0                    16643.600000 3500.72712  79.0%     -  517s
H    0     0                    16606.800000 3500.72712  78.9%     -  517s
H    0     0                    16538.800000 3500.72712  78.8%     -  517s
H    0     0                    16536.000000 3500.72712  78.8%     -  517s
H    0     0                    16495.200000 3500.72712  78.8%     -  517s
H    0     0                    16493.600000 3500.72712  78.8%     -  518s
H    0     0                    16442.800000 3500.72712  78.7%     -  518s
H    0     0                    16438.000000 3500.72712  78.7%     -  518s
H    0     0                    16347.600000 3500.72712  78.6%     -  518s
H    0     0                    16340.800000 3500.72712  78.6%     -  518s
H    0     0                    16288.400000 3500.72712  78.5%     -  518s
H    0     0                    16287.200000 3500.72712  78.5%     -  518s
H    0     0                    16242.400000 3500.72712  78.4%     -  518s
H    0     0                    16238.800000 3500.72712  78.4%     -  518s
H    0     0                    16218.400000 3500.72712  78.4%     -  518s
H    0     0                    16212.400000 3500.72712  78.4%     -  518s
H    0     0                    16196.000000 3500.72712  78.4%     -  518s
H    0     0                    16187.600000 3500.72712  78.4%     -  518s
H    0     0                    16181.600000 3500.72712  78.4%     -  518s
H    0     0                    16124.000000 3500.72712  78.3%     -  518s
H    0     0                    16118.800000 3500.72712  78.3%     -  518s
H    0     0                    16103.600000 3500.72712  78.3%     -  518s
H    0     0                    16097.600000 3500.72712  78.3%     -  518s
H    0     0                    16063.600000 3500.72712  78.2%     -  518s
H    0     0                    16051.600000 3500.72712  78.2%     -  518s
H    0     0                    16041.200000 3500.72712  78.2%     -  518s
H    0     0                    16004.400000 3500.72712  78.1%     -  518s
H    0     0                    15998.000000 3500.72712  78.1%     -  518s
H    0     0                    15988.800000 3500.72712  78.1%     -  518s
H    0     0                    15965.200000 3500.72712  78.1%     -  518s
H    0     0                    15950.800000 3500.72712  78.1%     -  518s
H    0     0                    15942.800000 3500.72712  78.0%     -  518s
H    0     0                    15936.000000 3500.72712  78.0%     -  518s
H    0     0                    15906.000000 3500.72712  78.0%     -  518s
H    0     0                    15898.000000 3500.72712  78.0%     -  518s
H    0     0                    15873.200000 3500.72712  77.9%     -  518s
H    0     0                    15866.800000 3500.72712  77.9%     -  518s
H    0     0                    15790.800000 3500.72712  77.8%     -  518s
H    0     0                    15778.400000 3500.72712  77.8%     -  518s
     0     0 3500.72712    0 12769 15778.4000 3500.72712  77.8%     -  520s
H    0     0                    15772.800000 3858.40597  75.5%     -  625s
H    0     0                    15746.400000 3858.40597  75.5%     -  625s
H    0     0                    15738.400000 3858.40597  75.5%     -  625s
H    0     0                    15706.800000 3858.40597  75.4%     -  625s
H    0     0                    15678.800000 3858.40597  75.4%     -  625s
H    0     0                    15668.400000 3858.40597  75.4%     -  625s
H    0     0                    15652.399992 3858.40597  75.3%     -  625s
H    0     0                    15642.400000 3858.40597  75.3%     -  625s
H    0     0                    15642.000000 3858.40597  75.3%     -  625s
H    0     0                    15641.200000 3858.40597  75.3%     -  625s
H    0     0                    15634.400000 3858.40597  75.3%     -  625s
H    0     0                    15630.400000 3858.40597  75.3%     -  625s
H    0     0                    15614.400000 3858.40597  75.3%     -  625s
H    0     0                    15613.200000 3858.40597  75.3%     -  625s
H    0     0                    15596.800000 3858.40597  75.3%     -  625s
H    0     0                    15596.400000 3858.40597  75.3%     -  625s
H    0     0                    15596.000000 3858.40597  75.3%     -  625s
H    0     0                    15594.800000 3858.40597  75.3%     -  625s
H    0     0                    15563.200000 3858.40597  75.2%     -  625s
H    0     0                    15562.800000 3858.40597  75.2%     -  625s
H    0     0                    15549.200000 3858.40597  75.2%     -  625s
H    0     0                    15547.999986 3858.40597  75.2%     -  625s
H    0     0                    15546.800000 3858.40597  75.2%     -  625s
H    0     0                    15546.400000 3858.40597  75.2%     -  625s
H    0     0                    15532.800000 3858.40597  75.2%     -  625s
H    0     0                    15532.400000 3858.40597  75.2%     -  625s
     0     0 3858.40597    0 12804 15532.4000 3858.40597  75.2%     -  628s
H    0     0                    15524.000000 4197.25566  73.0%     -  761s
H    0     0                    15521.200000 4197.25566  73.0%     -  761s
H    0     0                    15519.600000 4197.25566  73.0%     -  761s
H    0     0                    15518.800000 4197.25566  73.0%     -  761s
H    0     0                    15518.400000 4197.25566  73.0%     -  761s
H    0     0                    15518.000000 4197.25566  73.0%     -  761s
H    0     0                    15516.400000 4197.25566  72.9%     -  761s
H    0     0                    15515.600000 4197.25566  72.9%     -  762s
H    0     0                    15502.000000 4197.25566  72.9%     -  762s
H    0     0                    15485.600000 4197.25566  72.9%     -  762s
H    0     0                    15468.000000 4197.25566  72.9%     -  762s
     0     0 4197.25566    0 12710 15468.0000 4197.25566  72.9%     -  764s
     0     0 4264.44791    0 12786 15468.0000 4264.44791  72.4%     -  954s
     0     0          -    0      15468.0000 4264.44791  72.4%     - 1000s

Cutting planes:
  Learned: 123
  Cover: 2955
  Implied bound: 233
  Clique: 1277
  MIR: 159
  StrongCG: 117
  Flow cover: 619
  Zero half: 1816
  Network: 2
  RLT: 1023
  Relax-and-lift: 784

Explored 1 nodes (652401 simplex iterations) in 1000.34 seconds (921.83 work units)
Thread count was 12 (of 12 available processors)

Solution count 10: 15468 15485.6 15502 ... 15521.2

Time limit reached
Best objective 1.546800000000e+04, best bound 4.264800000000e+03, gap 72.4282%

Gurobi 9.5.1 (win64) logging started Wed May 25 22:32:50 2022

Set parameter LogFile to value "./Log/Direct_MIP_Sshape_solver_840_order_56_batch.log"
Gurobi Optimizer version 9.5.1 build v9.5.1rc2 (win64)
Thread count: 6 physical cores, 12 logical processors, using up to 12 threads
Optimize a model with 102144 rows, 145600 columns and 572768 nonzeros
Model fingerprint: 0x01e4f4bd
Model has 2632 quadratic constraints
Variable types: 0 continuous, 145600 integer (140224 binary)
Coefficient statistics:
  Matrix range     [1e+00, 5e+01]
  QMatrix range    [1e+00, 1e+00]
  QLMatrix range   [1e+00, 1e+00]
  Objective range  [4e-01, 4e+01]
  Bounds range     [1e+00, 1e+00]
  RHS range        [1e+00, 2e+01]
Presolve removed 44856 rows and 49896 columns
Presolve time: 1.26s
Presolved: 57288 rows, 95704 columns, 403480 nonzeros
Variable types: 0 continuous, 95704 integer (90496 binary)
Found heuristic solution: objective 20773.600000

Deterministic concurrent LP optimizer: primal and dual simplex
Showing first log only...


Use crossover to convert LP symmetric solution to basic solution...
Concurrent spin time: 0.00s

Solved with primal simplex

Root relaxation: objective 2.271120e+03, 52314 iterations, 2.12 seconds (3.14 work units)

    Nodes    |    Current Node    |     Objective Bounds      |     Work
 Expl Unexpl |  Obj  Depth IntInf | Incumbent    BestBd   Gap | It/Node Time

     0     0 2271.12000    0 13660 20773.6000 2271.12000  89.1%     -   44s
H    0     0                    19880.399984 2271.12000  88.6%     -   76s
H    0     0                    19608.800000 2271.12000  88.4%     -   76s
H    0     0                    19484.400000 2271.12000  88.3%     -   76s
     0     0 2272.32000    0 9009 19484.4000 2272.32000  88.3%     -  104s
H    0     0                    19164.800000 2272.32000  88.1%     -  105s
     0     0 2565.12000    0 9147 19164.8000 2565.12000  86.6%     -  109s
H    0     0                    19041.600000 2565.12000  86.5%     -  144s
H    0     0                    18945.200000 2565.12000  86.5%     -  144s
H    0     0                    18908.800000 2565.12000  86.4%     -  144s
H    0     0                    18677.600000 2565.12000  86.3%     -  144s
     0     0 2565.12000    0 9890 18677.6000 2565.12000  86.3%     -  145s
H    0     0                    18661.600000 3222.47546  82.7%     -  267s
H    0     0                    18658.400000 3222.47546  82.7%     -  267s
H    0     0                    18610.800000 3222.47546  82.7%     -  267s
H    0     0                    18597.200000 3222.47546  82.7%     -  267s
H    0     0                    18538.800000 3222.47546  82.6%     -  267s
H    0     0                    18536.400000 3222.47546  82.6%     -  267s
H    0     0                    18533.600000 3222.47546  82.6%     -  267s
H    0     0                    18532.400000 3222.47546  82.6%     -  267s
H    0     0                    18486.400000 3222.47546  82.6%     -  267s
H    0     0                    18485.200000 3222.47546  82.6%     -  267s
H    0     0                    18429.600000 3222.47546  82.5%     -  267s
H    0     0                    18377.200000 3222.47546  82.5%     -  267s
H    0     0                    18376.000000 3222.47546  82.5%     -  267s
H    0     0                    18297.200000 3222.47546  82.4%     -  267s
H    0     0                    18294.800000 3222.47546  82.4%     -  267s
H    0     0                    18244.800000 3222.47546  82.3%     -  267s
H    0     0                    18242.000000 3222.47546  82.3%     -  267s
H    0     0                    18203.600000 3222.47546  82.3%     -  267s
H    0     0                    18200.800000 3222.47546  82.3%     -  267s
H    0     0                    18191.200000 3222.47546  82.3%     -  267s
H    0     0                    18186.400000 3222.47546  82.3%     -  267s
H    0     0                    18134.400000 3222.47546  82.2%     -  267s
H    0     0                    18128.400000 3222.47546  82.2%     -  267s
H    0     0                    18018.000000 3222.47546  82.1%     -  267s
H    0     0                    18012.000000 3222.47546  82.1%     -  267s
H    0     0                    17960.400000 3222.47546  82.1%     -  268s
H    0     0                    17956.800000 3222.47546  82.1%     -  268s
H    0     0                    17954.000000 3222.47546  82.1%     -  268s
H    0     0                    17953.200000 3222.47546  82.1%     -  268s
H    0     0                    17946.400000 3222.47546  82.0%     -  268s
H    0     0                    17940.400000 3222.47546  82.0%     -  268s
H    0     0                    17892.800000 3222.47546  82.0%     -  268s
H    0     0                    17888.400000 3222.47546  82.0%     -  268s
H    0     0                    17887.600000 3222.47546  82.0%     -  268s
H    0     0                    17880.000000 3222.47546  82.0%     -  268s
H    0     0                    17864.400000 3222.47546  82.0%     -  268s
     0     0 3222.47546    0 11907 17864.4000 3222.47546  82.0%     -  269s
H    0     0                    17858.000000 3493.09997  80.4%     -  424s
H    0     0                    17832.000000 3493.09997  80.4%     -  424s
H    0     0                    17821.600000 3493.09997  80.4%     -  424s
H    0     0                    17815.200000 3493.09997  80.4%     -  424s
H    0     0                    17806.000000 3493.09997  80.4%     -  424s
H    0     0                    17683.200000 3493.09997  80.2%     -  424s
H    0     0                    17681.200000 3493.09997  80.2%     -  424s
H    0     0                    17674.800000 3493.09997  80.2%     -  424s
H    0     0                    17662.000000 3493.09997  80.2%     -  424s
H    0     0                    17622.800000 3493.09997  80.2%     -  424s
H    0     0                    17615.600000 3493.09997  80.2%     -  424s
H    0     0                    17574.400000 3493.09997  80.1%     -  424s
H    0     0                    17563.200000 3493.09997  80.1%     -  424s
H    0     0                    17483.200000 3493.09997  80.0%     -  424s
H    0     0                    17444.000000 3493.09997  80.0%     -  424s
H    0     0                    17429.200000 3493.09997  80.0%     -  424s
H    0     0                    17420.000000 3493.09997  79.9%     -  424s
H    0     0                    17410.000000 3493.09997  79.9%     -  424s
H    0     0                    17408.400000 3493.09997  79.9%     -  424s
H    0     0                    17408.000000 3493.09997  79.9%     -  424s
H    0     0                    17398.800000 3493.09997  79.9%     -  424s
H    0     0                    17388.800000 3493.09997  79.9%     -  424s
H    0     0                    17386.800000 3493.09997  79.9%     -  424s
H    0     0                    17330.800000 3493.09997  79.8%     -  424s
H    0     0                    17305.600000 3493.09997  79.8%     -  425s
H    0     0                    17284.800000 3493.09997  79.8%     -  425s
     0     0 3493.09997    0 12419 17284.8000 3493.09997  79.8%     -  426s
H    0     0                    17281.200000 4189.68354  75.8%     -  505s
H    0     0                    17172.400000 4189.68354  75.6%     -  505s
H    0     0                    17124.800000 4189.68354  75.5%     -  505s
H    0     0                    17115.600000 4189.68354  75.5%     -  505s
H    0     0                    17002.800000 4189.68354  75.4%     -  505s
H    0     0                    16999.200000 4189.68354  75.4%     -  505s
H    0     0                    16864.000000 4189.68354  75.2%     -  505s
H    0     0                    16805.600000 4189.68354  75.1%     -  505s
H    0     0                    16783.600000 4189.68354  75.0%     -  505s
H    0     0                    16755.200000 4189.68354  75.0%     -  505s
H    0     0                    16736.000000 4189.68354  75.0%     -  505s
     0     0 4189.68354    0 11384 16736.0000 4189.68354  75.0%     -  507s
H    0     0                    16705.600000 4256.01097  74.5%     -  526s
H    0     0                    16673.200000 4256.01097  74.5%     -  526s
H    0     0                    16584.000000 4256.01097  74.3%     -  526s
     0     0 4256.01097    0 11948 16584.0000 4256.01097  74.3%     -  527s
H    0     0                    16552.000000 4272.51967  74.2%     -  550s
H    0     0                    16533.600000 4272.51967  74.2%     -  550s
H    0     0                    16524.800000 4272.51967  74.1%     -  550s
H    0     0                    16523.600000 4272.51967  74.1%     -  550s
H    0     0                    16521.200000 4272.51967  74.1%     -  550s
     0     0 4272.51967    0 11720 16521.2000 4272.51967  74.1%     -  551s
H    0     0                    16520.000000 4282.80279  74.1%     -  586s
H    0     0                    16512.000000 4282.80279  74.1%     -  586s
H    0     0                    16493.600000 4282.80279  74.0%     -  586s
H    0     0                    16478.400000 4282.80279  74.0%     -  586s
H    0     0                    16461.600000 4282.80279  74.0%     -  586s
H    0     0                    16376.000000 4282.80279  73.8%     -  586s
     0     0 4282.80279    0 11278 16376.0000 4282.80279  73.8%     -  586s
H    0     0                    16374.000000 4285.05584  73.8%     -  594s
     0     0 4285.05584    0 11170 16374.0000 4285.05584  73.8%     -  594s
     0     0 4286.73362    0 11169 16374.0000 4286.73362  73.8%     -  603s
     0     0 4287.44000    0 11067 16374.0000 4287.44000  73.8%     -  608s
     0     0 4287.44000    0 11044 16374.0000 4287.44000  73.8%     -  611s
     0     0          -    0      16374.0000 4287.44000  73.8%     - 1000s

Cutting planes:
  Learned: 113
  Cover: 5649
  Implied bound: 1195
  Clique: 1943
  MIR: 418
  StrongCG: 156
  Flow cover: 229
  Zero half: 1420
  Network: 158
  RLT: 1264
  Relax-and-lift: 179

Explored 1 nodes (472978 simplex iterations) in 1000.19 seconds (1053.70 work units)
Thread count was 12 (of 12 available processors)

Solution count 10: 16374 16376 16461.6 ... 16524.8

Time limit reached
Best objective 1.637400000000e+04, best bound 4.287600000000e+03, gap 73.8146%

Gurobi 9.5.1 (win64) logging started Wed May 25 22:49:36 2022

Set parameter LogFile to value "./Log/Direct_MIP_Sshape_solver_840_order_56_batch.log"
Gurobi Optimizer version 9.5.1 build v9.5.1rc2 (win64)
Thread count: 6 physical cores, 12 logical processors, using up to 12 threads
Optimize a model with 102144 rows, 145600 columns and 573160 nonzeros
Model fingerprint: 0x4ba66469
Model has 2632 quadratic constraints
Variable types: 0 continuous, 145600 integer (140224 binary)
Coefficient statistics:
  Matrix range     [1e+00, 5e+01]
  QMatrix range    [1e+00, 1e+00]
  QLMatrix range   [1e+00, 1e+00]
  Objective range  [4e-01, 4e+01]
  Bounds range     [1e+00, 1e+00]
  RHS range        [1e+00, 2e+01]
Presolve removed 44800 rows and 49840 columns
Presolve time: 1.28s
Presolved: 57344 rows, 95760 columns, 401744 nonzeros
Variable types: 0 continuous, 95760 integer (90552 binary)
Found heuristic solution: objective 21080.000000

Deterministic concurrent LP optimizer: primal and dual simplex
Showing first log only...


Use crossover to convert LP symmetric solution to basic solution...
Concurrent spin time: 0.10s

Solved with primal simplex

Root relaxation: objective 2.322320e+03, 52311 iterations, 2.42 seconds (3.79 work units)

    Nodes    |    Current Node    |     Objective Bounds      |     Work
 Expl Unexpl |  Obj  Depth IntInf | Incumbent    BestBd   Gap | It/Node Time

     0     0 2322.32000    0 13260 21080.0000 2322.32000  89.0%     -   49s
H    0     0                    20200.800000 2322.32000  88.5%     -   97s
H    0     0                    19970.800000 2322.32000  88.4%     -   97s
H    0     0                    19845.200000 2322.32000  88.3%     -   97s
H    0     0                    19357.200000 2322.32000  88.0%     -   97s
     0     0 2323.52000    0 8800 19357.2000 2323.52000  88.0%     -  123s
H    0     0                    19261.200000 2323.52000  87.9%     -  125s
H    0     0                    19227.600000 2323.52000  87.9%     -  127s
H    0     0                    19223.600000 2323.52000  87.9%     -  127s
H    0     0                    19137.600000 2323.52000  87.9%     -  127s
     0     0 2616.32000    0 8904 19137.6000 2616.32000  86.3%     -  127s
H    0     0                    19132.000000 3311.72156  82.7%     -  255s
H    0     0                    18937.200000 3311.72156  82.5%     -  255s
H    0     0                    18898.000000 3311.72156  82.5%     -  255s
H    0     0                    18878.000000 3311.72156  82.5%     -  255s
H    0     0                    18842.800000 3311.72156  82.4%     -  255s
H    0     0                    18802.800000 3311.72156  82.4%     -  255s
H    0     0                    18753.200000 3311.72156  82.3%     -  255s
H    0     0                    18603.200000 3311.72156  82.2%     -  255s
H    0     0                    18584.400000 3311.72156  82.2%     -  255s
H    0     0                    18485.600000 3311.72156  82.1%     -  255s
H    0     0                    18457.600000 3311.72156  82.1%     -  255s
H    0     0                    18456.400000 3311.72156  82.1%     -  255s
H    0     0                    18453.600000 3311.72156  82.1%     -  255s
H    0     0                    18452.400000 3311.72156  82.1%     -  255s
H    0     0                    18451.200000 3311.72156  82.1%     -  255s
H    0     0                    18448.800000 3311.72156  82.0%     -  255s
H    0     0                    18446.800000 3311.72156  82.0%     -  255s
H    0     0                    18442.800000 3311.72156  82.0%     -  255s
H    0     0                    18390.000000 3311.72156  82.0%     -  255s
H    0     0                    18385.200000 3311.72156  82.0%     -  255s
H    0     0                    18327.600000 3311.72156  81.9%     -  255s
H    0     0                    18323.600000 3311.72156  81.9%     -  255s
H    0     0                    18322.400000 3311.72156  81.9%     -  255s
H    0     0                    18319.200000 3311.72156  81.9%     -  255s
H    0     0                    18210.400000 3311.72156  81.8%     -  255s
H    0     0                    18208.000000 3311.72156  81.8%     -  255s
     0     0 3311.72156    0 11972 18208.0000 3311.72156  81.8%     -  257s
H    0     0                    18206.400000 4442.26360  75.6%     -  372s
H    0     0                    18194.800000 4442.26360  75.6%     -  373s
H    0     0                    18191.600000 4442.26360  75.6%     -  373s
H    0     0                    18189.600000 4442.26360  75.6%     -  373s
H    0     0                    18187.200000 4442.26360  75.6%     -  373s
H    0     0                    18182.000000 4442.26360  75.6%     -  373s
H    0     0                    18132.400000 4442.26360  75.5%     -  373s
H    0     0                    18124.800000 4442.26360  75.5%     -  373s
H    0     0                    18060.400000 4442.26360  75.4%     -  373s
H    0     0                    18054.000000 4442.26360  75.4%     -  373s
H    0     0                    18002.800000 4442.26360  75.3%     -  373s
H    0     0                    17994.800000 4442.26360  75.3%     -  373s
H    0     0                    17945.200000 4442.26360  75.2%     -  373s
H    0     0                    17938.000000 4442.26360  75.2%     -  373s
H    0     0                    17928.400000 4442.26360  75.2%     -  373s
H    0     0                    17909.200000 4442.26360  75.2%     -  373s
H    0     0                    17908.800000 4442.26360  75.2%     -  373s
H    0     0                    17901.200000 4442.26360  75.2%     -  373s
H    0     0                    17781.200000 4442.26360  75.0%     -  373s
H    0     0                    17752.400000 4442.26360  75.0%     -  373s
H    0     0                    17668.400000 4442.26360  74.9%     -  373s
H    0     0                    17652.000000 4442.26360  74.8%     -  373s
H    0     0                    17622.800000 4442.26360  74.8%     -  373s
H    0     0                    17620.800000 4442.26360  74.8%     -  373s
H    0     0                    17573.600000 4442.26360  74.7%     -  373s
H    0     0                    17526.400000 4442.26360  74.7%     -  373s
H    0     0                    17460.800000 4442.26360  74.6%     -  373s
     0     0 4442.26360    0 13451 17460.8000 4442.26360  74.6%     -  375s
H    0     0                    17459.600000 4826.46412  72.4%     -  433s
H    0     0                    17448.000000 4826.46412  72.3%     -  433s
H    0     0                    17392.400000 4826.46412  72.2%     -  433s
H    0     0                    17374.000000 4826.46412  72.2%     -  433s
H    0     0                    17338.400000 4826.46412  72.2%     -  433s
H    0     0                    17327.600000 4826.46412  72.1%     -  433s
H    0     0                    17327.200000 4826.46412  72.1%     -  433s
H    0     0                    17324.800000 4826.46412  72.1%     -  433s
H    0     0                    17309.600000 4826.46412  72.1%     -  433s
     0     0 4826.46412    0 12914 17309.6000 4826.46412  72.1%     -  436s
H    0     0                    17307.200000 4977.72108  71.2%     -  469s
H    0     0                    17305.600000 4977.72108  71.2%     -  469s
H    0     0                    17290.400000 4977.72108  71.2%     -  469s
H    0     0                    17288.000000 4977.72108  71.2%     -  469s
     0     0 4977.72108    0 12910 17288.0000 4977.72108  71.2%     -  470s
H    0     0                    17255.200000 5017.67913  70.9%     -  493s
H    0     0                    17254.800000 5017.67913  70.9%     -  493s
H    0     0                    17203.600000 5017.67913  70.8%     -  493s
     0     0 5017.67913    0 12899 17203.6000 5017.67913  70.8%     -  494s
H    0     0                    17167.600000 5036.69470  70.7%     -  544s
H    0     0                    17133.600000 5036.69470  70.6%     -  544s
H    0     0                    17116.800000 5036.69470  70.6%     -  544s
H    0     0                    17106.800000 5036.69470  70.6%     -  544s
H    0     0                    17067.600000 5036.69470  70.5%     -  544s
     0     0 5036.69470    0 13029 17067.6000 5036.69470  70.5%     -  545s
H    0     0                    17032.800000 5041.19174  70.4%     -  689s
H    0     0                    16960.800000 5041.19174  70.3%     -  689s
H    0     0                    16957.600000 5041.19174  70.3%     -  689s
H    0     0                    16875.600000 5041.19174  70.1%     -  689s
H    0     0                    16856.800000 5041.19174  70.1%     -  689s
H    0     0                    16746.400000 5041.19174  69.9%     -  689s
H    0     0                    16730.800000 5041.19174  69.9%     -  689s
H    0     0                    16726.800000 5041.19174  69.9%     -  689s
H    0     0                    16717.200000 5041.19174  69.8%     -  689s
H    0     0                    16714.800000 5041.19174  69.8%     -  689s
H    0     0                    16711.600000 5041.19174  69.8%     -  689s
H    0     0                    16698.800000 5041.19174  69.8%     -  689s
H    0     0                    16697.600000 5041.19174  69.8%     -  689s
H    0     0                    16678.800000 5041.19174  69.8%     -  689s
H    0     0                    16677.600000 5041.19174  69.8%     -  689s
H    0     0                    16674.800000 5041.19174  69.8%     -  689s
H    0     0                    16659.200000 5041.19174  69.7%     -  689s
     0     0 5041.19174    0 13298 16659.2000 5041.19174  69.7%     -  691s
     0     0 5042.48487    0 13051 16659.2000 5042.48487  69.7%     -  756s
     0     0 5042.77580    0 12971 16659.2000 5042.77580  69.7%     -  782s
     0     0 5042.90077    0 12935 16659.2000 5042.90077  69.7%     -  797s
     0     0          -    0      16659.2000 5042.90077  69.7%     - 1000s

Cutting planes:
  Learned: 121
  Gomory: 1
  Cover: 5648
  Implied bound: 898
  Clique: 797
  MIR: 397
  StrongCG: 328
  Flow cover: 380
  Zero half: 2402
  Network: 160
  RLT: 1408
  Relax-and-lift: 602

Explored 1 nodes (575330 simplex iterations) in 1000.10 seconds (935.88 work units)
Thread count was 12 (of 12 available processors)

Solution count 10: 16659.2 16674.8 16677.6 ... 16726.8

Time limit reached
Best objective 1.665920000000e+04, best bound 5.043200000000e+03, gap 69.7272%
