
Gurobi 9.5.1 (win64) logging started Mon Apr 18 21:26:00 2022

Set parameter LogFile to value "./Log/Direct_MIP_Sshape_solver_600_order_60_batch.log"
Gurobi Optimizer version 9.5.1 build v9.5.1rc2 (win64)
Thread count: 6 physical cores, 12 logical processors, using up to 12 threads
Optimize a model with 63540 rows, 98880 columns and 297120 nonzeros
Model fingerprint: 0x703c2b3b
Variable types: 0 continuous, 98880 integer (98880 binary)
Coefficient statistics:
  Matrix range     [1e+00, 1e+01]
  Objective range  [4e-01, 2e+01]
  Bounds range     [1e+00, 1e+00]
  RHS range        [1e+00, 1e+01]
Found heuristic solution: objective 10500.800000
Presolve removed 33660 rows and 33660 columns
Presolve time: 0.63s
Presolved: 29880 rows, 65220 columns, 257280 nonzeros
Variable types: 0 continuous, 65220 integer (65220 binary)

Deterministic concurrent LP optimizer: primal and dual simplex
Showing first log only...


Use crossover to convert LP symmetric solution to basic solution...
Concurrent spin time: 0.01s

Solved with primal simplex

Root relaxation: objective 3.229520e+03, 35927 iterations, 0.23 seconds (0.23 work units)

    Nodes    |    Current Node    |     Objective Bounds      |     Work
 Expl Unexpl |  Obj  Depth IntInf | Incumbent    BestBd   Gap | It/Node Time

     0     0 3229.52000    0 1974 10500.8000 3229.52000  69.2%     -    3s
H    0     0                    9312.6000000 3229.52000  65.3%     -    3s
H    0     0                    9294.2000000 3229.52000  65.3%     -    4s
H    0     0                    7801.4000000 3229.52000  58.6%     -    5s
     0     0 3229.52000    0 2878 7801.40000 3229.52000  58.6%     -    8s
H    0     0                    7535.6000000 3229.52000  57.1%     -    9s
     0     0 3229.52000    0 2602 7535.60000 3229.52000  57.1%     -    9s
H    0     0                    7484.8000000 3229.52000  56.9%     -   13s
     0     0 3229.52000    0 2009 7484.80000 3229.52000  56.9%     -   14s
     0     0 3229.52000    0 1990 7484.80000 3229.52000  56.9%     -   15s
H    0     0                    7408.0000000 3229.52000  56.4%     -   18s
     0     0 3229.52000    0 2043 7408.00000 3229.52000  56.4%     -   19s
     0     0 3229.52000    0 1958 7408.00000 3229.52000  56.4%     -   20s
H    0     0                    7330.6000000 3229.52000  55.9%     -   22s
H    0     0                    7126.6000000 3229.52000  54.7%     -   31s
     0     2 3231.92000    0 1862 7126.60000 3231.92000  54.6%     -   35s
    13     3 infeasible    7      7126.60000 3234.06667  54.6%   933   40s
    31    16 3324.97870   11 2803 7126.60000 3234.85959  54.6%  1428   46s
H   43    24                    6876.6000000 3234.85959  53.0%  1912   50s
H   46    24                    6803.4000000 3234.85959  52.5%  1808   50s
    62    31 3447.90702   16 2503 6803.40000 3234.85959  52.5%  1736   55s
H   88    48                    6686.0000000 3234.85959  51.6%  1441   73s
H   89    48                    6661.4000000 3234.85959  51.4%  1426   73s
H   92    48                    6634.0000000 3234.85959  51.2%  1401   73s
H  100    54                    6629.2000000 3234.85959  51.2%  1312   74s
H  102    54                    6625.0000000 3234.85959  51.2%  1294   74s
   103    62 3447.90702   22 2458 6625.00000 3234.85959  51.2%  1310   76s
H  134    83                    6606.8000000 3234.85959  51.0%  1074   81s
H  140    83                    6575.0000000 3234.85959  50.8%  1033   81s
   159    88 3451.17892   29 2365 6575.00000 3234.85959  50.8%   967   85s
H  171    93                    6528.8000000 3234.85959  50.5%   927   87s
H  173    93                    6518.0000000 3234.85959  50.4%   921   87s
H  178    93                    6502.8000000 3234.85959  50.3%   898   87s
   195   107 3471.11024   35 2206 6502.80000 3234.85959  50.3%   865   91s
H  210   112                    6418.4000000 3234.85959  49.6%   820  102s
H  214   112                    6406.9999999 3234.85959  49.5%   808  102s
   233   119 3482.37758   41 2438 6407.00000 3234.85959  49.5%   778  106s
   256   138 3495.16693   45 2333 6407.00000 3234.85959  49.5%   802  113s
   269   145 3501.97197   48 2112 6407.00000 3234.85959  49.5%   822  116s
   301   165 3527.07991   54 2127 6407.00000 3234.85959  49.5%   786  122s
   320   175 3527.07991   57 2093 6407.00000 3234.85959  49.5%   763  125s
   361   197 3555.93077   66 1962 6407.00000 3234.85959  49.5%   713  132s
   382   211 3570.57353   70 2077 6407.00000 3234.85959  49.5%   702  136s
   402   219 3598.01208   75 1882 6407.00000 3234.85959  49.5%   684  140s
H  449   239                    6265.2000000 3234.85959  48.4%   641  186s
   456   262 3636.77884   85 1853 6265.20000 3234.85959  48.4%   643  190s
H  485   269                    6262.2000000 3234.85959  48.3%   621  198s
H  498   269                    6242.0000000 3234.85959  48.2%   610  198s
H  503   269                    6240.0000000 3234.85959  48.2%   609  198s
   504   283 3678.93140   93 1763 6240.00000 3234.85959  48.2%   609  202s
   532   292 3710.50326   99 1835 6240.00000 3234.85959  48.2%   598  225s
H  533   292                    6230.2000000 3234.85959  48.1%   597  225s
H  539   292                    6217.0000000 3234.85959  48.0%   594  225s
   549   314 3717.99257  100 1834 6217.00000 3234.85959  48.0%   591  230s
   585   342 3779.66338  110 1806 6217.00000 3234.85959  48.0%   584  245s
H  591   342                    6180.0000000 3234.85959  47.7%   579  245s
   615   388 3822.94687  117 1710 6180.00000 3234.85959  47.7%   586  251s
   661   419 3907.62711  131 1682 6180.00000 3234.85959  47.7%   565  257s
   707   442 4030.16757  147 1709 6180.00000 3234.85959  47.7%   536  263s
   750   471 4113.58675  158 1663 6180.00000 3234.85959  47.7%   519  269s
   797   507 4235.15612  174 1569 6180.00000 3234.85959  47.7%   503  276s
   841   544 4327.40276  186 1566 6180.00000 3234.85959  47.7%   498  283s
   892   577 4454.05951  203 1505 6180.00000 3234.85959  47.7%   489  291s
   951   624 4544.16247  221 1457 6180.00000 3234.85959  47.7%   469  309s
H  964   624                    6156.4000000 3234.85959  47.5%   464  309s
H  975   624                    6104.4000000 3234.85959  47.0%   459  309s
H 1020   681                    6016.8000000 3234.85959  46.2%   453  316s
H 1044   681                    5993.4000000 3234.85959  46.0%   445  316s
H 1046   681                    5985.6000000 3234.85959  46.0%   444  316s
H 1049   681                    5981.0000000 3234.85959  45.9%   443  316s
H 1095   737                    5947.6000000 3234.85959  45.6%   437  322s
  1167   796 4985.65833  322 1223 5947.60000 3234.85959  45.6%   414  330s
  1253   797 4487.97545  210 1958 5947.60000 3234.85959  45.6%   399  353s

Explored 1254 nodes (1017442 simplex iterations) in 1000.05 seconds (1426.31 work units)
Thread count was 12 (of 12 available processors)

Solution count 10: 5947.6 5981 5985.6 ... 6230.2

Time limit reached
Best objective 5.947600000000e+03, best bound 3.235000000000e+03, gap 45.6083%

Gurobi 9.5.1 (win64) logging started Tue Apr 19 19:48:55 2022

Set parameter LogFile to value "./Log/Direct_MIP_Sshape_solver_600_order_60_batch.log"
Gurobi Optimizer version 9.5.1 build v9.5.1rc2 (win64)
Thread count: 6 physical cores, 12 logical processors, using up to 12 threads
Optimize a model with 70740 rows, 106080 columns and 325020 nonzeros
Model fingerprint: 0x3f86c928
Variable types: 0 continuous, 106080 integer (106080 binary)
Coefficient statistics:
  Matrix range     [1e+00, 1e+01]
  Objective range  [4e-01, 2e+01]
  Bounds range     [1e+00, 1e+00]
  RHS range        [1e+00, 1e+01]
Found heuristic solution: objective 11451.800000
Presolve removed 37380 rows and 37380 columns
Presolve time: 0.76s
Presolved: 33360 rows, 68700 columns, 278820 nonzeros
Variable types: 0 continuous, 68700 integer (68700 binary)

Deterministic concurrent LP optimizer: primal and dual simplex
Showing first log only...


Use crossover to convert LP symmetric solution to basic solution...
Concurrent spin time: 0.02s

Solved with primal simplex

Root relaxation: objective 3.390320e+03, 35927 iterations, 0.24 seconds (0.25 work units)

    Nodes    |    Current Node    |     Objective Bounds      |     Work
 Expl Unexpl |  Obj  Depth IntInf | Incumbent    BestBd   Gap | It/Node Time

     0     0 3390.32000    0 2242 11451.8000 3390.32000  70.4%     -    3s
H    0     0                    10219.200000 3390.32000  66.8%     -    3s
H    0     0                    10214.800000 3390.32000  66.8%     -    4s
H    0     0                    7800.2000000 3390.32000  56.5%     -    6s
H    0     0                    7723.2000000 3390.32000  56.1%     -    6s
     0     0 3390.32000    0 3427 7723.20000 3390.32000  56.1%     -    7s
H    0     0                    7663.8000000 3390.32000  55.8%     -    8s
     0     0 3390.32000    0 3352 7663.80000 3390.32000  55.8%     -    8s
H    0     0                    7619.8000000 3390.32000  55.5%     -    9s
H    0     0                    7587.8000000 3390.32000  55.3%     -   13s
H    0     0                    7575.6000000 3390.32000  55.2%     -   13s
     0     0 3390.32000    0 2328 7575.60000 3390.32000  55.2%     -   14s
     0     0 3390.32000    0 2391 7575.60000 3390.32000  55.2%     -   14s
H    0     0                    7555.4000000 3390.32000  55.1%     -   19s
H    0     0                    7520.0000000 3390.32000  54.9%     -   19s
H    0     0                    7511.2000000 3390.32000  54.9%     -   19s
     0     0 3390.32000    0 2345 7511.20000 3390.32000  54.9%     -   19s
H    0     0                    7502.6000000 3390.32000  54.8%     -   21s
H    0     0                    7495.4000000 3390.32000  54.8%     -   21s
     0     0 3390.32000    0 2310 7495.40000 3390.32000  54.8%     -   22s
     0     2 3390.32000    0 2141 7495.40000 3390.32000  54.8%     -   37s
     7     2 3390.58667    4 2469 7495.40000 3390.58667  54.8%  1268   40s
    17     8 3461.06708    9 2838 7495.40000 3395.57456  54.7%  1395   45s
    27    20 3574.79655   11 3194 7495.40000 3410.80541  54.5%  3782   61s
    33    24 3644.19417   12 3111 7495.40000 3410.80541  54.5%  4813   65s
    39    29 3647.63269   13 3055 7495.40000 3410.80541  54.5%  4687  104s
H   41    29                    7462.2000000 3410.80541  54.3%  5322  104s
    46    35 3650.56981   14 3176 7462.20000 3410.80541  54.3%  4946  117s
    59    48 3695.73230   16 2838 7462.20000 3410.80541  54.3%  4737  122s
    79    66 3744.68507   19 2594 7462.20000 3410.80541  54.3%  3854  127s
    89    75 3747.72634   21 2642 7462.20000 3410.80541  54.3%  3626  130s
H  106    86                    7461.0000000 3410.80541  54.3%  3307  132s
   109    96 3764.99831   26 2436 7461.00000 3410.80541  54.3%  3276  135s
H  137   114                    7449.0000000 3410.80541  54.2%  2821  141s
H  146   114                    7438.6000000 3410.80541  54.1%  2669  141s
   169   131 3771.85941   37 2422 7438.60000 3410.80541  54.1%  2421  147s
H  182   144                    7408.2000000 3410.80541  54.0%  2336  150s
H  186   144                    7394.8000000 3410.80541  53.9%  2291  150s
H  193   144                    7392.8000000 3410.80541  53.9%  2227  150s
   212   170 3807.06054   45 2331 7392.80000 3410.80541  53.9%  2070  156s
H  229   180                    7327.4000000 3410.80541  53.5%  1959  164s
H  231   180                    7303.4000000 3410.80541  53.3%  1944  164s
H  238   180                    7291.0000000 3410.80541  53.2%  1900  164s
   239   193 3859.11664   51 2239 7291.00000 3410.80541  53.2%  1900  167s
   258   204 3860.55622   54 2395 7291.00000 3410.80541  53.2%  1790  170s
H  279   207                    7153.8000000 3410.80541  52.3%  1684  210s
H  280   207                    7098.2000000 3410.80541  51.9%  1679  210s
   309   238 3899.25881   64 2374 7098.20000 3410.80541  51.9%  1574  218s
   333   253 3905.13881   70 2329 7098.20000 3410.80541  51.9%  1477  223s
   358   262 3923.90015   76 2188 7098.20000 3410.80541  51.9%  1416  227s
   383   275 3958.75251   83 2178 7098.20000 3410.80541  51.9%  1361  233s
   414   295 3984.66653   90 2125 7098.20000 3410.80541  51.9%  1296  239s
   442   315 4048.38052  100 2146 7098.20000 3410.80541  51.9%  1261  247s
   470   332 4103.83667  110 2069 7098.20000 3410.80541  51.9%  1259  253s
   495   353 4146.67503  118 2061 7098.20000 3410.80541  51.9%  1212  260s
   528   384 4252.85302  129 1943 7098.20000 3410.80541  51.9%  1172  268s
   567   414 4363.19293  145 1876 7098.20000 3410.80541  51.9%  1142  289s
   599   449 4460.09034  160 1804 7098.20000 3410.80541  51.9%  1157  302s
   644   491 4599.46789  179 1660 7098.20000 3410.80541  51.9%  1158  308s
   696   530 4766.62082  201 1637 7098.20000 3410.80541  51.9%  1105  316s
   757   580 4946.81273  225 1605 7098.20000 3410.80541  51.9%  1037  323s
   821   629 5118.12259  251 1577 7098.20000 3410.80541  51.9%   971  330s
   888   676 5259.08667  279 1356 7098.20000 3410.80541  51.9%   917  338s
   961   719 5385.41956  309 1344 7098.20000 3410.80541  51.9%   864  346s
  1028   772 5526.02833  342 1254 7098.20000 3410.80541  51.9%   826  354s
  1095   822 5684.58300  377 1226 7098.20000 3410.80541  51.9%   793  363s
  1167   873 5835.17500  414 1156 7098.20000 3410.80541  51.9%   763  371s
H 1171   873                    6503.4000000 3410.80541  47.6%   760  371s
H 1197   873                    6461.8000000 3410.80541  47.2%   744  371s
H 1203   873                    6459.6000000 3410.80541  47.2%   741  371s
  1244   928 5991.74000  453 1067 6459.60000 3410.80541  47.2%   732  383s
  1316   929 4040.62757   78 2310 6459.60000 3410.80541  47.2%   727  422s

Explored 1317 nodes (1462049 simplex iterations) in 1000.05 seconds (1436.00 work units)
Thread count was 12 (of 12 available processors)

Solution count 10: 6459.6 6461.8 6503.4 ... 7394.8

Time limit reached
Best objective 6.459600000000e+03, best bound 3.411000000000e+03, gap 47.1949%

Gurobi 9.5.1 (win64) logging started Wed Apr 27 21:17:37 2022

Set parameter LogFile to value "./Log/Direct_MIP_Sshape_solver_600_order_60_batch.log"
Gurobi Optimizer version 9.5.1 build v9.5.1rc2 (win64)
Thread count: 6 physical cores, 12 logical processors, using up to 12 threads
Optimize a model with 82260 rows, 114720 columns and 485700 nonzeros
Model fingerprint: 0x68fa6685
Model has 2820 quadratic constraints
Variable types: 0 continuous, 114720 integer (108960 binary)
Coefficient statistics:
  Matrix range     [1e+00, 5e+01]
  QMatrix range    [1e+00, 1e+00]
  QLMatrix range   [1e+00, 1e+00]
  Objective range  [4e-01, 4e+01]
  Bounds range     [1e+00, 1e+00]
  RHS range        [1e+00, 1e+01]
Presolve removed 32820 rows and 38220 columns
Presolve time: 1.16s
Presolved: 49440 rows, 76500 columns, 320820 nonzeros
Variable types: 0 continuous, 76500 integer (70920 binary)
Found heuristic solution: objective 21913.200000

Deterministic concurrent LP optimizer: primal and dual simplex
Showing first log only...


Use crossover to convert LP symmetric solution to basic solution...
Concurrent spin time: 0.14s

Solved with primal simplex

Root relaxation: objective 2.299600e+03, 41646 iterations, 2.57 seconds (4.17 work units)

    Nodes    |    Current Node    |     Objective Bounds      |     Work
 Expl Unexpl |  Obj  Depth IntInf | Incumbent    BestBd   Gap | It/Node Time

     0     0 2299.60000    0 14186 21913.2000 2299.60000  89.5%     -   38s
H    0     0                    20675.600000 2299.60000  88.9%     -   93s
H    0     0                    20065.200000 2299.60000  88.5%     -   93s
H    0     0                    19864.000000 2299.60000  88.4%     -   93s
H    0     0                    19619.600000 2299.60000  88.3%     -   93s
H    0     0                    19436.800000 2299.60000  88.2%     -   93s
H    0     0                    19040.400000 2299.60000  87.9%     -   93s
     0     0 2593.60000    0 8868 19040.4000 2593.60000  86.4%     -  113s
H    0     0                    18997.200000 2593.60000  86.3%     -  117s
H    0     0                    18959.600000 2593.60000  86.3%     -  119s
H    0     0                    18829.200000 2593.60000  86.2%     -  119s
H    0     0                    18755.600000 2593.60000  86.2%     -  119s
H    0     0                    18734.400000 2593.60000  86.2%     -  119s
H    0     0                    18694.000000 2593.60000  86.1%     -  119s
     0     0 2593.60000    0 8864 18694.0000 2593.60000  86.1%     -  120s
     0     0 2593.60000    0 8723 18694.0000 2593.60000  86.1%     -  120s
     0     0 2593.60000    0 8690 18694.0000 2593.60000  86.1%     -  120s
H    0     0                    18598.000000 2593.60000  86.1%     -  123s
H    0     0                    18541.600000 3541.80789  80.9%     -  189s
H    0     0                    18520.800000 3541.80789  80.9%     -  189s
H    0     0                    18452.800000 3541.80789  80.8%     -  189s
H    0     0                    18393.200000 3541.80789  80.7%     -  189s
H    0     0                    18376.800000 3541.80789  80.7%     -  189s
H    0     0                    18360.000000 3541.80789  80.7%     -  189s
H    0     0                    18358.000000 3541.80789  80.7%     -  189s
H    0     0                    18356.400000 3541.80789  80.7%     -  189s
H    0     0                    18352.000000 3541.80789  80.7%     -  189s
H    0     0                    18351.200000 3541.80789  80.7%     -  189s
H    0     0                    18348.400000 3541.80789  80.7%     -  189s
H    0     0                    18348.000000 3541.80789  80.7%     -  189s
H    0     0                    18346.400000 3541.80789  80.7%     -  189s
H    0     0                    18344.400000 3541.80789  80.7%     -  189s
H    0     0                    18335.200000 3541.80789  80.7%     -  189s
H    0     0                    18330.000000 3541.80789  80.7%     -  189s
H    0     0                    18308.800000 3541.80789  80.7%     -  189s
H    0     0                    18306.800000 3541.80789  80.7%     -  189s
H    0     0                    18286.400000 3541.80789  80.6%     -  189s
H    0     0                    18284.000000 3541.80789  80.6%     -  190s
H    0     0                    18255.200000 3541.80789  80.6%     -  190s
H    0     0                    18250.000000 3541.80789  80.6%     -  190s
H    0     0                    18198.400000 3541.80789  80.5%     -  190s
H    0     0                    18194.000000 3541.80789  80.5%     -  190s
H    0     0                    18142.400000 3541.80789  80.5%     -  190s
H    0     0                    18136.800000 3541.80789  80.5%     -  190s
H    0     0                    18112.800000 3541.80789  80.4%     -  190s
H    0     0                    18105.200000 3541.80789  80.4%     -  190s
H    0     0                    18096.800000 3541.80789  80.4%     -  190s
H    0     0                    18036.000000 3541.80789  80.4%     -  190s
     0     0 3541.80789    0 11708 18036.0000 3541.80789  80.4%     -  190s
H    0     0                    18028.400000 4527.30351  74.9%     -  293s
H    0     0                    17978.000000 4527.30351  74.8%     -  293s
H    0     0                    17969.200000 4527.30351  74.8%     -  293s
H    0     0                    17895.600000 4527.30351  74.7%     -  293s
H    0     0                    17892.800000 4527.30351  74.7%     -  293s
H    0     0                    17886.000000 4527.30351  74.7%     -  293s
H    0     0                    17830.800000 4527.30351  74.6%     -  293s
H    0     0                    17822.800000 4527.30351  74.6%     -  293s
H    0     0                    17810.400000 4527.30351  74.6%     -  293s
H    0     0                    17804.400000 4527.30351  74.6%     -  293s
H    0     0                    17798.000000 4527.30351  74.6%     -  293s
H    0     0                    17748.800000 4527.30351  74.5%     -  293s
H    0     0                    17735.200000 4527.30351  74.5%     -  293s
H    0     0                    17688.400000 4527.30351  74.4%     -  293s
H    0     0                    17659.200000 4527.30351  74.4%     -  293s
H    0     0                    17563.200000 4527.30351  74.2%     -  293s
H    0     0                    17513.200000 4527.30351  74.1%     -  293s
H    0     0                    17474.400000 4527.30351  74.1%     -  293s
H    0     0                    17473.200000 4527.30351  74.1%     -  293s
H    0     0                    17458.800000 4527.30351  74.1%     -  293s
H    0     0                    17458.400000 4527.30351  74.1%     -  293s
H    0     0                    17416.400000 4527.30351  74.0%     -  293s
H    0     0                    17414.400000 4527.30351  74.0%     -  293s
H    0     0                    17412.800000 4527.30351  74.0%     -  293s
H    0     0                    17412.400000 4527.30351  74.0%     -  293s
H    0     0                    17412.000000 4527.30351  74.0%     -  293s
H    0     0                    17362.400000 4527.30351  73.9%     -  293s
H    0     0                    17322.800000 4527.30351  73.9%     -  293s
H    0     0                    17322.400000 4527.30351  73.9%     -  293s
H    0     0                    17296.000000 4527.30351  73.8%     -  293s
H    0     0                    17294.800000 4527.30351  73.8%     -  293s
     0     0 4527.30351    0 13508 17294.8000 4527.30351  73.8%     -  294s
H    0     0                    17293.600000 4893.59007  71.7%     -  347s
H    0     0                    17257.600000 4893.59007  71.6%     -  347s
H    0     0                    17248.400000 4893.59007  71.6%     -  347s
H    0     0                    17247.600000 4893.59007  71.6%     -  347s
H    0     0                    17237.600000 4893.59007  71.6%     -  347s
H    0     0                    17185.600000 4893.59007  71.5%     -  347s
H    0     0                    17167.600000 4893.59007  71.5%     -  347s
H    0     0                    17135.200000 4893.59007  71.4%     -  347s
H    0     0                    17133.200000 4893.59007  71.4%     -  347s
H    0     0                    17114.000000 4893.59007  71.4%     -  347s
H    0     0                    17113.200000 4893.59007  71.4%     -  347s
H    0     0                    17100.800000 4893.59007  71.4%     -  347s
H    0     0                    17086.800000 4893.59007  71.4%     -  347s
H    0     0                    17052.400000 4893.59007  71.3%     -  347s
H    0     0                    17049.200000 4893.59007  71.3%     -  347s
     0     0 4893.59007    0 13205 17049.2000 4893.59007  71.3%     -  349s
H    0     0                    17048.400000 5055.05022  70.3%     -  387s
H    0     0                    17031.600000 5055.05022  70.3%     -  387s
H    0     0                    17029.600000 5055.05022  70.3%     -  387s
H    0     0                    17028.400000 5055.05022  70.3%     -  387s
H    0     0                    17028.000000 5055.05022  70.3%     -  387s
H    0     0                    16987.200000 5055.05022  70.2%     -  387s
H    0     0                    16970.800000 5055.05022  70.2%     -  387s
H    0     0                    16935.600000 5055.05022  70.2%     -  387s
H    0     0                    16920.800000 5055.05022  70.1%     -  387s
H    0     0                    16912.400000 5055.05022  70.1%     -  387s
H    0     0                    16910.000000 5055.05022  70.1%     -  388s
     0     0 5055.05022    0 13098 16910.0000 5055.05022  70.1%     -  388s
     0     0 5083.70216    0 13315 16910.0000 5083.70216  69.9%     -  452s
     0     0 5091.28539    0 13249 16910.0000 5091.28539  69.9%     -  548s
     0     0 5093.80056    0 12957 16910.0000 5093.80056  69.9%     -  608s
     0     0 5094.54374    0 13102 16910.0000 5094.54374  69.9%     -  652s
     0     0 5094.69516    0 13048 16910.0000 5094.69516  69.9%     -  674s
     0     0 5578.21119    0 13961 16910.0000 5578.21119  67.0%     -  862s
     0     0 5747.92205    0 13900 16910.0000 5747.92205  66.0%     -  982s
     0     0          -    0      16910.0000 5747.92205  66.0%     - 1000s

Cutting planes:
  Learned: 119
  Cover: 4166
  Implied bound: 392
  Clique: 887
  MIR: 619
  StrongCG: 394
  Flow cover: 569
  Zero half: 3706
  Network: 70
  RLT: 1496
  Relax-and-lift: 1781

Explored 1 nodes (621373 simplex iterations) in 1000.14 seconds (977.27 work units)
Thread count was 12 (of 12 available processors)

Solution count 10: 16910 16912.4 16920.8 ... 17031.6

Time limit reached
Best objective 1.691000000000e+04, best bound 5.748000000000e+03, gap 66.0083%

Gurobi 9.5.1 (win64) logging started Wed May 25 14:10:38 2022

Set parameter LogFile to value "./Log/Direct_MIP_Sshape_solver_600_order_60_batch.log"
Gurobi Optimizer version 9.5.1 build v9.5.1rc2 (win64)
Thread count: 6 physical cores, 12 logical processors, using up to 12 threads
Optimize a model with 82260 rows, 114720 columns and 484860 nonzeros
Model fingerprint: 0xd159eda7
Model has 2820 quadratic constraints
Variable types: 0 continuous, 114720 integer (108960 binary)
Coefficient statistics:
  Matrix range     [1e+00, 5e+01]
  QMatrix range    [1e+00, 1e+00]
  QLMatrix range   [1e+00, 1e+00]
  Objective range  [4e-01, 4e+01]
  Bounds range     [1e+00, 1e+00]
  RHS range        [1e+00, 1e+01]
Presolve removed 31620 rows and 37020 columns
Presolve time: 0.97s
Presolved: 50640 rows, 77700 columns, 325620 nonzeros
Variable types: 0 continuous, 77700 integer (72120 binary)
Found heuristic solution: objective 21850.800000

Deterministic concurrent LP optimizer: primal and dual simplex
Showing first log only...


Use crossover to convert LP symmetric solution to basic solution...
Concurrent spin time: 0.11s

Solved with primal simplex

Root relaxation: objective 2.319440e+03, 41647 iterations, 2.60 seconds (4.11 work units)

    Nodes    |    Current Node    |     Objective Bounds      |     Work
 Expl Unexpl |  Obj  Depth IntInf | Incumbent    BestBd   Gap | It/Node Time

     0     0 2319.44000    0 14767 21850.8000 2319.44000  89.4%     -   41s
H    0     0                    20498.000000 2319.44000  88.7%     -   90s
H    0     0                    19855.600000 2319.44000  88.3%     -   90s
H    0     0                    19540.000000 2319.44000  88.1%     -   90s
H    0     0                    19375.200000 2319.44000  88.0%     -   91s
H    0     0                    19304.000000 2319.44000  88.0%     -   91s
H    0     0                    18884.000000 2319.44000  87.7%     -   91s
     0     0 2613.44000    0 8964 18884.0000 2613.44000  86.2%     -  117s
H    0     0                    18752.000000 2613.44000  86.1%     -  119s
H    0     0                    18700.400000 2613.44000  86.0%     -  121s
H    0     0                    18676.000000 2613.44000  86.0%     -  121s
H    0     0                    18656.400000 2613.44000  86.0%     -  121s
H    0     0                    18604.800000 2613.44000  86.0%     -  121s
H    0     0                    18510.800000 2613.44000  85.9%     -  121s
H    0     0                    18453.200000 2613.44000  85.8%     -  121s
     0     0 2613.44000    0 9091 18453.2000 2613.44000  85.8%     -  122s
H    0     0                    18434.800000 2613.44000  85.8%     -  123s
     0     0 2613.44000    0 9163 18434.8000 2613.44000  85.8%     -  123s
H    0     0                    18395.200000 3178.76595  82.7%     -  199s
H    0     0                    18275.600000 3178.76595  82.6%     -  199s
H    0     0                    18243.600000 3178.76595  82.6%     -  199s
H    0     0                    18241.200000 3178.76595  82.6%     -  199s
H    0     0                    18143.200000 3178.76595  82.5%     -  199s
H    0     0                    18092.400000 3178.76595  82.4%     -  199s
H    0     0                    18056.400000 3178.76595  82.4%     -  199s
H    0     0                    18055.200000 3178.76595  82.4%     -  199s
H    0     0                    18035.600000 3178.76595  82.4%     -  199s
H    0     0                    18018.400000 3178.76595  82.4%     -  199s
H    0     0                    18016.800000 3178.76595  82.4%     -  199s
H    0     0                    18014.800000 3178.76595  82.4%     -  199s
H    0     0                    18014.000000 3178.76595  82.4%     -  199s
H    0     0                    17919.600000 3178.76595  82.3%     -  199s
H    0     0                    17914.400000 3178.76595  82.3%     -  199s
H    0     0                    17898.000000 3178.76595  82.2%     -  199s
H    0     0                    17894.800000 3178.76595  82.2%     -  199s
H    0     0                    17850.800000 3178.76595  82.2%     -  199s
H    0     0                    17846.000000 3178.76595  82.2%     -  199s
H    0     0                    17809.200000 3178.76595  82.2%     -  199s
H    0     0                    17804.400000 3178.76595  82.1%     -  199s
H    0     0                    17755.600000 3178.76595  82.1%     -  199s
H    0     0                    17750.000000 3178.76595  82.1%     -  199s
H    0     0                    17735.600000 3178.76595  82.1%     -  199s
H    0     0                    17730.800000 3178.76595  82.1%     -  199s
H    0     0                    17722.800000 3178.76595  82.1%     -  199s
H    0     0                    17718.000000 3178.76595  82.1%     -  199s
H    0     0                    17681.600000 3178.76595  82.0%     -  199s
H    0     0                    17676.000000 3178.76595  82.0%     -  199s
H    0     0                    17633.200000 3178.76595  82.0%     -  199s
H    0     0                    17620.400000 3178.76595  82.0%     -  199s
H    0     0                    17606.800000 3178.76595  81.9%     -  199s
     0     0 3187.89722    0 11214 17606.8000 3187.89722  81.9%     -  201s
H    0     0                    17595.600000 3926.91092  77.7%     -  435s
H    0     0                    17544.800000 3926.91092  77.6%     -  435s
H    0     0                    17533.200000 3926.91092  77.6%     -  435s
H    0     0                    17516.400000 3926.91092  77.6%     -  435s
H    0     0                    17507.600000 3926.91092  77.6%     -  435s
H    0     0                    17464.800000 3926.91092  77.5%     -  435s
H    0     0                    17452.800000 3926.91092  77.5%     -  435s
H    0     0                    17403.200000 3926.91092  77.4%     -  435s
H    0     0                    17389.600000 3926.91092  77.4%     -  435s
H    0     0                    17374.400000 3926.91092  77.4%     -  435s
H    0     0                    17360.800000 3926.91092  77.4%     -  435s
H    0     0                    17360.000000 3926.91092  77.4%     -  435s
H    0     0                    17324.000000 3926.91092  77.3%     -  435s
H    0     0                    17310.000000 3926.91092  77.3%     -  435s
H    0     0                    17292.400000 3926.91092  77.3%     -  435s
H    0     0                    17283.200000 3926.91092  77.3%     -  435s
H    0     0                    17267.600000 3926.91092  77.3%     -  435s
H    0     0                    17252.400000 3926.91092  77.2%     -  435s
H    0     0                    17215.200000 3926.91092  77.2%     -  435s
H    0     0                    17205.200000 3926.91092  77.2%     -  435s
H    0     0                    17189.200000 3926.91092  77.2%     -  435s
H    0     0                    17180.800000 3926.91092  77.1%     -  435s
H    0     0                    17180.400000 3926.91092  77.1%     -  435s
H    0     0                    17164.800000 3926.91092  77.1%     -  435s
H    0     0                    17146.400000 3926.91092  77.1%     -  435s
H    0     0                    17129.200000 3926.91092  77.1%     -  435s
H    0     0                    17062.400000 3926.91092  77.0%     -  435s
H    0     0                    17046.400000 3926.91092  77.0%     -  435s
H    0     0                    17029.200000 3926.91092  76.9%     -  435s
H    0     0                    17028.000000 3926.91092  76.9%     -  435s
H    0     0                    16972.800000 3926.91092  76.9%     -  435s
H    0     0                    16971.600000 3926.91092  76.9%     -  435s
H    0     0                    16971.200000 3926.91092  76.9%     -  435s
H    0     0                    16969.600000 3926.91092  76.9%     -  435s
H    0     0                    16956.400000 3926.91092  76.8%     -  435s
H    0     0                    16953.200000 3926.91092  76.8%     -  435s
H    0     0                    16935.600000 3926.91092  76.8%     -  435s
H    0     0                    16933.600000 3926.91092  76.8%     -  435s
H    0     0                    16917.600000 3926.91092  76.8%     -  435s
H    0     0                    16916.000000 3926.91092  76.8%     -  435s
H    0     0                    16899.200000 3926.91092  76.8%     -  435s
H    0     0                    16896.800000 3926.91092  76.8%     -  435s
H    0     0                    16838.000000 3926.91092  76.7%     -  435s
H    0     0                    16819.600000 3926.91092  76.7%     -  435s
H    0     0                    16809.200000 3926.91092  76.6%     -  435s
H    0     0                    16807.200000 3926.91092  76.6%     -  435s
H    0     0                    16806.400000 3926.91092  76.6%     -  435s
H    0     0                    16806.000000 3926.91092  76.6%     -  435s
H    0     0                    16794.400000 3926.91092  76.6%     -  435s
H    0     0                    16762.800000 3926.91092  76.6%     -  435s
H    0     0                    16722.000000 3926.91092  76.5%     -  435s
H    0     0                    16703.200000 3926.91092  76.5%     -  435s
H    0     0                    16671.200000 3926.91092  76.4%     -  435s
H    0     0                    16670.400000 3926.91092  76.4%     -  435s
     0     0 3926.91092    0 13987 16670.4000 3926.91092  76.4%     -  437s
     0     0 4350.97781    0 13765 16670.4000 4350.97781  73.9%     -  581s
     0     0 4610.93697    0 13953 16670.4000 4610.93697  72.3%     -  654s
     0     0 4659.43789    0 13641 16670.4000 4659.43789  72.0%     -  733s
     0     0 4673.98953    0 13752 16670.4000 4673.98953  72.0%     -  785s
     0     0 4678.27521    0 13632 16670.4000 4678.27521  71.9%     -  880s
     0     0 4679.53298    0 13719 16670.4000 4679.53298  71.9%     -  954s
     0     0          -    0      16670.4000 4679.53298  71.9%     - 1000s

Cutting planes:
  Learned: 120
  Cover: 3003
  Implied bound: 102
  Clique: 812
  MIR: 305
  StrongCG: 352
  Flow cover: 500
  Zero half: 2078
  Network: 1
  RLT: 1481
  Relax-and-lift: 427

Explored 1 nodes (655280 simplex iterations) in 1000.14 seconds (1017.34 work units)
Thread count was 12 (of 12 available processors)

Solution count 10: 16670.4 16671.2 16703.2 ... 16809.2

Time limit reached
Best objective 1.667040000000e+04, best bound 4.679600000000e+03, gap 71.9287%

Gurobi 9.5.1 (win64) logging started Wed May 25 14:27:21 2022

Set parameter LogFile to value "./Log/Direct_MIP_Sshape_solver_600_order_60_batch.log"
Gurobi Optimizer version 9.5.1 build v9.5.1rc2 (win64)
Thread count: 6 physical cores, 12 logical processors, using up to 12 threads
Optimize a model with 82260 rows, 114720 columns and 484800 nonzeros
Model fingerprint: 0xa4e8e860
Model has 2820 quadratic constraints
Variable types: 0 continuous, 114720 integer (108960 binary)
Coefficient statistics:
  Matrix range     [1e+00, 5e+01]
  QMatrix range    [1e+00, 1e+00]
  QLMatrix range   [1e+00, 1e+00]
  Objective range  [4e-01, 4e+01]
  Bounds range     [1e+00, 1e+00]
  RHS range        [1e+00, 1e+01]
Presolve removed 32700 rows and 38100 columns
Presolve time: 0.97s
Presolved: 49560 rows, 76620 columns, 324360 nonzeros
Variable types: 0 continuous, 76620 integer (71040 binary)
Found heuristic solution: objective 21638.400000

Deterministic concurrent LP optimizer: primal and dual simplex
Showing first log only...


Use crossover to convert LP symmetric solution to basic solution...
Concurrent spin time: 0.00s

Solved with primal simplex

Root relaxation: objective 2.247120e+03, 41651 iterations, 1.63 seconds (2.52 work units)

    Nodes    |    Current Node    |     Objective Bounds      |     Work
 Expl Unexpl |  Obj  Depth IntInf | Incumbent    BestBd   Gap | It/Node Time

     0     0 2247.12000    0 14118 21638.4000 2247.12000  89.6%     -   35s
H    0     0                    20618.000000 2247.12000  89.1%     -   76s
H    0     0                    20164.000000 2247.12000  88.9%     -   76s
H    0     0                    19997.600000 2247.12000  88.8%     -   76s
H    0     0                    19810.400000 2247.12000  88.7%     -   76s
H    0     0                    19660.400000 2247.12000  88.6%     -   76s
     0     0 2247.12000    0 8205 19660.4000 2247.12000  88.6%     -   93s
H    0     0                    19594.000000 2247.12000  88.5%     -   94s
H    0     0                    19452.000000 2247.12000  88.4%     -   95s
H    0     0                    19125.600000 2247.12000  88.3%     -   95s
H    0     0                    19062.400000 2247.12000  88.2%     -   95s
     0     0 2541.12000    0 8423 19062.4000 2541.12000  86.7%     -   95s
H    0     0                    18889.200000 3915.33638  79.3%     -  222s
H    0     0                    18868.000000 3915.33638  79.2%     -  222s
H    0     0                    18864.000000 3915.33638  79.2%     -  222s
H    0     0                    18751.600000 3915.33638  79.1%     -  222s
H    0     0                    18664.400000 3915.33638  79.0%     -  222s
H    0     0                    18663.200000 3915.33638  79.0%     -  222s
H    0     0                    18661.200000 3915.33638  79.0%     -  222s
H    0     0                    18659.200000 3915.33638  79.0%     -  222s
H    0     0                    18647.200000 3915.33638  79.0%     -  222s
H    0     0                    18635.200000 3915.33638  79.0%     -  222s
H    0     0                    18633.600000 3915.33638  79.0%     -  222s
H    0     0                    18631.200000 3915.33638  79.0%     -  222s
H    0     0                    18619.600000 3915.33638  79.0%     -  222s
H    0     0                    18613.200000 3915.33638  79.0%     -  222s
H    0     0                    18609.600000 3915.33638  79.0%     -  222s
H    0     0                    18608.400000 3915.33638  79.0%     -  222s
H    0     0                    18606.800000 3915.33638  79.0%     -  222s
H    0     0                    18590.400000 3915.33638  78.9%     -  222s
H    0     0                    18588.400000 3915.33638  78.9%     -  222s
H    0     0                    18578.000000 3915.33638  78.9%     -  222s
H    0     0                    18574.800000 3915.33638  78.9%     -  222s
H    0     0                    18545.600000 3915.33638  78.9%     -  222s
H    0     0                    18543.200000 3915.33638  78.9%     -  222s
H    0     0                    18528.000000 3915.33638  78.9%     -  222s
H    0     0                    18523.600000 3915.33638  78.9%     -  222s
H    0     0                    18522.800000 3915.33638  78.9%     -  222s
H    0     0                    18516.800000 3915.33638  78.9%     -  222s
H    0     0                    18512.400000 3915.33638  78.9%     -  222s
H    0     0                    18397.200000 3915.33638  78.7%     -  222s
H    0     0                    18387.600000 3915.33638  78.7%     -  222s
H    0     0                    18381.600000 3915.33638  78.7%     -  222s
H    0     0                    18348.000000 3915.33638  78.7%     -  222s
H    0     0                    18338.800000 3915.33638  78.6%     -  222s
H    0     0                    18322.400000 3915.33638  78.6%     -  222s
H    0     0                    18314.000000 3915.33638  78.6%     -  222s
H    0     0                    18310.800000 3915.33638  78.6%     -  222s
H    0     0                    18246.400000 3915.33638  78.5%     -  222s
H    0     0                    18238.400000 3915.33638  78.5%     -  222s
H    0     0                    18231.600000 3915.33638  78.5%     -  222s
H    0     0                    18200.400000 3915.33638  78.5%     -  222s
H    0     0                    18200.000000 3915.33638  78.5%     -  222s
H    0     0                    18078.800000 3915.33638  78.3%     -  222s
H    0     0                    18043.200000 3915.33638  78.3%     -  222s
H    0     0                    18028.400000 3915.33638  78.3%     -  222s
H    0     0                    18028.000000 3915.33638  78.3%     -  222s
H    0     0                    17903.200000 3915.33638  78.1%     -  222s
H    0     0                    17817.200000 3915.33638  78.0%     -  222s
     0     0 3915.33638    0 13014 17817.2000 3915.33638  78.0%     -  223s
H    0     0                    17800.000000 4780.69638  73.1%     -  267s
H    0     0                    17716.800000 4780.69638  73.0%     -  267s
H    0     0                    17700.000000 4780.69638  73.0%     -  267s
H    0     0                    17680.400000 4780.69638  73.0%     -  267s
H    0     0                    17650.400000 4780.69638  72.9%     -  267s
H    0     0                    17616.000000 4780.69638  72.9%     -  267s
H    0     0                    17601.600000 4780.69638  72.8%     -  267s
H    0     0                    17566.800000 4780.69638  72.8%     -  267s
H    0     0                    17549.200000 4780.69638  72.8%     -  267s
H    0     0                    17493.600000 4780.69638  72.7%     -  267s
H    0     0                    17492.800000 4780.69638  72.7%     -  267s
     0     0 4780.69638    0 12903 17492.8000 4780.69638  72.7%     -  269s
H    0     0                    17455.600000 4963.81248  71.6%     -  308s
H    0     0                    17423.600000 4963.81248  71.5%     -  308s
H    0     0                    17403.600000 4963.81248  71.5%     -  309s
H    0     0                    17386.000000 4963.81248  71.4%     -  309s
H    0     0                    17350.000000 4963.81248  71.4%     -  309s
H    0     0                    17349.200000 4963.81248  71.4%     -  309s
H    0     0                    17341.600000 4963.81248  71.4%     -  309s
H    0     0                    17286.000000 4963.81248  71.3%     -  309s
H    0     0                    17252.800000 4963.81248  71.2%     -  309s
H    0     0                    17249.200000 4963.81248  71.2%     -  309s
     0     0 4963.81248    0 13066 17249.2000 4963.81248  71.2%     -  311s
H    0     0                    17229.200000 5184.37329  69.9%     -  331s
H    0     0                    17227.600000 5184.37329  69.9%     -  331s
H    0     0                    17226.800000 5184.37329  69.9%     -  331s
H    0     0                    17217.600000 5184.37329  69.9%     -  331s
H    0     0                    17215.200000 5184.37329  69.9%     -  331s
H    0     0                    17213.600000 5184.37329  69.9%     -  331s
H    0     0                    17203.600000 5184.37329  69.9%     -  331s
     0     0 5184.37329    0 12729 17203.6000 5184.37329  69.9%     -  332s
H    0     0                    17203.200000 5232.93234  69.6%     -  349s
H    0     0                    17202.000000 5232.93234  69.6%     -  349s
H    0     0                    17192.000000 5232.93234  69.6%     -  349s
H    0     0                    17189.600000 5232.93234  69.6%     -  349s
H    0     0                    17188.400000 5232.93234  69.6%     -  349s
H    0     0                    17188.000000 5232.93234  69.6%     -  349s
     0     0 5232.93234    0 12355 17188.0000 5232.93234  69.6%     -  350s
H    0     0                    17172.800000 5243.53890  69.5%     -  378s
H    0     0                    17170.400000 5243.53890  69.5%     -  378s
H    0     0                    17127.600000 5243.53890  69.4%     -  378s
H    0     0                    17072.400000 5243.53890  69.3%     -  378s
H    0     0                    17062.800000 5243.53890  69.3%     -  378s
H    0     0                    17046.400000 5243.53890  69.2%     -  378s
H    0     0                    17043.600000 5243.53890  69.2%     -  378s
     0     0 5243.53890    0 12770 17043.6000 5243.53890  69.2%     -  379s
H    0     0                    17042.400000 5245.14488  69.2%     -  418s
H    0     0                    17039.200000 5245.14488  69.2%     -  418s
H    0     0                    17038.000000 5245.14488  69.2%     -  418s
     0     0 5245.14488    0 12755 17038.0000 5245.14488  69.2%     -  419s
     0     0 5245.40164    0 12979 17038.0000 5245.40164  69.2%     -  464s
     0     0 5738.60541    0 13327 17038.0000 5738.60541  66.3%     -  512s
     0     0 6233.45094    0 13721 17038.0000 6233.45094  63.4%     -  585s
     0     0 6757.55068    0 13831 17038.0000 6757.55068  60.3%     -  658s
     0     0 6846.90399    0 14052 17038.0000 6846.90399  59.8%     -  730s
     0     0 6880.42913    0 14680 17038.0000 6880.42913  59.6%     -  840s
     0     0 6891.07290    0 14557 17038.0000 6891.07290  59.6%     - 1000s

Cutting planes:
  Learned: 64
  Gomory: 1
  Cover: 4079
  Implied bound: 473
  Clique: 1460
  MIR: 381
  StrongCG: 314
  Flow cover: 458
  Zero half: 2030
  Network: 6
  RLT: 1430
  Relax-and-lift: 1352

Explored 1 nodes (693148 simplex iterations) in 1000.17 seconds (1008.88 work units)
Thread count was 12 (of 12 available processors)

Solution count 10: 17038 17039.2 17042.4 ... 17172.8

Time limit reached
Best objective 1.703800000000e+04, best bound 6.891200000000e+03, gap 59.5539%

Gurobi 9.5.1 (win64) logging started Wed May 25 14:44:05 2022

Set parameter LogFile to value "./Log/Direct_MIP_Sshape_solver_600_order_60_batch.log"
Gurobi Optimizer version 9.5.1 build v9.5.1rc2 (win64)
Thread count: 6 physical cores, 12 logical processors, using up to 12 threads
Optimize a model with 82260 rows, 114720 columns and 486420 nonzeros
Model fingerprint: 0xa2c8b108
Model has 2820 quadratic constraints
Variable types: 0 continuous, 114720 integer (108960 binary)
Coefficient statistics:
  Matrix range     [1e+00, 5e+01]
  QMatrix range    [1e+00, 1e+00]
  QLMatrix range   [1e+00, 1e+00]
  Objective range  [4e-01, 4e+01]
  Bounds range     [1e+00, 1e+00]
  RHS range        [1e+00, 1e+01]
Presolve removed 32220 rows and 37620 columns
Presolve time: 0.98s
Presolved: 50040 rows, 77100 columns, 323280 nonzeros
Variable types: 0 continuous, 77100 integer (71520 binary)
Found heuristic solution: objective 21618.800000

Deterministic concurrent LP optimizer: primal and dual simplex
Showing first log only...


Use crossover to convert LP symmetric solution to basic solution...
Concurrent spin time: 0.00s

Solved with primal simplex

Root relaxation: objective 2.237520e+03, 41637 iterations, 3.38 seconds (5.74 work units)

    Nodes    |    Current Node    |     Objective Bounds      |     Work
 Expl Unexpl |  Obj  Depth IntInf | Incumbent    BestBd   Gap | It/Node Time

     0     0 2237.52000    0 16325 21618.8000 2237.52000  89.7%     -   46s
H    0     0                    20154.400000 2237.52000  88.9%     -  113s
H    0     0                    19406.400000 2237.52000  88.5%     -  113s
H    0     0                    19168.400000 2237.52000  88.3%     -  113s
H    0     0                    19119.600000 2237.52000  88.3%     -  113s
H    0     0                    19067.200000 2237.52000  88.3%     -  113s
H    0     0                    18898.000000 2237.52000  88.2%     -  113s
     0     0 2297.04000    0 9160 18898.0000 2297.04000  87.8%     -  179s
H    0     0                    18545.200000 2297.04000  87.6%     -  181s
H    0     0                    18544.400000 2297.04000  87.6%     -  192s
H    0     0                    18540.800000 2297.04000  87.6%     -  192s
H    0     0                    18524.400000 2297.04000  87.6%     -  192s
H    0     0                    18454.800000 2297.04000  87.6%     -  192s
H    0     0                    18375.200000 2297.04000  87.5%     -  192s
H    0     0                    18306.000000 2297.04000  87.5%     -  192s
H    0     0                    18290.400000 2297.04000  87.4%     -  192s
H    0     0                    18288.800000 2297.04000  87.4%     -  192s
H    0     0                    18286.800000 2297.04000  87.4%     -  192s
H    0     0                    18226.800000 2297.04000  87.4%     -  192s
H    0     0                    18122.000000 2297.04000  87.3%     -  192s
H    0     0                    18120.000000 2297.04000  87.3%     -  192s
H    0     0                    18118.000000 2297.04000  87.3%     -  192s
H    0     0                    18117.200000 2297.04000  87.3%     -  192s
H    0     0                    18062.400000 2297.04000  87.3%     -  192s
H    0     0                    18058.400000 2297.04000  87.3%     -  192s
H    0     0                    18018.000000 2297.04000  87.3%     -  192s
H    0     0                    18015.600000 2297.04000  87.2%     -  192s
H    0     0                    17996.800000 2297.04000  87.2%     -  192s
H    0     0                    17992.800000 2297.04000  87.2%     -  192s
H    0     0                    17932.800000 2297.04000  87.2%     -  192s
H    0     0                    17928.000000 2297.04000  87.2%     -  192s
H    0     0                    17868.400000 2297.04000  87.1%     -  192s
H    0     0                    17862.800000 2297.04000  87.1%     -  192s
H    0     0                    17766.000000 2297.04000  87.1%     -  192s
H    0     0                    17758.000000 2297.04000  87.1%     -  192s
     0     0 2531.52000    0 9327 17758.0000 2531.52000  85.7%     -  192s
H    0     0                    17671.200000 3101.52000  82.4%     -  215s
H    0     0                    17662.000000 3101.52000  82.4%     -  215s
H    0     0                    17592.800000 3101.52000  82.4%     -  215s
H    0     0                    17585.600000 3101.52000  82.4%     -  216s
H    0     0                    17564.400000 3101.52000  82.3%     -  216s
H    0     0                    17474.000000 3101.52000  82.3%     -  216s
H    0     0                    17468.000000 3101.52000  82.2%     -  216s
H    0     0                    17460.800000 3101.52000  82.2%     -  216s
H    0     0                    17428.400000 3101.52000  82.2%     -  216s
H    0     0                    17418.800000 3101.52000  82.2%     -  216s
H    0     0                    17402.800000 3101.52000  82.2%     -  216s
H    0     0                    17398.000000 3101.52000  82.2%     -  216s
H    0     0                    17352.000000 3101.52000  82.1%     -  216s
     0     0 3101.52000    0 4886 17352.0000 3101.52000  82.1%     -  216s
H    0     0                    17341.600000 3222.73993  81.4%     -  427s
H    0     0                    17280.800000 3222.73993  81.4%     -  427s
H    0     0                    17274.000000 3222.73993  81.3%     -  427s
H    0     0                    17155.200000 3222.73993  81.2%     -  427s
H    0     0                    17144.400000 3222.73993  81.2%     -  427s
H    0     0                    17130.000000 3222.73993  81.2%     -  427s
H    0     0                    17129.600000 3222.73993  81.2%     -  427s
H    0     0                    17120.800000 3222.73993  81.2%     -  427s
H    0     0                    17102.400000 3222.73993  81.2%     -  427s
H    0     0                    17060.800000 3222.73993  81.1%     -  427s
H    0     0                    17028.000000 3222.73993  81.1%     -  427s
H    0     0                    17024.800000 3222.73993  81.1%     -  427s
H    0     0                    17024.400000 3222.73993  81.1%     -  427s
H    0     0                    17011.200000 3222.73993  81.1%     -  427s
H    0     0                    16995.200000 3222.73993  81.0%     -  427s
H    0     0                    16963.199974 3222.73993  81.0%     -  427s
H    0     0                    16953.600000 3222.73993  81.0%     -  427s
H    0     0                    16944.800000 3222.73993  81.0%     -  427s
H    0     0                    16942.400000 3222.73993  81.0%     -  427s
H    0     0                    16912.400000 3222.73993  80.9%     -  427s
H    0     0                    16880.800000 3222.73993  80.9%     -  427s
H    0     0                    16872.000000 3222.73993  80.9%     -  427s
H    0     0                    16870.800000 3222.73993  80.9%     -  427s
H    0     0                    16851.600000 3222.73993  80.9%     -  427s
H    0     0                    16836.400000 3222.73993  80.9%     -  427s
H    0     0                    16834.800000 3222.73993  80.9%     -  427s
H    0     0                    16834.000000 3222.73993  80.9%     -  427s
H    0     0                    16808.800000 3222.73993  80.8%     -  427s
H    0     0                    16780.000000 3222.73993  80.8%     -  427s
H    0     0                    16778.000000 3222.73993  80.8%     -  427s
H    0     0                    16776.000000 3222.73993  80.8%     -  427s
H    0     0                    16775.600000 3222.73993  80.8%     -  427s
H    0     0                    16702.800000 3222.73993  80.7%     -  427s
H    0     0                    16684.000000 3222.73993  80.7%     -  427s
H    0     0                    16669.600000 3222.73993  80.7%     -  427s
H    0     0                    16654.400000 3222.73993  80.6%     -  427s
H    0     0                    16633.200000 3222.73993  80.6%     -  427s
H    0     0                    16632.000000 3222.73993  80.6%     -  427s
H    0     0                    16580.400000 3222.73993  80.6%     -  427s
H    0     0                    16579.200000 3222.73993  80.6%     -  427s
H    0     0                    16562.800000 3222.73993  80.5%     -  427s
H    0     0                    16527.200000 3222.73993  80.5%     -  427s
H    0     0                    16525.600000 3222.73993  80.5%     -  427s
H    0     0                    16515.600000 3222.73993  80.5%     -  427s
H    0     0                    16506.400000 3222.73993  80.5%     -  427s
H    0     0                    16447.600000 3222.73993  80.4%     -  427s
H    0     0                    16383.600000 3222.73993  80.3%     -  427s
H    0     0                    16364.000000 3222.73993  80.3%     -  427s
H    0     0                    16344.000000 3222.73993  80.3%     -  427s
H    0     0                    16299.600000 3222.73993  80.2%     -  427s
H    0     0                    16282.400000 3222.73993  80.2%     -  427s
H    0     0                    16279.600000 3222.73993  80.2%     -  427s
H    0     0                    16277.600000 3222.73993  80.2%     -  427s
     0     0 3222.73993    0 13392 16277.6000 3222.73993  80.2%     -  429s
     0     0 3474.75322    0 13430 16277.6000 3474.75322  78.7%     -  539s
     0     0 4044.30917    0 13352 16277.6000 4044.30917  75.2%     -  632s
     0     0 4152.14173    0 13260 16277.6000 4152.14173  74.5%     -  795s
H    0     0                    16276.400000 4169.55680  74.4%     -  900s
H    0     0                    15846.400000 4169.55680  73.7%     -  900s
H    0     0                    15843.200000 4169.55680  73.7%     -  900s
     0     0 4169.55680    0 13554 15843.2000 4169.55680  73.7%     -  901s
H    0     0                    15806.800000 4171.74203  73.6%     -  983s
H    0     0                    15805.600000 4171.74203  73.6%     -  983s
H    0     0                    15792.800000 4171.74203  73.6%     -  983s
H    0     0                    15776.400000 4171.74203  73.6%     -  983s
H    0     0                    15766.000000 4171.74203  73.5%     -  983s
H    0     0                    15765.600000 4171.74203  73.5%     -  983s
H    0     0                    15763.200000 4171.74203  73.5%     -  983s
H    0     0                    15751.600000 4171.74203  73.5%     -  983s
H    0     0                    15750.400000 4171.74203  73.5%     -  983s
H    0     0                    15749.200000 4171.74203  73.5%     -  983s
H    0     0                    15748.400000 4171.74203  73.5%     -  983s
H    0     0                    15747.600000 4171.74203  73.5%     -  983s
H    0     0                    15746.800000 4171.74203  73.5%     -  983s
H    0     0                    15746.000000 4171.74203  73.5%     -  983s
H    0     0                    15745.600000 4171.74203  73.5%     -  983s
H    0     0                    15745.200000 4171.74203  73.5%     -  983s
H    0     0                    15728.000000 4171.74203  73.5%     -  983s
H    0     0                    15711.600000 4171.74203  73.4%     -  983s
H    0     0                    15695.200000 4171.74203  73.4%     -  983s
H    0     0                    15692.800000 4171.74203  73.4%     -  983s
H    0     0                    15675.200000 4171.74203  73.4%     -  983s
     0     0 4171.74203    0 13746 15675.2000 4171.74203  73.4%     -  984s
     0     0          -    0      15675.2000 4171.74203  73.4%     - 1000s

Cutting planes:
  Learned: 154
  Gomory: 6
  Cover: 3095
  Implied bound: 198
  Clique: 725
  MIR: 256
  StrongCG: 326
  Flow cover: 630
  Zero half: 1955
  Network: 1
  RLT: 1127
  Relax-and-lift: 1040

Explored 1 nodes (670392 simplex iterations) in 1000.37 seconds (1037.77 work units)
Thread count was 12 (of 12 available processors)

Solution count 10: 15675.2 15692.8 15695.2 ... 15747.6

Time limit reached
Best objective 1.567520000000e+04, best bound 4.172000000000e+03, gap 73.3847%

Gurobi 9.5.1 (win64) logging started Wed May 25 15:00:48 2022

Set parameter LogFile to value "./Log/Direct_MIP_Sshape_solver_600_order_60_batch.log"
Gurobi Optimizer version 9.5.1 build v9.5.1rc2 (win64)
Thread count: 6 physical cores, 12 logical processors, using up to 12 threads
Optimize a model with 82260 rows, 114720 columns and 484800 nonzeros
Model fingerprint: 0x160ca70f
Model has 2820 quadratic constraints
Variable types: 0 continuous, 114720 integer (108960 binary)
Coefficient statistics:
  Matrix range     [1e+00, 5e+01]
  QMatrix range    [1e+00, 1e+00]
  QLMatrix range   [1e+00, 1e+00]
  Objective range  [4e-01, 4e+01]
  Bounds range     [1e+00, 1e+00]
  RHS range        [1e+00, 1e+01]
Presolve removed 32040 rows and 37440 columns
Presolve time: 0.96s
Presolved: 50220 rows, 77280 columns, 324000 nonzeros
Variable types: 0 continuous, 77280 integer (71700 binary)
Found heuristic solution: objective 21838.400000

Deterministic concurrent LP optimizer: primal and dual simplex
Showing first log only...


Use crossover to convert LP symmetric solution to basic solution...
Concurrent spin time: 0.03s

Solved with primal simplex

Root relaxation: objective 2.304160e+03, 41650 iterations, 1.87 seconds (2.65 work units)

    Nodes    |    Current Node    |     Objective Bounds      |     Work
 Expl Unexpl |  Obj  Depth IntInf | Incumbent    BestBd   Gap | It/Node Time

     0     0 2304.16000    0 14261 21838.4000 2304.16000  89.4%     -   35s
H    0     0                    20710.400000 2304.16000  88.9%     -   73s
H    0     0                    19966.000000 2304.16000  88.5%     -   73s
H    0     0                    19767.600000 2304.16000  88.3%     -   73s
H    0     0                    19265.199983 2304.16000  88.0%     -   73s
     0     0 2304.16000    0 8739 19265.2000 2304.16000  88.0%     -   86s
H    0     0                    19028.000000 2304.16000  87.9%     -   87s
H    0     0                    18979.200000 2304.16000  87.9%     -   88s
     0     0 2598.16000    0 8963 18979.2000 2598.16000  86.3%     -   88s
H    0     0                    18871.600000 3278.46933  82.6%     -  166s
H    0     0                    18785.200000 3278.46933  82.5%     -  166s
H    0     0                    18629.200000 3278.46933  82.4%     -  166s
H    0     0                    18596.800000 3278.46933  82.4%     -  166s
H    0     0                    18560.000000 3278.46933  82.3%     -  166s
H    0     0                    18485.200000 3278.46933  82.3%     -  166s
H    0     0                    18484.800000 3278.46933  82.3%     -  166s
H    0     0                    18463.200000 3278.46933  82.2%     -  166s
H    0     0                    18442.400000 3278.46933  82.2%     -  166s
H    0     0                    18402.000000 3278.46933  82.2%     -  166s
H    0     0                    18382.400000 3278.46933  82.2%     -  166s
H    0     0                    18380.800000 3278.46933  82.2%     -  166s
H    0     0                    18361.200000 3278.46933  82.1%     -  166s
H    0     0                    18359.200000 3278.46933  82.1%     -  166s
H    0     0                    18309.200000 3278.46933  82.1%     -  166s
H    0     0                    18308.400000 3278.46933  82.1%     -  166s
H    0     0                    18268.400000 3278.46933  82.1%     -  166s
H    0     0                    18267.600000 3278.46933  82.1%     -  166s
H    0     0                    18248.000000 3278.46933  82.0%     -  166s
H    0     0                    18219.600000 3278.46933  82.0%     -  166s
H    0     0                    18217.200000 3278.46933  82.0%     -  166s
H    0     0                    18200.400000 3278.46933  82.0%     -  166s
H    0     0                    18196.000000 3278.46933  82.0%     -  166s
H    0     0                    18194.000000 3278.46933  82.0%     -  166s
H    0     0                    18189.600000 3278.46933  82.0%     -  166s
H    0     0                    18000.800000 3278.46933  81.8%     -  166s
H    0     0                    17997.600000 3278.46933  81.8%     -  166s
     0     0 3278.46933    0 11150 17997.6000 3278.46933  81.8%     -  167s
H    0     0                    17943.200000 3861.00723  78.5%     -  223s
H    0     0                    17939.600000 3861.00723  78.5%     -  223s
H    0     0                    17886.800000 3861.00723  78.4%     -  223s
H    0     0                    17882.800000 3861.00723  78.4%     -  223s
H    0     0                    17864.800000 3861.00723  78.4%     -  223s
H    0     0                    17857.600000 3861.00723  78.4%     -  223s
H    0     0                    17850.800000 3861.00723  78.4%     -  223s
H    0     0                    17844.000000 3861.00723  78.4%     -  223s
H    0     0                    17773.200000 3861.00723  78.3%     -  223s
H    0     0                    17765.200000 3861.00723  78.3%     -  223s
H    0     0                    17722.000000 3861.00723  78.2%     -  223s
H    0     0                    17718.800000 3861.00723  78.2%     -  223s
H    0     0                    17708.800000 3861.00723  78.2%     -  223s
H    0     0                    17640.400000 3861.00723  78.1%     -  223s
H    0     0                    17631.600000 3861.00723  78.1%     -  223s
H    0     0                    17583.200000 3861.00723  78.0%     -  223s
H    0     0                    17567.200000 3861.00723  78.0%     -  223s
H    0     0                    17550.800000 3861.00723  78.0%     -  223s
H    0     0                    17514.400000 3861.00723  78.0%     -  223s
H    0     0                    17496.400000 3861.00723  77.9%     -  223s
H    0     0                    17462.800000 3861.00723  77.9%     -  223s
H    0     0                    17461.600000 3861.00723  77.9%     -  223s
H    0     0                    17428.400000 3861.00723  77.8%     -  223s
H    0     0                    17428.000000 3861.00723  77.8%     -  223s
     0     0 3861.00723    0 13117 17428.0000 3861.00723  77.8%     -  224s
H    0     0                    17420.000000 4591.19667  73.6%     -  259s
H    0     0                    17403.600000 4591.19667  73.6%     -  259s
H    0     0                    17321.200000 4591.19667  73.5%     -  259s
H    0     0                    17306.800000 4591.19667  73.5%     -  259s
H    0     0                    17306.400000 4591.19667  73.5%     -  259s
H    0     0                    17296.400000 4591.19667  73.5%     -  259s
H    0     0                    17295.600000 4591.19667  73.5%     -  259s
H    0     0                    17279.200000 4591.19667  73.4%     -  259s
H    0     0                    17224.000000 4591.19667  73.3%     -  259s
     0     0 4591.19667    0 13037 17224.0000 4591.19667  73.3%     -  261s
H    0     0                    17207.600000 4741.15461  72.4%     -  284s
H    0     0                    17206.400000 4741.15461  72.4%     -  284s
H    0     0                    17193.200000 4741.15461  72.4%     -  284s
H    0     0                    17185.200000 4741.15461  72.4%     -  284s
H    0     0                    17170.800000 4741.15461  72.4%     -  284s
H    0     0                    17116.400000 4741.15461  72.3%     -  284s
H    0     0                    17116.000000 4741.15461  72.3%     -  284s
     0     0 4741.15461    0 12497 17116.0000 4741.15461  72.3%     -  285s
H    0     0                    17102.400000 4772.35071  72.1%     -  323s
H    0     0                    17102.000000 4772.35071  72.1%     -  323s
H    0     0                    17101.600000 4772.35071  72.1%     -  323s
H    0     0                    17101.200000 4772.35071  72.1%     -  323s
H    0     0                    17074.400000 4772.35071  72.0%     -  323s
H    0     0                    17073.600000 4772.35071  72.0%     -  323s
H    0     0                    17072.800000 4772.35071  72.0%     -  323s
H    0     0                    17054.800000 4772.35071  72.0%     -  323s
H    0     0                    17044.800000 4772.35071  72.0%     -  323s
H    0     0                    17044.400000 4772.35071  72.0%     -  323s
H    0     0                    17011.200000 4772.35071  71.9%     -  323s
     0     0 4772.35071    0 12692 17011.2000 4772.35071  71.9%     -  324s
H    0     0                    16991.200000 4790.03930  71.8%     -  363s
H    0     0                    16939.600000 4790.03930  71.7%     -  363s
H    0     0                    16937.600000 4790.03930  71.7%     -  363s
H    0     0                    16904.800000 4790.03930  71.7%     -  363s
H    0     0                    16902.800000 4790.03930  71.7%     -  363s
H    0     0                    16882.800000 4790.03930  71.6%     -  363s
H    0     0                    16864.000000 4790.03930  71.6%     -  363s
H    0     0                    16811.200000 4790.03930  71.5%     -  363s
H    0     0                    16801.600000 4790.03930  71.5%     -  363s
H    0     0                    16792.400000 4790.03930  71.5%     -  363s
H    0     0                    16790.800000 4790.03930  71.5%     -  363s
     0     0 4790.03930    0 12627 16790.8000 4790.03930  71.5%     -  363s
H    0     0                    16771.200000 4800.21878  71.4%     -  423s
H    0     0                    16756.000000 4800.21878  71.4%     -  423s
H    0     0                    16754.800000 4800.21878  71.4%     -  423s
H    0     0                    16746.400000 4800.21878  71.3%     -  423s
     0     0 4800.21878    0 12681 16746.4000 4800.21878  71.3%     -  423s
     0     0 4805.00040    0 12559 16746.4000 4805.00040  71.3%     -  454s
     0     0 4807.82069    0 12607 16746.4000 4807.82069  71.3%     -  557s
     0     0 4808.60706    0 12525 16746.4000 4808.60706  71.3%     -  565s
     0     0 4808.60706    0 12547 16746.4000 4808.60706  71.3%     -  568s
H    0     0                    16683.600000 5268.25364  68.4%     -  793s
H    0     0                    16673.600000 5268.25364  68.4%     -  793s
H    0     0                    16664.800000 5268.25364  68.4%     -  793s
H    0     0                    16652.400000 5268.25364  68.4%     -  793s
H    0     0                    16642.400000 5268.25364  68.3%     -  793s
H    0     0                    16632.800000 5268.25364  68.3%     -  793s
H    0     0                    15854.000000 5268.25364  66.8%     -  793s
H    0     0                    15851.200000 5268.25364  66.8%     -  793s
H    0     0                    15848.400000 5268.25364  66.8%     -  793s
H    0     0                    15845.600000 5268.25364  66.8%     -  793s
H    0     0                    15843.200000 5268.25364  66.7%     -  793s
H    0     0                    15840.800000 5268.25364  66.7%     -  793s
H    0     0                    15838.000000 5268.25364  66.7%     -  793s
H    0     0                    15834.800000 5268.25364  66.7%     -  793s
H    0     0                    15831.600000 5268.25364  66.7%     -  793s
H    0     0                    15828.400000 5268.25364  66.7%     -  793s
H    0     0                    15818.400000 5268.25364  66.7%     -  793s
H    0     0                    15798.400000 5268.25364  66.7%     -  793s
H    0     0                    15780.000000 5268.25364  66.6%     -  793s
H    0     0                    15761.200000 5268.25364  66.6%     -  793s
H    0     0                    15744.000000 5268.25364  66.5%     -  793s
H    0     0                    15726.000000 5268.25364  66.5%     -  793s
H    0     0                    15710.400000 5268.25364  66.5%     -  793s
H    0     0                    15692.800000 5268.25364  66.4%     -  793s
H    0     0                    15670.000000 5268.25364  66.4%     -  793s
H    0     0                    15637.600000 5268.25364  66.3%     -  793s
     0     0 5268.25364    0 13611 15637.6000 5268.25364  66.3%     -  795s
     0     0 5824.64195    0 13675 15637.6000 5824.64195  62.8%     -  836s
H    0     0                    15627.200000 6125.48520  60.8%     -  899s
     0     0 6125.48520    0 13705 15627.2000 6125.48520  60.8%     -  900s
     0     0 6219.67109    0 14051 15627.2000 6219.67109  60.2%     -  988s
     0     0          -    0      15627.2000 6219.67109  60.2%     - 1000s

Cutting planes:
  Learned: 115
  Cover: 4132
  Implied bound: 596
  Clique: 1437
  MIR: 405
  StrongCG: 305
  Flow cover: 432
  Zero half: 2122
  Network: 36
  RLT: 1415
  Relax-and-lift: 1313

Explored 1 nodes (675777 simplex iterations) in 1000.26 seconds (1003.82 work units)
Thread count was 12 (of 12 available processors)

Solution count 10: 15627.2 15637.6 15670 ... 15798.4

Time limit reached
Best objective 1.562720000000e+04, best bound 6.220000000000e+03, gap 60.1976%
