
Gurobi 9.1.1 (win64) logging started Mon Apr 18 00:40:10 2022

Changed value of parameter LogFile to ./Log/Direct_MIP_Sshape_solver_300_order_30_batch.log
   Prev:   Default: 
Gurobi Optimizer version 9.1.1 build v9.1.1rc0 (win64)
Thread count: 6 physical cores, 12 logical processors, using up to 12 threads
Optimize a model with 19770 rows, 28440 columns and 78780 nonzeros
Model fingerprint: 0x9e974333
Variable types: 0 continuous, 28440 integer (28440 binary)
Coefficient statistics:
  Matrix range     [1e+00, 1e+01]
  Objective range  [4e-01, 2e+01]
  Bounds range     [1e+00, 1e+00]
  RHS range        [1e+00, 1e+01]
Found heuristic solution: objective 5398.6000000
Presolve removed 11430 rows and 11430 columns
Presolve time: 0.14s
Presolved: 8340 rows, 17010 columns, 65100 nonzeros
Variable types: 0 continuous, 17010 integer (17010 binary)

Root relaxation: objective 1.651460e+03, 41794 iterations, 1.10 seconds

    Nodes    |    Current Node    |     Objective Bounds      |     Work
 Expl Unexpl |  Obj  Depth IntInf | Incumbent    BestBd   Gap | It/Node Time

     0     0 1651.46000    0  967 5398.60000 1651.46000  69.4%     -    2s
H    0     0                    4825.2000000 1651.46000  65.8%     -    2s
H    0     0                    4390.0000000 1651.46000  62.4%     -    2s
H    0     0                    3991.6000000 1651.46000  58.6%     -    2s
     0     0 1651.46000    0 1613 3991.60000 1651.46000  58.6%     -    3s
H    0     0                    3918.4000000 1651.46000  57.9%     -    3s
H    0     0                    3909.8000000 1651.46000  57.8%     -    3s
H    0     0                    3898.0000000 1651.46000  57.6%     -    3s
H    0     0                    3875.4000000 1651.46000  57.4%     -    3s
     0     0 1661.98000    0 1476 3875.40000 1661.98000  57.1%     -    3s
     0     0 1661.98000    0 1454 3875.40000 1661.98000  57.1%     -    3s
H    0     0                    3866.8000000 1661.98000  57.0%     -    4s
H    0     0                    3865.8000000 1661.98000  57.0%     -    4s
H    0     0                    3848.6000000 1661.98000  56.8%     -    5s
H    0     0                    3837.2000000 1661.98000  56.7%     -    5s
     0     0 1664.61333    0  955 3837.20000 1664.61333  56.6%     -    5s
     0     0 1664.61333    0  945 3837.20000 1664.61333  56.6%     -    5s
     0     0 1666.13852    0 1618 3837.20000 1666.13852  56.6%     -    5s
H    0     0                    3818.4000000 1666.13852  56.4%     -    5s
     0     0 1666.13852    0 1407 3818.40000 1666.13852  56.4%     -    5s
H    0     0                    3818.0000000 1666.13852  56.4%     -    6s
     0     0 1666.45467    0 1517 3818.00000 1666.45467  56.4%     -    6s
     0     0 1666.45467    0 1437 3818.00000 1666.45467  56.4%     -    6s
     0     0 1666.52000    0 1459 3818.00000 1666.52000  56.4%     -    6s
     0     0 1666.52000    0  965 3818.00000 1666.52000  56.4%     -    7s
H    0     0                    3744.4000000 1666.52000  55.5%     -    7s
H    0     0                    3735.8000000 1666.52000  55.4%     -    7s
H    0     0                    3735.2000000 1666.62000  55.4%     -    7s
H    0     2                    3730.0000000 1666.62000  55.3%     -    8s
     0     2 1666.62000    0  965 3730.00000 1666.62000  55.3%     -    8s
    25    20 1715.25553    8 1643 3730.00000 1689.82547  54.7%  1012   10s
H   31    26                    3680.0000000 1699.61922  53.8%  1296   11s
H   34    26                    3658.0000000 1699.61922  53.5%  1620   11s
H   35    26                    3644.8000000 1699.61922  53.4%  1609   11s
H   63    57                    3615.6000000 1699.61922  53.0%  1386   13s
H   66    57                    3600.2000000 1699.61922  52.8%  1347   13s
H   99    92                    3579.2000000 1699.61922  52.5%   976   13s
H  134   122                    3576.8000000 1699.61922  52.5%   776   14s
H  136   122                    3575.6000000 1699.61922  52.5%   766   14s
H  136   122                    3569.0000000 1699.61922  52.4%   766   14s
H  140   122                    3555.9999991 1699.61922  52.2%   750   14s
   176   154 infeasible   29      3556.00000 1699.61922  52.2%   630   15s
H  177   154                    3554.8000000 1699.61922  52.2%   627   15s
H  177   154                    3529.2000000 1699.61922  51.8%   627   15s
H  181   154                    3521.0000000 1699.61922  51.7%   614   15s
H  220   182                    3515.0000000 1699.61922  51.6%   536   18s
H  220   182                    3469.2000000 1699.61922  51.0%   536   18s
H  222   182                    3466.8000000 1699.61922  51.0%   532   18s
H  272   215                    3462.2000000 1699.61922  50.9%   455   19s
H  273   215                    3461.8000000 1699.61922  50.9%   454   19s
H  278   215                    3461.4000000 1699.61922  50.9%   447   19s
   280   228 1876.12987   37 1049 3461.40000 1699.61922  50.9%   445   20s
H  381   304                    3453.0000000 1707.88080  50.5%   418   26s
H  386   304                    3452.2000000 1707.88080  50.5%   416   26s
   771   617 1987.46547   52 1007 3452.20000 1707.88080  50.5%   255   30s
H  827   660                    3406.8000000 1707.88080  49.9%   248   30s
   971   807 2122.87962   80  915 3406.80000 1707.88080  49.9%   231   36s
H  979   807                    3307.6000000 1707.88080  48.4%   230   36s
  1335  1038 1968.30982   71  965 3307.60000 1707.88080  48.4%   198   48s
  1337  1039 2164.70877   63 14209 3307.60000 1707.88080  48.4%   198  180s
  1338  1040 1990.02552   85 14209 3307.60000 1707.88080  48.4%   198  198s
H 1338   987                    3299.0000000 1707.88080  48.2%   198  225s
  1340   991 1707.88080   13 13761 3299.00000 1707.88080  48.2%   587  383s
  1342   995 1707.88080   14 13831 3299.00000 1707.88080  48.2%   703  459s
  1346   999 1707.88080   15 13753 3299.00000 1707.88080  48.2%   854  722s
  1352  1003 1707.88080   16 13676 3299.00000 1707.88080  48.2%  1332  736s
  1358  1007 1707.88080   16 13793 3299.00000 1707.88080  48.2%  1341  862s
  1364  1011 1707.88080   17 13180 3299.00000 1707.88080  48.2%  1485  904s
  1370  1017 1707.88080   17 13042 3299.00000 1707.88080  48.2%  1561 1000s
H 1375   967                    3296.2000000 1707.88080  48.2%  1564 1000s

Explored 1378 nodes (2236555 simplex iterations) in 1000.04 seconds
Thread count was 12 (of 12 available processors)

Solution count 10: 3296.2 3299 3307.6 ... 3466.8

Time limit reached
Best objective 3.296200000000e+03, best bound 1.708000000000e+03, gap 48.1828%
