
Gurobi 9.1.1 (win64) logging started Mon Apr 18 04:07:23 2022

Changed value of parameter LogFile to ./Log/Direct_MIP_Sshape_solver_500_order_25_batch.log
   Prev:   Default: 
Gurobi Optimizer version 9.1.1 build v9.1.1rc0 (win64)
Thread count: 6 physical cores, 12 logical processors, using up to 12 threads
Optimize a model with 26725 rows, 38700 columns and 107975 nonzeros
Model fingerprint: 0x9c2426bf
Variable types: 0 continuous, 38700 integer (38700 binary)
Coefficient statistics:
  Matrix range     [1e+00, 2e+01]
  Objective range  [4e-01, 2e+01]
  Bounds range     [1e+00, 1e+00]
  RHS range        [1e+00, 2e+01]
Found heuristic solution: objective 6609.2000000
Presolve removed 15600 rows and 15600 columns
Presolve time: 0.22s
Presolved: 11125 rows, 23100 columns, 90425 nonzeros
Variable types: 0 continuous, 23100 integer (23100 binary)

Root relaxation: objective 1.550220e+03, 51693 iterations, 1.48 seconds

    Nodes    |    Current Node    |     Objective Bounds      |     Work
 Expl Unexpl |  Obj  Depth IntInf | Incumbent    BestBd   Gap | It/Node Time

     0     0 1550.22000    0 1411 6609.20000 1550.22000  76.5%     -    3s
H    0     0                    5902.0000000 1550.22000  73.7%     -    3s
H    0     0                    4972.4000000 1550.22000  68.8%     -    5s
H    0     0                    4966.0000000 1550.22000  68.8%     -    5s
H    0     0                    4870.8000000 1550.22000  68.2%     -    5s
     0     0 1550.22000    0 2496 4870.80000 1550.22000  68.2%     -    6s
H    0     0                    4742.4000000 1550.22000  67.3%     -    6s
     0     0 1550.22000    0 2084 4742.40000 1550.22000  67.3%     -    6s
H    0     0                    4449.2000000 1550.22000  65.2%     -    9s
H    0     0                    4289.8000000 1550.22000  63.9%     -    9s
H    0     0                    4269.4000000 1550.22000  63.7%     -    9s
H    0     0                    4240.6000000 1550.22000  63.4%     -    9s
     0     0 1550.22000    0 1426 4240.60000 1550.22000  63.4%     -    9s
     0     0 1550.22000    0 1426 4240.60000 1550.22000  63.4%     -    9s
H    0     0                    4135.4000000 1550.22000  62.5%     -    9s
H    0     0                    4107.4000000 1550.22000  62.3%     -   10s
     0     2 1550.22000    0 1406 4107.40000 1550.22000  62.3%     -   11s
    18    16 1586.42051    6 2453 4107.40000 1572.81646  61.7%  1421   15s
H   30    24                    4075.4000000 1572.93278  61.4%  2115   25s
H   33    24                    4065.0000000 1572.93278  61.3%  4089   25s
H   63    54                    4026.0000000 1572.93278  60.9%  2787   28s
H   97    86                    4025.6000000 1572.93278  60.9%  2054   30s
H   98    86                    4014.6000000 1572.93278  60.8%  2050   30s
H   99    86                    4013.8000000 1572.93278  60.8%  2036   30s
H  102    86                    4005.4000000 1572.93278  60.7%  2003   30s
H  137   122                    3998.8000000 1572.93278  60.7%  1636   32s
H  139   122                    3991.8000000 1572.93278  60.6%  1614   32s
H  172   148                    3987.0000000 1572.93278  60.5%  1417   34s
H  172   148                    3979.2000000 1572.93278  60.5%  1417   34s
H  173   148                    3975.4000000 1572.93278  60.4%  1422   34s
H  174   148                    3975.0000000 1572.93278  60.4%  1415   34s
H  175   148                    3971.8000000 1572.93278  60.4%  1409   34s
H  176   148                    3958.4000000 1572.93278  60.3%  1401   34s
   191   171 1665.01286   20 1926 3958.40000 1572.93278  60.3%  1356   35s
H  210   181                    3901.0000000 1572.93278  59.7%  1292   37s
H  215   183                    3892.0000000 1572.93278  59.6%  1266   38s
H  216   183                    3891.6000000 1572.93278  59.6%  1267   38s
H  243   206                    3863.8000000 1572.93278  59.3%  1179   41s
H  248   206                    3844.8000000 1572.93278  59.1%  1161   41s
H  253   206                    3822.8000000 1572.93278  58.9%  1153   41s
H  256   210                    3821.2000000 1572.93278  58.8%  1143   42s
H  258   210                    3818.4000000 1572.93278  58.8%  1141   42s
H  283   224                    3779.6000000 1572.93278  58.4%  1103   50s
H  287   224                    3773.0000000 1572.93278  58.3%  1090   50s
H  288   224                    3729.0000000 1572.93278  57.8%  1087   50s
H  292   231                    3724.6000000 1572.93278  57.8%  1077   51s
H  303   252                    3708.0000000 1572.93278  57.6%  1055   53s
   341   278 1769.07275   32 1561 3708.00000 1572.93278  57.6%   988   56s
H  342   278                    3705.6000000 1572.93278  57.6%   985   56s
H  347   278                    3704.6000000 1572.93278  57.5%   975   56s
   432   375 1725.59142   38 1564 3704.60000 1572.93278  57.5%   860   60s
   612   549 1764.47389   50 1532 3704.60000 1572.93278  57.5%   685   65s
   798   728 1801.98742   62 1531 3704.60000 1572.93278  57.5%   574   72s
H  812   728                    3702.0000000 1572.93278  57.5%   568   72s
   975   866 1835.30948   74 1493 3702.00000 1572.93278  57.5%   498   90s
H  979   866                    3700.8000000 1572.93278  57.5%   498   90s
  1005   878 1847.56106   76 1459 3700.80000 1572.93278  57.5%   488   97s
H 1006   878                    3700.4000000 1572.93278  57.5%   487   97s
H 1012   878                    3698.8000000 1572.93278  57.5%   486   97s
  1186  1123 1875.28882   88 1438 3698.80000 1572.93278  57.5%   434  101s
  1471  1391 1915.55209  105 1437 3698.80000 1572.93278  57.5%   370  106s
  1654  1553 1966.01981  119 1358 3698.80000 1572.93278  57.5%   350  112s
  1848  1724 2018.93487  135 1407 3698.80000 1572.93278  57.5%   342  115s
H 2162  1906                    3695.4000000 1572.93278  57.4%   330  126s
  2163  1907 2959.11411  176 1426 3695.40000 1572.93278  57.4%   330  139s
  2165  1908 1692.88664   33 19815 3695.40000 1572.93278  57.4%   330  326s
  2166  1909 1798.53878   33 19815 3695.40000 1572.93278  57.4%   329  410s
H 2166  1813                    3690.8000000 1572.93278  57.4%   329  480s
  2168  1816 1582.44305   14 19379 3690.80000 1572.93278  57.4%   631 1000s

Explored 2169 nodes (1464189 simplex iterations) in 1000.04 seconds
Thread count was 12 (of 12 available processors)

Solution count 10: 3690.8 3695.4 3698.8 ... 3724.6

Time limit reached
Best objective 3.690800000000e+03, best bound 1.573000000000e+03, gap 57.3805%
