
Gurobi 9.1.1 (win64) logging started Sun Mar 13 20:35:15 2022

Changed value of parameter LogFile to ./Log/Direct_MIP_Return_solver_1200_order_60_batch.log
   Prev:   Default: 
Gurobi Optimizer version 9.1.1 build v9.1.1rc0 (win64)
Thread count: 6 physical cores, 12 logical processors, using up to 12 threads
Optimize a model with 259020 rows, 221760 columns and 764520 nonzeros
Model fingerprint: 0xc81c01db
Variable types: 2880 continuous, 218880 integer (218880 binary)
Coefficient statistics:
  Matrix range     [1e+00, 3e+01]
  Objective range  [4e-01, 1e+00]
  Bounds range     [1e+00, 4e+01]
  RHS range        [1e+00, 2e+01]
Found heuristic solution: objective 12002.800000
Presolve removed 120960 rows and 119640 columns
Presolve time: 2.09s
Presolved: 138060 rows, 102120 columns, 655920 nonzeros
Variable types: 0 continuous, 102120 integer (99420 binary)

Deterministic concurrent LP optimizer: primal and dual simplex
Showing first log only...


Root simplex log...

Iteration    Objective       Primal Inf.    Dual Inf.      Time
   18201    1.3315084e+04   0.000000e+00   3.341730e+05      5s
   32274    8.5781291e+03   0.000000e+00   2.663457e+05     10s
   41748    7.6463769e+03   0.000000e+00   4.531426e+05     15s
   47798    7.1533660e+03   0.000000e+00   2.820855e+06     20s
   51526    6.8436480e+03   0.000000e+00   1.093546e+07     25s
   53836    6.7060519e+03   0.000000e+00   1.264782e+07     30s
   55826    6.5714927e+03   0.000000e+00   3.127280e+06     35s
   57876    6.4356259e+03   0.000000e+00   2.295831e+06     40s
   59696    6.3110238e+03   0.000000e+00   2.338076e+06     45s
   61286    6.2058409e+03   0.000000e+00   1.113194e+07     50s
   62956    6.0871902e+03   0.000000e+00   4.195257e+07     55s
   64336    6.0099349e+03   0.000000e+00   2.118449e+07     60s
   65756    5.9265036e+03   0.000000e+00   3.726860e+06     65s
   67076    5.8624541e+03   0.000000e+00   1.746219e+06     70s
   68366    5.7858800e+03   0.000000e+00   1.311284e+08     75s
   69646    5.7281019e+03   0.000000e+00   3.206630e+06     80s
   70906    5.6682202e+03   0.000000e+00   4.966755e+06     85s
   72046    5.6115321e+03   0.000000e+00   2.977753e+07     90s
   73266    5.5540645e+03   0.000000e+00   1.097409e+08     95s
   74439    5.4938073e+03   0.000000e+00   3.806035e+06    100s
   75279    5.4275562e+03   0.000000e+00   2.415988e+07    105s
   76119    5.3245381e+03   0.000000e+00   3.146704e+08    111s
   76819    5.2487954e+03   0.000000e+00   1.722090e+07    115s
   77599    5.1618357e+03   0.000000e+00   3.518231e+07    120s
   78389    5.0853677e+03   0.000000e+00   2.595503e+07    125s
   79099    5.0222927e+03   0.000000e+00   3.603174e+07    130s
   79809    4.9634088e+03   0.000000e+00   2.711627e+07    136s
   80459    4.8908243e+03   0.000000e+00   7.027641e+07    140s
   81279    4.8162573e+03   0.000000e+00   3.608113e+06    146s
   81959    4.7549330e+03   0.000000e+00   5.693136e+07    150s
   82719    4.7098540e+03   0.000000e+00   2.345162e+07    155s
   83509    4.6470567e+03   0.000000e+00   2.724262e+07    161s
   84169    4.6044875e+03   0.000000e+00   6.041399e+07    165s
   84989    4.5582698e+03   0.000000e+00   1.685035e+07    171s
   85629    4.5283224e+03   0.000000e+00   1.195429e+07    175s
   86379    4.4932192e+03   0.000000e+00   6.849545e+06    180s
   87039    4.4615678e+03   0.000000e+00   1.907517e+08    185s
   87719    4.4272562e+03   0.000000e+00   1.359259e+07    190s
   88399    4.3938800e+03   0.000000e+00   1.759663e+07    195s
   89099    4.3675994e+03   0.000000e+00   1.849340e+07    200s
   89729    4.3239665e+03   0.000000e+00   1.097442e+08    205s
   90389    4.2961033e+03   0.000000e+00   2.615341e+07    210s
   91109    4.2692359e+03   0.000000e+00   4.382048e+07    216s
   91819    4.2377938e+03   0.000000e+00   7.018972e+05    221s
   92357    4.2223665e+03   0.000000e+00   2.402957e+07    225s
   93077    4.1951811e+03   0.000000e+00   4.111234e+08    231s
   93647    4.1765500e+03   0.000000e+00   2.174106e+06    235s
   94237    4.1538839e+03   0.000000e+00   7.150794e+06    240s
   94887    4.1280135e+03   0.000000e+00   1.310917e+07    245s
   95537    4.1106166e+03   0.000000e+00   4.743418e+06    250s
   96237    4.0914657e+03   0.000000e+00   4.732032e+07    256s
   96867    4.0728388e+03   0.000000e+00   3.050799e+07    261s
   97387    4.0564889e+03   0.000000e+00   2.835042e+07    265s
   98047    4.0338119e+03   0.000000e+00   5.272577e+07    271s
   98627    4.0092598e+03   0.000000e+00   7.100116e+07    276s
   99237    3.9827099e+03   0.000000e+00   3.219298e+07    281s
   99787    3.9603486e+03   0.000000e+00   1.145896e+07    285s
  100397    3.9408621e+03   0.000000e+00   3.994916e+07    290s
  100967    3.9284718e+03   0.000000e+00   2.740443e+07    295s


Root relaxation: time limit, 101544 iterations, 297.74 seconds

    Nodes    |    Current Node    |     Objective Bounds      |     Work
 Expl Unexpl |  Obj  Depth IntInf | Incumbent    BestBd   Gap | It/Node Time

     0     0          -    0      12002.8000 2080.80000  82.7%     -  300s

Explored 0 nodes (101544 simplex iterations) in 300.04 seconds
Thread count was 12 (of 12 available processors)

Solution count 1: 12002.8 

Time limit reached
Best objective 1.200280000000e+04, best bound 2.080800000000e+03, gap 82.6640%
