
Gurobi 9.1.1 (win64) logging started Mon Apr 18 02:38:10 2022

Changed value of parameter LogFile to ./Log/Direct_MIP_Sshape_solver_400_order_20_batch.log
   Prev:   Default: 
Gurobi Optimizer version 9.1.1 build v9.1.1rc0 (win64)
Thread count: 6 physical cores, 12 logical processors, using up to 12 threads
Optimize a model with 17380 rows, 24960 columns and 69460 nonzeros
Model fingerprint: 0x9ff86f18
Variable types: 0 continuous, 24960 integer (24960 binary)
Coefficient statistics:
  Matrix range     [1e+00, 2e+01]
  Objective range  [4e-01, 2e+01]
  Bounds range     [1e+00, 1e+00]
  RHS range        [1e+00, 2e+01]
Found heuristic solution: objective 5233.6000000
Presolve removed 9920 rows and 9920 columns
Presolve time: 0.13s
Presolved: 7460 rows, 15040 columns, 58460 nonzeros
Variable types: 0 continuous, 15040 integer (15040 binary)

Root relaxation: objective 1.279790e+03, 34265 iterations, 0.91 seconds

    Nodes    |    Current Node    |     Objective Bounds      |     Work
 Expl Unexpl |  Obj  Depth IntInf | Incumbent    BestBd   Gap | It/Node Time

     0     0 1279.79000    0 1150 5233.60000 1279.79000  75.5%     -    1s
H    0     0                    4920.8000000 1279.79000  74.0%     -    1s
H    0     0                    4851.8000000 1279.79000  73.6%     -    2s
H    0     0                    4033.2000000 1279.79000  68.3%     -    2s
H    0     0                    4032.8000000 1279.79000  68.3%     -    2s
     0     0 1279.79000    0 1915 4032.80000 1279.79000  68.3%     -    2s
H    0     0                    3958.2000000 1279.79000  67.7%     -    3s
H    0     0                    3932.6000000 1279.79000  67.5%     -    3s
     0     0 1279.79000    0 1642 3932.60000 1279.79000  67.5%     -    3s
H    0     0                    3866.0000000 1279.79000  66.9%     -    4s
H    0     0                    3817.2000000 1279.79000  66.5%     -    4s
H    0     0                    3761.8000000 1279.79000  66.0%     -    4s
H    0     0                    3701.0000000 1279.79000  65.4%     -    4s
     0     0 1280.96510    0 1280 3701.00000 1280.96510  65.4%     -    4s
H    0     0                    3569.4000000 1280.96510  64.1%     -    5s
     0     0 1281.09163    0 1446 3569.40000 1281.09163  64.1%     -    5s
     0     0 1281.12334    0 1359 3569.40000 1281.12334  64.1%     -    5s
     0     0 1281.12491    0 1361 3569.40000 1281.12491  64.1%     -    5s
     0     0 1281.12797    0 1364 3569.40000 1281.12797  64.1%     -    5s
     0     0 1281.12815    0 1366 3569.40000 1281.12815  64.1%     -    5s
H    0     0                    3472.8000000 1281.12815  63.1%     -    5s
     0     0 1281.57275    0 1966 3472.80000 1281.57275  63.1%     -    5s
H    0     0                    3422.8000000 1281.57275  62.6%     -    5s
     0     0 1281.61173    0 1946 3422.80000 1281.61173  62.6%     -    5s
H    0     0                    3399.4000000 1281.61173  62.3%     -    6s
     0     0 1281.62846    0 1960 3399.40000 1281.62846  62.3%     -    6s
     0     0 1281.63272    0 1737 3399.40000 1281.63272  62.3%     -    6s
     0     0 1281.63279    0 1602 3399.40000 1281.63279  62.3%     -    6s
H    0     0                    3376.6000000 1281.63279  62.0%     -    6s
H    0     0                    3348.6000000 1281.63279  61.7%     -    7s
H    0     0                    3340.4000000 1281.63279  61.6%     -    7s
H    0     0                    3333.4000000 1281.63279  61.6%     -    7s
     0     0 1281.72234    0 2060 3333.40000 1281.72234  61.5%     -    7s
H    0     0                    3319.4000000 1281.72234  61.4%     -    7s
H    0     0                    3315.8000000 1281.72234  61.3%     -    7s
     0     0 1281.78368    0 2193 3315.80000 1281.78368  61.3%     -    7s
H    0     0                    3312.0000000 1281.78368  61.3%     -    7s
     0     0 1281.80176    0 2215 3312.00000 1281.80176  61.3%     -    7s
H    0     0                    3286.8000000 1281.80176  61.0%     -    7s
     0     0 1281.80860    0 2202 3286.80000 1281.80860  61.0%     -    7s
     0     0 1281.81293    0 2150 3286.80000 1281.81293  61.0%     -    8s
H    0     0                    3286.4000000 1281.81293  61.0%     -    8s
     0     0 1281.81491    0 1999 3286.40000 1281.81491  61.0%     -    8s
H    0     0                    3275.6000000 1281.81491  60.9%     -    8s
     0     0 1281.81517    0 2027 3275.60000 1281.81517  60.9%     -    8s
H    0     0                    3261.4000000 1281.81517  60.7%     -    9s
H    0     0                    3207.4000000 1281.81517  60.0%     -    9s
H    0     0                    3207.0000000 1281.81517  60.0%     -    9s
H    0     0                    3206.6000000 1281.81517  60.0%     -    9s
     0     0 1281.82711    0 2360 3206.60000 1281.82711  60.0%     -    9s
H    0     0                    3203.0000000 1281.82711  60.0%     -    9s
H    0     0                    3198.4000000 1281.82711  59.9%     -    9s
H    0     0                    3188.8000000 1281.82711  59.8%     -    9s
H    0     0                    3171.4000000 1281.82711  59.6%     -    9s
     0     0 1281.85385    0 1777 3171.40000 1281.85385  59.6%     -    9s
     0     0 1281.85645    0 2374 3171.40000 1281.85645  59.6%     -   10s
     0     0 1281.85884    0 2396 3171.40000 1281.85884  59.6%     -   10s
     0     0 1281.86065    0 2379 3171.40000 1281.86065  59.6%     -   10s
H    0     0                    3158.4000000 1281.86065  59.4%     -   10s
     0     0 1281.86132    0 2346 3158.40000 1281.86132  59.4%     -   10s
H    0     0                    3148.6000000 1281.86132  59.3%     -   11s
     0     0 1281.87845    0 2803 3148.60000 1281.87845  59.3%     -   11s
H    0     0                    3081.4000000 1281.87845  58.4%     -   12s
H    0     0                    3076.8000000 1281.87845  58.3%     -   12s
     0     0 1281.88876    0 2912 3076.80000 1281.88876  58.3%     -   12s
H    0     0                    3076.4000000 1281.88876  58.3%     -   13s
     0     0 1281.89358    0 2750 3076.40000 1281.89358  58.3%     -   13s
     0     0 1281.89864    0 2838 3076.40000 1281.89864  58.3%     -   14s
     0     0 1281.90046    0 2770 3076.40000 1281.90046  58.3%     -   14s
     0     0 1281.90068    0 2737 3076.40000 1281.90068  58.3%     -   14s
H    0     0                    3074.8000000 1281.90068  58.3%     -   16s
H    0     0                    3074.2000000 1281.90068  58.3%     -   16s
     0     0 1281.90068    0 2904 3074.20000 1281.90068  58.3%     -   16s
     0     0 1281.90068    0 2162 3074.20000 1281.90068  58.3%     -   17s
H    0     2                    3070.2000000 1281.90068  58.2%     -   19s
     0     2 1281.90068    0 2098 3070.20000 1281.90068  58.2%     -   19s
     5     4 infeasible    3      3070.20000 1281.99948  58.2%  1594   20s
    13     8 1335.11732    5 1782 3070.20000 1299.89434  57.7%  5586   39s
    17    10 infeasible    6      3070.20000 1309.01201  57.4% 11249   69s
    23    16 1332.48393    7 3326 3070.20000 1309.09829  57.4% 16391  134s
H   29    22                    3066.0000000 1309.09829  57.3% 24294  205s
H   31    22                    3055.6000000 1309.09829  57.2% 24028  205s
    35    28 1488.10869    9 3322 3055.60000 1309.09829  57.2% 26640  529s
    41    34 1508.89913   10 3165 3055.60000 1309.09829  57.2% 52772  916s
    47    41 1511.22533   11 3150 3055.60000 1309.09829  57.2% 61894  970s
    56    47 1529.33966   13 3312 3055.60000 1309.09829  57.2% 53843 1000s

Cutting planes:
  Gomory: 634
  Cover: 10271
  Clique: 900
  MIR: 981
  StrongCG: 163
  Zero half: 751

Explored 62 nodes (3160909 simplex iterations) in 1000.04 seconds
Thread count was 12 (of 12 available processors)

Solution count 10: 3055.6 3066 3070.2 ... 3158.4

Time limit reached
Best objective 3.055600000000e+03, best bound 1.309200000000e+03, gap 57.1541%
