
Gurobi 9.1.1 (win64) logging started Sun Apr 17 23:28:36 2022

Changed value of parameter LogFile to ./Log/Direct_MIP_Sshape_solver_200_order_20_batch.log
   Prev:   Default: 
Gurobi Optimizer version 9.1.1 build v9.1.1rc0 (win64)
Thread count: 6 physical cores, 12 logical processors, using up to 12 threads
Optimize a model with 9180 rows, 12960 columns and 35040 nonzeros
Model fingerprint: 0x4ef48caf
Variable types: 0 continuous, 12960 integer (12960 binary)
Coefficient statistics:
  Matrix range     [1e+00, 1e+01]
  Objective range  [4e-01, 2e+01]
  Bounds range     [1e+00, 1e+00]
  RHS range        [1e+00, 1e+01]
Found heuristic solution: objective 3615.2000000
Presolve removed 4940 rows and 4940 columns
Presolve time: 0.06s
Presolved: 4240 rows, 8020 columns, 29600 nonzeros
Variable types: 0 continuous, 8020 integer (8020 binary)

Root relaxation: objective 1.160580e+03, 18982 iterations, 0.47 seconds

    Nodes    |    Current Node    |     Objective Bounds      |     Work
 Expl Unexpl |  Obj  Depth IntInf | Incumbent    BestBd   Gap | It/Node Time

     0     0 1160.58000    0  634 3615.20000 1160.58000  67.9%     -    0s
H    0     0                    3245.4000000 1160.58000  64.2%     -    0s
H    0     0                    2762.4000000 1160.58000  58.0%     -    0s
H    0     0                    2762.0000000 1160.58000  58.0%     -    0s
     0     0 1160.58000    0 1090 2762.00000 1160.58000  58.0%     -    1s
H    0     0                    2737.4000000 1160.58000  57.6%     -    1s
     0     0 1167.30000    0  898 2737.40000 1167.30000  57.4%     -    1s
     0     0 1167.30000    0  886 2737.40000 1167.30000  57.4%     -    1s
H    0     0                    2712.8000000 1167.30000  57.0%     -    1s
H    0     0                    2712.0000000 1167.30000  57.0%     -    1s
H    0     0                    2663.4000000 1167.30000  56.2%     -    1s
     0     0 1169.45083    0  720 2663.40000 1169.45083  56.1%     -    1s
     0     0 1169.48833    0  709 2663.40000 1169.48833  56.1%     -    1s
     0     0 1169.48833    0  702 2663.40000 1169.48833  56.1%     -    1s
H    0     0                    2659.0000000 1169.48833  56.0%     -    1s
H    0     0                    2638.4000000 1169.48833  55.7%     -    1s
     0     0 1169.62000    0  999 2638.40000 1169.62000  55.7%     -    2s
H    0     0                    2635.2000000 1169.62000  55.6%     -    2s
     0     0 1169.62000    0  901 2635.20000 1169.62000  55.6%     -    2s
     0     0 1169.62000    0 1137 2635.20000 1169.62000  55.6%     -    2s
     0     0 1169.62000    0  696 2635.20000 1169.62000  55.6%     -    2s
H    0     0                    2594.2000000 1169.62000  54.9%     -    2s
H    0     0                    2541.4000000 1169.62000  54.0%     -    2s
H    0     0                    2536.8000000 1169.62000  53.9%     -    2s
H    0     0                    2527.4000000 1169.62000  53.7%     -    2s
     0     2 1169.62000    0  655 2527.40000 1169.62000  53.7%     -    3s
H   29    24                    2505.4000000 1199.30019  52.1%   942    4s
H   64    43                    2488.8000000 1199.30019  51.8%   599    4s
H   99    69                    2488.4000000 1199.30019  51.8%   466    4s
H  102    69                    2468.0000000 1199.30019  51.4%   456    4s
   108    83 1348.24236   16  955 2468.00000 1199.30019  51.4%   449    5s
H  142    99                    2464.8000000 1199.30019  51.3%   371    5s
H  142    99                    2464.2000000 1199.30019  51.3%   371    5s
H  146    99                    2459.2000000 1199.30019  51.2%   363    5s
H  149    99                    2457.8000000 1199.30019  51.2%   358    5s
H  151    99                    2456.2000000 1199.30019  51.2%   355    5s
H  189   135                    2450.8000000 1199.30019  51.1%   310    5s
H  193   135                    2446.0000000 1199.30019  51.0%   307    5s
H  194   135                    2437.8000000 1199.30019  50.8%   306    5s
H  225   165                    2423.2000000 1199.30019  50.5%   280    5s
H  229   165                    2419.4000000 1199.30019  50.4%   276    5s
H  237   165                    2414.4000000 1199.30019  50.3%   270    5s
H  242   175                    2413.6000000 1199.30019  50.3%   265    5s
H  244   175                    2408.6000000 1199.30019  50.2%   265    5s
H  251   175                    2405.2000000 1199.30019  50.1%   260    5s
H  282   202                    2390.6000000 1199.30019  49.8%   240    6s
H  658   496                    2367.4000000 1199.30019  49.3%   127    7s
H  659   496                    2346.0000000 1199.30019  48.9%   127    7s
H  664   496                    2320.8000000 1199.30019  48.3%   126    7s
H  888   675                    2296.0000000 1199.30019  47.8%   119    8s
   960   758     cutoff  121      2296.00000 1202.00108  47.6%   115   10s
H 1004   781                    2291.2000000 1202.00108  47.5%   138   14s
H 1007   780                    2290.4000000 1202.00108  47.5%   139   14s
  1026   796 1259.37419    8 1365 2290.40000 1202.00108  47.5%   144   15s
  1193   970 1326.94583   13 1042 2290.40000 1202.00108  47.5%   199   20s
  1301  1017 1888.85022   95  696 2290.40000 1202.00108  47.5%   200   27s
  1303  1018 1978.88417  111 7052 2290.40000 1202.00108  47.5%   199   45s
  1304  1019 1631.91278   99 7052 2290.40000 1202.00108  47.5%   199   51s
H 1304   968                    2283.8000000 1202.00108  47.4%   199   56s
  1306   972 1226.84000   12 5791 2283.80000 1202.00108  47.4%   359   97s
  1308   976 1227.02000   13 5790 2283.80000 1202.00108  47.4%   406  101s
  1312   980 1227.94000   14 5792 2283.80000 1202.00108  47.4%   420  127s
  1318   984 1228.64667   15 5800 2283.80000 1202.00108  47.4%   479  134s
  1324   988 1236.58000   15 5791 2283.80000 1202.00108  47.4%   492  154s
  1330   992 1438.92222   16 5631 2283.80000 1202.00108  47.4%   893  294s
  1336  1000 1232.88667   16 5830 2283.80000 1202.00108  47.4%   916  299s
  1346  1007 1233.42000   17 5911 2283.80000 1202.00108  47.4%   937  313s
  1356  1011 1251.41020   18 5760 2283.80000 1202.00108  47.4%  1006  336s
  1363  1017 1241.10000   18 5909 2283.80000 1202.00108  47.4%  1070  345s
  1372  1023 1242.18000   19 5891 2283.80000 1202.00108  47.4%  1099  354s
H 1380   972                    2278.4000000 1202.00108  47.2%  1134  354s
  1381   980 1267.58000   20 5405 2278.40000 1202.00108  47.2%  1207  381s
  1390   991 1246.38000   20 5942 2278.40000 1202.00108  47.2%  1279  408s
  1404  1000 1250.94000   21 6001 2278.40000 1202.00108  47.2%  1401  422s
  1417  1003 1266.53827   22 5450 2278.40000 1202.00108  47.2%  1486  443s
  1425  1010 1249.94000   22 5970 2278.40000 1202.00108  47.2%  1541  465s
  1434  1020 1257.46000   23 5959 2278.40000 1202.00108  47.2%  1658  484s
  1447  1030 1261.78000   24 5958 2278.40000 1202.00108  47.2%  1761  515s
H 1449   984                    2275.2000000 1202.00108  47.2%  1768  515s
  1462   993 1266.10000   25 5951 2275.20000 1202.00108  47.2%  1837  536s
  1476  1003 1331.42000   27 5546 2275.20000 1202.00108  47.2%  2027  562s
  1490  1013 1274.90000   27 5918 2275.20000 1202.00108  47.2%  2099  585s
H 1494   968                    2274.0000000 1202.00108  47.1%  2163  585s
  1505   985 1275.27484   28 5917 2274.00000 1202.00108  47.1%  2196  600s
  1526   997 1294.11484   30 5939 2274.00000 1202.00108  47.1%  2267  613s
H 1532   954                    2272.0000000 1202.00108  47.1%  2318  613s
H 1537   912                    2269.4000000 1202.00108  47.0%  2316  613s
  1545   942 1294.15500   31 5949 2269.40000 1202.00108  47.0%  2320  640s
H 1577   918                    2269.0000000 1202.00108  47.0%  2413  655s
H 1584   880                    2261.4000000 1202.00108  46.8%  2440  655s
  1601   912 1294.38000   35 5569 2261.40000 1202.00108  46.8%  2469  671s
H 1639   889                    2251.2000000 1202.00108  46.6%  2489  691s
  1663   920 1303.20857   37 5418 2251.20000 1202.00108  46.6%  2537  716s
H 1702   897                    2247.2000000 1202.00108  46.5%  2585  741s
H 1706   865                    2207.2000000 1202.00108  45.5%  2592  741s
  1726   887 1310.06000   41 5097 2207.20000 1202.00108  45.5%  2663  764s
H 1755   855                    2206.4000000 1202.00108  45.5%  2728  793s
H 1756   827                    2205.6000000 1202.00108  45.5%  2730  793s
H 1757   800                    2199.2000000 1202.00108  45.3%  2730  793s
H 1759   775                    2192.2000000 1202.00108  45.2%  2740  793s
  1761   812 1313.19842   44 4992 2192.20000 1202.00108  45.2%  2749  810s
  1798   826 1313.21036   46 4989 2192.20000 1202.00108  45.2%  2786  840s
H 1818   796                    2191.8000000 1202.00108  45.2%  2835  840s
  1825   832 1314.98000   50 5017 2191.80000 1202.00108  45.2%  2875  862s
  1864   848 1314.98000   54 5008 2191.80000 1202.00108  45.2%  2947  887s
H 1870   823                    2191.4000000 1202.00108  45.1%  2964  887s
H 1881   799                    2187.8000000 1202.00108  45.1%  2973  887s
  1893   826 1317.48000   57 4623 2187.80000 1202.00108  45.1%  3028  912s
  1924   857 1323.64000   58 4603 2187.80000 1202.00108  45.1%  3139  941s
H 1930   835                    2187.4000000 1202.00108  45.0%  3158  941s
H 1950   810                    2185.8000000 1202.00108  45.0%  3211  941s
  1966   845 1422.86687   61 4573 2185.80000 1202.00108  45.0%  3259  965s
H 1987   819                    2166.6000000 1202.00108  44.5%  3280  965s
  2007   853 1341.04000   61 4599 2166.60000 1202.00108  44.5%  3309  992s
H 2033   827                    2166.2000000 1202.00108  44.5%  3349  992s
H 2047   810                    2164.4000000 1202.00108  44.5%  3376 1000s
H 2051   794                    2155.8000000 1202.00108  44.2%  3386 1000s

Explored 2052 nodes (6985025 simplex iterations) in 1000.04 seconds
Thread count was 12 (of 12 available processors)

Solution count 10: 2155.8 2164.4 2166.2 ... 2192.2

Time limit reached
Best objective 2.155800000000e+03, best bound 1.202001075013e+03, gap 44.2434%
