
Gurobi 9.1.1 (win64) logging started Sun Mar 13 20:47:13 2022

Changed value of parameter LogFile to ./Log/Direct_MIP_Return_solver_1500_order_150_batch.log
   Prev:   Default: 
Gurobi Optimizer version 9.1.1 build v9.1.1rc0 (win64)
Thread count: 6 physical cores, 12 logical processors, using up to 12 threads
Optimize a model with 646050 rows, 599400 columns and 2000550 nonzeros
Model fingerprint: 0x6cc86ae9
Variable types: 7200 continuous, 592200 integer (592200 binary)
Coefficient statistics:
  Matrix range     [1e+00, 4e+01]
  Objective range  [4e-01, 1e+00]
  Bounds range     [1e+00, 4e+01]
  RHS range        [1e+00, 1e+01]
Found heuristic solution: objective 16645.200000
Presolve removed 298950 rows and 297150 columns (presolve time = 5s) ...
Presolve removed 298950 rows and 297150 columns
Presolve time: 5.43s
Presolved: 347100 rows, 302250 columns, 1743450 nonzeros
Variable types: 0 continuous, 302250 integer (295350 binary)

Deterministic concurrent LP optimizer: primal and dual simplex
Showing first log only...


Root simplex log...

Iteration    Objective       Primal Inf.    Dual Inf.      Time
   20224    2.5243476e+04   0.000000e+00   1.607609e+06     10s
   37039    2.3725963e+04   0.000000e+00   9.182054e+05     15s
   48439    2.2973644e+04   0.000000e+00   3.117480e+06     20s
   57559    2.2540627e+04   0.000000e+00   6.352200e+05     25s
   66393    1.3230329e+04   0.000000e+00   2.066355e+07     30s
   72956    1.2468334e+04   0.000000e+00   2.554470e+07     35s
   79226    1.2090722e+04   0.000000e+00   1.150153e+07     40s
   84641    1.1847799e+04   0.000000e+00   3.843612e+06     45s
   89771    1.1615579e+04   0.000000e+00   2.156080e+06     50s
   94616    1.1436665e+04   0.000000e+00   1.984609e+07     55s
   99176    1.1246920e+04   0.000000e+00   9.288920e+06     60s
  103166    1.1059637e+04   0.000000e+00   3.289256e+07     65s
  107441    1.0892366e+04   0.000000e+00   2.506523e+06     70s
  111431    1.0725920e+04   0.000000e+00   4.946768e+06     75s
  115136    1.0595795e+04   0.000000e+00   1.659698e+06     80s
  119411    1.0434021e+04   0.000000e+00   1.579282e+06     85s
  123686    1.0276676e+04   0.000000e+00   5.380372e+06     90s
  127391    1.0167403e+04   0.000000e+00   1.947639e+06     95s
Warning: Markowitz tolerance tightened to 0.03125
  130811    1.0027676e+04   0.000000e+00   1.274822e+06    100s
  133376    9.9582658e+03   0.000000e+00   4.343316e+06    105s
  136796    9.8487298e+03   0.000000e+00   8.878742e+05    110s
  140501    9.6987673e+03   0.000000e+00   1.711925e+06    115s
  143896    9.6300608e+03   0.000000e+00   1.530303e+07    120s
  147166    9.5449539e+03   0.000000e+00   1.054173e+06    125s
  149836    9.4902979e+03   0.000000e+00   1.698769e+06    130s
  152646    9.4176996e+03   0.000000e+00   1.257391e+06    135s
  156006    9.3314220e+03   0.000000e+00   2.920709e+06    140s
  159366    9.2600990e+03   0.000000e+00   1.005751e+07    145s
  162536    9.1991284e+03   0.000000e+00   5.442204e+06    150s
  165536    9.1349668e+03   0.000000e+00   2.919151e+06    155s
  168356    9.0848627e+03   0.000000e+00   1.231065e+06    160s
  171591    8.9915663e+03   0.000000e+00   2.118169e+07    165s
  174676    8.9276033e+03   0.000000e+00   2.234363e+06    170s
  177966    8.8602767e+03   0.000000e+00   1.731103e+07    175s
  180926    8.8181600e+03   0.000000e+00   1.780897e+08    180s
  184076    8.7462210e+03   0.000000e+00   5.039151e+06    185s
  186686    8.7090225e+03   0.000000e+00   8.926408e+05    190s
  189601    8.6620044e+03   0.000000e+00   1.487924e+06    195s
  192281    8.6164286e+03   0.000000e+00   5.709908e+05    200s
  195251    8.5781730e+03   0.000000e+00   2.798888e+07    205s
  197946    8.5340559e+03   0.000000e+00   1.290695e+06    210s
  200646    8.5012070e+03   0.000000e+00   5.132994e+06    215s
  203166    8.4779369e+03   0.000000e+00   9.763027e+05    220s
  205756    8.4413577e+03   0.000000e+00   5.635402e+06    225s
  208666    8.4122788e+03   0.000000e+00   1.590921e+06    230s
  210916    8.3942135e+03   0.000000e+00   8.841715e+05    235s
  212726    8.3792362e+03   0.000000e+00   7.833593e+06    240s
  214326    8.3617728e+03   0.000000e+00   1.059664e+06    246s
  215896    8.3392878e+03   0.000000e+00   5.693135e+06    250s
  217946    8.3199374e+03   0.000000e+00   1.569844e+07    255s
  220011    8.2941535e+03   0.000000e+00   9.131628e+06    260s
  222291    8.2640131e+03   0.000000e+00   1.208538e+07    265s
  224521    8.2367226e+03   0.000000e+00   4.277678e+06    270s
  226831    8.1969207e+03   0.000000e+00   1.372609e+06    275s
  229221    8.1715059e+03   0.000000e+00   8.843637e+05    280s
  231701    8.1481715e+03   0.000000e+00   1.388339e+06    285s
  233731    8.1249749e+03   0.000000e+00   2.321558e+06    290s
  236011    8.1045875e+03   0.000000e+00   4.521511e+06    295s


Root relaxation: time limit, 238284 iterations, 294.08 seconds

    Nodes    |    Current Node    |     Objective Bounds      |     Work
 Expl Unexpl |  Obj  Depth IntInf | Incumbent    BestBd   Gap | It/Node Time

     0     0          -    0      16645.2000 4657.60000  72.0%     -  300s

Explored 0 nodes (238284 simplex iterations) in 300.11 seconds
Thread count was 12 (of 12 available processors)

Solution count 1: 16645.2 

Time limit reached
Best objective 1.664520000000e+04, best bound 4.657600000000e+03, gap 72.0184%
