
Gurobi 9.1.1 (win64) logging started Sun Apr 17 22:52:51 2022

Changed value of parameter LogFile to ./Log/Direct_MIP_Sshape_solver_100_order_5_batch.log
   Prev:   Default: 
Gurobi Optimizer version 9.1.1 build v9.1.1rc0 (win64)
Thread count: 6 physical cores, 12 logical processors, using up to 12 threads
Optimize a model with 1345 rows, 1740 columns and 4480 nonzeros
Model fingerprint: 0x6f3e6985
Variable types: 0 continuous, 1740 integer (1740 binary)
Coefficient statistics:
  Matrix range     [1e+00, 2e+01]
  Objective range  [4e-01, 2e+01]
  Bounds range     [1e+00, 1e+00]
  RHS range        [1e+00, 2e+01]
Found heuristic solution: objective 1268.8000000
Presolve removed 690 rows and 690 columns
Presolve time: 0.01s
Presolved: 655 rows, 1050 columns, 3765 nonzeros
Variable types: 0 continuous, 1050 integer (1050 binary)

Root relaxation: objective 4.924000e+02, 2061 iterations, 0.02 seconds

    Nodes    |    Current Node    |     Objective Bounds      |     Work
 Expl Unexpl |  Obj  Depth IntInf | Incumbent    BestBd   Gap | It/Node Time

     0     0  492.40000    0  216 1268.80000  492.40000  61.2%     -    0s
H    0     0                    1049.6000000  492.40000  53.1%     -    0s
H    0     0                    1010.6000000  492.40000  51.3%     -    0s
H    0     0                     952.4000000  492.40000  48.3%     -    0s
H    0     0                     945.8000000  492.40000  47.9%     -    0s
H    0     0                     940.0000000  492.40000  47.6%     -    0s
H    0     0                     928.4000000  492.40000  47.0%     -    0s
     0     0  492.40000    0  470  928.40000  492.40000  47.0%     -    0s
     0     0  498.54737    0  328  928.40000  498.54737  46.3%     -    0s
     0     0  500.85452    0  342  928.40000  500.85452  46.1%     -    0s
     0     0  500.85452    0  328  928.40000  500.85452  46.1%     -    0s
H    0     0                     897.4000000  500.85452  44.2%     -    0s
H    0     0                     881.2000000  500.85452  43.2%     -    0s
     0     0  508.23395    0  417  881.20000  508.23395  42.3%     -    0s
     0     0  508.83721    0  463  881.20000  508.83721  42.3%     -    0s
     0     0  508.98063    0  421  881.20000  508.98063  42.2%     -    0s
H    0     0                     867.0000000  508.98063  41.3%     -    0s
     0     0  509.05478    0  433  867.00000  509.05478  41.3%     -    0s
     0     0  509.09291    0  427  867.00000  509.09291  41.3%     -    0s
     0     0  509.11926    0  451  867.00000  509.11926  41.3%     -    0s
     0     0  509.12630    0  450  867.00000  509.12630  41.3%     -    0s
H    0     0                     853.4000000  509.12630  40.3%     -    0s
H    0     0                     844.4000000  509.12630  39.7%     -    0s
H    0     0                     840.0000000  509.12630  39.4%     -    0s
H    0     0                     839.2000000  509.12630  39.3%     -    0s
H    0     0                     835.2000000  509.12630  39.0%     -    0s
H    0     0                     824.8000000  509.12630  38.3%     -    0s
     0     0  510.66581    0  692  824.80000  510.66581  38.1%     -    0s
H    0     0                     823.6000000  510.66581  38.0%     -    0s
H    0     0                     822.6000000  510.66581  37.9%     -    0s
H    0     0                     822.2000000  510.66581  37.9%     -    0s
H    0     0                     819.0000000  510.66581  37.6%     -    0s
H    0     0                     818.2000000  510.66581  37.6%     -    0s
     0     0  510.96607    0  676  818.20000  510.96607  37.5%     -    0s
H    0     0                     814.4000000  510.96607  37.3%     -    0s
H    0     0                     808.4000000  510.96607  36.8%     -    0s
     0     0  512.53592    0  773  808.40000  512.53592  36.6%     -    0s
H    0     0                     808.0000000  512.53592  36.6%     -    1s
     0     0  513.01011    0  822  808.00000  513.01011  36.5%     -    1s
H    0     0                     805.0000000  513.01011  36.3%     -    1s
     0     0  513.37657    0  862  805.00000  513.37657  36.2%     -    1s
     0     0  513.76120    0  900  805.00000  513.76120  36.2%     -    1s
H    0     0                     804.6000000  513.76120  36.1%     -    1s
     0     0  514.08713    0  909  804.60000  514.08713  36.1%     -    1s
     0     0  514.55284    0  944  804.60000  514.55284  36.0%     -    1s
     0     0  514.80787    0  963  804.60000  514.80787  36.0%     -    2s
     0     0  514.86360    0  970  804.60000  514.86360  36.0%     -    2s
     0     0  514.93545    0  982  804.60000  514.93545  36.0%     -    2s
     0     0  515.00233    0  985  804.60000  515.00233  36.0%     -    2s
     0     0  515.08680    0  986  804.60000  515.08680  36.0%     -    2s
     0     0  515.14237    0  985  804.60000  515.14237  36.0%     -    2s
     0     0  515.15533    0  987  804.60000  515.15533  36.0%     -    2s
     0     0  515.16173    0  985  804.60000  515.16173  36.0%     -    2s
H    0     0                     804.2000000  515.16173  35.9%     -    2s
     0     0  516.99902    0 1006  804.20000  516.99902  35.7%     -    2s
     0     0  517.24000    0 1011  804.20000  517.24000  35.7%     -    2s
     0     0  517.24000    0 1013  804.20000  517.24000  35.7%     -    2s
     0     0  517.28000    0 1020  804.20000  517.28000  35.7%     -    2s
     0     0  517.28000    0 1003  804.20000  517.28000  35.7%     -    2s
     0     2  517.28000    0  998  804.20000  517.28000  35.7%     -    2s
    25    30  653.85907    5  783  804.20000  566.54099  29.6%  1412    5s
H  511   393                     799.4000000  571.07472  28.6%   373    9s
H  539   419                     799.0000000  571.07472  28.5%   370    9s
H  542   416                     795.8000000  571.07472  28.2%   369    9s
   565   427     cutoff   32       795.80000  577.26453  27.5%   360   10s
H  592   426                     795.2000000  577.26453  27.4%   356   10s
H  883   647                     795.0000000  597.01834  24.9%   351   13s
  1069   788  659.05601    9  871  795.00000  606.35240  23.7%   346   15s
  1373   981  610.14271   20  893  795.00000  606.35240  23.7%   363   20s
H 1490  1000                     794.6000000  606.35240  23.7%   358   21s
H 1535  1003                     794.2000000  606.35240  23.7%   355   22s
H 1603   980                     790.8000000  606.35240  23.3%   353   23s
  1746  1063  668.78941   37  765  790.80000  606.35240  23.3%   349   25s
  2784  1654  666.56570   31  903  790.80000  606.35240  23.3%   309   30s
H 3213  1799                     790.0000000  606.35240  23.2%   303   32s
H 3218  1761                     789.6000000  606.35240  23.2%   303   32s
H 3483  1895                     787.8000000  606.35240  23.0%   300   34s
  3628  2074  762.54303   38  605  787.80000  606.35240  23.0%   298   35s
H 3970  2247                     786.2000000  606.35240  22.9%   295   37s
H 3976  2198                     781.8000000  606.35240  22.4%   296   37s
  4458  2644  731.72644   25  687  781.80000  606.35240  22.4%   299   40s
  5769  3597  726.91520   23  816  781.80000  606.35240  22.4%   284   45s
  6499  4062  725.94598   26  788  781.80000  612.37116  21.7%   279   50s
  7103  4546  689.59211   27  843  781.80000  617.09905  21.1%   285   55s
  8256  5318  763.27684   26  635  781.80000  620.53501  20.6%   282   60s
  9338  6147  687.07798   25  906  781.80000  623.65435  20.2%   275   65s
 10136  6685  775.26672   44  740  781.80000  625.10223  20.0%   276   71s
 11259  7483  747.45836   35  743  781.80000  626.52837  19.9%   278   76s
 12188  8174  665.32261   25  942  781.80000  629.96208  19.4%   276   80s
 13886  9278  723.81216   34  800  781.80000  633.98681  18.9%   268   86s
 15280 10331  753.00807   38  725  781.80000  636.63437  18.6%   260   91s
 16669 11215  700.53190   30  790  781.80000  639.19195  18.2%   256   95s
 17834 12080  764.76756   51  677  781.80000  640.54597  18.1%   254  101s
 19295 13102  716.34436   29  717  781.80000  642.10386  17.9%   257  107s
 20093 13589  674.47355   25  837  781.80000  643.73605  17.7%   256  110s
 21913 14694  773.21660   57  731  781.80000  645.71463  17.4%   251  116s
 22731 15276  776.86360   50  675  781.80000  646.12160  17.4%   250  120s
 24669 16584  729.33257   30  754  781.80000  648.54501  17.0%   247  126s
 25668 17308  756.65712   32  698  781.80000  649.95162  16.9%   245  130s
 27735 18733  686.90217   28  888  781.80000  651.29578  16.7%   244  137s
 28945 19464  737.24695   27  650  781.80000  652.27055  16.6%   242  141s
 29978 20333  719.27596   30  736  781.80000  652.56366  16.5%   242  145s
 32438 22028  696.09929   24  809  781.80000  654.34977  16.3%   240  154s
 33727 22893  749.65498   37  701  781.80000  655.01047  16.2%   239  158s
 34993 23707  677.65043   25  814  781.80000  655.66818  16.1%   238  162s
 36134 24661     cutoff   35       781.80000  656.35005  16.0%   238  195s
 38387 25901  695.76041   22  852  781.80000  658.06539  15.8%   239  203s
H39119 25833                     781.2000000  658.69017  15.7%   240  203s
 39261 25845  710.27474   28  792  781.20000  658.84261  15.7%   240  234s
H39272 25793                     780.8000000  658.84261  15.6%   240  234s
 39273 26514  710.80476   28  824  780.80000  658.84351  15.6%   240  238s
 40323 27233  720.47116   30  815  780.80000  659.24912  15.6%   241  244s
 41332 28058  709.53602   28  699  780.80000  659.59889  15.5%   242  249s
 42640 28819  743.04389   29  731  780.80000  660.36383  15.4%   242  254s
 43883 29600  675.48531   24  901  780.80000  660.81708  15.4%   242  260s
 44998 30371  697.30154   29  880  780.80000  661.31645  15.3%   243  265s
 46027 31073  766.65519   46  731  780.80000  661.73221  15.2%   245  271s
 47151 31724  702.22784   28  817  780.80000  662.20123  15.2%   245  276s
 48301 32503  780.22290   55  633  780.80000  662.72637  15.1%   245  282s
 49552 33332  727.72561   34  722  780.80000  663.78524  15.0%   245  287s
 50716 34143  738.16389   37  666  780.80000  664.38649  14.9%   246  293s
 51887 34988     cutoff   57       780.80000  664.97225  14.8%   247  299s
 53178 35270     cutoff   36       780.80000  665.44216  14.8%   247  306s
 53591 36222  703.41088   31  823  780.80000  665.81960  14.7%   248  312s
 54812 36776  711.61489   32  823  780.80000  666.02175  14.7%   249  317s
 55835 37781  691.27909   30  880  780.80000  666.36484  14.7%   250  323s
 57158 38430  774.04073   45  674  780.80000  666.79557  14.6%   250  329s
 58399 39289  771.37912   44  718  780.80000  667.43043  14.5%   251  335s
 59745 40205  757.16911   46  633  780.80000  668.10416  14.4%   251  341s
 61037 41060  770.67285   46  639  780.80000  668.47241  14.4%   251  346s
 62173 41635  717.45508   29  865  780.80000  668.79929  14.3%   252  352s
 63579 42426  684.85665   28  786  780.80000  669.11934  14.3%   252  357s
 64883 43103  779.99686   39  713  780.80000  669.79127  14.2%   251  363s
 66237 43845  755.59185   40  692  780.80000  670.28930  14.2%   251  368s
 67374 44670  737.73645   35  755  780.80000  670.63073  14.1%   251  374s
 68761 45434  741.62508   37  675  780.80000  671.18004  14.0%   251  379s
 69976 46074  732.14984   35  819  780.80000  671.58568  14.0%   251  384s
 71335 46831  736.25710   40  771  780.80000  672.01923  13.9%   250  390s
 72598 47625  687.06688   26  892  780.80000  672.70234  13.8%   250  395s
 73651 48423  757.67546   40  788  780.80000  672.80654  13.8%   251  401s
 74886 49253  772.31571   35  689  780.80000  673.23213  13.8%   252  407s
 76350 50114  768.17242   44  693  780.80000  673.59814  13.7%   251  413s
 77671 50796  696.26532   28  788  780.80000  674.07393  13.7%   251  419s
 78798 51694  730.39676   38  729  780.80000  674.38114  13.6%   252  424s
 80025 52587  758.82251   35  747  780.80000  674.59563  13.6%   252  430s
 81412 53409  776.66492   40  680  780.80000  675.00805  13.5%   252  435s
 82578 54285  757.93680   51  727  780.80000  675.32202  13.5%   252  441s
 83885 54943     cutoff   50       780.80000  675.53068  13.5%   252  446s
 85013 55796  755.86979   40  850  780.80000  675.78396  13.4%   252  452s
 86152 56628  756.43393   44  687  780.80000  675.89162  13.4%   253  458s
 87394 57380     cutoff   51       780.80000  676.09873  13.4%   253  463s
 88679 58262  709.29224   30  832  780.80000  676.47325  13.4%   253  469s
 90153 58983  762.71214   35  728  780.80000  676.69193  13.3%   252  474s
 91376 59663  763.24220   53  630  780.80000  677.19475  13.3%   251  479s
 92540 60467  723.65210   34  845  780.80000  677.55128  13.2%   252  485s
 93909 61255  709.62084   26  730  780.80000  677.95537  13.2%   251  490s
 95237 61993  736.16893   31  729  780.80000  678.13895  13.1%   251  495s
 96477 62638  702.79780   29  818  780.80000  678.44179  13.1%   251  500s
 97584 63422     cutoff   36       780.80000  678.70366  13.1%   251  505s
H97800 63306                     780.4000000  678.72770  13.0%   251  505s
 98853 63977  729.44469   32  641  780.40000  678.91977  13.0%   250  510s
 99824 64606  722.47920   35  846  780.40000  679.11164  13.0%   251  516s
 100924 65461  721.89915   33  833  780.40000  679.33655  13.0%   251  521s
 102119 66068  749.75625   44  755  780.40000  679.52338  12.9%   251  526s
 103214 66701     cutoff   43       780.40000  679.66932  12.9%   251  532s
 104569 67627  695.95673   31  862  780.40000  680.05100  12.9%   251  537s
 105806 68427  776.92039   48  496  780.40000  680.14517  12.8%   251  542s
 107161 69103  715.31171   25  772  780.40000  680.42016  12.8%   250  547s
 108228 69800  720.69476   39  723  780.40000  680.64364  12.8%   250  552s
 109463 70627  706.25418   29  825  780.40000  681.01439  12.7%   250  558s
 110797 71415  770.95362   42  727  780.40000  681.22898  12.7%   250  562s
 112027 72240  716.34754   35  826  780.40000  681.39706  12.7%   249  567s
 113223 72794     cutoff   51       780.40000  681.54795  12.7%   249  572s
 114244 73472  737.23733   36  730  780.40000  681.67085  12.7%   249  577s
 115416 74223  751.69909   49  682  780.40000  681.94740  12.6%   249  582s
 116637 74975  721.57475   27  773  780.40000  682.23121  12.6%   249  587s
 117916 75672  721.64986   36  771  780.40000  682.50600  12.5%   248  592s
 118998 76504  754.96687   49  679  780.40000  682.64293  12.5%   249  597s
 120289 77146  763.18627   39  770  780.40000  682.93980  12.5%   248  602s
 121662 77905  730.86758   26  838  780.40000  683.11844  12.5%   248  607s
 122920 78620  742.08368   34  718  780.40000  683.36459  12.4%   247  612s
 124169 79244  767.18546   43  662  780.40000  683.64761  12.4%   247  617s
 125229 80063  719.39020   32  773  780.40000  683.81612  12.4%   247  622s
 126381 80776  761.45836   54  668  780.40000  683.86280  12.4%   247  627s
 127418 81483     cutoff   38       780.40000  684.01317  12.4%   248  632s
 128675 82313  769.29786   28  642  780.40000  684.30270  12.3%   248  637s
 129888 83124  748.39881   28  667  780.40000  684.44147  12.3%   248  642s
 131171 83810  765.00011   41  633  780.40000  684.51893  12.3%   248  648s
 132422 84468  748.99295   29  790  780.40000  684.78553  12.3%   247  653s
 133520 85209  745.50530   39  669  780.40000  684.89570  12.2%   247  658s
 134626 85906  732.73340   36  724  780.40000  685.00795  12.2%   248  663s
 135952 86573  710.41793   34  840  780.40000  685.18980  12.2%   247  668s
 137003 87380  742.45448   39  714  780.40000  685.26854  12.2%   248  673s
 138337 88118  743.33518   34  736  780.40000  685.41077  12.2%   247  678s
 139629 88677  775.96834   36  751  780.40000  685.69201  12.1%   247  683s
 140913 89290  703.77021   29  792  780.40000  685.88046  12.1%   247  688s
 142074 89852  734.95981   33  792  780.40000  686.00058  12.1%   247  693s
 143296 90559  730.06694   29  758  780.40000  686.18736  12.1%   247  698s
 144496 91370  726.48193   30  814  780.40000  686.31063  12.1%   247  703s
 145745 92061  769.00166   37  609  780.40000  686.41637  12.0%   247  709s
 146862 92987  774.48646   50  691  780.40000  686.53787  12.0%   247  714s
 148295 93606     cutoff   47       780.40000  686.69030  12.0%   247  719s
 149350 94393  779.70251   46  690  780.40000  686.83231  12.0%   247  725s
 150513 95204  732.44012   37  787  780.40000  686.92760  12.0%   247  730s
 151739 96058  731.60905   40  802  780.40000  687.05098  12.0%   247  736s
 153062 96862     cutoff   56       780.40000  687.15186  11.9%   247  741s
 154190 97803  752.85094   29  725  780.40000  687.26127  11.9%   247  747s
 155520 98600  741.33041   34  682  780.40000  687.26426  11.9%   247  752s
 156775 99371  776.25782   40  751  780.40000  687.35326  11.9%   248  757s
 158047 100090  760.49379   41  734  780.40000  687.48349  11.9%   248  763s
 159334 100836  763.40929   37  658  780.40000  687.58634  11.9%   248  768s
 160606 101641  779.26964   47  680  780.40000  687.70225  11.9%   247  773s
 161760 102399  725.37470   32  793  780.40000  687.76890  11.9%   248  778s
 163015 103280  699.92176   28  869  780.40000  687.91079  11.9%   248  784s
 164197 104048  708.92029   28  835  780.40000  687.95499  11.8%   248  789s
 165334 104703  773.94384   36  621  780.40000  688.04237  11.8%   248  795s
 166499 105605  762.64634   40  718  780.40000  688.16955  11.8%   248  800s
 167730 106235  774.83766   35  781  780.40000  688.27044  11.8%   249  806s
 169064 106922  732.20680   42  712  780.40000  688.35079  11.8%   248  812s
 170500 107737  762.44094   50  678  780.40000  688.48609  11.8%   248  817s
 171765 108451     cutoff   45       780.40000  688.58868  11.8%   248  822s
 173037 109142  708.10252   29  806  780.40000  688.70554  11.7%   248  827s
 174211 109864  708.29304   31  889  780.40000  688.81445  11.7%   248  833s
 175568 110565  768.41834   31  603  780.40000  688.90144  11.7%   248  838s
 176896 111397  749.25762   42  755  780.40000  689.05090  11.7%   248  843s
 178146 112146  779.66934   49  689  780.40000  689.14857  11.7%   248  848s
 179408 112850  727.00678   31  726  780.40000  689.27534  11.7%   248  853s
 180642 113528  709.17815   27  823  780.40000  689.37123  11.7%   248  858s
 181753 114149  774.30521   42  672  780.40000  689.48386  11.6%   248  863s
 183122 114881  729.40820   35  765  780.40000  689.60375  11.6%   247  868s
 184311 115515  759.06674   34  757  780.40000  689.69249  11.6%   248  874s
 185635 116218  699.47193   29  819  780.40000  689.85878  11.6%   247  879s
 187004 116951  778.17167   40  713  780.40000  690.01413  11.6%   247  884s
 188123 117729  779.03220   48  576  780.40000  690.16488  11.6%   247  889s
 189371 118342  721.09744   35  818  780.40000  690.25901  11.6%   247  894s
 190647 119139  717.95367   31  744  780.40000  690.35184  11.5%   247  898s
 191808 119805  706.69009   28  836  780.40000  690.43696  11.5%   247  904s
 192936 120477  774.93737   53  666  780.40000  690.55521  11.5%   247  909s
 194215 121099  718.68178   29  838  780.40000  690.72132  11.5%   246  914s
 195370 121820  765.76395   36  616  780.40000  690.80458  11.5%   246  919s
 196445 122554  716.15283   24  706  780.40000  690.90654  11.5%   247  924s
 197636 123288  724.08539   29  698  780.40000  690.97319  11.5%   247  929s
 198759 123455  717.91105   37  723  780.40000  691.08030  11.4%   247  946s
 199048 124215  718.37739   38  717  780.40000  691.08133  11.4%   247  951s
 200265 124999  753.42244   40  785  780.40000  691.19651  11.4%   247  956s
 201682 125695  706.13103   32  867  780.40000  691.27634  11.4%   247  962s
 202983 126441  758.64108   35  729  780.40000  691.38007  11.4%   247  967s
 204126 127230  726.64098   34  821  780.40000  691.45129  11.4%   247  972s
 205434 127960  752.59357   33  654  780.40000  691.60740  11.4%   246  977s
 206802 128724  769.27400   44  659  780.40000  691.72211  11.4%   246  982s
 207872 129405  706.20414   35  772  780.40000  691.79814  11.4%   246  987s
 209102 130094  736.79460   33  757  780.40000  691.90139  11.3%   246  992s
 210335 130709  778.69234   46  699  780.40000  691.99563  11.3%   246  997s
 211399 131067     cutoff   39       780.40000  692.07691  11.3%   246 1000s

Cutting planes:
  Flow cover: 7
  RLT: 64

Explored 212059 nodes (52154949 simplex iterations) in 1000.04 seconds
Thread count was 12 (of 12 available processors)

Solution count 10: 780.4 780.8 781.2 ... 794.2

Time limit reached
Best objective 7.804000000000e+02, best bound 6.922000000000e+02, gap 11.3019%
