
Gurobi 9.1.1 (win64) logging started Sun Apr 17 22:17:38 2022

Changed value of parameter LogFile to ./Log/Direct_MIP_Sshape_solver_100_order_10_batch.log
   Prev:   Default: 
Gurobi Optimizer version 9.1.1 build v9.1.1rc0 (win64)
Thread count: 6 physical cores, 12 logical processors, using up to 12 threads
Optimize a model with 2590 rows, 3480 columns and 8860 nonzeros
Model fingerprint: 0xe1ce5e8f
Variable types: 0 continuous, 3480 integer (3480 binary)
Coefficient statistics:
  Matrix range     [1e+00, 1e+01]
  Objective range  [4e-01, 2e+01]
  Bounds range     [1e+00, 1e+00]
  RHS range        [1e+00, 1e+01]
Found heuristic solution: objective 1734.0000000
Presolve removed 1310 rows and 1310 columns
Presolve time: 0.02s
Presolved: 1280 rows, 2170 columns, 7580 nonzeros
Variable types: 0 continuous, 2170 integer (2170 binary)

Root relaxation: objective 6.853200e+02, 4653 iterations, 0.07 seconds

    Nodes    |    Current Node    |     Objective Bounds      |     Work
 Expl Unexpl |  Obj  Depth IntInf | Incumbent    BestBd   Gap | It/Node Time

     0     0  685.32000    0  290 1734.00000  685.32000  60.5%     -    0s
H    0     0                    1626.6000000  685.32000  57.9%     -    0s
H    0     0                    1624.4000000  685.32000  57.8%     -    0s
H    0     0                    1619.4000000  685.32000  57.7%     -    0s
H    0     0                    1594.0000000  685.32000  57.0%     -    0s
H    0     0                    1357.4000000  685.32000  49.5%     -    0s
H    0     0                    1339.0000000  685.32000  48.8%     -    0s
H    0     0                    1334.2000000  685.32000  48.6%     -    0s
     0     0  685.32000    0  579 1334.20000  685.32000  48.6%     -    0s
H    0     0                    1328.6000000  685.32000  48.4%     -    0s
     0     0  686.25333    0  431 1328.60000  686.25333  48.3%     -    0s
H    0     0                    1320.6000000  686.25333  48.0%     -    0s
     0     0  686.25333    0  427 1320.60000  686.25333  48.0%     -    0s
H    0     0                    1316.2000000  686.25333  47.9%     -    0s
     0     0  691.80000    0  432 1316.20000  691.80000  47.4%     -    0s
     0     0  691.80000    0  427 1316.20000  691.80000  47.4%     -    0s
H    0     0                    1301.2000000  691.80000  46.8%     -    0s
     0     2  691.80000    0  389 1301.20000  691.80000  46.8%     -    0s
H   32    32                    1300.4000000  730.38088  43.8%   930    1s
H   34    32                    1299.0000000  730.38088  43.8%   940    1s
H   36    32                    1296.8000000  730.38088  43.7%   964    1s
H   69    61                    1296.4000000  730.38088  43.7%   703    1s
H   71    61                    1284.0000000  730.38088  43.1%   693    1s
H   98    93                    1279.6000000  730.38088  42.9%   547    1s
H  103    93                    1275.0000000  730.38088  42.7%   532    1s
H  151   151                    1274.2000000  730.38088  42.7%   404    2s
H  201   205                    1268.6000000  730.38088  42.4%   318    2s
H  261   269                    1267.4000000  730.38088  42.4%   256    2s
H  261   269                    1264.8000000  730.38088  42.3%   256    2s
H  263   269                    1255.6000000  730.38088  41.8%   255    2s
H  332   313                    1252.8000000  730.38088  41.7%   209    2s
H  332   313                    1250.4000000  730.38088  41.6%   209    2s
H  334   313                    1235.6000000  730.38088  40.9%   209    2s
H  384   364                    1230.8000000  730.38088  40.7%   186    2s
H  460   415                    1226.8000000  730.38088  40.5%   161    2s
H  466   415                    1220.8000000  730.38088  40.2%   162    2s
H  559   511                    1216.6000000  730.38088  40.0%   159    3s
H  565   510                    1209.8000000  730.38088  39.6%   158    3s
H  613   554                    1209.4000000  730.38088  39.6%   156    4s
H  624   539                    1205.0000000  730.38088  39.4%   154    4s
H  627   536                    1203.8000000  730.38088  39.3%   153    4s
   824   735  927.83769   48  327 1203.80000  730.38088  39.3%   141    5s
H  873   743                    1203.4000000  730.38088  39.3%   147    6s
H  881   720                    1197.4000000  730.38088  39.0%   160    7s
H  883   713                    1194.2000000  730.38088  38.8%   161    7s
H  885   697                    1183.8000000  730.38088  38.3%   163    7s
H  924   733                    1183.4000000  730.38088  38.3%   174    8s
  1142   928     cutoff  104      1183.40000  743.96351  37.1%   165   11s
H 1151   927                    1179.0000000  743.96351  36.9%   185   13s
H 1152   914                    1171.0000000  743.96351  36.5%   192   13s
H 1153   913                    1170.6000000  743.96351  36.4%   195   13s
H 1154   911                    1170.2000000  743.96351  36.4%   197   13s
H 1162   916                    1169.4000000  743.96351  36.4%   208   14s
  1163   922  838.30183    9 1793 1169.40000  743.96351  36.4%   213   15s
H 1183   942                    1169.0000000  743.96351  36.4%   228   17s
H 1184   935                    1166.6000000  743.96351  36.2%   229   17s
H 1192   926                    1162.6000000  743.96351  36.0%   232   17s
H 1222   964                    1161.8000000  743.96351  36.0%   239   19s
H 1270   990                    1161.4000000  743.96351  35.9%   238   23s
  1271   991  934.20676   21  427 1161.40000  743.96351  35.9%   237   25s
  1302  1025  784.69064   14 1447 1161.40000  743.96351  35.9%   276   30s
H 1362  1010                    1158.2000000  743.96351  35.8%   316   34s
  1383  1034  784.00756   18 1289 1158.20000  743.96351  35.8%   326   35s
H 1396   981                    1157.4000000  743.96351  35.7%   330   35s
H 1408   947                    1156.6000000  743.96351  35.7%   339   36s
H 1412   903                    1155.8000000  743.96351  35.6%   339   36s
H 1440   898                    1155.4000000  743.96351  35.6%   355   38s
H 1450   856                    1155.0000000  743.96351  35.6%   357   38s
  1459   867  792.15221   21 1258 1155.00000  743.96351  35.6%   357   40s
H 1463   829                    1150.2000000  743.96351  35.3%   359   40s
H 1496   828                    1145.4000000  743.96351  35.0%   367   42s
H 1498   794                    1144.6000000  743.96351  35.0%   367   42s
H 1503   761                    1142.2000000  743.96351  34.9%   376   42s
H 1505   730                    1138.6000000  743.96351  34.7%   377   42s
H 1549   734                    1129.8000000  743.96351  34.2%   388   44s
  1564   759  803.61690   25 1261 1129.80000  743.96351  34.2%   395   45s
  1780   904  939.98911   32 1333 1129.80000  743.96351  34.2%   440   50s
  1890   908  884.40797   34 1036 1129.80000  743.96351  34.2%   445   55s
H 1898   878                    1129.0000000  743.96351  34.1%   449   55s
H 1914   861                    1121.0000000  743.96351  33.6%   455   59s
  1918   904  888.56902   35  978 1121.00000  743.96351  33.6%   457   60s
  2098   982  919.18451   45 1066 1121.00000  743.96351  33.6%   497   65s
  2259  1113  978.28730   62  886 1121.00000  743.96351  33.6%   539   70s
  2774  1462 1086.71999  105  542 1121.00000  743.96351  33.6%   518   75s
  3231  1778  826.35977   16 1690 1121.00000  743.96351  33.6%   511   81s
  3453  2023  854.73444   18 1607 1121.00000  743.96351  33.6%   533   86s
  3878  2502  897.56104   21 1736 1121.00000  743.96351  33.6%   524   91s
  4237  2826  902.60645   24 1649 1121.00000  743.96351  33.6%   515   96s
  4642  3150  907.65540   29 1454 1121.00000  743.96351  33.6%   505  101s
  5020  3457  948.59488   36 1454 1121.00000  743.96351  33.6%   503  106s
  5348  3665  967.14198   45 1224 1121.00000  743.96351  33.6%   507  111s
  5686  4069  985.02481   50 1171 1121.00000  743.96351  33.6%   506  115s
  6093  4489 1024.12245   59  849 1121.00000  743.96351  33.6%   507  121s
H 6692  4921                    1120.6000000  743.96351  33.6%   492  128s
  6812  5245 1088.43417   85  829 1120.60000  753.25805  32.8%   491  131s
  7474  5749  977.63086   29 1352 1120.60000  754.98059  32.6%   482  138s
  7823  5942  879.47276   17 1750 1120.60000  754.98059  32.6%   480  141s
  8034  6220  922.56001   21 1655 1120.60000  757.51912  32.4%   485  145s
  8597  6852  898.58491   22 1426 1120.60000  760.29818  32.2%   486  152s
  9077  7077     cutoff   48      1120.60000  765.76638  31.7%   476  156s
  9404  7276  914.53869   21 1541 1120.60000  774.98939  30.8%   478  160s
H 9416  7200                    1117.0000000  774.98939  30.6%   479  160s
H 9601  7070                    1113.8000000  774.98939  30.4%   483  160s
  9947  7707  983.92713   30 1251 1113.80000  774.98939  30.4%   487  169s
 10301  8195 1007.96142   35 1113 1113.80000  774.98939  30.4%   486  173s
 10870  8719 1072.19884   53  828 1113.80000  778.64113  30.1%   478  178s
 11421  9091  913.36580   22 1651 1113.80000  778.64113  30.1%   471  183s
 11921  9367 1025.57137   42 1198 1113.80000  783.73028  29.6%   467  188s
 12330  9578  884.58321   20 1614 1113.80000  783.73028  29.6%   469  194s
H12343  9404                    1110.6000000  783.73028  29.4%   470  194s
H12400  8914                    1102.6000000  783.73028  28.9%   470  194s
 12585  9300  982.13930   33 1408 1102.60000  784.11324  28.9%   470  199s
 13122  9609  889.05461   22 1545 1102.60000  784.11324  28.9%   466  205s
 13598  9927 1086.81335   65  831 1102.60000  785.30788  28.8%   465  210s
 14135 10161  876.99799   18 1565 1102.60000  789.48431  28.4%   462  216s
H14492  9991                    1100.2000000  791.10162  28.1%   464  216s
 14514 10422  896.68402   21 1530 1100.20000  791.10162  28.1%   464  222s
H15050 10343                    1099.0000000  791.10162  28.0%   464  271s
 15081 10597 1087.41905   44  938 1099.00000  791.95130  27.9%   464  278s
H15217 10541                    1098.2000000  792.71822  27.8%   465  278s
 15455 10949  905.08294   25 1531 1098.20000  792.83130  27.8%   464  284s
 16013 11303  938.09520   22 1522 1098.20000  794.44364  27.7%   465  291s
 16563 11788  929.90769   25 1351 1098.20000  794.46857  27.7%   465  299s
 17184 12330 1045.85305   52 1071 1098.20000  798.68374  27.3%   465  306s
 17885 12978  888.82617   26 1207 1098.20000  799.85230  27.2%   463  316s
 18771 13431 1009.85628   40 1262 1098.20000  801.38473  27.0%   462  323s
 19326 14250 1057.94786   31 1097 1098.20000  801.47692  27.0%   468  332s
 20405 14851 1044.08698   34 1280 1098.20000  803.96044  26.8%   463  340s
 21268 15410 infeasible   25      1098.20000  807.69633  26.5%   461  348s
 22051 16018  974.98793   27 1218 1098.20000  809.11692  26.3%   460  357s
 22932 16468  852.62369   29 1423 1098.20000  810.89982  26.2%   457  366s
 23628 17118  868.91417   29 1500 1098.20000  812.28096  26.0%   460  375s
 24323 17827  963.10001   48 1384 1098.20000  812.28096  26.0%   463  386s
 25308 18571 1096.42487   97  859 1098.20000  812.62606  26.0%   465  397s
 26245 19256  965.66230   26 1242 1098.20000  813.01750  26.0%   465  408s
 27187 19954  958.85018   31 1228 1098.20000  817.03649  25.6%   465  419s
 28131 20745 1021.64350   38 1209 1098.20000  818.38727  25.5%   466  430s
H29154 21275                    1097.6000000  819.94922  25.3%   468  446s
H29273 21096                    1095.8000000  820.54581  25.1%   468  446s
 30008 21941     cutoff   30      1095.80000  823.12351  24.9%   467  459s
 31061 22978 1021.94116   42 1221 1095.80000  824.39344  24.8%   470  473s
 32386 23859 1042.90874   41 1206 1095.80000  826.32910  24.6%   467  487s
 33556 24813  952.08495   25 1645 1095.80000  827.15363  24.5%   468  500s
 34874 25804 infeasible   26      1095.80000  830.15630  24.2%   468  513s
 36213 25805  846.23838   29  427 1095.80000  831.32552  24.1%   465  710s
 36217 25808  917.19893   36 2038 1095.80000  831.32552  24.1%   465  716s
 36219 25809  969.02614   34 2022 1095.80000  831.32552  24.1%   465  722s
 36221 25810 1049.91687   46 2067 1095.80000  831.32552  24.1%   465  725s
 36225 25813  956.37974   51 2073 1095.80000  831.32552  24.1%   465  732s
 36228 25815  949.16547   33 2096 1095.80000  831.32552  24.1%   465  735s
 36232 25818 1007.35617   48 2106 1095.80000  831.32552  24.1%   465  741s
 36236 25820  877.25661   18 2098 1095.80000  831.32552  24.1%   465  745s
 36241 25824 1033.64890   47 2093 1095.80000  831.32552  24.1%   465  760s
 36244 25827 infeasible   19      1095.80000  831.32552  24.1%   467  797s
 36246 25828  831.32552   20 1980 1095.80000  831.32552  24.1%   468  836s
 36248 25831  831.32552   21 1881 1095.80000  831.32552  24.1%   469  872s
 36252 25838  831.32552   22 1832 1095.80000  831.32552  24.1%   470  930s
 36260 25847  831.32552   23 1769 1095.80000  831.32552  24.1%   473  936s
 36272 25855  831.32552   24 1546 1095.80000  831.32552  24.1%   474  950s
 36296 25869  867.50359   25 1783 1095.80000  831.32552  24.1%   479  956s
 36322 25892  880.79725   26 1743 1095.80000  831.32552  24.1%   481  962s
 36361 25918  917.49986   28 1444 1095.80000  831.32552  24.1%   483  966s
 36380 25923  889.45049   28 1711 1095.80000  831.32552  24.1%   484  971s
 36416 25962  910.88581   30 1662 1095.80000  831.32552  24.1%   485  979s
 36443 25981  949.05850   31 1570 1095.80000  831.32552  24.1%   486  981s
H36479 24699                    1095.4000000  831.32552  24.1%   486  983s
H36497 23466                    1093.0000000  831.32552  23.9%   487  983s
 36507 23487  937.09309   33 1372 1093.00000  831.32552  23.9%   487  986s
 36547 23483  943.00013   35 1341 1093.00000  831.32552  23.9%   488  994s
H36550 22316                    1092.6000000  831.32552  23.9%   488  994s
 36562 22344  939.85486   35 1382 1092.60000  831.32552  23.9%   488  996s
 36643 22358  966.30132   40 1304 1092.60000  831.32552  23.9%   490 1000s

Cutting planes:
  Gomory: 29
  Cover: 14
  Clique: 12
  MIR: 10
  StrongCG: 1
  Flow cover: 13
  RLT: 314

Explored 36653 nodes (17977249 simplex iterations) in 1000.04 seconds
Thread count was 12 (of 12 available processors)

Solution count 10: 1092.6 1093 1095.4 ... 1110.6

Time limit reached
Best objective 1.092600000000e+03, best bound 8.314000000000e+02, gap 23.9063%
