
Gurobi 9.1.1 (win64) logging started Mon Apr 18 01:01:04 2022

Changed value of parameter LogFile to ./Log/Direct_MIP_Return_solver_300_order_15_batch.log
   Prev:   Default: 
Gurobi Optimizer version 9.1.1 build v9.1.1rc0 (win64)
Thread count: 6 physical cores, 12 logical processors, using up to 12 threads
Optimize a model with 22455 rows, 14940 columns and 74385 nonzeros
Model fingerprint: 0x48ad6cc2
Variable types: 720 continuous, 14220 integer (14220 binary)
Coefficient statistics:
  Matrix range     [1e+00, 4e+01]
  Objective range  [4e-01, 1e+00]
  Bounds range     [1e+00, 4e+01]
  RHS range        [1e+00, 2e+01]
Presolve removed 6240 rows and 5715 columns
Presolve time: 0.18s
Presolved: 16215 rows, 9225 columns, 75960 nonzeros
Variable types: 0 continuous, 9225 integer (8565 binary)
Found heuristic solution: objective 4509.2000000
Found heuristic solution: objective 3819.6000000

Root simplex log...

Iteration    Objective       Primal Inf.    Dual Inf.      Time
   31640    1.1072032e+03   5.679976e+03   0.000000e+00      5s
   51670    1.1261801e+03   2.882274e+05   0.000000e+00     10s
   60437    1.1543344e+03   1.710728e+05   0.000000e+00     15s
   69480    1.1717318e+03   8.407027e+03   0.000000e+00     20s
   79477    1.1840543e+03   1.013198e+04   0.000000e+00     25s
   89953    1.1931244e+03   1.261069e+05   0.000000e+00     30s
  100823    1.1975034e+03   4.685963e+03   0.000000e+00     35s
  109361    1.1993847e+03   3.302956e+03   0.000000e+00     40s
  118376    1.1996007e+03   4.473413e+02   0.000000e+00     45s
  119038    1.1996000e+03   0.000000e+00   0.000000e+00     45s

Root relaxation: objective 1.199600e+03, 119038 iterations, 45.25 seconds

    Nodes    |    Current Node    |     Objective Bounds      |     Work
 Expl Unexpl |  Obj  Depth IntInf | Incumbent    BestBd   Gap | It/Node Time

     0     0 1199.60000    0 8788 3819.60000 1199.60000  68.6%     -   50s
H    0     0                    3798.8000000 1199.60000  68.4%     -  108s
     0     0 1208.13164    0 8903 3798.80000 1208.13164  68.2%     -  108s
     0     0 1208.13164    0 8889 3798.80000 1208.13164  68.2%     -  113s
     0     0 1208.13164    0 8893 3798.80000 1208.13164  68.2%     -  113s
     0     0 1214.05726    0 8908 3798.80000 1214.05726  68.0%     -  185s
     0     0 1214.50543    0 8881 3798.80000 1214.50543  68.0%     -  237s
     0     0 1214.51027    0 8909 3798.80000 1214.51027  68.0%     -  238s
     0     0 1214.51034    0 8914 3798.80000 1214.51034  68.0%     -  238s
     0     0 1214.75327    0 8981 3798.80000 1214.75327  68.0%     -  261s
H    0     0                    3732.8000000 1214.75327  67.5%     -  261s
H    0     0                    3688.0000000 1214.75327  67.1%     -  261s
     0     0 1215.05558    0 8991 3688.00000 1215.05558  67.1%     -  301s
     0     0 1215.05558    0 8987 3688.00000 1215.05558  67.1%     -  302s
     0     0 1215.05558    0 9006 3688.00000 1215.05558  67.1%     -  309s
     0     0 1215.05558    0 9008 3688.00000 1215.05558  67.1%     -  310s
     0     0 1215.05558    0 9018 3688.00000 1215.05558  67.1%     -  312s
H    0     0                    3678.8000000 1215.05558  67.0%     -  312s
     0     0 1215.05558    0 9022 3678.80000 1215.05558  67.0%     -  312s
     0     0 1215.05558    0 9018 3678.80000 1215.05558  67.0%     -  322s
     0     0 1215.05558    0 9018 3678.80000 1215.05558  67.0%     -  329s
H    0     0                    3660.8000000 1215.05558  66.8%     -  351s
H    0     0                    3656.0000000 1215.05558  66.8%     -  369s
     0     2 1215.05558    0 9018 3656.00000 1215.05558  66.8%     -  383s
     1     4 1227.12679    1 8901 3656.00000 1215.05558  66.8% 92384  445s
     3     6 infeasible    2      3656.00000 1227.12698  66.4% 58541  512s
     7    12 1299.42447    3 8862 3656.00000 1246.31055  65.9% 61254  608s
    13    18 1301.35468    4 8885 3656.00000 1271.61064  65.2% 54644  690s
    19    24 1310.95123    5 8840 3656.00000 1271.62469  65.2% 52345  820s
    25    30 1321.70903    4 8850 3656.00000 1271.62469  65.2% 49733  906s
    31    31 infeasible    6      3656.00000 1271.62469  65.2% 46987 1000s
H   32    31                    3654.4000000 1271.62469  65.2% 45519 1000s
H   33    31                    3632.4000000 1271.62469  65.0% 44678 1000s

Cutting planes:
  Cover: 874
  Clique: 169
  MIR: 97
  StrongCG: 31
  Zero half: 210
  RLT: 357
  Relax-and-lift: 252

Explored 34 nodes (1886333 simplex iterations) in 1000.05 seconds
Thread count was 12 (of 12 available processors)

Solution count 10: 3632.4 3654.4 3656 ... 4509.2

Time limit reached
Best objective 3.632400000000e+03, best bound 1.272000000000e+03, gap 64.9818%
