
Gurobi 9.5.1 (win64) logging started Tue Apr 19 02:07:22 2022

Set parameter LogFile to value "./Log/Direct_MIP_Sshape_solver_720_order_48_batch.log"
Gurobi Optimizer version 9.5.1 build v9.5.1rc2 (win64)
Thread count: 6 physical cores, 12 logical processors, using up to 12 threads
Optimize a model with 60672 rows, 94464 columns and 286656 nonzeros
Model fingerprint: 0x2fcffe89
Variable types: 0 continuous, 94464 integer (94464 binary)
Coefficient statistics:
  Matrix range     [1e+00, 2e+01]
  Objective range  [4e-01, 2e+01]
  Bounds range     [1e+00, 1e+00]
  RHS range        [1e+00, 2e+01]
Found heuristic solution: objective 10675.800000
Presolve removed 32064 rows and 32064 columns
Presolve time: 0.58s
Presolved: 28608 rows, 62400 columns, 245568 nonzeros
Variable types: 0 continuous, 62400 integer (62400 binary)

Deterministic concurrent LP optimizer: primal and dual simplex
Showing first log only...


Use crossover to convert LP symmetric solution to basic solution...
Concurrent spin time: 0.02s

Solved with primal simplex

Root relaxation: objective 2.703640e+03, 34494 iterations, 0.22 seconds (0.22 work units)

    Nodes    |    Current Node    |     Objective Bounds      |     Work
 Expl Unexpl |  Obj  Depth IntInf | Incumbent    BestBd   Gap | It/Node Time

     0     0 2703.64000    0 2184 10675.8000 2703.64000  74.7%     -    4s
H    0     0                    9517.4000000 2703.64000  71.6%     -    4s
H    0     0                    9411.0000000 2703.64000  71.3%     -    5s
H    0     0                    8085.4000000 2703.64000  66.6%     -    7s
H    0     0                    7820.6000000 2703.64000  65.4%     -    7s
     0     0 2703.64000    0 3606 7820.60000 2703.64000  65.4%     -    9s
H    0     0                    7663.8000000 2703.64000  64.7%     -   10s
H    0     0                    7592.4000000 2703.64000  64.4%     -   10s
     0     0 2703.64000    0 3124 7592.40000 2703.64000  64.4%     -   10s
H    0     0                    7496.0000000 2703.64000  63.9%     -   15s
     0     0 2703.64000    0 2214 7496.00000 2703.64000  63.9%     -   15s
     0     0 2703.64000    0 2238 7496.00000 2703.64000  63.9%     -   15s
H    0     0                    7373.4000000 2703.64000  63.3%     -   21s
H    0     0                    6771.8000000 2703.64000  60.1%     -   21s
H    0     0                    6723.0000000 2703.64000  59.8%     -   21s
     0     0 2703.64000    0 2338 6723.00000 2703.64000  59.8%     -   21s
H    0     0                    6701.4000000 2703.64000  59.7%     -   25s
H    0     0                    6696.6000000 2703.64000  59.6%     -   25s
H    0     0                    6684.2000000 2703.64000  59.6%     -   25s
H    0     0                    6680.0000000 2703.64000  59.5%     -   25s
H    0     0                    6666.4000000 2703.64000  59.4%     -   25s
     0     0 2724.64667    0 2174 6666.40000 2724.64667  59.1%     -   25s
H    0     0                    6433.0000000 2724.64667  57.6%     -   28s
H    0     0                    6393.8000000 2724.64667  57.4%     -   32s
     0     2 2724.64667    0 2174 6393.80000 2724.64667  57.4%     -   33s
     5     2 infeasible    3      6393.80000 2724.64667  57.4%  1070   35s
    17     8 2759.56716    7 3231 6393.80000 2755.85642  56.9%  1927   41s
H   27    20                    6355.8000000 2759.57363  56.6%  3140   73s
H   28    20                    6323.8000000 2759.57363  56.4%  3168   73s
    33    24 2798.72018   10 3057 6323.80000 2759.57363  56.4%  3504   76s
    46    36 2831.78763   12 2977 6323.80000 2759.57363  56.4%  3112   82s
    60    44 infeasible   14      6323.80000 2759.57363  56.4%  2790   85s
    74    56 infeasible   15      6323.80000 2759.57363  56.4%  2424   92s
    93    63 infeasible   17      6323.80000 2759.57363  56.4%  2320   96s
H  100    63                    6319.6000000 2759.57363  56.3%  2190   96s
   115    76 2853.17732   18 2644 6319.60000 2759.57363  56.3%  2032  100s
H  138    87                    6297.0000000 2759.57363  56.2%  1792  104s
   149    90 2867.27809   22 2677 6297.00000 2759.57363  56.2%  1729  106s
H  174   103                    6284.4000000 2759.57363  56.1%  1595  112s
H  176   103                    6272.0000000 2759.57363  56.0%  1580  112s
H  177   103                    6254.2000000 2759.57363  55.9%  1575  112s
   183   116 2915.10563   27 2575 6254.20000 2759.57363  55.9%  1563  115s
H  210   130                    6138.2000000 2759.57363  55.0%  1449  127s
   217   143 2929.59385   33 2597 6138.20000 2759.57363  55.0%  1423  130s
   253   157 2928.62383   33 2523 6138.20000 2759.57363  55.0%  1286  136s
   293   189 3001.83512   40 2517 6138.20000 2759.57363  55.0%  1171  142s
   316   198 infeasible   43      6138.20000 2759.57363  55.0%  1117  145s
   360   230 2775.55759    9 3357 6138.20000 2761.02802  55.0%  1090  153s
   381   242 2781.04093   10 3427 6138.20000 2761.02802  55.0%  1067  158s
   401   260 infeasible   12      6138.20000 2761.02802  55.0%  1050  163s
   423   274 2800.12294   13 3121 6138.20000 2761.02802  55.0%  1037  167s
   451   300 2813.54456   14 2928 6138.20000 2761.02802  55.0%   993  171s
   481   318 2838.97675   17 3092 6138.20000 2761.02802  55.0%   965  175s
   509   341 infeasible   20      6138.20000 2761.02802  55.0%   944  180s
   585   394 2876.75571   23 2698 6138.20000 2761.02802  55.0%   863  194s
H  595   394                    6060.4000000 2761.02802  54.4%   853  194s
   619   427 2889.51232   26 2604 6060.40000 2761.02802  54.4%   845  200s
   666   452 2901.05239   29 2436 6060.40000 2761.02802  54.4%   801  205s
   713   485 2902.96721   32 2412 6060.40000 2763.47041  54.4%   759  212s
   762   524 2792.41895   10 3131 6060.40000 2763.47041  54.4%   770  222s
   807   569 2800.69809   11 2814 6060.40000 2763.47041  54.4%   778  228s
   860   609 2817.96339   15 2752 6060.40000 2763.47041  54.4%   772  238s
H  888   609                    6040.2000000 2763.47041  54.2%   759  238s
   916   663 2955.38272   19 2457 6040.20000 2763.47041  54.2%   764  244s
   984   730 infeasible   22      6040.20000 2763.47041  54.2%   734  251s
  1059   797 3123.08818   26 2494 6040.20000 2763.47041  54.2%   704  281s
H 1067   797                    5950.8000000 2763.47041  53.6%   701  281s
H 1110   797                    5949.4000000 2763.47041  53.6%   677  281s
  1140   873 3170.89794   35 2417 5949.40000 2763.47041  53.6%   684  289s
H 1182   873                    5720.8000000 2763.47041  51.7%   662  289s
  1230   953 3201.68371   46 2377 5720.80000 2763.47041  51.7%   655  296s
H 1277   953                    5701.4000000 2763.47041  51.5%   633  296s
  1331   954 3202.74895   79 2174 5701.40000 2763.47041  51.5%   622  321s

Explored 1332 nodes (1370343 simplex iterations) in 1000.04 seconds (1422.65 work units)
Thread count was 12 (of 12 available processors)

Solution count 10: 5701.4 5720.8 5949.4 ... 6284.4

Time limit reached
Best objective 5.701400000000e+03, best bound 2.763600000000e+03, gap 51.5277%

Gurobi 9.5.1 (win64) logging started Wed May 25 18:38:14 2022

Set parameter LogFile to value "./Log/Direct_MIP_Sshape_solver_720_order_48_batch.log"
Gurobi Optimizer version 9.5.1 build v9.5.1rc2 (win64)
Thread count: 6 physical cores, 12 logical processors, using up to 12 threads
Optimize a model with 76752 rows, 108240 columns and 438864 nonzeros
Model fingerprint: 0x894de6af
Model has 2256 quadratic constraints
Variable types: 0 continuous, 108240 integer (103632 binary)
Coefficient statistics:
  Matrix range     [1e+00, 5e+01]
  QMatrix range    [1e+00, 1e+00]
  QLMatrix range   [1e+00, 1e+00]
  Objective range  [4e-01, 4e+01]
  Bounds range     [1e+00, 1e+00]
  RHS range        [1e+00, 2e+01]
Presolve removed 31968 rows and 36288 columns
Presolve time: 0.87s
Presolved: 44784 rows, 71952 columns, 303696 nonzeros
Variable types: 0 continuous, 71952 integer (67488 binary)
Found heuristic solution: objective 18106.800000

Deterministic concurrent LP optimizer: primal and dual simplex
Showing first log only...


Use crossover to convert LP symmetric solution to basic solution...
Concurrent spin time: 0.00s

Solved with primal simplex

Root relaxation: objective 2.015360e+03, 39089 iterations, 1.11 seconds (1.57 work units)

    Nodes    |    Current Node    |     Objective Bounds      |     Work
 Expl Unexpl |  Obj  Depth IntInf | Incumbent    BestBd   Gap | It/Node Time

     0     0 2015.36000    0 11621 18106.8000 2015.36000  88.9%     -   32s
H    0     0                    17336.000000 2015.36000  88.4%     -   36s
H    0     0                    16937.600000 2015.36000  88.1%     -   67s
H    0     0                    16808.400000 2015.36000  88.0%     -   67s
H    0     0                    16761.600000 2015.36000  88.0%     -   67s
     0     0 2075.52000    0 8010 16761.6000 2075.52000  87.6%     -   94s
H    0     0                    16486.400000 2075.52000  87.4%     -   99s
H    0     0                    16382.000000 2075.52000  87.3%     -  103s
H    0     0                    16301.200000 2075.52000  87.3%     -  103s
H    0     0                    16254.800000 2075.52000  87.2%     -  103s
H    0     0                    16247.600000 2075.52000  87.2%     -  103s
H    0     0                    16148.400000 2075.52000  87.1%     -  103s
H    0     0                    16145.200000 2075.52000  87.1%     -  103s
     0     0 2618.16000    0 7765 16145.2000 2618.16000  83.8%     -  106s
H    0     0                    16124.800000 2806.29333  82.6%     -  145s
H    0     0                    16039.200000 2806.29333  82.5%     -  145s
H    0     0                    16019.600000 2806.29333  82.5%     -  145s
H    0     0                    16016.800000 2806.29333  82.5%     -  145s
H    0     0                    15913.200000 2806.29333  82.4%     -  145s
H    0     0                    15909.200000 2806.29333  82.4%     -  145s
H    0     0                    15863.600000 2806.29333  82.3%     -  145s
H    0     0                    15862.800000 2806.29333  82.3%     -  145s
H    0     0                    15710.000000 2806.29333  82.1%     -  153s
H    0     0                    15618.800000 2806.29333  82.0%     -  153s
H    0     0                    15450.000000 2806.29333  81.8%     -  153s
H    0     0                    15165.600000 2806.29333  81.5%     -  153s
H    0     0                    14960.800000 2806.29333  81.2%     -  153s
H    0     0                    14771.600000 2806.29333  81.0%     -  153s
H    0     0                    14570.000000 2806.29333  80.7%     -  153s
H    0     0                    14425.200000 2806.29333  80.5%     -  153s
H    0     0                    14327.600000 2806.29333  80.4%     -  153s
H    0     0                    14326.400000 2806.29333  80.4%     -  153s
H    0     0                    14312.800000 2806.29333  80.4%     -  153s
H    0     0                    14312.400000 2806.29333  80.4%     -  153s
H    0     0                    14303.200000 2806.29333  80.4%     -  153s
H    0     0                    14297.600000 2806.29333  80.4%     -  154s
H    0     0                    14290.400000 2806.29333  80.4%     -  154s
H    0     0                    14289.600000 2806.29333  80.4%     -  154s
H    0     0                    14284.800000 2806.29333  80.4%     -  154s
H    0     0                    14283.600000 2806.29333  80.4%     -  154s
H    0     0                    14281.600000 2806.29333  80.4%     -  154s
H    0     0                    14280.800000 2806.29333  80.3%     -  154s
H    0     0                    14278.800000 2806.29333  80.3%     -  154s
H    0     0                    14275.600000 2806.29333  80.3%     -  154s
H    0     0                    14272.800000 2806.29333  80.3%     -  154s
H    0     0                    14270.000000 2806.29333  80.3%     -  154s
H    0     0                    14267.200000 2806.29333  80.3%     -  154s
H    0     0                    14264.000000 2806.29333  80.3%     -  154s
H    0     0                    14242.800000 2806.29333  80.3%     -  154s
H    0     0                    14240.400000 2806.29333  80.3%     -  154s
H    0     0                    14238.400000 2806.29333  80.3%     -  154s
H    0     0                    14234.800000 2806.29333  80.3%     -  154s
     0     0 2806.29333    0 9051 14234.8000 2806.29333  80.3%     -  155s
H    0     0                    14232.800000 3401.32972  76.1%     -  322s
H    0     0                    14229.600000 3401.32972  76.1%     -  322s
H    0     0                    14228.400000 3401.32972  76.1%     -  322s
H    0     0                    14226.000000 3401.32972  76.1%     -  322s
H    0     0                    14225.600000 3401.32972  76.1%     -  322s
H    0     0                    14220.800000 3401.32972  76.1%     -  322s
H    0     0                    14217.600000 3401.32972  76.1%     -  322s
H    0     0                    14215.200000 3401.32972  76.1%     -  322s
H    0     0                    14213.600000 3401.32972  76.1%     -  322s
H    0     0                    14210.400000 3401.32972  76.1%     -  322s
H    0     0                    14205.600000 3401.32972  76.1%     -  322s
H    0     0                    14205.200000 3401.32972  76.1%     -  322s
H    0     0                    14203.200000 3401.32972  76.1%     -  322s
H    0     0                    14202.000000 3401.32972  76.1%     -  322s
H    0     0                    14199.200000 3401.32972  76.0%     -  322s
H    0     0                    14195.600000 3401.32972  76.0%     -  322s
H    0     0                    14194.800000 3401.32972  76.0%     -  322s
H    0     0                    14190.000000 3401.32972  76.0%     -  322s
H    0     0                    14189.200000 3401.32972  76.0%     -  322s
H    0     0                    14188.800000 3401.32972  76.0%     -  322s
H    0     0                    14188.400000 3401.32972  76.0%     -  322s
H    0     0                    14180.000000 3401.32972  76.0%     -  322s
H    0     0                    14179.200000 3401.32972  76.0%     -  322s
H    0     0                    14178.800000 3401.32972  76.0%     -  322s
H    0     0                    14098.000000 3401.32972  75.9%     -  322s
H    0     0                    14092.000000 3401.32972  75.9%     -  322s
H    0     0                    14077.600000 3401.32972  75.8%     -  322s
H    0     0                    14077.200000 3401.32972  75.8%     -  322s
H    0     0                    14076.400000 3401.32972  75.8%     -  322s
H    0     0                    14076.000000 3401.32972  75.8%     -  322s
H    0     0                    14074.400000 3401.32972  75.8%     -  322s
H    0     0                    14073.600000 3401.32972  75.8%     -  322s
H    0     0                    14003.200000 3401.32972  75.7%     -  322s
H    0     0                    13985.600000 3401.32972  75.7%     -  322s
H    0     0                    13984.800000 3401.32972  75.7%     -  322s
H    0     0                    13983.600000 3401.32972  75.7%     -  322s
H    0     0                    13964.400000 3401.32972  75.6%     -  322s
H    0     0                    13926.000000 3401.32972  75.6%     -  322s
H    0     0                    13908.800000 3401.32972  75.5%     -  322s
H    0     0                    13854.400000 3401.32972  75.4%     -  322s
H    0     0                    13835.200000 3401.32972  75.4%     -  322s
H    0     0                    13808.800000 3401.32972  75.4%     -  322s
H    0     0                    13772.800000 3401.32972  75.3%     -  322s
     0     0 3401.32972    0 11480 13772.8000 3401.32972  75.3%     -  324s
H    0     0                    13766.000000 3955.33427  71.3%     -  382s
H    0     0                    13592.400000 3955.33427  70.9%     -  382s
H    0     0                    13574.800000 3955.33427  70.9%     -  382s
H    0     0                    13569.200000 3955.33427  70.9%     -  382s
H    0     0                    13468.800000 3955.33427  70.6%     -  382s
H    0     0                    13467.600000 3955.33427  70.6%     -  382s
     0     0 3955.33427    0 11388 13467.6000 3955.33427  70.6%     -  383s
H    0     0                    13439.200000 4133.32932  69.2%     -  405s
H    0     0                    13423.200000 4133.32932  69.2%     -  405s
H    0     0                    13390.400000 4133.32932  69.1%     -  405s
     0     0 4133.32932    0 10609 13390.4000 4133.32932  69.1%     -  407s
     0     0 4172.96234    0 10997 13390.4000 4172.96234  68.8%     -  432s
     0     0 4198.72565    0 11173 13390.4000 4198.72565  68.6%     -  474s
     0     0 4211.82779    0 11208 13390.4000 4211.82779  68.5%     -  539s
H    0     0                    13340.400000 4216.94455  68.4%     -  641s
     0     0 4216.94455    0 10938 13340.4000 4216.94455  68.4%     -  642s
     0     0 4217.96724    0 10884 13340.4000 4217.96724  68.4%     -  678s
     0     0 4219.52629    0 10899 13340.4000 4219.52629  68.4%     -  730s
     0     0 4219.52629    0 10775 13340.4000 4219.52629  68.4%     -  733s
     0     0 4767.73521    0 11808 13340.4000 4767.73521  64.3%     -  919s
     0     0 5023.06854    0 11542 13340.4000 5023.06854  62.3%     -  980s
     0     0          -    0      13340.4000 5023.06854  62.3%     - 1000s

Cutting planes:
  Learned: 95
  Cover: 4131
  Implied bound: 287
  Clique: 797
  MIR: 484
  StrongCG: 290
  Flow cover: 619
  Zero half: 2595
  Network: 34
  RLT: 1080
  Relax-and-lift: 1532

Explored 1 nodes (667154 simplex iterations) in 1000.27 seconds (880.68 work units)
Thread count was 12 (of 12 available processors)

Solution count 10: 13340.4 13390.4 13423.2 ... 13766

Time limit reached
Best objective 1.334040000000e+04, best bound 5.023200000000e+03, gap 62.3460%

Gurobi 9.5.1 (win64) logging started Wed May 25 18:54:58 2022

Set parameter LogFile to value "./Log/Direct_MIP_Sshape_solver_720_order_48_batch.log"
Gurobi Optimizer version 9.5.1 build v9.5.1rc2 (win64)
Thread count: 6 physical cores, 12 logical processors, using up to 12 threads
Optimize a model with 76752 rows, 108240 columns and 439344 nonzeros
Model fingerprint: 0x780b414e
Model has 2256 quadratic constraints
Variable types: 0 continuous, 108240 integer (103632 binary)
Coefficient statistics:
  Matrix range     [1e+00, 5e+01]
  QMatrix range    [1e+00, 1e+00]
  QLMatrix range   [1e+00, 1e+00]
  Objective range  [4e-01, 4e+01]
  Bounds range     [1e+00, 1e+00]
  RHS range        [1e+00, 2e+01]
Presolve removed 33024 rows and 37344 columns
Presolve time: 1.02s
Presolved: 43728 rows, 70896 columns, 299664 nonzeros
Variable types: 0 continuous, 70896 integer (66432 binary)
Found heuristic solution: objective 18111.600000

Deterministic concurrent LP optimizer: primal and dual simplex
Showing first log only...


Use crossover to convert LP symmetric solution to basic solution...
Concurrent spin time: 0.20s

Solved with primal simplex

Root relaxation: objective 2.010960e+03, 39085 iterations, 1.94 seconds (2.65 work units)

    Nodes    |    Current Node    |     Objective Bounds      |     Work
 Expl Unexpl |  Obj  Depth IntInf | Incumbent    BestBd   Gap | It/Node Time

     0     0 2010.96000    0 11872 18111.6000 2010.96000  88.9%     -   38s
H    0     0                    18063.200000 2010.96000  88.9%     -   38s
H    0     0                    17798.000000 2010.96000  88.7%     -   42s
H    0     0                    17614.400000 2010.96000  88.6%     -   67s
H    0     0                    17304.000000 2010.96000  88.4%     -   67s
H    0     0                    16910.400000 2010.96000  88.1%     -   67s
H    0     0                    16839.200000 2010.96000  88.1%     -   67s
     0     0 2010.96000    0 8026 16839.2000 2010.96000  88.1%     -   87s
H    0     0                    16519.200000 2010.96000  87.8%     -   90s
H    0     0                    16518.800000 2010.96000  87.8%     -   93s
H    0     0                    16493.600000 2010.96000  87.8%     -   93s
H    0     0                    16488.800000 2010.96000  87.8%     -   93s
     0     0 2304.96000    0 7942 16488.8000 2304.96000  86.0%     -   93s
H    0     0                    16464.000000 2304.96000  86.0%     -   95s
H    0     0                    16404.400000 2746.57514  83.3%     -  153s
H    0     0                    16283.600000 2746.57514  83.1%     -  153s
H    0     0                    15929.600000 2746.57514  82.8%     -  153s
H    0     0                    15880.800000 2746.57514  82.7%     -  153s
H    0     0                    15851.600000 2746.57514  82.7%     -  153s
H    0     0                    15832.400000 2746.57514  82.7%     -  153s
H    0     0                    15830.000000 2746.57514  82.6%     -  153s
H    0     0                    15813.200000 2746.57514  82.6%     -  153s
H    0     0                    15655.200000 2746.57514  82.5%     -  153s
H    0     0                    15652.400000 2746.57514  82.5%     -  153s
H    0     0                    15651.600000 2746.57514  82.5%     -  153s
H    0     0                    15648.800000 2746.57514  82.4%     -  153s
H    0     0                    15647.200000 2746.57514  82.4%     -  153s
H    0     0                    15619.200000 2746.57514  82.4%     -  153s
H    0     0                    15616.000000 2746.57514  82.4%     -  153s
H    0     0                    15594.000000 2746.57514  82.4%     -  153s
H    0     0                    15592.400000 2746.57514  82.4%     -  153s
H    0     0                    15592.000000 2746.57514  82.4%     -  153s
H    0     0                    15588.400000 2746.57514  82.4%     -  153s
H    0     0                    15586.000000 2746.57514  82.4%     -  153s
H    0     0                    15582.400000 2746.57514  82.4%     -  153s
     0     0 2746.57514    0 9458 15582.4000 2746.57514  82.4%     -  154s
H    0     0                    15543.600000 2879.73378  81.5%     -  267s
H    0     0                    15538.800000 2879.73378  81.5%     -  267s
H    0     0                    15472.400000 2879.73378  81.4%     -  267s
H    0     0                    15468.800000 2879.73378  81.4%     -  267s
H    0     0                    15458.400000 2879.73378  81.4%     -  267s
H    0     0                    15452.400000 2879.73378  81.4%     -  267s
H    0     0                    15450.800000 2879.73378  81.4%     -  267s
H    0     0                    15445.200000 2879.73378  81.4%     -  267s
H    0     0                    15440.800000 2879.73378  81.3%     -  267s
H    0     0                    15347.200000 2879.73378  81.2%     -  267s
H    0     0                    15341.600000 2879.73378  81.2%     -  267s
H    0     0                    15341.200000 2879.73378  81.2%     -  267s
H    0     0                    15333.200000 2879.73378  81.2%     -  267s
H    0     0                    15300.000000 2879.73378  81.2%     -  267s
H    0     0                    15298.000000 2879.73378  81.2%     -  267s
H    0     0                    15293.200000 2879.73378  81.2%     -  267s
H    0     0                    15249.200000 2879.73378  81.1%     -  267s
H    0     0                    15242.400000 2879.73378  81.1%     -  267s
H    0     0                    15223.200000 2879.73378  81.1%     -  267s
H    0     0                    15215.600000 2879.73378  81.1%     -  267s
H    0     0                    15114.800000 2879.73378  80.9%     -  267s
H    0     0                    15106.800000 2879.73378  80.9%     -  267s
H    0     0                    15040.400000 2879.73378  80.9%     -  267s
H    0     0                    15026.000000 2879.73378  80.8%     -  267s
H    0     0                    14932.000000 2879.73378  80.7%     -  267s
H    0     0                    14929.600000 2879.73378  80.7%     -  267s
H    0     0                    14913.600000 2879.73378  80.7%     -  267s
H    0     0                    14913.200000 2879.73378  80.7%     -  267s
H    0     0                    14902.800000 2879.73378  80.7%     -  267s
H    0     0                    14888.400000 2879.73378  80.7%     -  267s
H    0     0                    14872.400000 2879.73378  80.6%     -  267s
H    0     0                    14842.400000 2879.73378  80.6%     -  267s
H    0     0                    14842.000000 2879.73378  80.6%     -  267s
H    0     0                    14841.600000 2879.73378  80.6%     -  267s
H    0     0                    14840.800000 2879.73378  80.6%     -  267s
H    0     0                    14817.600000 2879.73378  80.6%     -  267s
H    0     0                    14801.600000 2879.73378  80.5%     -  267s
H    0     0                    14768.800000 2879.73378  80.5%     -  267s
H    0     0                    14767.600000 2879.73378  80.5%     -  267s
     0     0 2879.73378    0 10675 14767.6000 2879.73378  80.5%     -  269s
H    0     0                    14734.800000 2979.39018  79.8%     -  289s
H    0     0                    14701.600000 2979.39018  79.7%     -  289s
H    0     0                    14648.800000 2979.39018  79.7%     -  289s
H    0     0                    14647.200000 2979.39018  79.7%     -  289s
H    0     0                    14644.800000 2979.39018  79.7%     -  289s
     0     0 2979.39018    0 10564 14644.8000 2979.39018  79.7%     -  290s
H    0     0                    14643.600000 2999.45618  79.5%     -  312s
H    0     0                    14627.600000 2999.45618  79.5%     -  312s
H    0     0                    14626.000000 2999.45618  79.5%     -  312s
H    0     0                    14625.200000 2999.45618  79.5%     -  312s
H    0     0                    14606.800000 2999.45618  79.5%     -  312s
     0     0 2999.45618    0 10453 14606.8000 2999.45618  79.5%     -  313s
H    0     0                    14555.200000 3000.15566  79.4%     -  323s
H    0     0                    14553.600000 3000.15566  79.4%     -  323s
H    0     0                    14553.200000 3000.15566  79.4%     -  323s
     0     0 3000.15566    0 10401 14553.2000 3000.15566  79.4%     -  323s
H    0     0                    14551.200000 3000.19353  79.4%     -  325s
     0     0 3000.19353    0 10198 14551.2000 3000.19353  79.4%     -  325s
H    0     0                    14533.200000 3000.19353  79.4%     -  328s
H    0     0                    14532.400000 3444.41287  76.3%     -  432s
H    0     0                    14516.400000 3444.41287  76.3%     -  432s
H    0     0                    14503.600000 3444.41287  76.3%     -  432s
H    0     0                    14470.400000 3444.41287  76.2%     -  432s
H    0     0                    14434.000000 3444.41287  76.1%     -  432s
H    0     0                    14431.200000 3444.41287  76.1%     -  432s
H    0     0                    14427.600000 3444.41287  76.1%     -  432s
H    0     0                    14427.200000 3444.41287  76.1%     -  432s
H    0     0                    14338.800000 3444.41287  76.0%     -  432s
H    0     0                    14323.600000 3444.41287  76.0%     -  432s
H    0     0                    14307.200000 3444.41287  75.9%     -  432s
H    0     0                    14290.000000 3444.41287  75.9%     -  432s
     0     0 3444.41287    0 10750 14290.0000 3444.41287  75.9%     -  433s
H    0     0                    14190.000000 3444.41287  75.7%     -  434s
H    0     0                    14188.800000 4272.56564  69.9%     -  571s
H    0     0                    14180.800000 4272.56564  69.9%     -  571s
H    0     0                    14175.600000 4272.56564  69.9%     -  571s
H    0     0                    14174.800000 4272.56564  69.9%     -  571s
H    0     0                    14172.000000 4272.56564  69.9%     -  571s
H    0     0                    14168.800000 4272.56564  69.8%     -  571s
H    0     0                    14159.200000 4272.56564  69.8%     -  571s
H    0     0                    14120.800000 4272.56564  69.7%     -  571s
H    0     0                    14113.200000 4272.56564  69.7%     -  571s
H    0     0                    14101.200000 4272.56564  69.7%     -  571s
H    0     0                    14090.400000 4272.56564  69.7%     -  571s
H    0     0                    14074.800000 4272.56564  69.6%     -  571s
H    0     0                    14074.400000 4272.56564  69.6%     -  571s
H    0     0                    14074.000000 4272.56564  69.6%     -  571s
H    0     0                    14066.400000 4272.56564  69.6%     -  571s
H    0     0                    14041.200000 4272.56564  69.6%     -  571s
H    0     0                    13804.400000 4272.56564  69.0%     -  571s
H    0     0                    13750.800000 4272.56564  68.9%     -  571s
H    0     0                    13748.000000 4272.56564  68.9%     -  571s
H    0     0                    13744.000000 4272.56564  68.9%     -  571s
H    0     0                    13725.600000 4272.56564  68.9%     -  571s
H    0     0                    13706.800000 4272.56564  68.8%     -  571s
H    0     0                    13705.200000 4272.56564  68.8%     -  571s
H    0     0                    13657.200000 4272.56564  68.7%     -  571s
H    0     0                    13636.400000 4272.56564  68.7%     -  571s
H    0     0                    13634.000000 4272.56564  68.7%     -  571s
H    0     0                    13613.200000 4272.56564  68.6%     -  571s
H    0     0                    13598.800000 4272.56564  68.6%     -  571s
H    0     0                    13594.400000 4272.56564  68.6%     -  571s
     0     0 4272.56564    0 11992 13594.4000 4272.56564  68.6%     -  573s
H    0     0                    13366.400000 4496.93068  66.4%     -  628s
H    0     0                    13335.600000 4496.93068  66.3%     -  628s
     0     0 4496.93068    0 11429 13335.6000 4496.93068  66.3%     -  629s
     0     0 4544.82742    0 11848 13335.6000 4544.82742  65.9%     -  705s
     0     0 4559.54277    0 11729 13335.6000 4559.54277  65.8%     -  848s
     0     0 4565.75962    0 11590 13335.6000 4565.75962  65.8%     -  964s
     0     0          -    0      13335.6000 4565.75962  65.8%     - 1000s

Cutting planes:
  Learned: 105
  Cover: 3502
  Implied bound: 637
  Clique: 616
  MIR: 306
  StrongCG: 53
  Flow cover: 377
  Zero half: 2481
  Network: 17
  RLT: 862
  Relax-and-lift: 1191

Explored 1 nodes (687773 simplex iterations) in 1000.28 seconds (970.89 work units)
Thread count was 12 (of 12 available processors)

Solution count 10: 13335.6 13366.4 13594.4 ... 13706.8

Time limit reached
Best objective 1.333560000000e+04, best bound 4.566000000000e+03, gap 65.7608%

Gurobi 9.5.1 (win64) logging started Wed May 25 19:11:42 2022

Set parameter LogFile to value "./Log/Direct_MIP_Sshape_solver_720_order_48_batch.log"
Gurobi Optimizer version 9.5.1 build v9.5.1rc2 (win64)
Thread count: 6 physical cores, 12 logical processors, using up to 12 threads
Optimize a model with 76752 rows, 108240 columns and 440592 nonzeros
Model fingerprint: 0xb1025274
Model has 2256 quadratic constraints
Variable types: 0 continuous, 108240 integer (103632 binary)
Coefficient statistics:
  Matrix range     [1e+00, 5e+01]
  QMatrix range    [1e+00, 1e+00]
  QLMatrix range   [1e+00, 1e+00]
  Objective range  [4e-01, 4e+01]
  Bounds range     [1e+00, 1e+00]
  RHS range        [1e+00, 2e+01]
Presolve removed 32496 rows and 36816 columns
Presolve time: 1.02s
Presolved: 44256 rows, 71424 columns, 301392 nonzeros
Variable types: 0 continuous, 71424 integer (66960 binary)
Found heuristic solution: objective 17891.200000

Deterministic concurrent LP optimizer: primal and dual simplex
Showing first log only...


Use crossover to convert LP symmetric solution to basic solution...
Concurrent spin time: 0.22s

Solved with primal simplex

Root relaxation: objective 1.938480e+03, 39086 iterations, 2.21 seconds (3.32 work units)

    Nodes    |    Current Node    |     Objective Bounds      |     Work
 Expl Unexpl |  Obj  Depth IntInf | Incumbent    BestBd   Gap | It/Node Time

     0     0 1938.48000    0 11961 17891.2000 1938.48000  89.2%     -   43s
H    0     0                    17090.800000 1938.48000  88.7%     -   48s
H    0     0                    16836.000000 1938.48000  88.5%     -   77s
H    0     0                    16742.400000 1938.48000  88.4%     -   77s
H    0     0                    16674.400000 1938.48000  88.4%     -   77s
H    0     0                    16563.200000 1938.48000  88.3%     -   77s
     0     0 1938.48000    0 7739 16563.2000 1938.48000  88.3%     -   95s
H    0     0                    16346.000000 1938.48000  88.1%     -   96s
H    0     0                    16221.600000 1938.48000  88.1%     -  101s
H    0     0                    16197.200000 1938.48000  88.0%     -  101s
H    0     0                    16188.400000 1938.48000  88.0%     -  101s
H    0     0                    16168.400000 1938.48000  88.0%     -  101s
     0     0 2232.48000    0 7680 16168.4000 2232.48000  86.2%     -  101s
H    0     0                    16146.800000 3032.88000  81.2%     -  159s
H    0     0                    16145.200000 3032.88000  81.2%     -  159s
H    0     0                    16132.400000 3032.88000  81.2%     -  159s
H    0     0                    16131.200000 3032.88000  81.2%     -  159s
H    0     0                    16129.600000 3032.88000  81.2%     -  159s
H    0     0                    16111.600000 3032.88000  81.2%     -  159s
H    0     0                    16107.200000 3032.88000  81.2%     -  159s
H    0     0                    16106.800000 3032.88000  81.2%     -  159s
H    0     0                    16105.200000 3032.88000  81.2%     -  160s
H    0     0                    16104.400000 3032.88000  81.2%     -  160s
H    0     0                    16103.600000 3032.88000  81.2%     -  160s
H    0     0                    16021.200000 3032.88000  81.1%     -  160s
H    0     0                    16017.600000 3032.88000  81.1%     -  160s
H    0     0                    16016.000000 3032.88000  81.1%     -  160s
H    0     0                    15977.600000 3032.88000  81.0%     -  160s
H    0     0                    15974.800000 3032.88000  81.0%     -  160s
H    0     0                    15869.600000 3032.88000  80.9%     -  160s
H    0     0                    15868.800000 3032.88000  80.9%     -  160s
H    0     0                    15867.200000 3032.88000  80.9%     -  160s
H    0     0                    15862.400000 3032.88000  80.9%     -  160s
H    0     0                    15815.200000 3032.88000  80.8%     -  160s
H    0     0                    15812.400000 3032.88000  80.8%     -  160s
H    0     0                    15613.600000 3032.88000  80.6%     -  160s
     0     0 3032.88000    0 9188 15613.6000 3032.88000  80.6%     -  161s
H    0     0                    15603.200000 3364.02833  78.4%     -  302s
H    0     0                    15597.600000 3364.02833  78.4%     -  302s
H    0     0                    15558.400000 3364.02833  78.4%     -  302s
H    0     0                    15550.800000 3364.02833  78.4%     -  302s
H    0     0                    15548.000000 3364.02833  78.4%     -  302s
H    0     0                    15542.000000 3364.02833  78.4%     -  302s
H    0     0                    15536.800000 3364.02833  78.3%     -  302s
H    0     0                    15486.400000 3364.02833  78.3%     -  302s
H    0     0                    15480.400000 3364.02833  78.3%     -  302s
H    0     0                    15411.200000 3364.02833  78.2%     -  302s
H    0     0                    15403.600000 3364.02833  78.2%     -  302s
H    0     0                    15366.400000 3364.02833  78.1%     -  302s
H    0     0                    15362.800000 3364.02833  78.1%     -  302s
H    0     0                    15357.200000 3364.02833  78.1%     -  302s
H    0     0                    15324.000000 3364.02833  78.0%     -  302s
H    0     0                    15316.000000 3364.02833  78.0%     -  302s
H    0     0                    15300.000000 3364.02833  78.0%     -  302s
H    0     0                    15293.600000 3364.02833  78.0%     -  302s
H    0     0                    15292.000000 3364.02833  78.0%     -  302s
H    0     0                    15253.200000 3364.02833  77.9%     -  302s
H    0     0                    15166.000000 3364.02833  77.8%     -  302s
H    0     0                    15128.800000 3364.02833  77.8%     -  302s
H    0     0                    15113.200000 3364.02833  77.7%     -  302s
H    0     0                    15100.400000 3364.02833  77.7%     -  302s
H    0     0                    15071.200000 3364.02833  77.7%     -  302s
H    0     0                    15023.200000 3364.02833  77.6%     -  302s
H    0     0                    15014.400000 3364.02833  77.6%     -  302s
H    0     0                    15002.000000 3364.02833  77.6%     -  302s
H    0     0                    15001.600000 3364.02833  77.6%     -  302s
H    0     0                    14992.400000 3364.02833  77.6%     -  302s
H    0     0                    14935.600000 3364.02833  77.5%     -  302s
H    0     0                    14923.600000 3364.02833  77.5%     -  302s
H    0     0                    14876.000000 3364.02833  77.4%     -  302s
H    0     0                    14860.400000 3364.02833  77.4%     -  302s
H    0     0                    14757.600000 3364.02833  77.2%     -  302s
H    0     0                    14742.400000 3364.02833  77.2%     -  302s
H    0     0                    14732.000000 3364.02833  77.2%     -  302s
H    0     0                    14716.000000 3364.02833  77.1%     -  302s
H    0     0                    14715.200000 3364.02833  77.1%     -  302s
H    0     0                    14714.800000 3364.02833  77.1%     -  302s
H    0     0                    14700.800000 3364.02833  77.1%     -  302s
H    0     0                    14626.000000 3364.02833  77.0%     -  302s
H    0     0                    14395.200000 3364.02833  76.6%     -  302s
H    0     0                    14343.600000 3364.02833  76.5%     -  302s
H    0     0                    14312.800000 3364.02833  76.5%     -  302s
     0     0 3364.02833    0 11231 14312.8000 3364.02833  76.5%     -  304s
H    0     0                    14283.200000 3702.76850  74.1%     -  351s
H    0     0                    14227.200000 3702.76850  74.0%     -  351s
H    0     0                    14143.200000 3702.76850  73.8%     -  351s
     0     0 3702.76850    0 11171 14143.2000 3702.76850  73.8%     -  352s
     0     0 3888.05702    0 11025 14143.2000 3888.05702  72.5%     -  369s
H    0     0                    14136.800000 3934.66068  72.2%     -  387s
H    0     0                    14118.800000 3934.66068  72.1%     -  387s
H    0     0                    14115.200000 3934.66068  72.1%     -  387s
H    0     0                    14114.800000 3934.66068  72.1%     -  387s
H    0     0                    14050.000000 3934.66068  72.0%     -  387s
H    0     0                    13994.800000 3934.66068  71.9%     -  387s
     0     0 3934.66068    0 11166 13994.8000 3934.66068  71.9%     -  388s
H    0     0                    13992.000000 3951.05154  71.8%     -  406s
     0     0 3951.05154    0 11251 13992.0000 3951.05154  71.8%     -  407s
H    0     0                    13919.200000 3960.72184  71.5%     -  451s
H    0     0                    13880.000000 3960.72184  71.5%     -  451s
     0     0 3960.72184    0 11486 13880.0000 3960.72184  71.5%     -  452s
H    0     0                    13879.600000 3963.20134  71.4%     -  546s
H    0     0                    13827.600000 3963.20134  71.3%     -  546s
H    0     0                    13816.800000 3963.20134  71.3%     -  546s
H    0     0                    13796.400000 3963.20134  71.3%     -  546s
H    0     0                    13791.600000 3963.20134  71.3%     -  546s
H    0     0                    13738.400000 3963.20134  71.2%     -  546s
H    0     0                    13721.600000 3963.20134  71.1%     -  546s
H    0     0                    13719.600000 3963.20134  71.1%     -  546s
H    0     0                    13669.200000 3963.20134  71.0%     -  546s
H    0     0                    13666.000000 3963.20134  71.0%     -  546s
H    0     0                    13663.200000 3963.20134  71.0%     -  546s
H    0     0                    13657.600000 3963.20134  71.0%     -  546s
H    0     0                    13656.800000 3963.20134  71.0%     -  546s
H    0     0                    13640.000000 3963.20134  70.9%     -  546s
H    0     0                    13638.000000 3963.20134  70.9%     -  546s
H    0     0                    13636.800000 3963.20134  70.9%     -  546s
H    0     0                    13636.400000 3963.20134  70.9%     -  546s
H    0     0                    13635.600000 3963.20134  70.9%     -  546s
H    0     0                    13635.200000 3963.20134  70.9%     -  546s
H    0     0                    13632.400000 3963.20134  70.9%     -  546s
H    0     0                    13631.600000 3963.20134  70.9%     -  546s
H    0     0                    13626.800000 3963.20134  70.9%     -  546s
H    0     0                    13597.600000 3963.20134  70.9%     -  546s
H    0     0                    13592.000000 3963.20134  70.8%     -  546s
H    0     0                    13591.200000 3963.20134  70.8%     -  546s
H    0     0                    13586.000000 3963.20134  70.8%     -  546s
H    0     0                    13581.600000 3963.20134  70.8%     -  546s
H    0     0                    13581.200000 3963.20134  70.8%     -  546s
H    0     0                    13578.000000 3963.20134  70.8%     -  546s
H    0     0                    13572.000000 3963.20134  70.8%     -  546s
H    0     0                    13566.800000 3963.20134  70.8%     -  546s
H    0     0                    13562.800000 3963.20134  70.8%     -  546s
H    0     0                    13558.400000 3963.20134  70.8%     -  546s
H    0     0                    13550.800000 3963.20134  70.8%     -  546s
     0     0 3963.20134    0 11470 13550.8000 3963.20134  70.8%     -  547s
H    0     0                    13548.000000 3963.53035  70.7%     -  637s
H    0     0                    13544.000000 3963.53035  70.7%     -  637s
H    0     0                    13534.400000 3963.53035  70.7%     -  637s
H    0     0                    13529.600000 3963.53035  70.7%     -  637s
H    0     0                    13518.000000 3963.53035  70.7%     -  637s
H    0     0                    13508.400000 3963.53035  70.7%     -  637s
H    0     0                    13508.000000 3963.53035  70.7%     -  637s
H    0     0                    13500.800000 3963.53035  70.6%     -  637s
H    0     0                    13498.400000 3963.53035  70.6%     -  637s
H    0     0                    13492.000000 3963.53035  70.6%     -  637s
H    0     0                    13491.600000 3963.53035  70.6%     -  637s
H    0     0                    13491.200000 3963.53035  70.6%     -  637s
H    0     0                    13490.800000 3963.53035  70.6%     -  637s
H    0     0                    13490.400000 3963.53035  70.6%     -  637s
H    0     0                    13490.000000 3963.53035  70.6%     -  637s
H    0     0                    13473.600000 3963.53035  70.6%     -  637s
H    0     0                    13470.400000 3963.53035  70.6%     -  637s
H    0     0                    13470.000000 3963.53035  70.6%     -  637s
H    0     0                    13469.200000 3963.53035  70.6%     -  637s
     0     0 3963.53035    0 11491 13469.2000 3963.53035  70.6%     -  638s
     0     0 3963.53863    0 11403 13469.2000 3963.53863  70.6%     -  644s
H    0     0                    13464.400000 4209.66148  68.7%     -  877s
H    0     0                    13463.600000 4209.66148  68.7%     -  877s
H    0     0                    13462.000000 4209.66148  68.7%     -  877s
H    0     0                    13445.600000 4209.66148  68.7%     -  877s
H    0     0                    13445.200000 4209.66148  68.7%     -  877s
H    0     0                    13444.000000 4209.66148  68.7%     -  877s
H    0     0                    13428.800000 4209.66148  68.7%     -  877s
H    0     0                    13412.400000 4209.66148  68.6%     -  877s
H    0     0                    13366.000000 4209.66148  68.5%     -  877s
H    0     0                    13300.000000 4209.66148  68.3%     -  877s
H    0     0                    13285.600000 4209.66148  68.3%     -  877s
H    0     0                    13269.200000 4209.66148  68.3%     -  877s
H    0     0                    12960.000000 4209.66148  67.5%     -  877s
H    0     0                    12941.200000 4209.66148  67.5%     -  877s
     0     0 4209.66148    0 11545 12941.2000 4209.66148  67.5%     -  878s
     0     0          -    0      12941.2000 4209.66148  67.5%     - 1000s

Cutting planes:
  Learned: 106
  Gomory: 2
  Cover: 3716
  Implied bound: 350
  Clique: 592
  MIR: 419
  StrongCG: 236
  Flow cover: 677
  Zero half: 2102
  Network: 27
  RLT: 1159
  Relax-and-lift: 951

Explored 1 nodes (727604 simplex iterations) in 1000.27 seconds (1008.18 work units)
Thread count was 12 (of 12 available processors)

Solution count 10: 12941.2 12960 13269.2 ... 13445.2

Time limit reached
Best objective 1.294120000000e+04, best bound 4.210000000000e+03, gap 67.4682%

Gurobi 9.5.1 (win64) logging started Wed May 25 19:28:27 2022

Set parameter LogFile to value "./Log/Direct_MIP_Sshape_solver_720_order_48_batch.log"
Gurobi Optimizer version 9.5.1 build v9.5.1rc2 (win64)
Thread count: 6 physical cores, 12 logical processors, using up to 12 threads
Optimize a model with 76752 rows, 108240 columns and 440448 nonzeros
Model fingerprint: 0x987fee0b
Model has 2256 quadratic constraints
Variable types: 0 continuous, 108240 integer (103632 binary)
Coefficient statistics:
  Matrix range     [1e+00, 5e+01]
  QMatrix range    [1e+00, 1e+00]
  QLMatrix range   [1e+00, 1e+00]
  Objective range  [4e-01, 4e+01]
  Bounds range     [1e+00, 1e+00]
  RHS range        [1e+00, 2e+01]
Presolve removed 31104 rows and 35424 columns
Presolve time: 0.94s
Presolved: 45648 rows, 72816 columns, 304608 nonzeros
Variable types: 0 continuous, 72816 integer (68352 binary)
Found heuristic solution: objective 17888.400000

Deterministic concurrent LP optimizer: primal and dual simplex
Showing first log only...


Use crossover to convert LP symmetric solution to basic solution...
Concurrent spin time: 0.20s

Solved with primal simplex

Root relaxation: objective 1.947600e+03, 39086 iterations, 2.03 seconds (3.15 work units)

    Nodes    |    Current Node    |     Objective Bounds      |     Work
 Expl Unexpl |  Obj  Depth IntInf | Incumbent    BestBd   Gap | It/Node Time

     0     0 1947.60000    0 12064 17888.4000 1947.60000  89.1%     -   42s
H    0     0                    17173.600000 1947.60000  88.7%     -   73s
H    0     0                    16889.600000 1947.60000  88.5%     -   73s
H    0     0                    16603.200000 1947.60000  88.3%     -   73s
     0     0 1947.60000    0 7608 16603.2000 1947.60000  88.3%     -   95s
H    0     0                    16434.400000 1947.60000  88.1%     -   96s
H    0     0                    16422.000000 1948.80000  88.1%     -   98s
H    0     0                    16337.600000 1948.80000  88.1%     -   98s
H    0     0                    16314.400000 1948.80000  88.1%     -   98s
H    0     0                    16306.800000 1948.80000  88.0%     -   98s
     0     0 2241.60000    0 7828 16306.8000 2241.60000  86.3%     -   98s
     0     0 2241.60000    0 7699 16306.8000 2241.60000  86.3%     -   99s
H    0     0                    16280.000000 2639.80027  83.8%     -  200s
H    0     0                    16277.200000 2639.80027  83.8%     -  200s
H    0     0                    16276.000000 2639.80027  83.8%     -  200s
H    0     0                    16220.000000 2639.80027  83.7%     -  200s
H    0     0                    16216.000000 2639.80027  83.7%     -  200s
H    0     0                    16144.400000 2639.80027  83.6%     -  200s
H    0     0                    16117.600000 2639.80027  83.6%     -  200s
H    0     0                    16071.600000 2639.80027  83.6%     -  200s
H    0     0                    16033.600000 2639.80027  83.5%     -  200s
H    0     0                    16023.200000 2639.80027  83.5%     -  200s
H    0     0                    15962.400000 2639.80027  83.5%     -  200s
H    0     0                    15962.000000 2639.80027  83.5%     -  200s
H    0     0                    15734.400000 2639.80027  83.2%     -  200s
H    0     0                    15733.200000 2639.80027  83.2%     -  200s
H    0     0                    15662.400000 2639.80027  83.1%     -  200s
H    0     0                    15660.400000 2639.80027  83.1%     -  200s
H    0     0                    15648.000000 2639.80027  83.1%     -  200s
H    0     0                    15645.200000 2639.80027  83.1%     -  200s
H    0     0                    15583.200000 2639.80027  83.1%     -  200s
H    0     0                    15578.800000 2639.80027  83.1%     -  200s
H    0     0                    15576.800000 2639.80027  83.1%     -  200s
H    0     0                    15576.000000 2639.80027  83.1%     -  200s
H    0     0                    15572.000000 2639.80027  83.0%     -  200s
H    0     0                    15569.200000 2639.80027  83.0%     -  200s
H    0     0                    15555.200000 2639.80027  83.0%     -  200s
H    0     0                    15550.400000 2639.80027  83.0%     -  200s
H    0     0                    15456.000000 2639.80027  82.9%     -  200s
H    0     0                    15449.600000 2639.80027  82.9%     -  200s
H    0     0                    15434.800000 2639.80027  82.9%     -  200s
H    0     0                    15430.400000 2639.80027  82.9%     -  200s
H    0     0                    15427.600000 2639.80027  82.9%     -  200s
H    0     0                    15394.400000 2639.80027  82.9%     -  200s
H    0     0                    15389.600000 2639.80027  82.8%     -  200s
H    0     0                    15357.200000 2639.80027  82.8%     -  200s
     0     0 2639.80027    0 9736 15357.2000 2639.80027  82.8%     -  201s
H    0     0                    15349.600000 3166.30276  79.4%     -  331s
H    0     0                    15302.400000 3166.30276  79.3%     -  331s
H    0     0                    15298.800000 3166.30276  79.3%     -  331s
H    0     0                    15292.400000 3166.30276  79.3%     -  331s
H    0     0                    15285.200000 3166.30276  79.3%     -  331s
H    0     0                    15282.400000 3166.30276  79.3%     -  331s
H    0     0                    15250.400000 3166.30276  79.2%     -  331s
H    0     0                    15248.800000 3166.30276  79.2%     -  331s
H    0     0                    15240.800000 3166.30276  79.2%     -  331s
H    0     0                    15177.600000 3166.30276  79.1%     -  331s
H    0     0                    15168.400000 3166.30276  79.1%     -  331s
H    0     0                    15115.200000 3166.30276  79.1%     -  331s
H    0     0                    15096.000000 3166.30276  79.0%     -  331s
H    0     0                    14919.200000 3166.30276  78.8%     -  331s
H    0     0                    14884.800000 3166.30276  78.7%     -  331s
H    0     0                    14852.400000 3166.30276  78.7%     -  331s
H    0     0                    14843.200000 3166.30276  78.7%     -  331s
H    0     0                    14825.600000 3166.30276  78.6%     -  331s
H    0     0                    14824.000000 3166.30276  78.6%     -  331s
H    0     0                    14797.200000 3166.30276  78.6%     -  331s
H    0     0                    14794.800000 3166.30276  78.6%     -  331s
H    0     0                    14793.600000 3166.30276  78.6%     -  331s
H    0     0                    14668.000000 3166.30276  78.4%     -  331s
H    0     0                    14665.600000 3166.30276  78.4%     -  331s
H    0     0                    14649.200000 3166.30276  78.4%     -  331s
H    0     0                    14509.600000 3166.30276  78.2%     -  332s
H    0     0                    14501.200000 3166.30276  78.2%     -  332s
H    0     0                    14462.800000 3166.30276  78.1%     -  332s
H    0     0                    14461.600000 3166.30276  78.1%     -  332s
H    0     0                    14460.000000 3166.30276  78.1%     -  332s
H    0     0                    14459.600000 3166.30276  78.1%     -  332s
H    0     0                    14428.400000 3166.30276  78.1%     -  332s
     0     0 3166.30276    0 11605 14428.4000 3166.30276  78.1%     -  333s
H    0     0                    14379.200000 3391.17192  76.4%     -  370s
H    0     0                    14348.000000 3391.17192  76.4%     -  370s
H    0     0                    14332.400000 3391.17192  76.3%     -  370s
H    0     0                    14292.000000 3391.17192  76.3%     -  370s
H    0     0                    14246.800000 3391.17192  76.2%     -  370s
H    0     0                    14162.800000 3391.17192  76.1%     -  370s
H    0     0                    14161.200000 3391.17192  76.1%     -  370s
H    0     0                    14158.000000 3391.17192  76.0%     -  370s
H    0     0                    14156.400000 3391.17192  76.0%     -  370s
     0     0 3391.17192    0 11248 14156.4000 3391.17192  76.0%     -  372s
H    0     0                    14155.200000 3603.07194  74.5%     -  391s
H    0     0                    14154.000000 3603.07194  74.5%     -  391s
H    0     0                    14146.400000 3603.07194  74.5%     -  391s
H    0     0                    14084.000000 3603.07194  74.4%     -  391s
H    0     0                    14000.000000 3603.07194  74.3%     -  391s
H    0     0                    13981.200000 3603.07194  74.2%     -  391s
H    0     0                    13965.600000 3603.07194  74.2%     -  391s
     0     0 3603.07194    0 11144 13965.6000 3603.07194  74.2%     -  392s
H    0     0                    13962.000000 3640.54849  73.9%     -  410s
H    0     0                    13958.800000 3640.54849  73.9%     -  410s
H    0     0                    13956.800000 3640.54849  73.9%     -  410s
H    0     0                    13869.200000 3640.54849  73.8%     -  410s
H    0     0                    13867.600000 3640.54849  73.7%     -  410s
H    0     0                    13840.400000 3640.54849  73.7%     -  410s
     0     0 3640.54849    0 11035 13840.4000 3640.54849  73.7%     -  411s
H    0     0                    13838.000000 3659.32938  73.6%     -  437s
H    0     0                    13834.800000 3659.32938  73.5%     -  437s
H    0     0                    13833.600000 3659.32938  73.5%     -  437s
H    0     0                    13831.600000 3659.32938  73.5%     -  437s
     0     0 3659.32938    0 11277 13831.6000 3659.32938  73.5%     -  438s
     0     0 3666.69305    0 11186 13831.6000 3666.69305  73.5%     -  473s
     0     0 3669.98837    0 11110 13831.6000 3669.98837  73.5%     -  513s
H    0     0                    13826.800000 3671.94125  73.4%     -  568s
H    0     0                    13754.800000 3671.94125  73.3%     -  568s
     0     0 3671.94125    0 11227 13754.8000 3671.94125  73.3%     -  569s
H    0     0                    13700.400000 3672.81144  73.2%     -  647s
H    0     0                    13678.800000 3672.81144  73.1%     -  647s
H    0     0                    13673.600000 3672.81144  73.1%     -  647s
H    0     0                    13621.600000 3672.81144  73.0%     -  647s
     0     0 3672.81144    0 11168 13621.6000 3672.81144  73.0%     -  647s
H    0     0                    13603.600000 3673.12716  73.0%     -  733s
H    0     0                    13584.400000 3673.12716  73.0%     -  733s
H    0     0                    13564.800000 3673.12716  72.9%     -  733s
H    0     0                    13560.000000 3673.12716  72.9%     -  733s
H    0     0                    13524.400000 3673.12716  72.8%     -  733s
H    0     0                    13506.000000 3673.12716  72.8%     -  733s
H    0     0                    13505.600000 3673.12716  72.8%     -  733s
H    0     0                    13471.600000 3673.12716  72.7%     -  733s
H    0     0                    13462.000000 3673.12716  72.7%     -  733s
H    0     0                    13457.200000 3673.12716  72.7%     -  733s
H    0     0                    13456.800000 3673.12716  72.7%     -  733s
H    0     0                    13455.600000 3673.12716  72.7%     -  733s
H    0     0                    13455.200000 3673.12716  72.7%     -  733s
H    0     0                    13454.800000 3673.12716  72.7%     -  733s
H    0     0                    13452.800000 3673.12716  72.7%     -  733s
H    0     0                    13448.400000 3673.12716  72.7%     -  733s
H    0     0                    13447.600000 3673.12716  72.7%     -  733s
H    0     0                    13447.200000 3673.12716  72.7%     -  733s
H    0     0                    13445.600000 3673.12716  72.7%     -  733s
     0     0 3673.12716    0 11198 13445.6000 3673.12716  72.7%     -  734s
H    0     0                    13443.600000 3673.22742  72.7%     -  778s
H    0     0                    13443.200000 3673.22742  72.7%     -  778s
H    0     0                    13440.000000 3673.22742  72.7%     -  778s
H    0     0                    13429.200000 3673.22742  72.6%     -  778s
H    0     0                    13426.000000 3673.22742  72.6%     -  778s
H    0     0                    13422.400000 3673.22742  72.6%     -  778s
H    0     0                    13421.600000 3673.22742  72.6%     -  778s
H    0     0                    13418.400000 3673.22742  72.6%     -  778s
H    0     0                    13416.800000 3673.22742  72.6%     -  778s
H    0     0                    13412.800000 3673.22742  72.6%     -  778s
H    0     0                    13410.000000 3673.22742  72.6%     -  778s
H    0     0                    13408.400000 3673.22742  72.6%     -  778s
H    0     0                    13406.000000 3673.22742  72.6%     -  778s
H    0     0                    13405.200000 3673.22742  72.6%     -  778s
H    0     0                    13399.600000 3673.22742  72.6%     -  778s
H    0     0                    13387.600000 3673.22742  72.6%     -  778s
H    0     0                    13380.800000 3673.22742  72.5%     -  778s
H    0     0                    13380.400000 3673.22742  72.5%     -  778s
H    0     0                    13375.200000 3673.22742  72.5%     -  778s
H    0     0                    13372.800000 3673.22742  72.5%     -  778s
H    0     0                    13365.600000 3673.22742  72.5%     -  778s
H    0     0                    13353.600000 3673.22742  72.5%     -  778s
H    0     0                    13350.400000 3673.22742  72.5%     -  778s
H    0     0                    13349.600000 3673.22742  72.5%     -  778s
H    0     0                    13346.400000 3673.22742  72.5%     -  778s
H    0     0                    13343.200000 3673.22742  72.5%     -  778s
H    0     0                    13339.200000 3673.22742  72.5%     -  778s
H    0     0                    13329.600000 3673.22742  72.4%     -  778s
H    0     0                    13323.600000 3673.22742  72.4%     -  778s
H    0     0                    13317.200000 3673.22742  72.4%     -  778s
     0     0 3673.22742    0 11243 13317.2000 3673.22742  72.4%     -  778s
H    0     0                    13314.800000 4337.64667  67.4%     -  990s
H    0     0                    13310.800000 4337.64667  67.4%     -  990s
H    0     0                    13284.000000 4337.64667  67.3%     -  990s
H    0     0                    13269.200000 4337.64667  67.3%     -  990s
H    0     0                    13264.400000 4337.64667  67.3%     -  990s
H    0     0                    13256.000000 4337.64667  67.3%     -  990s
H    0     0                    13255.600000 4337.64667  67.3%     -  990s
H    0     0                    13254.800000 4337.64667  67.3%     -  990s
H    0     0                    13239.600000 4337.64667  67.2%     -  990s
H    0     0                    13238.400000 4337.64667  67.2%     -  990s
H    0     0                    13220.000000 4337.64667  67.2%     -  990s
H    0     0                    13219.600000 4337.64667  67.2%     -  990s
H    0     0                    13207.600000 4337.64667  67.2%     -  990s
H    0     0                    13192.800000 4337.64667  67.1%     -  991s
H    0     0                    13180.800000 4337.64667  67.1%     -  991s
H    0     0                    13179.600000 4337.64667  67.1%     -  991s
H    0     0                    13179.200000 4337.64667  67.1%     -  991s
H    0     0                    13178.800000 4337.64667  67.1%     -  991s
H    0     0                    13178.400000 4337.64667  67.1%     -  991s
H    0     0                    13177.600000 4337.64667  67.1%     -  991s
H    0     0                    13175.600000 4337.64667  67.1%     -  991s
H    0     0                    13174.400000 4337.64667  67.1%     -  991s
H    0     0                    13158.800000 4337.64667  67.0%     -  991s
H    0     0                    13149.599999 4337.64667  67.0%     -  991s
H    0     0                    13148.000000 4337.64667  67.0%     -  991s
H    0     0                    13129.600000 4337.64667  67.0%     -  991s
     0     0 4337.64667    0 11463 13129.6000 4337.64667  67.0%     -  992s
     0     0          -    0      13129.6000 4337.64667  67.0%     - 1000s

Cutting planes:
  Learned: 97
  Cover: 4546
  Implied bound: 474
  Clique: 563
  MIR: 523
  StrongCG: 310
  Flow cover: 571
  Zero half: 2162
  Network: 71
  RLT: 1371
  Relax-and-lift: 1483

Explored 1 nodes (675881 simplex iterations) in 1000.36 seconds (978.84 work units)
Thread count was 12 (of 12 available processors)

Solution count 10: 13129.6 13148 13149.6 ... 13179.2

Time limit reached
Best objective 1.312960000000e+04, best bound 4.338000000000e+03, gap 66.9602%
