
Gurobi 9.5.1 (win64) logging started Wed Apr 20 02:15:11 2022

Set parameter LogFile to value "./Log/Direct_MIP_Sshape_solver_960_order_48_batch.log"
Gurobi Optimizer version 9.5.1 build v9.5.1rc2 (win64)
Thread count: 6 physical cores, 12 logical processors, using up to 12 threads
Optimize a model with 89328 rows, 134400 columns and 413952 nonzeros
Model fingerprint: 0x8e5ad0aa
Variable types: 0 continuous, 134400 integer (134400 binary)
Coefficient statistics:
  Matrix range     [1e+00, 2e+01]
  Objective range  [4e-01, 2e+01]
  Bounds range     [1e+00, 1e+00]
  RHS range        [1e+00, 2e+01]
Found heuristic solution: objective 13055.600000
Presolve removed 48192 rows and 48192 columns
Presolve time: 0.93s
Presolved: 41136 rows, 86208 columns, 354336 nonzeros
Variable types: 0 continuous, 86208 integer (86208 binary)

Deterministic concurrent LP optimizer: primal and dual simplex
Showing first log only...


Use crossover to convert LP symmetric solution to basic solution...
Concurrent spin time: 0.00s

Solved with primal simplex

Root relaxation: objective 3.020710e+03, 46008 iterations, 0.34 seconds (0.35 work units)

    Nodes    |    Current Node    |     Objective Bounds      |     Work
 Expl Unexpl |  Obj  Depth IntInf | Incumbent    BestBd   Gap | It/Node Time

     0     0 3020.71000    0 3161 13055.6000 3020.71000  76.9%     -    7s
H    0     0                    12248.600000 3020.71000  75.3%     -    7s
H    0     0                    12056.800000 3020.71000  74.9%     -    8s
H    0     0                    10284.800000 3020.71000  70.6%     -   17s
H    0     0                    9971.4000000 3020.71000  69.7%     -   17s
H    0     0                    9851.8000000 3020.71000  69.3%     -   17s
H    0     0                    9680.8000000 3020.71000  68.8%     -   17s
     0     0 3020.71000    0 5094 9680.80000 3020.71000  68.8%     -   18s
H    0     0                    9346.6000000 3020.71000  67.7%     -   20s
     0     0 3020.71000    0 4022 9346.60000 3020.71000  67.7%     -   21s
     0     0 3020.71000    0 3141 9346.60000 3020.71000  67.7%     -   30s
H    0     0                    8904.8000000 3020.71000  66.1%     -   30s
     0     0 3020.71000    0 3184 8904.80000 3020.71000  66.1%     -   30s
H    0     0                    8608.2000000 3020.71000  64.9%     -   40s
H    0     0                    8546.4000000 3020.71000  64.7%     -   40s
H    0     0                    8455.8000000 3020.71000  64.3%     -   40s
     0     0 3020.71000    0 3083 8455.80000 3020.71000  64.3%     -   41s
     0     0 3020.71000    0 3083 8455.80000 3020.71000  64.3%     -   42s
H    0     0                    8070.2000000 3020.71000  62.6%     -   45s
H    0     0                    8040.4000000 3020.71000  62.4%     -   66s
     0     2 3029.85667    0 2971 8040.40000 3029.85667  62.3%     -   73s
     3     2 3029.85667    2 3007 8040.40000 3029.85667  62.3%  2181   75s
H    9     4                    7998.6000000 3034.57833  62.1%  1186   80s
    20     8 infeasible    8      7998.60000 3043.66120  61.9%  1943   88s
    26    12 3108.56106    9 4610 7998.60000 3043.66120  61.9%  3487   96s
    32    18 3157.16249   10 4704 7998.60000 3043.66120  61.9%  4862  110s
    38    22 3170.56494   11 4773 7998.60000 3043.66120  61.9%  5448  124s
    44    28 3168.57914   11 4797 7998.60000 3043.66120  61.9%  5895  133s
    50    33 3192.58555   12 4611 7998.60000 3043.66120  61.9%  5901  183s
H   55    33                    7959.8000000 3043.66120  61.8%  5442  183s
    57    39 3168.47597   10 4463 7959.80000 3043.66120  61.8%  6062  195s
    67    47 3180.25805   12 4616 7959.80000 3043.66120  61.8%  5543  207s
    75    53 3177.73721   12 4693 7959.80000 3043.66120  61.8%  5214  221s
    85    62 3179.22561   13 4693 7959.80000 3043.66120  61.8%  5101  226s
    98    66 3196.39710   13 4564 7959.80000 3043.66120  61.8%  4619  234s
H   99    66                    7950.2000000 3043.66120  61.7%  4573  234s
   108    65 3195.38123   13 4644 7950.20000 3043.66120  61.7%  4487  240s
   117    69 3209.12605   14 4452 7950.20000 3043.66120  61.7%  4309  251s
H  133    73                    7944.8000000 3043.66120  61.7%  4055  259s
H  136    73                    7929.0000000 3043.66120  61.6%  4097  259s
   143    76 infeasible   16      7929.00000 3043.66120  61.6%  4200  265s
   152    86 3205.31587   15 4558 7929.00000 3043.66120  61.6%  4223  273s
   170    88 infeasible   16      7929.00000 3043.66120  61.6%  3937  282s
H  171    88                    7892.8000000 3043.66120  61.4%  3914  282s
H  177    88                    7888.2000000 3043.66120  61.4%  3856  282s
H  185    88                    7872.8000000 3043.66120  61.3%  3722  282s
   190    87 3236.01858   17 4566 7872.80000 3043.66120  61.3%  3725  306s
   201    90 3271.64136   17 4427 7872.80000 3043.66120  61.3%  4035  330s
H  211    90                    7769.0000000 3043.66120  60.8%  4190  330s
H  214    96                    7702.6000000 3043.66120  60.5%  4293  343s
H  216    96                    7665.6000000 3043.66120  60.3%  4359  343s
H  218    96                    7640.2000000 3043.66120  60.2%  4374  343s
   224   102 3288.21789   18 4725 7640.20000 3043.66120  60.2%  4442  396s
H  235   102                    7609.0000000 3043.66120  60.0%  4357  396s
   236   115 3277.25342   19 4371 7609.00000 3043.66120  60.0%  4479  406s
H  255   119                    7490.8000000 3043.66120  59.4%  4296  459s
H  256   119                    7483.2000000 3043.66120  59.3%  4331  459s
H  259   119                    7468.8000000 3043.66120  59.2%  4306  459s
   263   129 3301.84264   20 4388 7468.80000 3043.66120  59.2%  4293  470s
   285   138 3290.78353   19 4407 7468.80000 3043.66120  59.2%  4140  483s
   304   155 3307.06901   19 4406 7468.80000 3043.66120  59.2%  4040  492s
   325   173 3286.59145   20 4436 7468.80000 3043.66120  59.2%  3936  503s
   357   192 3300.73082   21 4455 7468.80000 3043.66120  59.2%  3721  522s
H  358   192                    7458.8000000 3043.66120  59.2%  3711  522s
H  364   192                    7455.0000000 3043.66120  59.2%  3676  522s
H  376   192                    7436.8000000 3043.66120  59.1%  3584  522s
   390   212 3336.25853   23 4280 7436.80000 3043.66120  59.1%  3486  533s
H  400   212                    7385.6000000 3043.66120  58.8%  3435  533s
   428   246 3342.12827   24 4183 7385.60000 3043.66120  58.8%  3276  553s
   474   269 3424.79566   26 4199 7385.60000 3043.66120  58.8%  3084  582s
   511   302 3455.30353   28 4224 7385.60000 3043.66120  58.8%  3023  597s
   562   323 3438.35294   28 4192 7385.60000 3043.66120  58.8%  2838  612s
H  601   335                    7377.0000000 3043.66120  58.7%  2713  624s
H  616   335                    7372.2000000 3043.66120  58.7%  2674  624s
   619   370 3451.45430   30 4130 7372.20000 3043.66120  58.7%  2668  639s
   672   409 3475.17009   31 4036 7372.20000 3043.66120  58.7%  2535  654s
   739   449 3468.13514   38 4020 7372.20000 3043.66120  58.7%  2352  712s
H  800   449                    7352.0000000 3043.66120  58.6%  2215  712s
   801   497 3504.93527   43 3675 7352.00000 3043.66120  58.6%  2328  756s
H  867   503                    7346.8000000 3043.66120  58.6%  2309  912s
H  867   503                    7220.8000000 3043.66120  57.8%  2309  912s
H  870   503                    7194.0000000 3043.66120  57.7%  2303  912s
   873   555 3499.29958   46 3602 7194.00000 3043.66120  57.7%  2384 1000s
H  882   555                    7184.8000000 3043.66120  57.6%  2364 1000s

Cutting planes:
  Gomory: 22
  Cover: 29760
  Clique: 343
  MIR: 511
  StrongCG: 45
  Zero half: 67

Explored 933 nodes (2405660 simplex iterations) in 1000.13 seconds (1487.40 work units)
Thread count was 12 (of 12 available processors)

Solution count 10: 7184.8 7194 7220.8 ... 7455

Time limit reached
Best objective 7.184800000000e+03, best bound 3.043800000000e+03, gap 57.6356%

Gurobi 9.5.1 (win64) logging started Wed Apr 27 23:48:24 2022

Set parameter LogFile to value "./Log/Direct_MIP_Sshape_solver_960_order_48_batch.log"
Gurobi Optimizer version 9.5.1 build v9.5.1rc2 (win64)
Thread count: 6 physical cores, 12 logical processors, using up to 12 threads
Optimize a model with 98544 rows, 141312 columns and 542016 nonzeros
Model fingerprint: 0xa41eae0b
Model has 2256 quadratic constraints
Variable types: 0 continuous, 141312 integer (136704 binary)
Coefficient statistics:
  Matrix range     [1e+00, 5e+01]
  QMatrix range    [1e+00, 1e+00]
  QLMatrix range   [1e+00, 1e+00]
  Objective range  [4e-01, 4e+01]
  Bounds range     [1e+00, 1e+00]
  RHS range        [1e+00, 2e+01]
Presolve removed 42816 rows and 47136 columns
Presolve time: 1.38s
Presolved: 55728 rows, 94176 columns, 393216 nonzeros
Variable types: 0 continuous, 94176 integer (89712 binary)
Found heuristic solution: objective 18249.200000

Deterministic concurrent LP optimizer: primal and dual simplex
Showing first log only...


Use crossover to convert LP symmetric solution to basic solution...
Concurrent spin time: 0.01s

Solved with primal simplex

Root relaxation: objective 2.073520e+03, 50599 iterations, 2.91 seconds (6.04 work units)

    Nodes    |    Current Node    |     Objective Bounds      |     Work
 Expl Unexpl |  Obj  Depth IntInf | Incumbent    BestBd   Gap | It/Node Time

     0     0 2073.52000    0 13324 18249.2000 2073.52000  88.6%     -   44s
H    0     0                    17421.200000 2073.52000  88.1%     -   50s
H    0     0                    17207.600000 2073.52000  87.9%     -  103s
H    0     0                    17118.800000 2073.52000  87.9%     -  103s
H    0     0                    17031.200000 2073.52000  87.8%     -  103s
H    0     0                    16926.800000 2073.52000  87.8%     -  103s
H    0     0                    16920.800000 2073.52000  87.7%     -  103s
     0     0 2367.52000    0 8793 16920.8000 2367.52000  86.0%     -  139s
H    0     0                    16730.000000 2367.52000  85.8%     -  146s
H    0     0                    16664.800000 2367.52000  85.8%     -  154s
H    0     0                    16657.600000 2367.52000  85.8%     -  154s
H    0     0                    16602.400000 2367.52000  85.7%     -  154s
     0     0 2367.52000    0 8763 16602.4000 2367.52000  85.7%     -  155s
     0     0 2367.52000    0 8718 16602.4000 2367.52000  85.7%     -  159s
H    0     0                    16356.400000 2367.52000  85.5%     -  183s
H    0     0                    16278.000000 2367.52000  85.5%     -  183s
H    0     0                    16274.000000 2367.52000  85.5%     -  183s
H    0     0                    16228.400000 2367.52000  85.4%     -  183s
     0     0 2367.52000    0 5505 16228.4000 2367.52000  85.4%     -  183s
H    0     0                    16203.200000 3175.88647  80.4%     -  294s
H    0     0                    16200.400000 3175.88647  80.4%     -  294s
H    0     0                    16196.400000 3175.88647  80.4%     -  294s
H    0     0                    16194.400000 3175.88647  80.4%     -  294s
H    0     0                    16176.400000 3175.88647  80.4%     -  294s
H    0     0                    16173.200000 3175.88647  80.4%     -  294s
H    0     0                    16172.400000 3175.88647  80.4%     -  294s
H    0     0                    16171.200000 3175.88647  80.4%     -  294s
H    0     0                    16153.600000 3175.88647  80.3%     -  294s
H    0     0                    16152.000000 3175.88647  80.3%     -  294s
H    0     0                    16134.400000 3175.88647  80.3%     -  294s
H    0     0                    16131.200000 3175.88647  80.3%     -  294s
H    0     0                    16128.400000 3175.88647  80.3%     -  294s
H    0     0                    16125.200000 3175.88647  80.3%     -  294s
H    0     0                    16123.600000 3175.88647  80.3%     -  294s
H    0     0                    16120.800000 3175.88647  80.3%     -  294s
H    0     0                    16086.400000 3175.88647  80.3%     -  294s
H    0     0                    16082.000000 3175.88647  80.3%     -  294s
H    0     0                    16078.000000 3175.88647  80.2%     -  294s
H    0     0                    16073.200000 3175.88647  80.2%     -  294s
H    0     0                    16066.000000 3175.88647  80.2%     -  294s
H    0     0                    15998.400000 3175.88647  80.1%     -  294s
H    0     0                    15989.200000 3175.88647  80.1%     -  294s
H    0     0                    15968.800000 3175.88647  80.1%     -  294s
H    0     0                    15962.800000 3175.88647  80.1%     -  294s
H    0     0                    15909.200000 3175.88647  80.0%     -  294s
H    0     0                    15903.600000 3175.88647  80.0%     -  294s
H    0     0                    15896.000000 3175.88647  80.0%     -  294s
H    0     0                    15863.600000 3175.88647  80.0%     -  294s
H    0     0                    15194.000000 3175.88647  79.1%     -  353s
H    0     0                    14780.000000 3175.88647  78.5%     -  353s
H    0     0                    14572.000000 3175.88647  78.2%     -  353s
H    0     0                    14350.800000 3175.88647  77.9%     -  353s
H    0     0                    14285.600000 3175.88647  77.8%     -  353s
H    0     0                    14216.400000 3175.88647  77.7%     -  353s
H    0     0                    14185.200000 3175.88647  77.6%     -  353s
H    0     0                    14158.000000 3175.88647  77.6%     -  353s
H    0     0                    14147.200000 3175.88647  77.6%     -  353s
H    0     0                    14145.200000 3175.88647  77.5%     -  353s
H    0     0                    14139.600000 3175.88647  77.5%     -  353s
H    0     0                    14135.600000 3175.88647  77.5%     -  353s
H    0     0                    14134.400000 3175.88647  77.5%     -  353s
H    0     0                    14116.000000 3175.88647  77.5%     -  353s
H    0     0                    14070.800000 3175.88647  77.4%     -  353s
H    0     0                    14069.600000 3175.88647  77.4%     -  353s
H    0     0                    14068.000000 3175.88647  77.4%     -  353s
H    0     0                    14067.600000 3175.88647  77.4%     -  353s
H    0     0                    14047.200000 3175.88647  77.4%     -  354s
H    0     0                    14043.600000 3175.88647  77.4%     -  354s
H    0     0                    14039.200000 3175.88647  77.4%     -  354s
H    0     0                    14034.800000 3175.88647  77.4%     -  354s
H    0     0                    14020.000000 3175.88647  77.3%     -  354s
H    0     0                    14014.400000 3175.88647  77.3%     -  354s
H    0     0                    13983.200000 3175.88647  77.3%     -  354s
H    0     0                    13979.200000 3175.88647  77.3%     -  354s
H    0     0                    13960.000000 3175.88647  77.3%     -  354s
H    0     0                    13957.200000 3175.88647  77.2%     -  354s
H    0     0                    13918.800000 3175.88647  77.2%     -  354s
H    0     0                    13913.600000 3175.88647  77.2%     -  354s
H    0     0                    13883.600000 3175.88647  77.1%     -  354s
H    0     0                    13879.200000 3175.88647  77.1%     -  354s
H    0     0                    13873.200000 3175.88647  77.1%     -  354s
H    0     0                    13870.400000 3175.88647  77.1%     -  354s
H    0     0                    13864.400000 3175.88647  77.1%     -  354s
H    0     0                    13862.800000 3175.88647  77.1%     -  354s
H    0     0                    13858.000000 3175.88647  77.1%     -  354s
H    0     0                    13856.800000 3175.88647  77.1%     -  354s
H    0     0                    13851.200000 3175.88647  77.1%     -  354s
H    0     0                    13845.600000 3175.88647  77.1%     -  354s
H    0     0                    13844.800000 3175.88647  77.1%     -  354s
H    0     0                    13838.400000 3175.88647  77.1%     -  354s
H    0     0                    13820.400000 3175.88647  77.0%     -  354s
H    0     0                    13814.400000 3175.88647  77.0%     -  354s
H    0     0                    13795.600000 3175.88647  77.0%     -  354s
H    0     0                    13791.200000 3175.88647  77.0%     -  354s
H    0     0                    13782.800000 3175.88647  77.0%     -  354s
H    0     0                    13766.800000 3175.88647  76.9%     -  354s
H    0     0                    13765.200000 3175.88647  76.9%     -  354s
H    0     0                    13756.400000 3175.88647  76.9%     -  354s
H    0     0                    13756.000000 3175.88647  76.9%     -  354s
H    0     0                    13755.200000 3175.88647  76.9%     -  354s
H    0     0                    13754.400000 3175.88647  76.9%     -  354s
H    0     0                    13753.200000 3175.88647  76.9%     -  354s
H    0     0                    13752.800000 3175.88647  76.9%     -  354s
H    0     0                    13752.400000 3175.88647  76.9%     -  354s
H    0     0                    13751.200000 3175.88647  76.9%     -  354s
H    0     0                    13750.400000 3175.88647  76.9%     -  354s
H    0     0                    13750.000000 3175.88647  76.9%     -  354s
H    0     0                    13734.400000 3175.88647  76.9%     -  354s
H    0     0                    13733.600000 3175.88647  76.9%     -  354s
H    0     0                    13716.800000 3175.88647  76.8%     -  354s
H    0     0                    13684.400000 3175.88647  76.8%     -  354s
H    0     0                    13683.200000 3175.88647  76.8%     -  354s
H    0     0                    13666.000000 3175.88647  76.8%     -  354s
H    0     0                    13648.000000 3175.88647  76.7%     -  354s
H    0     0                    13630.800000 3175.88647  76.7%     -  354s
H    0     0                    13629.200000 3175.88647  76.7%     -  354s
H    0     0                    13627.600000 3175.88647  76.7%     -  354s
H    0     0                    13626.800000 3175.88647  76.7%     -  354s
H    0     0                    13618.800000 3175.88647  76.7%     -  354s
H    0     0                    13602.800000 3175.88647  76.7%     -  354s
H    0     0                    13602.000000 3175.88647  76.7%     -  354s
H    0     0                    13582.800000 3175.88647  76.6%     -  354s
H    0     0                    13582.000000 3175.88647  76.6%     -  354s
H    0     0                    13562.400000 3175.88647  76.6%     -  354s
     0     0 3175.88647    0 11713 13562.4000 3175.88647  76.6%     -  356s
H    0     0                    13474.800000 3346.86284  75.2%     -  411s
     0     0 3346.86284    0 11578 13474.8000 3346.86284  75.2%     -  413s
     0     0 3701.43100    0 11491 13474.8000 3701.43100  72.5%     -  478s
     0     0 3737.53845    0 11356 13474.8000 3737.53845  72.3%     -  545s
     0     0 3746.79161    0 11423 13474.8000 3746.79161  72.2%     -  618s
     0     0 3748.39182    0 11266 13474.8000 3748.39182  72.2%     -  640s
     0     0 3748.82372    0 11202 13474.8000 3748.82372  72.2%     -  647s
     0     0 3749.13344    0 11131 13474.8000 3749.13344  72.2%     -  689s
     0     0 3749.13344    0 11066 13474.8000 3749.13344  72.2%     -  692s
     0     0 4086.84430    0 12518 13474.8000 4086.84430  69.7%     -  892s
     0     0          -    0      13474.8000 4086.84430  69.7%     - 1000s

Cutting planes:
  Learned: 107
  Cover: 5427
  Implied bound: 447
  Clique: 1544
  MIR: 713
  StrongCG: 326
  Flow cover: 804
  Zero half: 2451
  Network: 42
  RLT: 1138
  Relax-and-lift: 1166

Explored 1 nodes (755107 simplex iterations) in 1000.31 seconds (853.74 work units)
Thread count was 12 (of 12 available processors)

Solution count 10: 13474.8 13562.4 13582 ... 13629.2

Time limit reached
Best objective 1.347480000000e+04, best bound 4.087200000000e+03, gap 69.6678%

Gurobi 9.5.1 (win64) logging started Thu May 26 02:27:47 2022

Set parameter LogFile to value "./Log/Direct_MIP_Sshape_solver_960_order_48_batch.log"
Gurobi Optimizer version 9.5.1 build v9.5.1rc2 (win64)
Thread count: 6 physical cores, 12 logical processors, using up to 12 threads
Optimize a model with 98544 rows, 141312 columns and 542544 nonzeros
Model fingerprint: 0x62bcb792
Model has 2256 quadratic constraints
Variable types: 0 continuous, 141312 integer (136704 binary)
Coefficient statistics:
  Matrix range     [1e+00, 5e+01]
  QMatrix range    [1e+00, 1e+00]
  QLMatrix range   [1e+00, 1e+00]
  Objective range  [4e-01, 4e+01]
  Bounds range     [1e+00, 1e+00]
  RHS range        [1e+00, 2e+01]
Presolve removed 43392 rows and 47712 columns
Presolve time: 1.30s
Presolved: 55152 rows, 93600 columns, 392448 nonzeros
Variable types: 0 continuous, 93600 integer (89136 binary)
Found heuristic solution: objective 18400.800000

Deterministic concurrent LP optimizer: primal and dual simplex
Showing first log only...


Use crossover to convert LP symmetric solution to basic solution...
Concurrent spin time: 0.00s

Solved with primal simplex

Root relaxation: objective 2.112400e+03, 50600 iterations, 2.35 seconds (4.94 work units)

    Nodes    |    Current Node    |     Objective Bounds      |     Work
 Expl Unexpl |  Obj  Depth IntInf | Incumbent    BestBd   Gap | It/Node Time

     0     0 2112.40000    0 11991 18400.8000 2112.40000  88.5%     -   44s
H    0     0                    17545.200000 2112.40000  88.0%     -   82s
H    0     0                    17374.400000 2112.40000  87.8%     -   82s
H    0     0                    17246.000000 2112.40000  87.8%     -   82s
H    0     0                    17021.200000 2112.40000  87.6%     -   82s
H    0     0                    16980.400000 2112.40000  87.6%     -   82s
     0     0 2138.80000    0 8236 16980.4000 2138.80000  87.4%     -  101s
H    0     0                    16526.800000 2138.80000  87.1%     -  107s
     0     0 2406.40000    0 8517 16526.8000 2406.40000  85.4%     -  110s
     0     0 2406.40000    0 8389 16526.8000 2406.40000  85.4%     -  111s
     0     0 2406.40000    0 8331 16526.8000 2406.40000  85.4%     -  111s
     0     0 2406.40000    0 8750 16526.8000 2406.40000  85.4%     -  135s
     0     0          -    0      16526.8000 2406.40000  85.4%     - 1000s

Cutting planes:
  Learned: 75
  Cover: 4561
  Implied bound: 160
  Clique: 2159
  MIR: 401
  StrongCG: 43
  Flow cover: 91
  Zero half: 1133
  Network: 13
  RLT: 1018
  Relax-and-lift: 140

Explored 1 nodes (600644 simplex iterations) in 1000.24 seconds (1050.54 work units)
Thread count was 12 (of 12 available processors)

Solution count 7: 16526.8 16980.4 17021.2 ... 18400.8

Time limit reached
Best objective 1.652680000000e+04, best bound 2.406400000000e+03, gap 85.4394%

Gurobi 9.5.1 (win64) logging started Thu May 26 02:44:34 2022

Set parameter LogFile to value "./Log/Direct_MIP_Sshape_solver_960_order_48_batch.log"
Gurobi Optimizer version 9.5.1 build v9.5.1rc2 (win64)
Thread count: 6 physical cores, 12 logical processors, using up to 12 threads
Optimize a model with 98544 rows, 141312 columns and 543648 nonzeros
Model fingerprint: 0x33918d97
Model has 2256 quadratic constraints
Variable types: 0 continuous, 141312 integer (136704 binary)
Coefficient statistics:
  Matrix range     [1e+00, 5e+01]
  QMatrix range    [1e+00, 1e+00]
  QLMatrix range   [1e+00, 1e+00]
  Objective range  [4e-01, 4e+01]
  Bounds range     [1e+00, 1e+00]
  RHS range        [1e+00, 2e+01]
Presolve removed 44400 rows and 48720 columns
Presolve time: 1.28s
Presolved: 54144 rows, 92592 columns, 389424 nonzeros
Variable types: 0 continuous, 92592 integer (88128 binary)
Found heuristic solution: objective 18450.000000

Deterministic concurrent LP optimizer: primal and dual simplex
Showing first log only...


Use crossover to convert LP symmetric solution to basic solution...
Concurrent spin time: 0.00s

Solved with dual simplex

Root relaxation: objective 2.147520e+03, 50582 iterations, 2.32 seconds (4.24 work units)

    Nodes    |    Current Node    |     Objective Bounds      |     Work
 Expl Unexpl |  Obj  Depth IntInf | Incumbent    BestBd   Gap | It/Node Time

     0     0 2147.52000    0 11281 18450.0000 2147.52000  88.4%     -   41s
H    0     0                    17714.000000 2147.52000  87.9%     -   82s
H    0     0                    17396.400000 2147.52000  87.7%     -   82s
H    0     0                    17224.000000 2147.52000  87.5%     -   82s
H    0     0                    17210.000000 2147.52000  87.5%     -   82s
H    0     0                    16843.200000 2147.52000  87.2%     -   82s
     0     0 2441.52000    0 8196 16843.2000 2441.52000  85.5%     -  100s
H    0     0                    16615.600000 2441.52000  85.3%     -  105s
     0     0 2441.52000    0 8381 16615.6000 2441.52000  85.3%     -  109s
     0     0 2441.52000    0 8289 16615.6000 2441.52000  85.3%     -  109s
H    0     0                    16570.400000 2441.52000  85.3%     -  142s
H    0     0                    16521.200000 2441.52000  85.2%     -  142s
H    0     0                    16516.000000 2441.52000  85.2%     -  142s
     0     0 2441.52000    0 9347 16516.0000 2441.52000  85.2%     -  143s
H    0     0                    15825.600000 2441.52000  84.6%     -  143s
H    0     0                    15323.600000 3589.01192  76.6%     -  279s
H    0     0                    15214.400000 3589.01192  76.4%     -  279s
H    0     0                    14902.000000 3589.01192  75.9%     -  279s
H    0     0                    14580.800000 3589.01192  75.4%     -  279s
H    0     0                    14431.600000 3589.01192  75.1%     -  279s
H    0     0                    14406.000000 3589.01192  75.1%     -  279s
H    0     0                    14400.400000 3589.01192  75.1%     -  279s
H    0     0                    14379.600000 3589.01192  75.0%     -  279s
H    0     0                    14378.400000 3589.01192  75.0%     -  279s
H    0     0                    14357.200000 3589.01192  75.0%     -  279s
H    0     0                    14356.400000 3589.01192  75.0%     -  279s
H    0     0                    14333.200000 3589.01192  75.0%     -  279s
H    0     0                    14330.400000 3589.01192  75.0%     -  279s
H    0     0                    14325.600000 3589.01192  74.9%     -  279s
H    0     0                    14324.000000 3589.01192  74.9%     -  279s
H    0     0                    14318.400000 3589.01192  74.9%     -  279s
H    0     0                    14316.400000 3589.01192  74.9%     -  279s
H    0     0                    14298.400000 3589.01192  74.9%     -  279s
H    0     0                    14295.600000 3589.01192  74.9%     -  279s
H    0     0                    14292.400000 3589.01192  74.9%     -  279s
H    0     0                    14289.600000 3589.01192  74.9%     -  279s
H    0     0                    14220.000000 3589.01192  74.8%     -  279s
H    0     0                    14212.400000 3589.01192  74.7%     -  279s
H    0     0                    14175.600000 3589.01192  74.7%     -  279s
H    0     0                    14172.000000 3589.01192  74.7%     -  279s
H    0     0                    14156.400000 3589.01192  74.6%     -  279s
H    0     0                    14145.200000 3589.01192  74.6%     -  279s
H    0     0                    14129.600000 3589.01192  74.6%     -  279s
H    0     0                    14124.400000 3589.01192  74.6%     -  279s
H    0     0                    14117.200000 3589.01192  74.6%     -  279s
H    0     0                    14115.600000 3589.01192  74.6%     -  279s
H    0     0                    14110.400000 3589.01192  74.6%     -  279s
H    0     0                    14109.600000 3589.01192  74.6%     -  279s
H    0     0                    14105.600000 3589.01192  74.6%     -  279s
H    0     0                    14100.000000 3589.01192  74.5%     -  279s
H    0     0                    14093.600000 3589.01192  74.5%     -  279s
H    0     0                    14024.400000 3589.01192  74.4%     -  279s
H    0     0                    14016.800000 3589.01192  74.4%     -  279s
H    0     0                    14015.600000 3589.01192  74.4%     -  279s
H    0     0                    14009.600000 3589.01192  74.4%     -  279s
H    0     0                    13923.200000 3589.01192  74.2%     -  279s
H    0     0                    13917.600000 3589.01192  74.2%     -  279s
H    0     0                    13903.200000 3589.01192  74.2%     -  279s
H    0     0                    13896.800000 3589.01192  74.2%     -  279s
H    0     0                    13852.400000 3589.01192  74.1%     -  279s
H    0     0                    13837.600000 3589.01192  74.1%     -  279s
H    0     0                    13823.600000 3589.01192  74.0%     -  279s
H    0     0                    13814.000000 3589.01192  74.0%     -  280s
H    0     0                    13801.600000 3589.01192  74.0%     -  280s
H    0     0                    13801.200000 3589.01192  74.0%     -  280s
H    0     0                    13718.000000 3589.01192  73.8%     -  280s
H    0     0                    13717.200000 3589.01192  73.8%     -  280s
H    0     0                    13716.800000 3589.01192  73.8%     -  280s
H    0     0                    13716.000000 3589.01192  73.8%     -  280s
H    0     0                    13714.800000 3589.01192  73.8%     -  280s
H    0     0                    13618.400000 3589.01192  73.6%     -  280s
H    0     0                    13617.600000 3589.01192  73.6%     -  280s
H    0     0                    13616.000000 3589.01192  73.6%     -  280s
H    0     0                    13615.200000 3589.01192  73.6%     -  280s
H    0     0                    13614.800000 3589.01192  73.6%     -  280s
H    0     0                    13614.000000 3589.01192  73.6%     -  280s
H    0     0                    13613.200000 3589.01192  73.6%     -  280s
H    0     0                    13612.400000 3589.01192  73.6%     -  280s
H    0     0                    13611.600000 3589.01192  73.6%     -  280s
H    0     0                    13610.800000 3589.01192  73.6%     -  280s
H    0     0                    13610.400000 3589.01192  73.6%     -  280s
H    0     0                    13561.200000 3589.01192  73.5%     -  280s
H    0     0                    13505.200000 3589.01192  73.4%     -  280s
     0     0 3589.01192    0 11027 13505.2000 3589.01192  73.4%     -  281s
H    0     0                    13504.400000 4076.10664  69.8%     -  360s
H    0     0                    13503.200000 4076.10664  69.8%     -  360s
H    0     0                    13486.000000 4076.10664  69.8%     -  360s
H    0     0                    13456.000000 4076.10664  69.7%     -  360s
H    0     0                    13447.600000 4076.10664  69.7%     -  360s
H    0     0                    13444.800000 4076.10664  69.7%     -  360s
H    0     0                    13441.600000 4076.10664  69.7%     -  360s
H    0     0                    13441.200000 4076.10664  69.7%     -  360s
H    0     0                    13439.600000 4076.10664  69.7%     -  360s
     0     0 4076.10664    0 11185 13439.6000 4076.10664  69.7%     -  362s
H    0     0                    13436.800000 4582.63168  65.9%     -  431s
H    0     0                    13416.800000 4582.63168  65.8%     -  431s
     0     0 4582.63168    0 10843 13416.8000 4582.63168  65.8%     -  433s
     0     0 4635.20453    0 10719 13416.8000 4635.20453  65.5%     -  450s
     0     0 4657.11944    0 11311 13416.8000 4657.11944  65.3%     -  482s
H    0     0                    13415.200000 4667.18254  65.2%     -  566s
     0     0 4667.18254    0 11346 13415.2000 4667.18254  65.2%     -  568s
     0     0 4670.22219    0 11257 13415.2000 4670.22219  65.2%     -  623s
     0     0 4672.77187    0 11127 13415.2000 4672.77187  65.2%     -  702s
     0     0 4673.95127    0 11163 13415.2000 4673.95127  65.2%     -  781s
     0     0 4673.95481    0 11094 13415.2000 4673.95481  65.2%     -  785s
     0     0          -    0      13415.2000 4673.95481  65.2%     - 1000s

Cutting planes:
  Learned: 95
  Cover: 4985
  Implied bound: 907
  Clique: 1289
  MIR: 587
  StrongCG: 231
  Flow cover: 570
  Zero half: 2015
  Network: 141
  RLT: 1141
  Relax-and-lift: 106

Explored 1 nodes (828628 simplex iterations) in 1000.19 seconds (964.87 work units)
Thread count was 12 (of 12 available processors)

Solution count 10: 13415.2 13416.8 13436.8 ... 13486

Time limit reached
Best objective 1.341520000000e+04, best bound 4.674000000000e+03, gap 65.1589%

Gurobi 9.5.1 (win64) logging started Thu May 26 03:01:20 2022

Set parameter LogFile to value "./Log/Direct_MIP_Sshape_solver_960_order_48_batch.log"
Gurobi Optimizer version 9.5.1 build v9.5.1rc2 (win64)
Thread count: 6 physical cores, 12 logical processors, using up to 12 threads
Optimize a model with 98544 rows, 141312 columns and 541344 nonzeros
Model fingerprint: 0xf1e9ed8e
Model has 2256 quadratic constraints
Variable types: 0 continuous, 141312 integer (136704 binary)
Coefficient statistics:
  Matrix range     [1e+00, 5e+01]
  QMatrix range    [1e+00, 1e+00]
  QLMatrix range   [1e+00, 1e+00]
  Objective range  [4e-01, 4e+01]
  Bounds range     [1e+00, 1e+00]
  RHS range        [1e+00, 2e+01]
Presolve removed 43536 rows and 47856 columns
Presolve time: 1.28s
Presolved: 55008 rows, 93456 columns, 392352 nonzeros
Variable types: 0 continuous, 93456 integer (88992 binary)
Found heuristic solution: objective 18434.800000

Deterministic concurrent LP optimizer: primal and dual simplex
Showing first log only...


Use crossover to convert LP symmetric solution to basic solution...
Concurrent spin time: 0.09s

Solved with primal simplex

Root relaxation: objective 2.150400e+03, 50600 iterations, 2.69 seconds (5.02 work units)

    Nodes    |    Current Node    |     Objective Bounds      |     Work
 Expl Unexpl |  Obj  Depth IntInf | Incumbent    BestBd   Gap | It/Node Time

     0     0 2150.40000    0 11853 18434.8000 2150.40000  88.3%     -   47s
H    0     0                    17675.600000 2150.40000  87.8%     -   87s
H    0     0                    17444.400000 2150.40000  87.7%     -   87s
H    0     0                    17254.800000 2150.40000  87.5%     -   87s
H    0     0                    17148.000000 2150.40000  87.5%     -   87s
H    0     0                    16878.000000 2150.40000  87.3%     -   87s
     0     0 2444.40000    0 8269 16878.0000 2444.40000  85.5%     -  117s
H    0     0                    16632.000000 2444.40000  85.3%     -  123s
H    0     0                    16519.600000 2444.40000  85.2%     -  125s
H    0     0                    16454.400000 2444.40000  85.1%     -  125s
H    0     0                    16446.400000 2444.40000  85.1%     -  125s
H    0     0                    16443.600000 2444.40000  85.1%     -  125s
H    0     0                    16332.400000 2444.40000  85.0%     -  125s
H    0     0                    16310.800000 2444.40000  85.0%     -  125s
     0     0 2444.40000    0 8399 16310.8000 2444.40000  85.0%     -  126s
     0     0 2444.40000    0 8246 16310.8000 2444.40000  85.0%     -  127s
H    0     0                    16302.000000 2444.40000  85.0%     -  130s
H    0     0                    16281.600000 2444.40000  85.0%     -  173s
H    0     0                    16274.800000 2444.40000  85.0%     -  173s
H    0     0                    16269.200000 2444.40000  85.0%     -  173s
H    0     0                    16105.600000 2444.40000  84.8%     -  173s
H    0     0                    16100.400000 2444.40000  84.8%     -  173s
H    0     0                    16063.200000 2444.40000  84.8%     -  173s
     0     0 2444.40000    0 9925 16063.2000 2444.40000  84.8%     -  175s
H    0     0                    16058.400000 3658.75292  77.2%     -  340s
H    0     0                    16056.800000 3658.75292  77.2%     -  340s
H    0     0                    16031.600000 3658.75292  77.2%     -  340s
H    0     0                    16021.600000 3658.75292  77.2%     -  340s
H    0     0                    16019.600000 3658.75292  77.2%     -  340s
H    0     0                    16008.000000 3658.75292  77.1%     -  340s
H    0     0                    16005.200000 3658.75292  77.1%     -  340s
H    0     0                    16004.400000 3658.75292  77.1%     -  340s
H    0     0                    16002.000000 3658.75292  77.1%     -  340s
H    0     0                    15990.800000 3658.75292  77.1%     -  340s
H    0     0                    15986.800000 3658.75292  77.1%     -  340s
H    0     0                    15984.800000 3658.75292  77.1%     -  340s
H    0     0                    15981.600000 3658.75292  77.1%     -  340s
H    0     0                    15968.400000 3658.75292  77.1%     -  340s
H    0     0                    15964.400000 3658.75292  77.1%     -  340s
H    0     0                    15962.400000 3658.75292  77.1%     -  340s
H    0     0                    15958.800000 3658.75292  77.1%     -  340s
H    0     0                    15954.400000 3658.75292  77.1%     -  340s
H    0     0                    15917.200000 3658.75292  77.0%     -  340s
H    0     0                    15914.000000 3658.75292  77.0%     -  340s
H    0     0                    15910.000000 3658.75292  77.0%     -  340s
H    0     0                    15905.200000 3658.75292  77.0%     -  340s
H    0     0                    15889.200000 3658.75292  77.0%     -  340s
H    0     0                    15885.200000 3658.75292  77.0%     -  341s
H    0     0                    15875.200000 3658.75292  77.0%     -  341s
H    0     0                    15871.200000 3658.75292  76.9%     -  341s
H    0     0                    15867.600000 3658.75292  76.9%     -  341s
H    0     0                    15867.200000 3658.75292  76.9%     -  341s
H    0     0                    15861.200000 3658.75292  76.9%     -  341s
H    0     0                    15791.200000 3658.75292  76.8%     -  341s
H    0     0                    15784.800000 3658.75292  76.8%     -  341s
H    0     0                    15711.200000 3658.75292  76.7%     -  341s
H    0     0                    15708.000000 3658.75292  76.7%     -  341s
H    0     0                    15701.200000 3658.75292  76.7%     -  341s
H    0     0                    15694.000000 3658.75292  76.7%     -  341s
H    0     0                    15693.600000 3658.75292  76.7%     -  341s
H    0     0                    15688.000000 3658.75292  76.7%     -  341s
H    0     0                    15668.400000 3658.75292  76.6%     -  341s
H    0     0                    15660.000000 3658.75292  76.6%     -  341s
H    0     0                    15538.800000 3658.75292  76.5%     -  341s
H    0     0                    15536.400000 3658.75292  76.5%     -  341s
H    0     0                    15521.600000 3658.75292  76.4%     -  341s
H    0     0                    15477.200000 3658.75292  76.4%     -  341s
H    0     0                    15462.400000 3658.75292  76.3%     -  341s
H    0     0                    15460.400000 3658.75292  76.3%     -  341s
H    0     0                    15380.800000 3658.75292  76.2%     -  416s
H    0     0                    15261.200000 3658.75292  76.0%     -  416s
H    0     0                    15133.200000 3658.75292  75.8%     -  416s
H    0     0                    15034.800000 3658.75292  75.7%     -  416s
H    0     0                    14806.400000 3658.75292  75.3%     -  416s
H    0     0                    14798.400000 3658.75292  75.3%     -  416s
H    0     0                    14796.800000 3658.75292  75.3%     -  416s
H    0     0                    14776.400000 3658.75292  75.2%     -  416s
H    0     0                    14775.600000 3658.75292  75.2%     -  416s
H    0     0                    14713.200000 3658.75292  75.1%     -  416s
H    0     0                    14711.600000 3658.75292  75.1%     -  416s
H    0     0                    14705.200000 3658.75292  75.1%     -  416s
H    0     0                    14704.000000 3658.75292  75.1%     -  416s
H    0     0                    14670.400000 3658.75292  75.1%     -  416s
H    0     0                    14670.000000 3658.75292  75.1%     -  416s
H    0     0                    14669.600000 3658.75292  75.1%     -  416s
H    0     0                    14666.400000 3658.75292  75.1%     -  416s
H    0     0                    14665.200000 3658.75292  75.1%     -  416s
H    0     0                    14660.400000 3658.75292  75.0%     -  416s
H    0     0                    14658.000000 3658.75292  75.0%     -  416s
H    0     0                    14653.600000 3658.75292  75.0%     -  416s
H    0     0                    14634.000000 3658.75292  75.0%     -  416s
H    0     0                    14630.800000 3658.75292  75.0%     -  416s
H    0     0                    14630.000000 3658.75292  75.0%     -  416s
H    0     0                    14624.800000 3658.75292  75.0%     -  416s
H    0     0                    14584.400000 3658.75292  74.9%     -  416s
H    0     0                    14575.600000 3658.75292  74.9%     -  416s
H    0     0                    14556.400000 3658.75292  74.9%     -  416s
H    0     0                    14550.000000 3658.75292  74.9%     -  417s
H    0     0                    14548.800000 3658.75292  74.9%     -  417s
H    0     0                    14541.600000 3658.75292  74.8%     -  417s
H    0     0                    14535.200000 3658.75292  74.8%     -  417s
H    0     0                    14526.000000 3658.75292  74.8%     -  417s
H    0     0                    14525.200000 3658.75292  74.8%     -  417s
H    0     0                    14519.200000 3658.75292  74.8%     -  417s
H    0     0                    14511.200000 3658.75292  74.8%     -  417s
H    0     0                    14510.800000 3658.75292  74.8%     -  417s
H    0     0                    14508.400000 3658.75292  74.8%     -  417s
H    0     0                    14508.000000 3658.75292  74.8%     -  417s
H    0     0                    14503.200000 3658.75292  74.8%     -  417s
H    0     0                    14489.600000 3658.75292  74.7%     -  417s
H    0     0                    14481.200000 3658.75292  74.7%     -  417s
H    0     0                    14477.200000 3658.75292  74.7%     -  417s
H    0     0                    14461.600000 3658.75292  74.7%     -  417s
H    0     0                    14455.200000 3658.75292  74.7%     -  417s
H    0     0                    14436.000000 3658.75292  74.7%     -  417s
H    0     0                    14164.000000 3658.75292  74.2%     -  417s
H    0     0                    14005.600000 3658.75292  73.9%     -  417s
H    0     0                    14005.200000 3658.75292  73.9%     -  417s
H    0     0                    14004.000000 3658.75292  73.9%     -  417s
H    0     0                    14003.600000 3658.75292  73.9%     -  417s
H    0     0                    14002.400000 3658.75292  73.9%     -  417s
H    0     0                    14001.200000 3658.75292  73.9%     -  417s
H    0     0                    13782.400000 3658.75292  73.5%     -  417s
H    0     0                    13781.200000 3658.75292  73.5%     -  417s
H    0     0                    13780.800000 3658.75292  73.5%     -  417s
H    0     0                    13779.600000 3658.75292  73.4%     -  417s
H    0     0                    13779.200000 3658.75292  73.4%     -  417s
H    0     0                    13777.600000 3658.75292  73.4%     -  417s
H    0     0                    13669.200000 3658.75292  73.2%     -  417s
H    0     0                    13667.600000 3658.75292  73.2%     -  417s
H    0     0                    13666.400000 3658.75292  73.2%     -  417s
H    0     0                    13664.400000 3658.75292  73.2%     -  417s
H    0     0                    13651.200000 3658.75292  73.2%     -  417s
H    0     0                    13650.000000 3658.75292  73.2%     -  417s
H    0     0                    13648.800000 3658.75292  73.2%     -  417s
H    0     0                    13648.000000 3658.75292  73.2%     -  417s
H    0     0                    13647.200000 3658.75292  73.2%     -  417s
H    0     0                    13646.400000 3658.75292  73.2%     -  417s
H    0     0                    13630.800000 3658.75292  73.2%     -  417s
H    0     0                    13614.400000 3658.75292  73.1%     -  417s
H    0     0                    13612.800000 3658.75292  73.1%     -  417s
H    0     0                    13591.600000 3658.75292  73.1%     -  417s
H    0     0                    13577.200000 3658.75292  73.1%     -  417s
H    0     0                    13574.800000 3658.75292  73.0%     -  417s
H    0     0                    13574.400000 3658.75292  73.0%     -  417s
H    0     0                    13564.000000 3658.75292  73.0%     -  417s
H    0     0                    13548.000000 3658.75292  73.0%     -  417s
     0     0 3658.75292    0 11698 13548.0000 3658.75292  73.0%     -  419s
     0     0 4046.43746    0 11397 13548.0000 4046.43746  70.1%     -  480s
     0     0 4134.29692    0 11388 13548.0000 4134.29692  69.5%     -  520s
     0     0 4138.52529    0 11362 13548.0000 4138.52529  69.5%     -  538s
     0     0 4139.15781    0 11204 13548.0000 4139.15781  69.4%     -  576s
     0     0 4139.35296    0 11213 13548.0000 4139.35296  69.4%     -  593s
     0     0 4139.68598    0 11191 13548.0000 4139.68598  69.4%     -  628s
     0     0 4139.69503    0 11184 13548.0000 4139.69503  69.4%     -  635s
     0     0 4443.81812    0 12156 13548.0000 4443.81812  67.2%     -  707s
     0     0 4951.51438    0 12798 13548.0000 4951.51438  63.5%     -  882s
     0     0 5040.24360    0 12054 13548.0000 5040.24360  62.8%     -  960s
     0     0          -    0      13548.0000 5040.24360  62.8%     - 1000s

Cutting planes:
  Learned: 94
  Gomory: 1
  Cover: 5475
  Implied bound: 387
  Clique: 1086
  MIR: 744
  StrongCG: 198
  Flow cover: 354
  Zero half: 2827
  Network: 20
  RLT: 1163
  Relax-and-lift: 664

Explored 1 nodes (734600 simplex iterations) in 1000.25 seconds (874.79 work units)
Thread count was 12 (of 12 available processors)

Solution count 10: 13548 13564 13574.4 ... 13646.4

Time limit reached
Best objective 1.354800000000e+04, best bound 5.040400000000e+03, gap 62.7960%

Gurobi 9.5.1 (win64) logging started Thu May 26 03:18:07 2022

Set parameter LogFile to value "./Log/Direct_MIP_Sshape_solver_960_order_48_batch.log"
Gurobi Optimizer version 9.5.1 build v9.5.1rc2 (win64)
Thread count: 6 physical cores, 12 logical processors, using up to 12 threads
Optimize a model with 98544 rows, 141312 columns and 543456 nonzeros
Model fingerprint: 0xbe4b73d4
Model has 2256 quadratic constraints
Variable types: 0 continuous, 141312 integer (136704 binary)
Coefficient statistics:
  Matrix range     [1e+00, 5e+01]
  QMatrix range    [1e+00, 1e+00]
  QLMatrix range   [1e+00, 1e+00]
  Objective range  [4e-01, 4e+01]
  Bounds range     [1e+00, 1e+00]
  RHS range        [1e+00, 2e+01]
Presolve removed 44208 rows and 48528 columns
Presolve time: 1.27s
Presolved: 54336 rows, 92784 columns, 388032 nonzeros
Variable types: 0 continuous, 92784 integer (88320 binary)
Found heuristic solution: objective 18401.200000

Deterministic concurrent LP optimizer: primal and dual simplex
Showing first log only...


Use crossover to convert LP symmetric solution to basic solution...
Concurrent spin time: 0.28s

Solved with primal simplex

Root relaxation: objective 2.130560e+03, 50600 iterations, 2.61 seconds (4.52 work units)

    Nodes    |    Current Node    |     Objective Bounds      |     Work
 Expl Unexpl |  Obj  Depth IntInf | Incumbent    BestBd   Gap | It/Node Time

     0     0 2130.56000    0 11215 18401.2000 2130.56000  88.4%     -   41s
H    0     0                    17439.200000 2130.56000  87.8%     -   73s
H    0     0                    17363.600000 2130.56000  87.7%     -   73s
H    0     0                    17234.400000 2130.56000  87.6%     -   73s
H    0     0                    17224.800000 2130.56000  87.6%     -   73s
     0     0 2154.56000    0 8130 17224.8000 2154.56000  87.5%     -   91s
H    0     0                    16949.600000 2154.56000  87.3%     -   96s
H    0     0                    16943.200000 2204.96000  87.0%     -   98s
H    0     0                    16916.800000 2204.96000  87.0%     -   98s
H    0     0                    16844.000000 2204.96000  86.9%     -   98s
H    0     0                    16757.200000 2204.96000  86.8%     -   98s
     0     0 2424.56000    0 8341 16757.2000 2424.56000  85.5%     -   99s
     0     0 2424.56000    0 8220 16757.2000 2424.56000  85.5%     -   99s
H    0     0                    16750.400000 2424.56000  85.5%     -  102s
H    0     0                    16417.600000 2424.56000  85.2%     -  110s
     0     0 2424.56000    0 8329 16417.6000 2424.56000  85.2%     -  111s
H    0     0                    16378.800000 3495.49316  78.7%     -  263s
H    0     0                    16278.000000 3495.49316  78.5%     -  263s
H    0     0                    16201.600000 3495.49316  78.4%     -  263s
H    0     0                    16100.000000 3495.49316  78.3%     -  263s
H    0     0                    16096.800000 3495.49316  78.3%     -  263s
H    0     0                    16045.200000 3495.49316  78.2%     -  263s
H    0     0                    16015.600000 3495.49316  78.2%     -  263s
H    0     0                    15998.000000 3495.49316  78.2%     -  263s
H    0     0                    15978.800000 3495.49316  78.1%     -  263s
H    0     0                    15976.800000 3495.49316  78.1%     -  263s
H    0     0                    15974.400000 3495.49316  78.1%     -  263s
H    0     0                    15972.800000 3495.49316  78.1%     -  263s
H    0     0                    15968.800000 3495.49316  78.1%     -  263s
H    0     0                    15966.000000 3495.49316  78.1%     -  263s
H    0     0                    15929.200000 3495.49316  78.1%     -  263s
H    0     0                    15928.000000 3495.49316  78.1%     -  263s
H    0     0                    15891.600000 3495.49316  78.0%     -  263s
H    0     0                    15888.400000 3495.49316  78.0%     -  263s
H    0     0                    15876.400000 3495.49316  78.0%     -  263s
H    0     0                    15874.400000 3495.49316  78.0%     -  263s
H    0     0                    15863.600000 3495.49316  78.0%     -  263s
H    0     0                    15860.800000 3495.49316  78.0%     -  263s
H    0     0                    15849.600000 3495.49316  77.9%     -  264s
H    0     0                    15845.600000 3495.49316  77.9%     -  264s
H    0     0                    15807.600000 3495.49316  77.9%     -  264s
H    0     0                    15803.600000 3495.49316  77.9%     -  264s
H    0     0                    15787.600000 3495.49316  77.9%     -  264s
H    0     0                    15784.800000 3495.49316  77.9%     -  264s
H    0     0                    15752.000000 3495.49316  77.8%     -  264s
H    0     0                    15712.800000 3495.49316  77.8%     -  264s
H    0     0                    15707.200000 3495.49316  77.7%     -  264s
H    0     0                    15701.200000 3495.49316  77.7%     -  264s
H    0     0                    15682.000000 3495.49316  77.7%     -  264s
H    0     0                    15673.600000 3495.49316  77.7%     -  264s
H    0     0                    15630.800000 3495.49316  77.6%     -  264s
H    0     0                    15626.800000 3495.49316  77.6%     -  264s
H    0     0                    15625.200000 3495.49316  77.6%     -  264s
H    0     0                    15620.800000 3495.49316  77.6%     -  264s
H    0     0                    15514.800000 3495.49316  77.5%     -  264s
H    0     0                    15505.200000 3495.49316  77.5%     -  264s
H    0     0                    15426.000000 3495.49316  77.3%     -  264s
H    0     0                    14794.400000 3495.49316  76.4%     -  311s
H    0     0                    14676.400000 3495.49316  76.2%     -  311s
H    0     0                    14358.800000 3495.49316  75.7%     -  311s
H    0     0                    14358.400000 3495.49316  75.7%     -  311s
H    0     0                    14268.000000 3495.49316  75.5%     -  311s
H    0     0                    14265.200000 3495.49316  75.5%     -  311s
H    0     0                    14248.000000 3495.49316  75.5%     -  311s
H    0     0                    14246.800000 3495.49316  75.5%     -  312s
H    0     0                    14150.000000 3495.49316  75.3%     -  312s
H    0     0                    14148.400000 3495.49316  75.3%     -  312s
H    0     0                    14141.600000 3495.49316  75.3%     -  312s
H    0     0                    14140.800000 3495.49316  75.3%     -  312s
H    0     0                    14045.600000 3495.49316  75.1%     -  312s
H    0     0                    14042.800000 3495.49316  75.1%     -  312s
H    0     0                    14039.200000 3495.49316  75.1%     -  312s
H    0     0                    14038.000000 3495.49316  75.1%     -  312s
H    0     0                    14033.600000 3495.49316  75.1%     -  312s
H    0     0                    14029.600000 3495.49316  75.1%     -  312s
H    0     0                    13995.200000 3495.49316  75.0%     -  312s
H    0     0                    13990.000000 3495.49316  75.0%     -  312s
H    0     0                    13987.600000 3495.49316  75.0%     -  312s
H    0     0                    13986.000000 3495.49316  75.0%     -  312s
H    0     0                    13969.200000 3495.49316  75.0%     -  312s
H    0     0                    13965.600000 3495.49316  75.0%     -  312s
H    0     0                    13945.200000 3495.49316  74.9%     -  312s
H    0     0                    13942.000000 3495.49316  74.9%     -  312s
H    0     0                    13728.000000 3495.49316  74.5%     -  312s
H    0     0                    13724.800000 3495.49316  74.5%     -  312s
H    0     0                    13721.200000 3495.49316  74.5%     -  312s
H    0     0                    13714.000000 3495.49316  74.5%     -  312s
H    0     0                    13708.800000 3495.49316  74.5%     -  312s
H    0     0                    13708.000000 3495.49316  74.5%     -  312s
H    0     0                    13701.600000 3495.49316  74.5%     -  312s
H    0     0                    13700.000000 3495.49316  74.5%     -  312s
H    0     0                    13694.000000 3495.49316  74.5%     -  312s
H    0     0                    13692.800000 3495.49316  74.5%     -  312s
H    0     0                    13688.000000 3495.49316  74.5%     -  312s
H    0     0                    13639.600000 3495.49316  74.4%     -  312s
H    0     0                    13634.000000 3495.49316  74.4%     -  312s
H    0     0                    13632.800000 3495.49316  74.4%     -  312s
H    0     0                    13624.400000 3495.49316  74.3%     -  312s
H    0     0                    13612.400000 3495.49316  74.3%     -  312s
H    0     0                    13604.400000 3495.49316  74.3%     -  312s
H    0     0                    13588.800000 3495.49316  74.3%     -  312s
H    0     0                    13580.400000 3495.49316  74.3%     -  312s
H    0     0                    13574.400000 3495.49316  74.2%     -  312s
H    0     0                    13566.000000 3495.49316  74.2%     -  312s
H    0     0                    13560.400000 3495.49316  74.2%     -  312s
H    0     0                    13553.200000 3495.49316  74.2%     -  312s
H    0     0                    13548.800000 3495.49316  74.2%     -  312s
H    0     0                    13544.000000 3495.49316  74.2%     -  312s
H    0     0                    13543.600000 3495.49316  74.2%     -  312s
H    0     0                    13543.200000 3495.49316  74.2%     -  312s
H    0     0                    13542.800000 3495.49316  74.2%     -  312s
H    0     0                    13542.400000 3495.49316  74.2%     -  312s
H    0     0                    13536.000000 3495.49316  74.2%     -  312s
H    0     0                    13523.200000 3495.49316  74.2%     -  312s
H    0     0                    13522.000000 3495.49316  74.1%     -  312s
H    0     0                    13520.800000 3495.49316  74.1%     -  312s
H    0     0                    13520.000000 3495.49316  74.1%     -  312s
H    0     0                    13519.600000 3495.49316  74.1%     -  312s
H    0     0                    13519.200000 3495.49316  74.1%     -  312s
H    0     0                    13518.000000 3495.49316  74.1%     -  312s
H    0     0                    13517.600000 3495.49316  74.1%     -  312s
H    0     0                    13513.600000 3495.49316  74.1%     -  312s
H    0     0                    13501.200000 3495.49316  74.1%     -  312s
H    0     0                    13469.600000 3495.49316  74.0%     -  312s
     0     0 3495.49316    0 11501 13469.6000 3495.49316  74.0%     -  314s
H    0     0                    13468.400000 3839.27412  71.5%     -  389s
     0     0 3839.27412    0 11294 13468.4000 3839.27412  71.5%     -  390s
H    0     0                    13465.600000 4299.54968  68.1%     -  419s
H    0     0                    13464.400000 4299.54968  68.1%     -  420s
     0     0 4299.54968    0 11038 13464.4000 4299.54968  68.1%     -  421s
     0     0 4347.01994    0 10949 13464.4000 4347.01994  67.7%     -  436s
     0     0 4364.34815    0 10997 13464.4000 4364.34815  67.6%     -  458s
     0     0 4369.27070    0 10932 13464.4000 4369.27070  67.5%     -  486s
     0     0 4371.10127    0 10883 13464.4000 4371.10127  67.5%     -  512s
     0     0 4371.76037    0 11194 13464.4000 4371.76037  67.5%     -  529s
     0     0 4371.77758    0 10952 13464.4000 4371.77758  67.5%     -  536s
H    0     0                    13463.599995 4705.63245  65.0%     -  730s
H    0     0                    13459.600000 4705.63245  65.0%     -  730s
     0     0 4705.63245    0 12260 13459.6000 4705.63245  65.0%     -  733s
     0     0 5103.10520    0 12575 13459.6000 5103.10520  62.1%     -  914s
     0     0          -    0      13459.6000 5103.10520  62.1%     - 1000s

Cutting planes:
  Learned: 90
  Cover: 5331
  Implied bound: 493
  Clique: 1479
  MIR: 751
  StrongCG: 261
  Flow cover: 367
  Zero half: 2463
  Network: 37
  RLT: 1191
  Relax-and-lift: 1114

Explored 1 nodes (800799 simplex iterations) in 1000.25 seconds (896.83 work units)
Thread count was 12 (of 12 available processors)

Solution count 10: 13459.6 13463.6 13464.4 ... 13518

Time limit reached
Best objective 1.345960000000e+04, best bound 5.103200000000e+03, gap 62.0851%
