
Gurobi 9.1.1 (win64) logging started Sun Apr 17 22:00:58 2022

Changed value of parameter LogFile to ./Log/Direct_MIP_Return_solver_100_order_10_batch.log
   Prev:   Default: 
Gurobi Optimizer version 9.1.1 build v9.1.1rc0 (win64)
Thread count: 6 physical cores, 12 logical processors, using up to 12 threads
Optimize a model with 5670 rows, 3960 columns and 17010 nonzeros
Model fingerprint: 0x79bee826
Variable types: 480 continuous, 3480 integer (3480 binary)
Coefficient statistics:
  Matrix range     [1e+00, 2e+01]
  Objective range  [4e-01, 1e+00]
  Bounds range     [1e+00, 4e+01]
  RHS range        [1e+00, 1e+01]
Found heuristic solution: objective 1938.0000000
Presolve removed 1510 rows and 1360 columns
Presolve time: 0.04s
Presolved: 4160 rows, 2600 columns, 17080 nonzeros
Variable types: 0 continuous, 2600 integer (2250 binary)

Root relaxation: objective 8.160000e+02, 11796 iterations, 1.30 seconds

    Nodes    |    Current Node    |     Objective Bounds      |     Work
 Expl Unexpl |  Obj  Depth IntInf | Incumbent    BestBd   Gap | It/Node Time

     0     0  816.00000    0 2510 1938.00000  816.00000  57.9%     -    1s
H    0     0                    1639.6000000  816.00000  50.2%     -    1s
H    0     0                    1636.8000000  816.00000  50.1%     -    1s
     0     0  825.51219    0 2533 1636.80000  825.51219  49.6%     -    3s
     0     0  840.57882    0 2526 1636.80000  840.57882  48.6%     -    3s
     0     0  841.26505    0 2514 1636.80000  841.26505  48.6%     -    4s
     0     0  841.28588    0 2521 1636.80000  841.28588  48.6%     -    4s
     0     0  841.43859    0 2517 1636.80000  841.43859  48.6%     -    4s
     0     0  841.46023    0 2520 1636.80000  841.46023  48.6%     -    4s
     0     0  841.55461    0 2521 1636.80000  841.55461  48.6%     -    4s
     0     0  841.65489    0 2521 1636.80000  841.65489  48.6%     -    4s
     0     0  841.66153    0 2522 1636.80000  841.66153  48.6%     -    4s
     0     0  844.30245    0 2539 1636.80000  844.30245  48.4%     -    4s
     0     0  846.70759    0 2538 1636.80000  846.70759  48.3%     -    4s
     0     0  851.87167    0 2524 1636.80000  851.87167  48.0%     -    5s
     0     0  852.26521    0 2531 1636.80000  852.26521  47.9%     -    5s
     0     0  853.97034    0 2515 1636.80000  853.97034  47.8%     -    5s
     0     0  855.50087    0 2508 1636.80000  855.50087  47.7%     -    5s
     0     0  856.43020    0 2494 1636.80000  856.43020  47.7%     -    6s
     0     0  856.45214    0 2495 1636.80000  856.45214  47.7%     -    6s
     0     0  856.46168    0 2497 1636.80000  856.46168  47.7%     -    6s
     0     0  857.18914    0 2518 1636.80000  857.18914  47.6%     -    8s
     0     0  857.52805    0 2509 1636.80000  857.52805  47.6%     -    9s
     0     0  858.28521    0 2523 1636.80000  858.28521  47.6%     -    9s
     0     0  858.33620    0 2529 1636.80000  858.33620  47.6%     -    9s
     0     0  858.61500    0 2525 1636.80000  858.61500  47.5%     -    9s
     0     0  858.82136    0 2526 1636.80000  858.82136  47.5%     -    9s
     0     0  858.96384    0 2522 1636.80000  858.96384  47.5%     -   10s
     0     0  858.96718    0 2526 1636.80000  858.96718  47.5%     -   10s
     0     0  859.10095    0 2533 1636.80000  859.10095  47.5%     -   10s
     0     0  859.12146    0 2517 1636.80000  859.12146  47.5%     -   10s
     0     0  859.14226    0 2525 1636.80000  859.14226  47.5%     -   10s
     0     0  859.14226    0 2523 1636.80000  859.14226  47.5%     -   11s
H    0     0                    1626.0000000  859.14226  47.2%     -   12s
     0     2  859.14226    0 2511 1626.00000  859.14226  47.2%     -   12s
     1     4  882.81085    1 2465 1626.00000  859.14226  47.2% 16270   18s
     3     8  909.57835    2 2380 1626.00000  882.81696  45.7% 16400   22s
     7    14  945.67602    3 2184 1626.00000  887.08992  45.4% 11960   26s
H   19    26                    1547.6000000  909.23104  41.2%  9124   30s
H   23    26                    1469.6000000  909.23104  38.1%  8081   30s
H   32    38                    1468.4000000  909.23104  38.1%  6547   32s
    51    59 1074.19081    9 2130 1468.40000  909.23104  38.1%  5228   35s
H   72    77                    1461.2000000  909.23104  37.8%  4113   37s
H   75    77                    1450.0000000  909.23104  37.3%  4021   37s
   113   118 1177.55503   23 1905 1450.00000  909.23104  37.3%  3209   40s
H  115   118                    1440.8000000  909.23104  36.9%  3162   40s
H  161   160                    1399.2000000  909.23104  35.0%  2524   43s
H  179   175                    1398.8000000  909.23104  35.0%  2372   44s
H  186   175                    1390.0000000  909.23104  34.6%  2319   44s
   192   193 1252.37042   35 1646 1390.00000  909.23104  34.6%  2284   45s
H  214   217                    1385.2000000  909.23104  34.4%  2148   46s
H  223   217                    1380.4000000  909.23104  34.1%  2101   46s
H  268   273                    1374.0000000  909.23104  33.8%  1846   48s
H  272   273                    1372.8000000  909.23104  33.8%  1832   48s
H  276   273                    1368.8000000  909.23104  33.6%  1816   48s
H  334   364                    1368.4000000  909.23104  33.6%  1600   50s
H  343   364                    1365.6000000  909.23104  33.4%  1571   50s
H  354   364                    1358.8000000  909.23104  33.1%  1532   50s
H  369   364                    1345.6000000  909.23104  32.4%  1488   50s
H  453   450                    1340.8000000  922.69453  31.2%  1298   54s
H  454   450                    1337.6000000  922.69453  31.0%  1302   54s
H  454   446                    1334.7999990  922.69453  30.9%  1302   54s
   501   471  995.29090    5 2300 1334.80000  922.69453  30.9%  1234   57s
H  536   484                    1327.6000000  922.69453  30.5%  1197   58s
   568   499 1032.68023    8 2236 1327.60000  922.69453  30.5%  1166   61s
H  597   450                    1314.0000000  922.69453  29.8%  1157   64s
   605   465 1075.97762   13 2106 1314.00000  922.69453  29.8%  1161   65s
H  644   477                    1311.2000000  922.69453  29.6%  1151   71s
H  648   467                    1307.6000000  922.69453  29.4%  1151   71s
   701   532 1214.05527   32 1798 1307.60000  922.69453  29.4%  1133   75s
H  739   547                    1306.4000000  922.69453  29.4%  1121   77s
   780   590     cutoff   47      1306.40000  922.69453  29.4%  1115   80s
   837   616 1296.22427   51 1595 1306.40000  922.69453  29.4%  1112   86s
   898   659  988.55997    5 2323 1306.40000  929.73360  28.8%  1112   92s
   908   674  994.60399    6 2299 1306.40000  929.73360  28.8%  1110   95s
  1031   797 infeasible   22      1306.40000  929.73360  28.8%  1092  101s
  1145   887 1234.57849   37 1803 1306.40000  929.73360  28.8%  1071  106s
  1207   915 1277.44550   45 1597 1306.40000  929.73360  28.8%  1061  110s
  1260   916 1249.36464   43 2523 1306.40000  929.73360  28.8%  1060  134s
  1262   917 1266.97249   30 2519 1306.40000  929.73360  28.8%  1058  136s
  1264   919 1050.73141    8 2546 1306.40000  929.73360  28.8%  1057  140s
  1268   921 1218.97758   34 2535 1306.40000  929.73360  28.8%  1053  146s
  1271   923 1294.34331   45 2540 1306.40000  929.73360  28.8%  1051  150s
  1277   927 1141.25404   22 2532 1306.40000  929.73360  28.8%  1046  156s
  1280   932  929.73360   12 2484 1306.40000  929.73360  28.8%  1106  162s
  1282   936  929.73360   13 2465 1306.40000  929.73360  28.8%  1114  165s
  1294   952  929.73360   15 2475 1306.40000  929.73360  28.8%  1135  174s
  1306   960  929.73360   16 2413 1306.40000  929.73360  28.8%  1151  180s
  1318   968  929.73360   16 2418 1306.40000  929.73360  28.8%  1187  191s
  1330   976  929.73360   17 2389 1306.40000  929.73360  28.8%  1259  198s
  1342   985  956.28021   17 2368 1306.40000  929.73360  28.8%  1306  203s
  1355   992  957.26841   18 2327 1306.40000  929.73360  28.8%  1345  210s
  1380  1010  978.22186   19 2257 1306.40000  929.73360  28.8%  1416  220s
  1393  1018 1013.92515   19 2254 1306.40000  929.73360  28.8%  1453  226s
H 1399   969                    1305.6000000  929.73360  28.8%  1475  226s
  1405   987  995.32694   20 2228 1305.60000  929.73360  28.8%  1487  231s
  1425   999 1014.21733   20 2202 1305.60000  929.73360  28.8%  1513  236s
H 1431   952                    1305.2000000  929.73360  28.8%  1532  236s
  1444   963 1027.29673   21 2164 1305.20000  929.73360  28.8%  1535  241s
  1461   979  995.86498   21 2230 1305.20000  929.73360  28.8%  1545  245s
H 1487   940                    1300.8000000  929.73360  28.5%  1552  252s
H 1493   898                    1298.4000000  929.73360  28.4%  1575  252s
  1499   921 1043.07610   23 2171 1298.40000  929.73360  28.4%  1576  256s
H 1530   896                    1296.4000000  929.73360  28.3%  1580  261s
H 1533   859                    1295.2000000  929.73360  28.2%  1583  261s
  1553   885 1016.45757   24 2198 1295.20000  929.73360  28.2%  1596  265s
  1586   886 1023.37568   25 2215 1295.20000  929.73360  28.2%  1613  294s
H 1591   850                    1294.8000000  929.73360  28.2%  1620  294s
H 1593   817                    1289.6000000  929.73360  27.9%  1621  294s
  1598   831 1023.02960   25 2202 1289.60000  929.73360  27.9%  1625  299s
  1614   865 1024.06993   26 2172 1289.60000  929.73360  27.9%  1629  303s
  1655   883 1064.20705   27 2130 1289.60000  929.73360  27.9%  1635  307s
  1699   905 1043.65957   28 2092 1289.60000  929.73360  27.9%  1638  311s
  1745   926 1073.77932   29 2054 1289.60000  929.73360  27.9%  1644  315s
  1793   945 1061.28040   31 2063 1289.60000  929.73360  27.9%  1645  320s
  1842   954 1105.89355   33 1994 1289.60000  929.73360  27.9%  1653  325s
  1889   968 1084.69821   35 1947 1289.60000  929.73360  27.9%  1663  331s
  1923   996 1086.92009   37 1958 1289.60000  929.73360  27.9%  1688  337s
  1962  1031 1113.12216   38 1900 1289.60000  929.73360  27.9%  1713  342s
  2010  1066 1117.49133   40 1881 1289.60000  929.73360  27.9%  1725  347s
  2061  1083 1137.81161   43 1861 1289.60000  929.73360  27.9%  1742  354s
  2095  1148 1151.34328   44 1808 1289.60000  929.73360  27.9%  1747  359s
  2175  1176 1174.44607   47 1782 1289.60000  929.73360  27.9%  1747  367s
  2260  1213 1201.94171   51 1677 1289.60000  929.73360  27.9%  1749  374s
  2342  1246 1234.20066   53 1515 1289.60000  929.73360  27.9%  1751  381s
  2413  1305 1253.88912   56 1381 1289.60000  929.73360  27.9%  1765  388s
  2507  1320     cutoff   63      1289.60000  929.73360  27.9%  1766  396s
  2578  1372  962.47961   17 2347 1289.60000  929.73360  27.9%  1782  404s
H 2653  1380                    1289.2000000  929.73360  27.9%  1789  411s
  2717  1421  988.09875   19 2264 1289.20000  929.73360  27.9%  1796  420s
  2815  1457 1031.32290   22 2108 1289.20000  929.73360  27.9%  1811  428s
  2891  1546 1069.65061   25 2076 1289.20000  929.73360  27.9%  1830  436s
  3008  1586 1125.74069   29 1965 1289.20000  929.73360  27.9%  1824  445s
  3114  1625 1166.97558   35 1798 1289.20000  929.73360  27.9%  1830  455s
H 3124  1623                    1287.6000000  929.73360  27.8%  1827  455s
  3173  1719 1218.47672   45 1716 1287.60000  929.73360  27.8%  1832  465s
  3293  1804  969.91811   18 2357 1287.60000  929.73360  27.8%  1832  475s
  3410  1907 1038.66086   21 2228 1287.60000  929.73360  27.8%  1829  485s
  3553  2014 1073.99948   28 2123 1287.60000  929.73360  27.8%  1814  496s
  3694  2112 1121.09501   34 1936 1287.60000  929.73360  27.8%  1803  506s
  3830  2239 1220.34250   46 1623 1287.60000  946.10205  26.5%  1806  519s
  3975  2326  987.13981   17 2325 1287.60000  946.10205  26.5%  1815  534s
  4096  2469 1009.95769   17 2314 1287.60000  946.10205  26.5%  1815  548s
  4268  2621 1005.46248   19 2315 1287.60000  946.10205  26.5%  1805  560s
  4442  2762 1038.80922   21 2142 1287.60000  946.10205  26.5%  1797  572s
  4599  2945 1077.80241   24 2069 1287.60000  946.10205  26.5%  1800  585s
  4806  3064 1079.19869   27 2073 1287.60000  946.10205  26.5%  1793  599s
  5030  3211 1152.56760   32 1924 1287.60000  946.10205  26.5%  1782  612s
  5183  3427 1177.93974   37 1825 1287.60000  946.10205  26.5%  1785  627s
  5417  3631 1216.03054   43 1690 1287.60000  946.10205  26.5%  1755  643s
  5706  3722     cutoff   56      1287.60000  969.95015  24.7%  1725  659s
  5817  3868 1035.98817   18 2216 1287.60000  969.95015  24.7%  1745  676s
  5981  4010 1083.97691   27 2015 1287.60000  969.95015  24.7%  1756  693s
  6135  4161 1176.97982   47 1598 1287.60000  976.96739  24.1%  1768  712s
  6294  4454 1007.70074   20 2305 1287.60000  976.96739  24.1%  1769  729s
  6587  4824 1106.30669   31 1944 1287.60000  981.42171  23.8%  1763  749s
  6995  5182 1041.32167   17 2224 1287.60000  981.42171  23.8%  1739  769s
  7452  5512 1134.65031   27 1920 1287.60000  981.42171  23.8%  1697  789s
  7833  5749 1271.86834   56 1401 1287.60000  982.19562  23.7%  1682  810s
  8194  6077 1110.10439   27 2046 1287.60000  989.22647  23.2%  1668  831s
  8582  6346 1040.53558   22 2265 1287.60000  989.22647  23.2%  1652  852s
  8912  6720 1219.83695   33 1713 1287.60000  991.19212  23.0%  1636  875s
  9351  6960 1110.18569   26 2061 1287.60000  991.45434  23.0%  1617  899s
  9693  7152 1043.08983   19 2135 1287.60000  994.77448  22.7%  1620  923s
  9911  7463 1091.84303   24 2066 1287.60000  994.77448  22.7%  1628  948s
 10222  7943 1160.28972   40 1669 1287.60000  994.77448  22.7%  1639  975s
H10254  7926                    1285.9999996  994.77448  22.6%  1640  975s
H10305  7919                    1285.6000000  994.77448  22.6%  1637  975s
 10778  8371 1213.36230   49 1422 1285.60000  994.77448  22.6%  1611 1000s

Cutting planes:
  Gomory: 83
  Implied bound: 21
  MIR: 27
  StrongCG: 1
  Flow cover: 72
  Zero half: 21
  RLT: 247
  Relax-and-lift: 2

Explored 11325 nodes (18072926 simplex iterations) in 1000.07 seconds
Thread count was 12 (of 12 available processors)

Solution count 10: 1285.6 1286 1287.6 ... 1300.8

Time limit reached
Best objective 1.285600000000e+03, best bound 9.948000000000e+02, gap 22.6198%
