
Gurobi 9.5.1 (win64) logging started Tue Apr 19 08:56:50 2022

Set parameter LogFile to value "./Log/Direct_MIP_Sshape_solver_840_order_42_batch.log"
Gurobi Optimizer version 9.5.1 build v9.5.1rc2 (win64)
Thread count: 6 physical cores, 12 logical processors, using up to 12 threads
Optimize a model with 61698 rows, 96096 columns and 291018 nonzeros
Model fingerprint: 0x13e23766
Variable types: 0 continuous, 96096 integer (96096 binary)
Coefficient statistics:
  Matrix range     [1e+00, 2e+01]
  Objective range  [4e-01, 2e+01]
  Bounds range     [1e+00, 1e+00]
  RHS range        [1e+00, 2e+01]
Found heuristic solution: objective 11173.000000
Presolve removed 32256 rows and 32256 columns
Presolve time: 0.62s
Presolved: 29442 rows, 63840 columns, 251790 nonzeros
Variable types: 0 continuous, 63840 integer (63840 binary)

Deterministic concurrent LP optimizer: primal and dual simplex
Showing first log only...


Use crossover to convert LP symmetric solution to basic solution...
Concurrent spin time: 0.01s

Solved with primal simplex

Root relaxation: objective 2.520150e+03, 35214 iterations, 0.24 seconds (0.24 work units)

    Nodes    |    Current Node    |     Objective Bounds      |     Work
 Expl Unexpl |  Obj  Depth IntInf | Incumbent    BestBd   Gap | It/Node Time

     0     0 2520.15000    0 2373 11173.0000 2520.15000  77.4%     -    5s
H    0     0                    9667.4000000 2520.15000  73.9%     -    5s
H    0     0                    9550.8000000 2520.15000  73.6%     -    6s
H    0     0                    8341.0000000 2520.15000  69.8%     -    9s
H    0     0                    8082.8000000 2520.15000  68.8%     -    9s
H    0     0                    8009.4000000 2520.15000  68.5%     -    9s
     0     0 2520.15000    0 4345 8009.40000 2520.15000  68.5%     -   11s
H    0     0                    7710.6000000 2520.15000  67.3%     -   12s
H    0     0                    7544.4000000 2520.15000  66.6%     -   13s
H    0     0                    6995.2000000 2520.15000  64.0%     -   13s
H    0     0                    6953.4000000 2520.15000  63.8%     -   13s
     0     0 2520.15000    0 3382 6953.40000 2520.15000  63.8%     -   13s
H    0     0                    6682.0000000 2520.15000  62.3%     -   18s
     0     0 2520.15000    0 2443 6682.00000 2520.15000  62.3%     -   19s
     0     0 2520.15000    0 2517 6682.00000 2520.15000  62.3%     -   19s
H    0     0                    6528.0000000 2520.15000  61.4%     -   26s
     0     0 2520.15000    0 2444 6528.00000 2520.15000  61.4%     -   28s
     0     0 2520.15000    0 2444 6528.00000 2520.15000  61.4%     -   29s
H    0     0                    6397.0000000 2520.15000  60.6%     -   30s
H    0     0                    6394.6000000 2520.15000  60.6%     -   33s
H    0     2                    6386.6000000 2520.15000  60.5%     -   41s
     0     2 2530.85000    0 2271 6386.60000 2530.85000  60.4%     -   41s
     9     6 2542.30000    5 2688 6386.60000 2542.18465  60.2%  1732   45s
    24     8 infeasible    8      6386.60000 2549.86943  60.1%  1941   55s
H   30    14                    6345.6000000 2557.23158  59.7%  2832  100s
H   34    14                    6335.2000000 2573.45547  59.4%  5120  100s
    36    18 infeasible   10      6335.20000 2573.58034  59.4%  6302  130s
    42    24 2602.83609   10 4303 6335.20000 2582.97187  59.2% 10418  145s
    55    36 2797.79502   12 3795 6335.20000 2582.97187  59.2% 10184  166s
    75    47 2847.43097   14 3492 6335.20000 2582.97187  59.2%  8310  177s
    85    52 2849.37009   15 3479 6335.20000 2582.97187  59.2%  7793  191s
H  111    62                    6334.8000000 2582.97187  59.2%  6444  194s
   112    66 2854.16337   18 3408 6334.80000 2582.97187  59.2%  6400  197s
   124    72 2854.16337   19 3408 6334.80000 2582.97187  59.2%  6028  200s
   134    75 infeasible   21      6334.80000 2582.97187  59.2%  5860  226s
H  145    75                    6326.4000000 2582.97187  59.2%  5464  226s
   151    82 infeasible   21      6326.40000 2582.97187  59.2%  5773  238s
   166    87 2859.54978   21 3340 6326.40000 2582.97187  59.2%  5582  243s
H  181    98                    6316.0000000 2582.97187  59.1%  5343  247s
H  195    98                    6311.2000000 2582.97187  59.1%  5074  247s
   200   109 2865.51958   24 3245 6311.20000 2582.97187  59.1%  4991  251s
   219   117 infeasible   27      6311.20000 2582.97187  59.1%  4736  257s
H  222   117                    6273.8000000 2582.97187  58.8%  4697  257s
H  238   117                    6254.2000000 2582.97187  58.7%  4502  257s
   239   120 infeasible   28      6254.20000 2582.97187  58.7%  4499  266s
   260   121 infeasible   30      6254.20000 2582.97187  58.7%  4333  279s
H  280   121                    6195.4000000 2582.97187  58.3%  4231  279s
   281   130 infeasible   32      6195.40000 2582.97187  58.3%  4234  298s
   298   144 infeasible   36      6195.40000 2582.97187  58.3%  4296  312s
H  332   157                    6123.0000000 2582.97187  57.8%  4045  335s
H  350   157                    6120.4000000 2582.97187  57.8%  3869  335s
   357   169 3020.13811   47 2584 6120.40000 2582.97187  57.8%  3937  341s
H  391   174                    6016.2000000 2582.97187  57.1%  3737  369s
H  392   174                    6011.4000000 2582.97187  57.0%  3729  369s
   398   190 3061.50841   53 2578 6011.40000 2582.97187  57.0%  3701  390s
   428   204 3260.61080   61 2329 6011.40000 2582.97187  57.0%  3659  397s
   468   218 infeasible   65      6011.40000 2582.97187  57.0%  3511  426s
   504   240 3283.74758   68 2299 6011.40000 2582.97187  57.0%  3523  442s
   543   274 infeasible   75      6011.40000 2591.07273  56.9%  3431  485s
H  547   274                    6005.8000000 2591.07273  56.9%  3407  485s
H  584   274                    6002.0000000 2591.07273  56.8%  3422  485s
   585   291 2671.22357   11 4370 6002.00000 2591.07273  56.8%  3481  513s
H  592   291                    5956.0000000 2591.07273  56.5%  3488  513s
H  616   306                    5949.4000000 2591.07273  56.4%  3472  543s
H  619   306                    5930.8000000 2591.07273  56.3%  3473  543s
   643   330 infeasible   13      5930.80000 2591.07273  56.3%  3497  558s
   679   365 2724.29651   14 4454 5930.80000 2591.07273  56.3%  3463  573s
H  682   365                    5926.0000000 2591.07273  56.3%  3461  573s
H  716   365                    5922.6000000 2591.07273  56.3%  3376  573s
   718   406 2729.85561   16 4442 5922.60000 2591.07273  56.3%  3398  587s
   775   459 2773.57540   19 4298 5922.60000 2591.07273  56.3%  3270  602s
   844   515 2939.41801   22 3584 5922.60000 2591.07273  56.3%  3124  617s
H  918   555                    5913.6000000 2591.07273  56.2%  2973  631s
H  925   555                    5911.8000000 2591.07273  56.2%  2968  631s
   978   612 2975.80060   34 3069 5911.80000 2591.07273  56.2%  2876  646s
  1072   697 3044.37872   42 2823 5911.80000 2591.07273  56.2%  2714  663s
  1190   751 infeasible   53      5911.80000 2591.07273  56.2%  2523  713s
H 1309   751                    5907.8000000 2591.07273  56.1%  2422  715s
  1310   752 2603.92665   11 2444 5907.80000 2591.07273  56.1%  2420  911s

Explored 1311 nodes (3447341 simplex iterations) in 1000.05 seconds (1724.17 work units)
Thread count was 12 (of 12 available processors)

Solution count 10: 5907.8 5911.8 5913.6 ... 6005.8

Time limit reached
Best objective 5.907800000000e+03, best bound 2.591200000000e+03, gap 56.1393%

Gurobi 9.5.1 (win64) logging started Tue Apr 19 23:11:05 2022

Set parameter LogFile to value "./Log/Direct_MIP_Sshape_solver_840_order_42_batch.log"
Gurobi Optimizer version 9.5.1 build v9.5.1rc2 (win64)
Thread count: 6 physical cores, 12 logical processors, using up to 12 threads
Optimize a model with 68754 rows, 103152 columns and 316848 nonzeros
Model fingerprint: 0x0c9a25df
Variable types: 0 continuous, 103152 integer (103152 binary)
Coefficient statistics:
  Matrix range     [1e+00, 2e+01]
  Objective range  [4e-01, 2e+01]
  Bounds range     [1e+00, 1e+00]
  RHS range        [1e+00, 2e+01]
Found heuristic solution: objective 11624.400000
Presolve removed 35910 rows and 35910 columns
Presolve time: 0.68s
Presolved: 32844 rows, 67242 columns, 273252 nonzeros
Variable types: 0 continuous, 67242 integer (67242 binary)

Deterministic concurrent LP optimizer: primal and dual simplex
Showing first log only...


Use crossover to convert LP symmetric solution to basic solution...
Concurrent spin time: 0.01s

Solved with primal simplex

Root relaxation: objective 2.637430e+03, 35214 iterations, 0.25 seconds (0.26 work units)

    Nodes    |    Current Node    |     Objective Bounds      |     Work
 Expl Unexpl |  Obj  Depth IntInf | Incumbent    BestBd   Gap | It/Node Time

     0     0 2637.43000    0 2766 11624.4000 2637.43000  77.3%     -    5s
H    0     0                    10592.000000 2637.43000  75.1%     -    5s
H    0     0                    10495.400000 2637.43000  74.9%     -    5s
H    0     0                    8960.4000000 2637.43000  70.6%     -   10s
H    0     0                    8658.2000000 2637.43000  69.5%     -   10s
H    0     0                    8618.2000000 2637.43000  69.4%     -   10s
     0     0 2637.43000    0 4442 8618.20000 2637.43000  69.4%     -   11s
H    0     0                    8363.0000000 2637.43000  68.5%     -   12s
     0     0 2637.43000    0 3476 8363.00000 2637.43000  68.5%     -   13s
H    0     0                    8355.2000000 2637.43000  68.4%     -   20s
H    0     0                    8346.2000000 2637.43000  68.4%     -   20s
H    0     0                    8345.4000000 2637.43000  68.4%     -   20s
H    0     0                    8340.4000000 2637.43000  68.4%     -   20s
H    0     0                    8233.6000000 2637.43000  68.0%     -   20s
H    0     0                    8068.6000000 2637.43000  67.3%     -   20s
H    0     0                    7975.8000000 2637.43000  66.9%     -   20s
     0     0 2637.43000    0 2857 7975.80000 2637.43000  66.9%     -   20s
     0     0 2637.43000    0 2909 7975.80000 2637.43000  66.9%     -   21s
H    0     0                    7913.2000000 2637.43000  66.7%     -   28s
     0     0 2637.43000    0 2804 7913.20000 2637.43000  66.7%     -   29s
     0     0 2637.43000    0 2663 7913.20000 2637.43000  66.7%     -   31s
H    0     0                    7716.8000000 2637.43000  65.8%     -   32s
H    0     0                    7657.8000000 2637.43000  65.6%     -   47s
     0     2 2641.88667    0 2539 7657.80000 2641.88667  65.5%     -   51s
    10     4 2647.53419    4 3084 7657.80000 2644.20250  65.5%  1359   55s
H   11     4                    7624.6000000 2644.20250  65.3%  1235   57s
H   12     4                    7154.6000000 2644.20250  63.0%  1262   57s
    19    12 2663.63409    7 4203 7154.60000 2649.03714  63.0%  2275   70s
    25    16 2675.49340    8 4257 7154.60000 2663.65328  62.8%  4692   80s
    31    22 2674.98789    8 4856 7154.60000 2673.32545  62.6%  5736   90s
    37    25 2674.98789    9 4850 7154.60000 2673.32545  62.6%  5600   98s
H   44    31                    7026.2000000 2673.32545  62.0%  5828  139s
H   45    31                    6895.4000000 2673.32545  61.2%  5702  139s
H   48    31                    6891.2000000 2673.32545  61.2%  5367  139s
    50    37 2682.73350   12 3781 6891.20000 2673.32545  61.2%  5504  142s
    58    45 2684.08413   13 3933 6891.20000 2673.32545  61.2%  5125  147s
    68    54 2684.96739   13 3470 6891.20000 2673.32545  61.2%  4711  150s
H   77    54                    6886.4000000 2673.32545  61.2%  4203  150s
    83    58 2688.91350   14 3467 6886.40000 2673.32545  61.2%  4015  155s
    97    71 2693.55608   16 3349 6886.40000 2673.32545  61.2%  3633  160s
H  118    88                    6886.0000000 2673.32545  61.2%  3061  162s
H  125    88                    6871.6000000 2673.32545  61.1%  2897  162s
   151   117 2712.26294   23 3438 6871.60000 2673.32545  61.1%  2470  166s
H  162   117                    6864.4000000 2673.32545  61.1%  2326  166s
H  166   117                    6862.8000000 2673.32545  61.0%  2275  166s
   189   132 infeasible   26      6862.80000 2673.32545  61.0%  2041  171s
H  209   138                    6857.8000000 2673.32545  61.0%  1893  174s
H  212   138                    6845.2000000 2673.32545  60.9%  1877  174s
H  215   138                    6840.8000000 2673.32545  60.9%  1852  174s
   227   148 2730.61041   29 3386 6840.80000 2673.32545  60.9%  1776  176s
H  268   158                    6810.6000000 2673.32545  60.7%  1555  189s
H  270   158                    6789.2000000 2673.32545  60.6%  1555  189s
   283   168 2784.67540   32 3715 6789.20000 2673.32545  60.6%  1633  196s
   297   179 2913.08756   32 3678 6789.20000 2673.32545  60.6%  1671  201s
H  302   179                    6698.4000000 2673.32545  60.1%  1655  201s
H  312   187                    6675.4000000 2673.32545  60.0%  1635  216s
H  313   187                    6634.0000000 2673.32545  59.7%  1651  216s
   322   201 infeasible   30      6634.00000 2673.32545  59.7%  1690  220s
   346   210 2917.26252   33 3671 6634.00000 2673.32545  59.7%  1647  260s
H  348   210                    6512.2000000 2673.32545  58.9%  1651  260s
   357   244 2786.44332   33 3748 6512.20000 2673.32545  58.9%  1624  265s
   393   269 2863.81793   36 3420 6512.20000 2673.32545  58.9%  1511  272s
H  397   269                    6509.4000000 2673.32545  58.9%  1498  272s
   426   295 infeasible   39      6509.40000 2673.32545  58.9%  1420  277s
   468   322 2868.94310   41 3521 6509.40000 2673.32545  58.9%  1322  282s
   511   356 2928.02850   44 3025 6509.40000 2673.32545  58.9%  1246  287s
   557   386 2927.50937   46 2987 6509.40000 2673.32545  58.9%  1167  292s
   607   432 2951.32465   49 3021 6509.40000 2673.32545  58.9%  1091  297s
   663   479 2965.07889   52 2978 6509.40000 2673.32545  58.9%  1014  302s
   724   528 2968.68607   54 2956 6509.40000 2673.32545  58.9%   942  308s
   785   534 2984.44273   57 2849 6509.40000 2673.32545  58.9%   883  328s
   791   581 2984.44273   58 2845 6509.40000 2673.32545  58.9%   877  334s
   860   635 2990.44002   60 2843 6509.40000 2673.32545  58.9%   824  341s
   928   691 2993.65046   62 2808 6509.40000 2673.32545  58.9%   778  348s
  1001   765 3007.27280   65 2797 6509.40000 2673.32545  58.9%   733  354s
  1088   843 3026.02323   69 2875 6509.40000 2673.32545  58.9%   686  361s
  1179   915 3022.46251   71 2799 6509.40000 2673.32545  58.9%   642  368s
H 1282   915                    6495.6000000 2673.32545  58.8%   602  371s
  1283   916 4152.39003  218 2663 6495.60000 2673.32545  58.8%   601  452s

Explored 1284 nodes (1251333 simplex iterations) in 1000.05 seconds (1403.35 work units)
Thread count was 12 (of 12 available processors)

Solution count 10: 6495.6 6509.4 6512.2 ... 6845.2

Time limit reached
Best objective 6.495600000000e+03, best bound 2.673400000000e+03, gap 58.8429%

Gurobi 9.5.1 (win64) logging started Wed Apr 20 00:41:13 2022

Set parameter LogFile to value "./Log/Direct_MIP_Sshape_solver_840_order_42_batch.log"
Gurobi Optimizer version 9.5.1 build v9.5.1rc2 (win64)
Thread count: 6 physical cores, 12 logical processors, using up to 12 threads
Optimize a model with 68754 rows, 103152 columns and 316470 nonzeros
Model fingerprint: 0x972eb97b
Variable types: 0 continuous, 103152 integer (103152 binary)
Coefficient statistics:
  Matrix range     [1e+00, 2e+01]
  Objective range  [4e-01, 2e+01]
  Bounds range     [1e+00, 1e+00]
  RHS range        [1e+00, 2e+01]
Found heuristic solution: objective 11515.200000
Presolve removed 37548 rows and 37548 columns
Presolve time: 0.68s
Presolved: 31206 rows, 65604 columns, 271992 nonzeros
Variable types: 0 continuous, 65604 integer (65604 binary)

Deterministic concurrent LP optimizer: primal and dual simplex
Showing first log only...


Use crossover to convert LP symmetric solution to basic solution...
Concurrent spin time: 0.02s

Solved with primal simplex

Root relaxation: objective 2.636240e+03, 35214 iterations, 0.26 seconds (0.27 work units)

    Nodes    |    Current Node    |     Objective Bounds      |     Work
 Expl Unexpl |  Obj  Depth IntInf | Incumbent    BestBd   Gap | It/Node Time

     0     0 2636.24000    0 2716 11515.2000 2636.24000  77.1%     -    5s
H    0     0                    10433.400000 2636.24000  74.7%     -    5s
H    0     0                    10342.800000 2636.24000  74.5%     -    6s
H    0     0                    8357.6000000 2636.24000  68.5%     -   10s
     0     0 2636.24000    0 4722 8357.60000 2636.24000  68.5%     -   12s
H    0     0                    7881.8000000 2636.24000  66.6%     -   13s
H    0     0                    7879.4000000 2636.24000  66.5%     -   13s
H    0     0                    7580.6000000 2636.24000  65.2%     -   13s
H    0     0                    7528.0000000 2636.24000  65.0%     -   13s
     0     0 2636.24000    0 3519 7528.00000 2636.24000  65.0%     -   14s
     0     0 2636.24000    0 2740 7528.00000 2636.24000  65.0%     -   20s
     0     0 2636.24000    0 2788 7528.00000 2636.24000  65.0%     -   20s
H    0     0                    7441.0000000 2636.24000  64.6%     -   25s
H    0     0                    7381.0000000 2636.24000  64.3%     -   25s
     0     0 2636.24000    0 2740 7381.00000 2636.24000  64.3%     -   26s
H    0     0                    7329.0000000 2636.24000  64.0%     -   29s
     0     0 2636.24000    0 2532 7329.00000 2636.24000  64.0%     -   30s
H    0     0                    7110.2000000 2636.24000  62.9%     -   31s
H    0     0                    7063.6000000 2636.24000  62.7%     -   45s
     0     2 2636.24000    0 2532 7063.60000 2636.24000  62.7%     -   47s
     9     4 infeasible    5      7063.60000 2646.16000  62.5%  1142   51s
    22     6 infeasible    8      7063.60000 2649.65463  62.5%  1536   60s
    28    10 2672.90200    8 4062 7063.60000 2652.64957  62.4%  2940   70s
    34    16 2691.50920    9 4501 7063.60000 2665.95273  62.3%  3462   90s
H   40    22                    6985.6000000 2665.96472  61.8%  4773  133s
    46    30 2704.38158   11 3955 6985.60000 2665.96472  61.8%  6751  145s
    54    39 2701.59155   10 4309 6985.60000 2665.96472  61.8%  7510  163s
    63    44 2702.16846   11 4070 6985.60000 2665.96472  61.8%  6922  189s
H   74    49                    6952.0000000 2665.96472  61.7%  7202  195s
H   75    49                    6945.2000000 2665.96472  61.6%  7156  195s
H   80    49                    6927.4000000 2665.96472  61.5%  6822  195s
    92    65 2928.87682   14 3453 6927.40000 2665.96472  61.5%  6309  204s
H  107    73                    6909.2000000 2665.96472  61.4%  5715  207s
H  111    73                    6892.0000000 2665.96472  61.3%  5582  207s
   115    88 2947.32014   16 3333 6892.00000 2665.96472  61.3%  5469  210s
H  154   119                    6890.2000000 2665.96472  61.3%  4451  216s
H  157   119                    6882.8000000 2665.96472  61.3%  4436  216s
H  163   119                    6879.4000000 2665.96472  61.2%  4317  216s
   175   130 2950.95616   19 3430 6879.40000 2665.96472  61.2%  4098  220s
H  194   137                    6859.6000000 2665.96472  61.1%  3817  224s
H  200   137                    6859.2000000 2665.96472  61.1%  3765  224s
H  203   146                    6820.8000000 2665.96472  60.9%  3722  229s
H  214   146                    6817.6000000 2665.96472  60.9%  3598  229s
   226   161 3001.60479   20 3531 6817.60000 2665.96472  60.9%  3477  232s
   245   175 2973.23967   22 3580 6817.60000 2665.96472  60.9%  3391  237s
H  263   175                    6719.4000000 2665.96472  60.3%  3243  237s
H  267   182                    6703.8000000 2665.96472  60.2%  3223  241s
H  269   182                    6695.2000000 2665.96472  60.2%  3216  241s
H  304   213                    6635.6000000 2665.96472  59.8%  2984  250s
H  306   213                    6632.8000000 2665.96472  59.8%  2981  250s
H  310   213                    6606.8000000 2665.96472  59.6%  2966  250s
H  323   225                    6599.2000000 2665.96472  59.6%  2875  254s
H  337   225                    6597.4000000 2665.96472  59.6%  2798  254s
H  342   225                    6574.2000000 2665.96472  59.4%  2767  254s
H  345   230                    6430.2000000 2665.96472  58.5%  2747  307s
   352   250 3078.00802   25 3592 6430.20000 2665.96472  58.5%  2916  348s
H  374   260                    6429.2000000 2665.96472  58.5%  3110  390s
H  375   260                    6428.2000000 2665.96472  58.5%  3120  390s
H  376   260                    6425.2000000 2665.96472  58.5%  3346  390s
H  377   260                    6424.8000000 2665.96472  58.5%  3340  390s
   384   292 3081.35767   26 3588 6424.80000 2665.96472  58.5%  3293  416s
   418   297 3074.08128   27 3699 6424.80000 2665.96472  58.5%  3250  429s
H  419   297                    6418.2000000 2665.96472  58.5%  3243  429s
H  420   297                    6416.2000000 2665.96472  58.4%  3242  429s
   427   341 3087.21041   28 3583 6416.20000 2665.96472  58.4%  3208  444s
   473   381 3070.55311   27 3741 6416.20000 2665.96472  58.4%  3034  472s
   513   448 3116.86529   28 3505 6416.20000 2665.96472  58.4%  2898  480s
   580   518 3122.80341   31 3453 6416.20000 2665.96472  58.4%  2633  487s
   652   592 3116.32377   31 3277 6416.20000 2665.96472  58.4%  2423  495s
   728   684 3147.09737   34 3300 6416.20000 2665.96472  58.4%  2233  501s
   822   753 3161.18182   40 3293 6416.20000 2665.96472  58.4%  2035  575s
H  850   753                    6415.8000000 2665.96472  58.4%  1987  575s
H  857   753                    6415.2000000 2665.96472  58.4%  1976  575s
H  874   753                    6411.0000000 2665.96472  58.4%  1944  575s
   895   871 3161.18182   41 3317 6411.00000 2665.96472  58.4%  1905  583s
  1017  1001 3164.34252   44 3331 6411.00000 2665.96472  58.4%  1732  591s
  1151  1151 3168.29197   49 3295 6411.00000 2665.96472  58.4%  1574  599s
H 1303  1151                    6407.6000000 2665.96472  58.4%  1427  622s
  1304  1152 3013.23747   67 2532 6407.60000 2665.96472  58.4%  1426  681s

Explored 1305 nodes (2214712 simplex iterations) in 1000.06 seconds (1778.64 work units)
Thread count was 12 (of 12 available processors)

Solution count 10: 6407.6 6411 6415.2 ... 6429.2

Time limit reached
Best objective 6.407600000000e+03, best bound 2.666000000000e+03, gap 58.3932%

Gurobi 9.5.1 (win64) logging started Wed Apr 27 22:41:17 2022

Set parameter LogFile to value "./Log/Direct_MIP_Sshape_solver_840_order_42_batch.log"
Gurobi Optimizer version 9.5.1 build v9.5.1rc2 (win64)
Thread count: 6 physical cores, 12 logical processors, using up to 12 threads
Optimize a model with 76818 rows, 109200 columns and 429072 nonzeros
Model fingerprint: 0x8032a576
Model has 1974 quadratic constraints
Variable types: 0 continuous, 109200 integer (105168 binary)
Coefficient statistics:
  Matrix range     [1e+00, 5e+01]
  QMatrix range    [1e+00, 1e+00]
  QLMatrix range   [1e+00, 1e+00]
  Objective range  [4e-01, 4e+01]
  Bounds range     [1e+00, 1e+00]
  RHS range        [1e+00, 2e+01]
Presolve removed 32592 rows and 36372 columns
Presolve time: 0.97s
Presolved: 44226 rows, 72828 columns, 304836 nonzeros
Variable types: 0 continuous, 72828 integer (68922 binary)
Found heuristic solution: objective 16046.400000

Deterministic concurrent LP optimizer: primal and dual simplex
Showing first log only...


Use crossover to convert LP symmetric solution to basic solution...
Concurrent spin time: 0.05s

Solved with dual simplex

Root relaxation: objective 1.820480e+03, 39223 iterations, 1.83 seconds (3.58 work units)

    Nodes    |    Current Node    |     Objective Bounds      |     Work
 Expl Unexpl |  Obj  Depth IntInf | Incumbent    BestBd   Gap | It/Node Time

     0     0 1820.48000    0 10252 16046.4000 1820.48000  88.7%     -   28s
H    0     0                    15417.600000 1820.48000  88.2%     -   32s
H    0     0                    15282.800000 1820.48000  88.1%     -   44s
H    0     0                    15152.400000 1820.48000  88.0%     -   44s
     0     0 1820.48000    0 7432 15152.4000 1820.48000  88.0%     -   50s
H    0     0                    14941.600000 1820.48000  87.8%     -   55s
     0     0 2114.48000    0 7570 14941.6000 2114.48000  85.8%     -   58s
     0     0 2114.48000    0 7581 14941.6000 2114.48000  85.8%     -   59s
H    0     0                    14702.400000 2114.48000  85.6%     -   61s
H    0     0                    14649.200000 2666.48000  81.8%     -   80s
H    0     0                    14639.600000 2666.48000  81.8%     -   80s
H    0     0                    14631.200000 2666.48000  81.8%     -   80s
H    0     0                    14608.400000 2666.48000  81.7%     -   80s
     0     0 2666.48000    0 5978 14608.4000 2666.48000  81.7%     -   81s
H    0     0                    14411.600000 2908.26506  79.8%     -  188s
H    0     0                    14401.200000 2908.26506  79.8%     -  188s
H    0     0                    14379.600000 2908.26506  79.8%     -  189s
H    0     0                    14359.200000 2908.26506  79.7%     -  189s
H    0     0                    14358.000000 2908.26506  79.7%     -  189s
H    0     0                    14355.200000 2908.26506  79.7%     -  189s
H    0     0                    14352.400000 2908.26506  79.7%     -  189s
H    0     0                    14350.400000 2908.26506  79.7%     -  189s
H    0     0                    14348.000000 2908.26506  79.7%     -  189s
H    0     0                    14346.400000 2908.26506  79.7%     -  189s
H    0     0                    14344.400000 2908.26506  79.7%     -  189s
H    0     0                    14231.200000 2908.26506  79.6%     -  189s
H    0     0                    14230.800000 2908.26506  79.6%     -  189s
H    0     0                    14228.400000 2908.26506  79.6%     -  189s
H    0     0                    14225.200000 2908.26506  79.6%     -  189s
H    0     0                    14208.800000 2908.26506  79.5%     -  189s
H    0     0                    14206.000000 2908.26506  79.5%     -  189s
H    0     0                    14166.000000 2908.26506  79.5%     -  189s
H    0     0                    14162.400000 2908.26506  79.5%     -  189s
H    0     0                    14092.400000 2908.26506  79.4%     -  189s
H    0     0                    14090.000000 2908.26506  79.4%     -  189s
H    0     0                    14088.800000 2908.26506  79.4%     -  189s
H    0     0                    14083.200000 2908.26506  79.3%     -  189s
H    0     0                    14052.000000 2908.26506  79.3%     -  189s
H    0     0                    14047.600000 2908.26506  79.3%     -  189s
H    0     0                    14036.800000 2908.26506  79.3%     -  189s
H    0     0                    14031.600000 2908.26506  79.3%     -  189s
H    0     0                    14026.400000 2908.26506  79.3%     -  189s
H    0     0                    14021.600000 2908.26506  79.3%     -  189s
H    0     0                    14003.600000 2908.26506  79.2%     -  189s
H    0     0                    13995.200000 2908.26506  79.2%     -  189s
H    0     0                    13910.400000 2908.26506  79.1%     -  189s
H    0     0                    13906.800000 2908.26506  79.1%     -  189s
H    0     0                    13901.200000 2908.26506  79.1%     -  189s
H    0     0                    13893.600000 2908.26506  79.1%     -  189s
H    0     0                    13824.400000 2908.26506  79.0%     -  189s
H    0     0                    13815.600000 2908.26506  78.9%     -  189s
H    0     0                    13717.600000 2908.26506  78.8%     -  189s
H    0     0                    13526.400000 2908.26506  78.5%     -  231s
H    0     0                    13139.600000 2908.26506  77.9%     -  231s
H    0     0                    12866.800000 2908.26506  77.4%     -  231s
H    0     0                    12728.800000 2908.26506  77.2%     -  231s
H    0     0                    12672.800000 2908.26506  77.1%     -  231s
H    0     0                    12143.600000 2908.26506  76.1%     -  231s
H    0     0                    12088.000000 2908.26506  75.9%     -  231s
H    0     0                    12050.800000 2908.26506  75.9%     -  231s
H    0     0                    12050.400000 2908.26506  75.9%     -  231s
H    0     0                    12013.200000 2908.26506  75.8%     -  231s
H    0     0                    12010.800000 2908.26506  75.8%     -  231s
H    0     0                    11987.600000 2908.26506  75.7%     -  231s
H    0     0                    11986.800000 2908.26506  75.7%     -  231s
H    0     0                    11982.800000 2908.26506  75.7%     -  231s
H    0     0                    11981.600000 2908.26506  75.7%     -  231s
H    0     0                    11980.800000 2908.26506  75.7%     -  231s
H    0     0                    11962.400000 2908.26506  75.7%     -  231s
H    0     0                    11958.800000 2908.26506  75.7%     -  231s
H    0     0                    11924.000000 2908.26506  75.6%     -  231s
H    0     0                    11921.200000 2908.26506  75.6%     -  231s
H    0     0                    11861.600000 2908.26506  75.5%     -  231s
H    0     0                    11857.600000 2908.26506  75.5%     -  231s
H    0     0                    11817.200000 2908.26506  75.4%     -  231s
H    0     0                    11815.600000 2908.26506  75.4%     -  231s
H    0     0                    11814.000000 2908.26506  75.4%     -  231s
H    0     0                    11809.200000 2908.26506  75.4%     -  231s
H    0     0                    11807.600000 2908.26506  75.4%     -  231s
H    0     0                    11793.600000 2908.26506  75.3%     -  231s
H    0     0                    11789.600000 2908.26506  75.3%     -  231s
H    0     0                    11773.200000 2908.26506  75.3%     -  231s
H    0     0                    11766.400000 2908.26506  75.3%     -  231s
H    0     0                    11760.000000 2908.26506  75.3%     -  231s
H    0     0                    11757.200000 2908.26506  75.3%     -  231s
H    0     0                    11726.000000 2908.26506  75.2%     -  231s
H    0     0                    11722.400000 2908.26506  75.2%     -  231s
H    0     0                    11706.400000 2908.26506  75.2%     -  231s
H    0     0                    11702.000000 2908.26506  75.1%     -  231s
H    0     0                    11700.400000 2908.26506  75.1%     -  231s
H    0     0                    11697.200000 2908.26506  75.1%     -  231s
H    0     0                    11693.200000 2908.26506  75.1%     -  231s
H    0     0                    11689.600000 2908.26506  75.1%     -  231s
H    0     0                    11686.800000 2908.26506  75.1%     -  231s
H    0     0                    11684.800000 2908.26506  75.1%     -  231s
H    0     0                    11680.000000 2908.26506  75.1%     -  231s
H    0     0                    11678.000000 2908.26506  75.1%     -  231s
H    0     0                    11677.200000 2908.26506  75.1%     -  231s
H    0     0                    11676.400000 2908.26506  75.1%     -  231s
H    0     0                    11676.000000 2908.26506  75.1%     -  231s
H    0     0                    11654.800000 2908.26506  75.0%     -  231s
H    0     0                    11654.400000 2908.26506  75.0%     -  231s
H    0     0                    11649.200000 2908.26506  75.0%     -  231s
H    0     0                    11604.400000 2908.26506  74.9%     -  231s
H    0     0                    11604.000000 2908.26506  74.9%     -  231s
H    0     0                    11603.600000 2908.26506  74.9%     -  231s
H    0     0                    11602.400000 2908.26506  74.9%     -  231s
H    0     0                    11596.000000 2908.26506  74.9%     -  231s
H    0     0                    11585.600000 2908.26506  74.9%     -  231s
H    0     0                    11555.600000 2908.26506  74.8%     -  231s
     0     0 2908.26506    0 10363 11555.6000 2908.26506  74.8%     -  232s
H    0     0                    11549.600000 3365.93019  70.9%     -  270s
H    0     0                    11547.600000 3365.93019  70.9%     -  270s
H    0     0                    11527.600000 3365.93019  70.8%     -  270s
     0     0 3365.93019    0 9765 11527.6000 3365.93019  70.8%     -  271s
     0     0 3390.28736    0 10107 11527.6000 3390.28736  70.6%     -  301s
     0     0 3396.78714    0 10176 11527.6000 3396.78714  70.5%     -  345s
H    0     0                    11526.000000 3398.33634  70.5%     -  379s
     0     0 3398.33634    0 9973 11526.0000 3398.33634  70.5%     -  380s
     0     0 3399.30597    0 9899 11526.0000 3399.30597  70.5%     -  403s
     0     0 3400.52066    0 9810 11526.0000 3400.52066  70.5%     -  415s
     0     0 3401.58116    0 9900 11526.0000 3401.58116  70.5%     -  496s
     0     0 3401.58116    0 9721 11526.0000 3401.58116  70.5%     -  497s
     0     0 3454.07171    0 10379 11526.0000 3454.07171  70.0%     -  547s
H    0     0                    11525.200000 4071.14504  64.7%     -  750s
     0     0 4071.14504    0 11394 11525.2000 4071.14504  64.7%     -  752s
     0     0 4256.36299    0 10493 11525.2000 4256.36299  63.1%     -  906s
     0     0 4264.07485    0 10985 11525.2000 4264.07485  63.0%     -  995s
     0     0          -    0      11525.2000 4264.07485  63.0%     - 1000s

Cutting planes:
  Learned: 58
  Gomory: 1
  Cover: 4287
  Implied bound: 472
  Clique: 1488
  MIR: 606
  StrongCG: 187
  Flow cover: 295
  Zero half: 2067
  Network: 22
  RLT: 881
  Relax-and-lift: 1063

Explored 1 nodes (795197 simplex iterations) in 1000.18 seconds (1021.72 work units)
Thread count was 12 (of 12 available processors)

Solution count 10: 11525.2 11526 11527.6 ... 11603.6

Time limit reached
Best objective 1.152520000000e+04, best bound 4.264400000000e+03, gap 62.9993%

Gurobi 9.5.1 (win64) logging started Wed Apr 27 23:14:49 2022

Set parameter LogFile to value "./Log/Direct_MIP_Sshape_solver_840_order_42_batch.log"
Gurobi Optimizer version 9.5.1 build v9.5.1rc2 (win64)
Thread count: 6 physical cores, 12 logical processors, using up to 12 threads
Optimize a model with 76818 rows, 109200 columns and 429618 nonzeros
Model fingerprint: 0x2fa13d46
Model has 1974 quadratic constraints
Variable types: 0 continuous, 109200 integer (105168 binary)
Coefficient statistics:
  Matrix range     [1e+00, 5e+01]
  QMatrix range    [1e+00, 1e+00]
  QLMatrix range   [1e+00, 1e+00]
  Objective range  [4e-01, 4e+01]
  Bounds range     [1e+00, 1e+00]
  RHS range        [1e+00, 2e+01]
Presolve removed 32172 rows and 35952 columns
Presolve time: 1.05s
Presolved: 44646 rows, 73248 columns, 305676 nonzeros
Variable types: 0 continuous, 73248 integer (69342 binary)
Found heuristic solution: objective 16045.200000

Deterministic concurrent LP optimizer: primal and dual simplex
Showing first log only...


Use crossover to convert LP symmetric solution to basic solution...
Concurrent spin time: 0.09s

Solved with primal simplex

Root relaxation: objective 1.838000e+03, 39242 iterations, 1.94 seconds (3.93 work units)

    Nodes    |    Current Node    |     Objective Bounds      |     Work
 Expl Unexpl |  Obj  Depth IntInf | Incumbent    BestBd   Gap | It/Node Time

     0     0 1838.00000    0 10524 16045.2000 1838.00000  88.5%     -   33s
H    0     0                    15432.800000 1838.00000  88.1%     -   59s
H    0     0                    15314.800000 1838.00000  88.0%     -   59s
H    0     0                    15195.200000 1838.00000  87.9%     -   59s
H    0     0                    15169.200000 1838.00000  87.9%     -   59s
H    0     0                    15059.200000 1838.00000  87.8%     -   59s
     0     0 2132.00000    0 7282 15059.2000 2132.00000  85.8%     -   69s
H    0     0                    14902.400000 2132.00000  85.7%     -   70s
H    0     0                    14820.400000 2132.00000  85.6%     -   71s
H    0     0                    14750.000000 2132.00000  85.5%     -   71s
     0     0 2132.00000    0 7443 14750.0000 2132.00000  85.5%     -   72s
     0     0 2132.00000    0 7380 14750.0000 2132.00000  85.5%     -   72s
H    0     0                    14703.200000 2779.02035  81.1%     -   96s
H    0     0                    14690.800000 2779.02035  81.1%     -   96s
H    0     0                    14619.200000 2779.02035  81.0%     -   96s
H    0     0                    14531.200000 2779.02035  80.9%     -   96s
H    0     0                    14523.600000 2779.02035  80.9%     -   96s
     0     0 2779.02035    0 8221 14523.6000 2779.02035  80.9%     -   97s
H    0     0                    14474.400000 2916.49147  79.9%     -  198s
H    0     0                    14453.200000 2916.49147  79.8%     -  198s
H    0     0                    14430.400000 2916.49147  79.8%     -  198s
H    0     0                    14427.600000 2916.49147  79.8%     -  198s
H    0     0                    14370.400000 2916.49147  79.7%     -  198s
H    0     0                    14365.200000 2916.49147  79.7%     -  198s
H    0     0                    14361.600000 2916.49147  79.7%     -  198s
H    0     0                    14360.400000 2916.49147  79.7%     -  198s
H    0     0                    14358.400000 2916.49147  79.7%     -  198s
H    0     0                    14357.200000 2916.49147  79.7%     -  198s
H    0     0                    14354.000000 2916.49147  79.7%     -  198s
H    0     0                    14353.200000 2916.49147  79.7%     -  198s
H    0     0                    14351.200000 2916.49147  79.7%     -  198s
H    0     0                    14350.400000 2916.49147  79.7%     -  198s
H    0     0                    14349.600000 2916.49147  79.7%     -  198s
H    0     0                    14346.800000 2916.49147  79.7%     -  198s
H    0     0                    14343.600000 2916.49147  79.7%     -  198s
H    0     0                    14322.800000 2916.49147  79.6%     -  198s
H    0     0                    14319.200000 2916.49147  79.6%     -  198s
H    0     0                    14245.600000 2916.49147  79.5%     -  198s
H    0     0                    14240.000000 2916.49147  79.5%     -  198s
H    0     0                    14236.400000 2916.49147  79.5%     -  198s
H    0     0                    14202.000000 2916.49147  79.5%     -  198s
H    0     0                    14199.200000 2916.49147  79.5%     -  198s
H    0     0                    14198.800000 2916.49147  79.5%     -  198s
H    0     0                    14194.000000 2916.49147  79.5%     -  198s
H    0     0                    14186.000000 2916.49147  79.4%     -  198s
H    0     0                    14115.200000 2916.49147  79.3%     -  198s
H    0     0                    14111.200000 2916.49147  79.3%     -  198s
H    0     0                    14093.200000 2916.49147  79.3%     -  198s
H    0     0                    14090.400000 2916.49147  79.3%     -  198s
H    0     0                    14085.200000 2916.49147  79.3%     -  198s
H    0     0                    14053.200000 2916.49147  79.2%     -  198s
H    0     0                    14050.000000 2916.49147  79.2%     -  198s
H    0     0                    14032.000000 2916.49147  79.2%     -  199s
H    0     0                    14027.600000 2916.49147  79.2%     -  199s
H    0     0                    14004.800000 2916.49147  79.2%     -  199s
H    0     0                    13826.000000 2916.49147  78.9%     -  250s
H    0     0                    13039.600000 2916.49147  77.6%     -  250s
H    0     0                    12530.800000 2916.49147  76.7%     -  250s
H    0     0                    12394.400000 2916.49147  76.5%     -  250s
H    0     0                    12380.800000 2916.49147  76.4%     -  250s
H    0     0                    12357.600000 2916.49147  76.4%     -  250s
H    0     0                    12158.800000 2916.49147  76.0%     -  250s
H    0     0                    12071.600000 2916.49147  75.8%     -  250s
H    0     0                    12035.600000 2916.49147  75.8%     -  250s
H    0     0                    12034.400000 2916.49147  75.8%     -  250s
H    0     0                    12012.400000 2916.49147  75.7%     -  250s
H    0     0                    11932.800000 2916.49147  75.6%     -  250s
H    0     0                    11877.600000 2916.49147  75.4%     -  250s
H    0     0                    11876.400000 2916.49147  75.4%     -  250s
H    0     0                    11870.800000 2916.49147  75.4%     -  250s
H    0     0                    11869.200000 2916.49147  75.4%     -  250s
H    0     0                    11862.800000 2916.49147  75.4%     -  250s
H    0     0                    11861.600000 2916.49147  75.4%     -  250s
H    0     0                    11860.400000 2916.49147  75.4%     -  250s
H    0     0                    11857.200000 2916.49147  75.4%     -  250s
H    0     0                    11855.200000 2916.49147  75.4%     -  250s
H    0     0                    11854.400000 2916.49147  75.4%     -  250s
H    0     0                    11851.600000 2916.49147  75.4%     -  250s
H    0     0                    11851.200000 2916.49147  75.4%     -  250s
H    0     0                    11846.800000 2916.49147  75.4%     -  250s
H    0     0                    11836.800000 2916.49147  75.4%     -  251s
H    0     0                    11833.200000 2916.49147  75.4%     -  251s
H    0     0                    11831.200000 2916.49147  75.3%     -  251s
H    0     0                    11828.800000 2916.49147  75.3%     -  251s
H    0     0                    11825.200000 2916.49147  75.3%     -  251s
H    0     0                    11824.400000 2916.49147  75.3%     -  251s
H    0     0                    11820.000000 2916.49147  75.3%     -  251s
H    0     0                    11818.000000 2916.49147  75.3%     -  251s
H    0     0                    11815.600000 2916.49147  75.3%     -  251s
H    0     0                    11814.800000 2916.49147  75.3%     -  251s
H    0     0                    11810.400000 2916.49147  75.3%     -  251s
H    0     0                    11808.000000 2916.49147  75.3%     -  251s
H    0     0                    11804.800000 2916.49147  75.3%     -  251s
H    0     0                    11804.000000 2916.49147  75.3%     -  251s
H    0     0                    11800.400000 2916.49147  75.3%     -  251s
H    0     0                    11796.800000 2916.49147  75.3%     -  251s
H    0     0                    11780.000000 2916.49147  75.2%     -  251s
H    0     0                    11775.600000 2916.49147  75.2%     -  251s
H    0     0                    11772.400000 2916.49147  75.2%     -  251s
H    0     0                    11772.000000 2916.49147  75.2%     -  251s
H    0     0                    11766.000000 2916.49147  75.2%     -  251s
H    0     0                    11761.200000 2916.49147  75.2%     -  251s
H    0     0                    11760.400000 2916.49147  75.2%     -  251s
H    0     0                    11759.600000 2916.49147  75.2%     -  251s
H    0     0                    11759.200000 2916.49147  75.2%     -  251s
H    0     0                    11758.800000 2916.49147  75.2%     -  251s
H    0     0                    11709.600000 2916.49147  75.1%     -  251s
H    0     0                    11709.200000 2916.49147  75.1%     -  251s
H    0     0                    11690.400000 2916.49147  75.1%     -  251s
H    0     0                    11689.600000 2916.49147  75.1%     -  251s
H    0     0                    11688.800000 2916.49147  75.0%     -  251s
H    0     0                    11674.400000 2916.49147  75.0%     -  251s
H    0     0                    11674.000000 2916.49147  75.0%     -  251s
H    0     0                    11673.200000 2916.49147  75.0%     -  251s
H    0     0                    11671.200000 2916.49147  75.0%     -  251s
H    0     0                    11670.000000 2916.49147  75.0%     -  251s
H    0     0                    11669.200000 2916.49147  75.0%     -  251s
H    0     0                    11668.400000 2916.49147  75.0%     -  251s
H    0     0                    11659.200000 2916.49147  75.0%     -  251s
H    0     0                    11654.000000 2916.49147  75.0%     -  251s
H    0     0                    11651.600000 2916.49147  75.0%     -  251s
H    0     0                    11651.200000 2916.49147  75.0%     -  251s
H    0     0                    11634.000000 2916.49147  74.9%     -  251s
H    0     0                    11602.000000 2916.49147  74.9%     -  251s
H    0     0                    11601.600000 2916.49147  74.9%     -  251s
H    0     0                    11584.000000 2916.49147  74.8%     -  251s
H    0     0                    11570.800000 2916.49147  74.8%     -  251s
H    0     0                    11556.000000 2916.49147  74.8%     -  251s
     0     0 2916.49147    0 10078 11556.0000 2916.49147  74.8%     -  252s
     0     0 3040.79294    0 9920 11556.0000 3040.79294  73.7%     -  290s
H    0     0                    11449.200000 3522.45109  69.2%     -  334s
     0     0 3522.45109    0 9160 11449.2000 3522.45109  69.2%     -  335s
     0     0 3572.12337    0 9101 11449.2000 3572.12337  68.8%     -  345s
     0     0 3582.14577    0 8948 11449.2000 3582.14577  68.7%     -  352s
     0     0 3584.63278    0 8813 11449.2000 3584.63278  68.7%     -  357s
     0     0 3585.41194    0 8761 11449.2000 3585.41194  68.7%     -  360s
     0     0 3585.41194    0 8747 11449.2000 3585.41194  68.7%     -  361s
     0     0 3585.41194    0 9710 11449.2000 3585.41194  68.7%     -  414s
     0     0          -    0      11449.2000 3585.41194  68.7%     - 1000s

Cutting planes:
  Learned: 88
  Cover: 5432
  Implied bound: 540
  Clique: 1473
  MIR: 480
  StrongCG: 145
  Flow cover: 275
  Zero half: 1676
  Network: 52
  RLT: 1117
  Relax-and-lift: 504

Explored 1 nodes (629085 simplex iterations) in 1000.19 seconds (980.08 work units)
Thread count was 12 (of 12 available processors)

Solution count 10: 11449.2 11556 11570.8 ... 11654

Time limit reached
Best objective 1.144920000000e+04, best bound 3.585600000000e+03, gap 68.6825%

Gurobi 9.5.1 (win64) logging started Wed May 25 23:06:21 2022

Set parameter LogFile to value "./Log/Direct_MIP_Sshape_solver_840_order_42_batch.log"
Gurobi Optimizer version 9.5.1 build v9.5.1rc2 (win64)
Thread count: 6 physical cores, 12 logical processors, using up to 12 threads
Optimize a model with 76818 rows, 109200 columns and 430332 nonzeros
Model fingerprint: 0xf20f9710
Model has 1974 quadratic constraints
Variable types: 0 continuous, 109200 integer (105168 binary)
Coefficient statistics:
  Matrix range     [1e+00, 5e+01]
  QMatrix range    [1e+00, 1e+00]
  QLMatrix range   [1e+00, 1e+00]
  Objective range  [4e-01, 4e+01]
  Bounds range     [1e+00, 1e+00]
  RHS range        [1e+00, 2e+01]
Presolve removed 33432 rows and 37212 columns
Presolve time: 1.18s
Presolved: 43386 rows, 71988 columns, 301728 nonzeros
Variable types: 0 continuous, 71988 integer (68082 binary)
Found heuristic solution: objective 16104.400000

Deterministic concurrent LP optimizer: primal and dual simplex
Showing first log only...


Use crossover to convert LP symmetric solution to basic solution...
Concurrent spin time: 0.02s

Solved with dual simplex

Root relaxation: objective 1.882960e+03, 39225 iterations, 2.24 seconds (4.69 work units)
Total elapsed time = 20.33s

    Nodes    |    Current Node    |     Objective Bounds      |     Work
 Expl Unexpl |  Obj  Depth IntInf | Incumbent    BestBd   Gap | It/Node Time

     0     0 1882.96000    0 9347 16104.4000 1882.96000  88.3%     -   53s
H    0     0                    15827.600000 1882.96000  88.1%     -   53s
H    0     0                    15228.800000 1882.96000  87.6%     -  114s
H    0     0                    15044.000000 1882.96000  87.5%     -  114s
H    0     0                    14935.200000 1882.96000  87.4%     -  114s
H    0     0                    14931.200000 1882.96000  87.4%     -  114s
H    0     0                    14851.200000 1882.96000  87.3%     -  114s
H    0     0                    14778.000000 1882.96000  87.3%     -  114s
H    0     0                    14684.400000 1882.96000  87.2%     -  114s
H    0     0                    14524.000000 1882.96000  87.0%     -  114s
H    0     0                    14500.000000 1882.96000  87.0%     -  114s
H    0     0                    14437.600000 1882.96000  87.0%     -  114s
H    0     0                    14339.600000 1882.96000  86.9%     -  114s
     0     0 2176.96000    0 7956 14339.6000 2176.96000  84.8%     -  119s
H    0     0                    14099.600000 2176.96000  84.6%     -  123s
H    0     0                    14040.000000 2386.96000  83.0%     -  154s
H    0     0                    14036.400000 2386.96000  83.0%     -  154s
H    0     0                    14030.000000 2386.96000  83.0%     -  154s
     0     0 2912.04886    0 8645 14030.0000 2912.04886  79.2%     -  155s
H    0     0                    14028.000000 2912.04886  79.2%     -  169s
H    0     0                    14027.600000 2912.04886  79.2%     -  169s
H    0     0                    14023.600000 2912.04886  79.2%     -  169s
H    0     0                    14017.600000 2912.04886  79.2%     -  169s
H    0     0                    14016.800000 2912.04886  79.2%     -  169s
H    0     0                    14013.200000 2912.04886  79.2%     -  169s
H    0     0                    14010.800000 2912.04886  79.2%     -  169s
     0     0 3129.31891    0 8165 14010.8000 3129.31891  77.7%     -  170s
H    0     0                    13990.000000 3129.31891  77.6%     -  173s
H    0     0                    13989.200000 3164.93297  77.4%     -  241s
H    0     0                    13988.000000 3164.93297  77.4%     -  241s
H    0     0                    13986.800000 3164.93297  77.4%     -  241s
H    0     0                    13985.200000 3164.93297  77.4%     -  241s
H    0     0                    13984.000000 3164.93297  77.4%     -  241s
H    0     0                    13982.400000 3164.93297  77.4%     -  241s
H    0     0                    13982.000000 3164.93297  77.4%     -  241s
H    0     0                    13979.600000 3164.93297  77.4%     -  241s
H    0     0                    13979.200000 3164.93297  77.4%     -  241s
H    0     0                    13978.000000 3164.93297  77.4%     -  241s
H    0     0                    13931.600000 3164.93297  77.3%     -  241s
H    0     0                    13929.200000 3164.93297  77.3%     -  241s
H    0     0                    13923.600000 3164.93297  77.3%     -  241s
H    0     0                    13854.800000 3164.93297  77.2%     -  241s
H    0     0                    13849.600000 3164.93297  77.1%     -  241s
H    0     0                    13813.600000 3164.93297  77.1%     -  241s
H    0     0                    13809.200000 3164.93297  77.1%     -  241s
H    0     0                    13730.000000 3164.93297  76.9%     -  241s
H    0     0                    13727.200000 3164.93297  76.9%     -  241s
H    0     0                    13722.800000 3164.93297  76.9%     -  241s
H    0     0                    13721.200000 3164.93297  76.9%     -  241s
H    0     0                    13648.400000 3164.93297  76.8%     -  241s
H    0     0                    13641.200000 3164.93297  76.8%     -  241s
H    0     0                    13624.000000 3164.93297  76.8%     -  241s
H    0     0                    13622.400000 3164.93297  76.8%     -  241s
H    0     0                    13617.200000 3164.93297  76.8%     -  241s
H    0     0                    13616.800000 3164.93297  76.8%     -  241s
H    0     0                    13609.600000 3164.93297  76.7%     -  241s
     0     0 3181.26437    0 7072 13609.6000 3181.26437  76.6%     -  242s
H    0     0                    13576.400000 3333.64014  75.4%     -  363s
H    0     0                    13570.400000 3333.64014  75.4%     -  363s
H    0     0                    13460.800000 3333.64014  75.2%     -  363s
H    0     0                    13448.000000 3333.64014  75.2%     -  363s
H    0     0                    13331.600000 3333.64014  75.0%     -  363s
H    0     0                    13325.600000 3333.64014  75.0%     -  363s
H    0     0                    13314.000000 3333.64014  75.0%     -  363s
H    0     0                    13214.800000 3333.64014  74.8%     -  363s
H    0     0                    13181.200000 3333.64014  74.7%     -  363s
H    0     0                    13157.600000 3333.64014  74.7%     -  363s
H    0     0                    13140.400000 3333.64014  74.6%     -  363s
H    0     0                    13125.600000 3333.64014  74.6%     -  363s
H    0     0                    13108.000000 3333.64014  74.6%     -  364s
H    0     0                    13092.800000 3333.64014  74.5%     -  364s
H    0     0                    13067.200000 3333.64014  74.5%     -  364s
H    0     0                    13065.600000 3333.64014  74.5%     -  364s
H    0     0                    13046.000000 3333.64014  74.4%     -  364s
H    0     0                    13043.200000 3333.64014  74.4%     -  364s
H    0     0                    13028.000000 3333.64014  74.4%     -  364s
H    0     0                    13026.400000 3333.64014  74.4%     -  364s
H    0     0                    13009.200000 3333.64014  74.4%     -  364s
H    0     0                    13008.400000 3333.64014  74.4%     -  364s
H    0     0                    13007.200000 3333.64014  74.4%     -  364s
H    0     0                    13006.400000 3333.64014  74.4%     -  364s
H    0     0                    13006.000000 3333.64014  74.4%     -  364s
H    0     0                    12990.800000 3333.64014  74.3%     -  364s
H    0     0                    12974.400000 3333.64014  74.3%     -  364s
H    0     0                    12947.600000 3333.64014  74.3%     -  364s
H    0     0                    12945.600000 3333.64014  74.2%     -  364s
H    0     0                    12937.600000 3333.64014  74.2%     -  364s
H    0     0                    12936.400000 3333.64014  74.2%     -  364s
H    0     0                    12934.000000 3333.64014  74.2%     -  364s
H    0     0                    12897.600000 3333.64014  74.2%     -  364s
H    0     0                    12879.600000 3333.64014  74.1%     -  364s
     0     0 3780.68243    0 10228 12879.6000 3780.68243  70.6%     -  365s
H    0     0                    12812.800000 3795.84395  70.4%     -  446s
H    0     0                    12792.800000 3795.84395  70.3%     -  446s
H    0     0                    12791.600000 3795.84395  70.3%     -  446s
H    0     0                    12790.400000 3795.84395  70.3%     -  446s
H    0     0                    12756.400000 3795.84395  70.2%     -  446s
H    0     0                    12740.400000 3795.84395  70.2%     -  446s
H    0     0                    12738.400000 3795.84395  70.2%     -  446s
H    0     0                    12735.200000 3795.84395  70.2%     -  446s
H    0     0                    12734.000000 3795.84395  70.2%     -  446s
     0     0 3795.84395    0 10134 12734.0000 3795.84395  70.2%     -  447s
     0     0 3930.43604    0 10258 12734.0000 3930.43604  69.1%     -  485s
     0     0 3948.87301    0 10301 12734.0000 3948.87301  69.0%     -  519s
     0     0 3953.59152    0 10551 12734.0000 3953.59152  69.0%     -  543s
     0     0 3956.46624    0 10399 12734.0000 3956.46624  68.9%     -  567s
     0     0 3957.55540    0 10405 12734.0000 3957.55540  68.9%     -  601s
     0     0 3958.76013    0 10373 12734.0000 3958.76013  68.9%     -  657s
     0     0 3959.19780    0 10320 12734.0000 3959.19780  68.9%     -  715s
     0     0 3959.32824    0 10456 12734.0000 3959.32824  68.9%     -  760s
     0     0 4170.64990    0 10613 12734.0000 4170.64990  67.2%     -  927s
H    0     0                    12675.200000 4170.64990  67.1%     -  928s
     0     0          -    0      12675.2000 4170.64990  67.1%     - 1000s

Cutting planes:
  Learned: 92
  Gomory: 4
  Cover: 4004
  Implied bound: 394
  Clique: 1402
  MIR: 717
  StrongCG: 110
  Flow cover: 662
  Zero half: 2594
  Network: 36
  RLT: 857
  Relax-and-lift: 656
  PSD: 36

Explored 1 nodes (883491 simplex iterations) in 1000.12 seconds (1008.29 work units)
Thread count was 12 (of 12 available processors)

Solution count 10: 12675.2 12734 12735.2 ... 12812.8

Time limit reached
Best objective 1.267520000000e+04, best bound 4.170800000000e+03, gap 67.0948%

Gurobi 9.5.1 (win64) logging started Wed May 25 23:23:06 2022

Set parameter LogFile to value "./Log/Direct_MIP_Sshape_solver_840_order_42_batch.log"
Gurobi Optimizer version 9.5.1 build v9.5.1rc2 (win64)
Thread count: 6 physical cores, 12 logical processors, using up to 12 threads
Optimize a model with 76818 rows, 109200 columns and 430668 nonzeros
Model fingerprint: 0x6ef1428f
Model has 1974 quadratic constraints
Variable types: 0 continuous, 109200 integer (105168 binary)
Coefficient statistics:
  Matrix range     [1e+00, 5e+01]
  QMatrix range    [1e+00, 1e+00]
  QLMatrix range   [1e+00, 1e+00]
  Objective range  [4e-01, 4e+01]
  Bounds range     [1e+00, 1e+00]
  RHS range        [1e+00, 2e+01]
Presolve removed 33012 rows and 36792 columns
Presolve time: 1.00s
Presolved: 43806 rows, 72408 columns, 303072 nonzeros
Variable types: 0 continuous, 72408 integer (68502 binary)
Found heuristic solution: objective 16196.000000

Deterministic concurrent LP optimizer: primal and dual simplex
Showing first log only...


Use crossover to convert LP symmetric solution to basic solution...
Concurrent spin time: 0.02s

Solved with dual simplex

Root relaxation: objective 1.880000e+03, 39223 iterations, 1.52 seconds (2.79 work units)
Total elapsed time = 15.01s

    Nodes    |    Current Node    |     Objective Bounds      |     Work
 Expl Unexpl |  Obj  Depth IntInf | Incumbent    BestBd   Gap | It/Node Time

     0     0 1880.00000    0 9337 16196.0000 1880.00000  88.4%     -   42s
H    0     0                    15956.800000 1880.00000  88.2%     -   42s
H    0     0                    15398.400000 1880.00000  87.8%     -  118s
H    0     0                    15084.800000 1880.00000  87.5%     -  118s
H    0     0                    14871.600000 1880.00000  87.4%     -  118s
H    0     0                    14862.800000 1880.00000  87.4%     -  118s
H    0     0                    14696.000000 1880.00000  87.2%     -  118s
H    0     0                    14692.800000 1880.00000  87.2%     -  118s
H    0     0                    14587.200000 1880.00000  87.1%     -  118s
H    0     0                    14582.000000 1880.00000  87.1%     -  118s
H    0     0                    14579.600000 1880.00000  87.1%     -  118s
H    0     0                    14531.200000 1880.00000  87.1%     -  118s
H    0     0                    14509.600000 1880.00000  87.0%     -  118s
H    0     0                    14506.800000 1880.00000  87.0%     -  118s
     0     0 2174.00000    0 7659 14506.8000 2174.00000  85.0%     -  125s
H    0     0                    14427.200000 2174.00000  84.9%     -  129s
H    0     0                    14403.600000 2528.00000  82.4%     -  140s
H    0     0                    14366.000000 2528.00000  82.4%     -  140s
H    0     0                    14365.200000 2528.00000  82.4%     -  140s
H    0     0                    14339.600000 2528.00000  82.4%     -  140s
H    0     0                    14337.600000 2528.00000  82.4%     -  140s
     0     0 3083.60000    0 7966 14337.6000 3083.60000  78.5%     -  141s
H    0     0                    14336.800000 3083.60000  78.5%     -  149s
     0     0 3083.60000    0 7879 14336.8000 3083.60000  78.5%     -  149s
H    0     0                    14335.600000 3159.13551  78.0%     -  201s
H    0     0                    14333.200000 3159.13551  78.0%     -  201s
H    0     0                    14332.800000 3159.13551  78.0%     -  201s
H    0     0                    14287.600000 3159.13551  77.9%     -  201s
H    0     0                    14287.200000 3159.13551  77.9%     -  201s
H    0     0                    14233.600000 3159.13551  77.8%     -  201s
H    0     0                    14232.800000 3159.13551  77.8%     -  201s
H    0     0                    14229.600000 3159.13551  77.8%     -  201s
H    0     0                    14226.800000 3159.13551  77.8%     -  201s
H    0     0                    14226.400000 3159.13551  77.8%     -  201s
H    0     0                    14226.000000 3159.13551  77.8%     -  201s
H    0     0                    14225.200000 3159.13551  77.8%     -  201s
H    0     0                    14102.000000 3159.13551  77.6%     -  201s
H    0     0                    14098.000000 3159.13551  77.6%     -  201s
H    0     0                    14080.000000 3159.13551  77.6%     -  201s
H    0     0                    14075.200000 3159.13551  77.6%     -  201s
H    0     0                    14070.000000 3159.13551  77.5%     -  201s
H    0     0                    14060.800000 3159.13551  77.5%     -  201s
H    0     0                    14058.000000 3159.13551  77.5%     -  201s
     0     0 3700.82723    0 5392 14058.0000 3700.82723  73.7%     -  201s
H    0     0                    14054.400000 3700.82723  73.7%     -  287s
H    0     0                    14053.200000 3700.82723  73.7%     -  287s
H    0     0                    14048.400000 3700.82723  73.7%     -  287s
H    0     0                    13992.800000 3700.82723  73.6%     -  287s
H    0     0                    13988.400000 3700.82723  73.5%     -  287s
H    0     0                    13887.600000 3700.82723  73.4%     -  287s
H    0     0                    13874.800000 3700.82723  73.3%     -  287s
H    0     0                    13869.200000 3700.82723  73.3%     -  288s
H    0     0                    13867.600000 3700.82723  73.3%     -  288s
H    0     0                    13862.000000 3700.82723  73.3%     -  288s
H    0     0                    13835.200000 3700.82723  73.3%     -  288s
H    0     0                    13828.800000 3700.82723  73.2%     -  288s
H    0     0                    13818.800000 3700.82723  73.2%     -  288s
H    0     0                    13812.800000 3700.82723  73.2%     -  288s
H    0     0                    13811.200000 3700.82723  73.2%     -  288s
H    0     0                    13806.800000 3700.82723  73.2%     -  288s
H    0     0                    13757.600000 3700.82723  73.1%     -  288s
H    0     0                    13755.200000 3700.82723  73.1%     -  288s
H    0     0                    13664.800000 3700.82723  72.9%     -  288s
H    0     0                    13662.400000 3700.82723  72.9%     -  288s
H    0     0                    13647.200000 3700.82723  72.9%     -  288s
H    0     0                    13513.600000 3700.82723  72.6%     -  288s
H    0     0                    13480.000000 3700.82723  72.5%     -  288s
H    0     0                    13451.200000 3700.82723  72.5%     -  288s
     0     0 3700.82723    0 10057 13451.2000 3700.82723  72.5%     -  289s
H    0     0                    13448.400000 3824.37101  71.6%     -  386s
H    0     0                    13447.200000 3824.37101  71.6%     -  386s
H    0     0                    13431.200000 3824.37101  71.5%     -  386s
H    0     0                    13418.400000 3824.37101  71.5%     -  386s
H    0     0                    13349.200000 3824.37101  71.4%     -  386s
H    0     0                    13279.600000 3824.37101  71.2%     -  386s
H    0     0                    13260.000000 3824.37101  71.2%     -  386s
H    0     0                    13176.800000 3824.37101  71.0%     -  386s
H    0     0                    13125.600000 3824.37101  70.9%     -  386s
H    0     0                    13122.400000 3824.37101  70.9%     -  386s
H    0     0                    13120.400000 3824.37101  70.9%     -  386s
H    0     0                    13118.000000 3824.37101  70.8%     -  386s
H    0     0                    13090.000000 3824.37101  70.8%     -  386s
H    0     0                    13074.400000 3824.37101  70.7%     -  386s
H    0     0                    13071.600000 3824.37101  70.7%     -  386s
H    0     0                    13068.000000 3824.37101  70.7%     -  386s
H    0     0                    13065.600000 3824.37101  70.7%     -  386s
H    0     0                    13064.400000 3824.37101  70.7%     -  386s
H    0     0                    13064.000000 3824.37101  70.7%     -  386s
H    0     0                    13049.200000 3824.37101  70.7%     -  386s
H    0     0                    13048.000000 3824.37101  70.7%     -  386s
H    0     0                    13031.600000 3824.37101  70.7%     -  386s
H    0     0                    13029.200000 3824.37101  70.6%     -  386s
     0     0 4124.59501    0 9943 13029.2000 4124.59501  68.3%     -  387s
H    0     0                    13026.800000 4232.41401  67.5%     -  517s
H    0     0                    13025.200000 4232.41401  67.5%     -  517s
H    0     0                    13016.000000 4232.41401  67.5%     -  517s
H    0     0                    13014.400000 4232.41401  67.5%     -  517s
H    0     0                    13013.200000 4232.41401  67.5%     -  517s
H    0     0                    12976.400000 4232.41401  67.4%     -  517s
H    0     0                    12974.800000 4232.41401  67.4%     -  517s
H    0     0                    12973.200000 4232.41401  67.4%     -  517s
H    0     0                    12939.600000 4232.41401  67.3%     -  517s
H    0     0                    12938.800000 4232.41401  67.3%     -  517s
H    0     0                    12908.400000 4232.41401  67.2%     -  517s
H    0     0                    12906.000000 4232.41401  67.2%     -  517s
H    0     0                    12904.000000 4232.41401  67.2%     -  517s
H    0     0                    12903.600000 4232.41401  67.2%     -  517s
     0     0 4232.41401    0 10008 12903.6000 4232.41401  67.2%     -  518s
     0     0 4285.56282    0 9449 12903.6000 4285.56282  66.8%     -  611s
     0     0 4296.52713    0 9091 12903.6000 4296.52713  66.7%     -  696s
     0     0 4302.85064    0 8969 12903.6000 4302.85064  66.7%     -  706s
     0     0 4306.00082    0 8953 12903.6000 4306.00082  66.6%     -  715s
     0     0 4307.07927    0 8931 12903.6000 4307.07927  66.6%     -  723s
     0     0 4308.44231    0 8798 12903.6000 4308.44231  66.6%     -  731s
     0     0 4308.52136    0 8801 12903.6000 4308.52136  66.6%     -  734s
     0     0 4359.72606    0 10147 12903.6000 4359.72606  66.2%     - 1000s

Cutting planes:
  Learned: 87
  Gomory: 2
  Cover: 4233
  Implied bound: 618
  Clique: 1137
  MIR: 503
  StrongCG: 65
  Flow cover: 463
  Zero half: 1721
  Network: 68
  RLT: 708
  Relax-and-lift: 122
  PSD: 3

Explored 1 nodes (867269 simplex iterations) in 1000.15 seconds (1065.65 work units)
Thread count was 12 (of 12 available processors)

Solution count 10: 12903.6 12904 12906 ... 13013.2

Time limit reached
Best objective 1.290360000000e+04, best bound 4.360000000000e+03, gap 66.2110%

Gurobi 9.5.1 (win64) logging started Wed May 25 23:39:51 2022

Set parameter LogFile to value "./Log/Direct_MIP_Sshape_solver_840_order_42_batch.log"
Gurobi Optimizer version 9.5.1 build v9.5.1rc2 (win64)
Thread count: 6 physical cores, 12 logical processors, using up to 12 threads
Optimize a model with 76818 rows, 109200 columns and 429282 nonzeros
Model fingerprint: 0x6d55b52f
Model has 1974 quadratic constraints
Variable types: 0 continuous, 109200 integer (105168 binary)
Coefficient statistics:
  Matrix range     [1e+00, 5e+01]
  QMatrix range    [1e+00, 1e+00]
  QLMatrix range   [1e+00, 1e+00]
  Objective range  [4e-01, 4e+01]
  Bounds range     [1e+00, 1e+00]
  RHS range        [1e+00, 2e+01]
Presolve removed 33684 rows and 37464 columns
Presolve time: 0.98s
Presolved: 43134 rows, 71736 columns, 302778 nonzeros
Variable types: 0 continuous, 71736 integer (67830 binary)
Found heuristic solution: objective 16180.800000

Deterministic concurrent LP optimizer: primal and dual simplex
Showing first log only...


Use crossover to convert LP symmetric solution to basic solution...
Concurrent spin time: 0.10s

Solved with dual simplex

Root relaxation: objective 1.870560e+03, 39225 iterations, 2.01 seconds (4.59 work units)
Total elapsed time = 21.42s

    Nodes    |    Current Node    |     Objective Bounds      |     Work
 Expl Unexpl |  Obj  Depth IntInf | Incumbent    BestBd   Gap | It/Node Time

     0     0 1870.56000    0 9434 16180.8000 1870.56000  88.4%     -   50s
H    0     0                    15966.400000 1870.56000  88.3%     -   50s
H    0     0                    15595.600000 1870.56000  88.0%     -   99s
H    0     0                    15077.600000 1870.56000  87.6%     -   99s
H    0     0                    14949.200000 1870.56000  87.5%     -   99s
H    0     0                    14942.000000 1870.56000  87.5%     -   99s
H    0     0                    14884.800000 1870.56000  87.4%     -   99s
H    0     0                    14773.200000 1870.56000  87.3%     -   99s
H    0     0                    14688.400000 1870.56000  87.3%     -   99s
H    0     0                    14665.200000 1870.56000  87.2%     -   99s
     0     0 2164.56000    0 8014 14665.2000 2164.56000  85.2%     -  105s
H    0     0                    14454.000000 2164.56000  85.0%     -  110s
     0     0 2164.56000    0 7829 14454.0000 2164.56000  85.0%     -  118s
H    0     0                    14400.000000 2351.76000  83.7%     -  144s
H    0     0                    14388.400000 2351.76000  83.7%     -  144s
H    0     0                    14386.000000 2351.76000  83.7%     -  144s
     0     0 2351.76000    0 8439 14386.0000 2351.76000  83.7%     -  145s
H    0     0                    14384.400000 2352.96000  83.6%     -  154s
H    0     0                    14312.000000 2352.96000  83.6%     -  154s
     0     0 2352.96000    0 8047 14312.0000 2352.96000  83.6%     -  154s
H    0     0                    14311.600000 2352.96000  83.6%     -  156s
     0     0 2352.96000    0 7892 14311.6000 2352.96000  83.6%     -  156s
H    0     0                    14290.800000 2659.66656  81.4%     -  245s
H    0     0                    14260.000000 2659.66656  81.3%     -  245s
H    0     0                    14259.600000 2659.66656  81.3%     -  245s
H    0     0                    14206.000000 2659.66656  81.3%     -  245s
H    0     0                    14204.800000 2659.66656  81.3%     -  245s
H    0     0                    14176.800000 2659.66656  81.2%     -  245s
H    0     0                    14175.600000 2659.66656  81.2%     -  245s
H    0     0                    14158.800000 2659.66656  81.2%     -  245s
H    0     0                    14157.200000 2659.66656  81.2%     -  245s
H    0     0                    14088.000000 2659.66656  81.1%     -  245s
H    0     0                    14084.800000 2659.66656  81.1%     -  245s
H    0     0                    14081.600000 2659.66656  81.1%     -  245s
H    0     0                    14077.600000 2659.66656  81.1%     -  245s
H    0     0                    14060.000000 2659.66656  81.1%     -  245s
H    0     0                    14054.800000 2659.66656  81.1%     -  245s
H    0     0                    14034.000000 2659.66656  81.0%     -  245s
H    0     0                    14030.400000 2659.66656  81.0%     -  245s
H    0     0                    14028.400000 2659.66656  81.0%     -  245s
H    0     0                    14024.400000 2659.66656  81.0%     -  245s
H    0     0                    14017.600000 2659.66656  81.0%     -  245s
H    0     0                    14000.800000 2659.66656  81.0%     -  245s
H    0     0                    13997.200000 2659.66656  81.0%     -  245s
H    0     0                    13996.000000 2659.66656  81.0%     -  246s
H    0     0                    13989.600000 2659.66656  81.0%     -  246s
H    0     0                    13970.400000 2659.66656  81.0%     -  246s
H    0     0                    13962.800000 2659.66656  81.0%     -  246s
H    0     0                    13957.200000 2659.66656  80.9%     -  246s
H    0     0                    13920.000000 2659.66656  80.9%     -  246s
H    0     0                    13910.800000 2659.66656  80.9%     -  246s
H    0     0                    13892.000000 2659.66656  80.9%     -  246s
H    0     0                    13884.400000 2659.66656  80.8%     -  246s
H    0     0                    13838.400000 2659.66656  80.8%     -  246s
H    0     0                    13834.800000 2659.66656  80.8%     -  246s
H    0     0                    13826.400000 2659.66656  80.8%     -  246s
     0     0 2659.66656    0 8322 13826.4000 2659.66656  80.8%     -  247s
H    0     0                    13812.400000 3014.81535  78.2%     -  418s
H    0     0                    13776.400000 3014.81535  78.1%     -  418s
H    0     0                    13724.000000 3014.81535  78.0%     -  418s
H    0     0                    13703.200000 3014.81535  78.0%     -  418s
H    0     0                    13627.600000 3014.81535  77.9%     -  418s
H    0     0                    13626.000000 3014.81535  77.9%     -  418s
H    0     0                    13625.600000 3014.81535  77.9%     -  418s
H    0     0                    13610.000000 3014.81535  77.8%     -  418s
H    0     0                    13580.400000 3014.81535  77.8%     -  418s
H    0     0                    13542.800000 3014.81535  77.7%     -  418s
H    0     0                    13321.200000 3014.81535  77.4%     -  418s
H    0     0                    13315.200000 3014.81535  77.4%     -  418s
H    0     0                    13279.600000 3014.81535  77.3%     -  418s
H    0     0                    13163.200000 3014.81535  77.1%     -  418s
H    0     0                    13159.600000 3014.81535  77.1%     -  418s
H    0     0                    13093.600000 3014.81535  77.0%     -  418s
H    0     0                    13087.600000 3014.81535  77.0%     -  418s
H    0     0                    13076.000000 3014.81535  76.9%     -  418s
H    0     0                    13056.400000 3014.81535  76.9%     -  418s
H    0     0                    13054.800000 3014.81535  76.9%     -  418s
H    0     0                    13007.600000 3014.81535  76.8%     -  418s
H    0     0                    13004.800000 3014.81535  76.8%     -  418s
H    0     0                    12996.800000 3014.81535  76.8%     -  418s
H    0     0                    12993.200000 3014.81535  76.8%     -  418s
H    0     0                    12992.000000 3014.81535  76.8%     -  418s
H    0     0                    12990.000000 3014.81535  76.8%     -  418s
H    0     0                    12988.800000 3014.81535  76.8%     -  418s
H    0     0                    12988.400000 3014.81535  76.8%     -  418s
H    0     0                    12987.200000 3014.81535  76.8%     -  418s
H    0     0                    12985.600000 3014.81535  76.8%     -  418s
H    0     0                    12973.200000 3014.81535  76.8%     -  418s
H    0     0                    12939.600000 3014.81535  76.7%     -  418s
     0     0 3518.61237    0 10684 12939.6000 3518.61237  72.8%     -  420s
H    0     0                    12938.400000 3518.61237  72.8%     -  590s
H    0     0                    12934.800000 3518.61237  72.8%     -  590s
H    0     0                    12932.400000 3518.61237  72.8%     -  590s
H    0     0                    12928.800000 3518.61237  72.8%     -  590s
H    0     0                    12928.000000 3518.61237  72.8%     -  590s
H    0     0                    12914.400000 3518.61237  72.8%     -  590s
H    0     0                    12874.000000 3518.61237  72.7%     -  590s
H    0     0                    12768.400000 3518.61237  72.4%     -  590s
H    0     0                    12764.000000 3518.61237  72.4%     -  590s
H    0     0                    12716.000000 3518.61237  72.3%     -  590s
H    0     0                    12689.200000 3518.61237  72.3%     -  590s
     0     0 3523.48475    0 10335 12689.2000 3523.48475  72.2%     -  592s
     0     0 3572.44456    0 10975 12689.2000 3572.44456  71.8%     -  689s
     0     0 3586.93809    0 10939 12689.2000 3586.93809  71.7%     -  741s
     0     0 3592.23812    0 10837 12689.2000 3592.23812  71.7%     -  782s
     0     0 3597.06712    0 10698 12689.2000 3597.06712  71.7%     -  855s
     0     0 3598.26624    0 10687 12689.2000 3598.26624  71.6%     -  889s
     0     0 3598.31339    0 10805 12689.2000 3598.31339  71.6%     -  902s
     0     0          -    0      12689.2000 3598.31339  71.6%     - 1000s

Cutting planes:
  Learned: 92
  Gomory: 4
  Cover: 3937
  Implied bound: 685
  Clique: 1055
  MIR: 559
  StrongCG: 49
  Flow cover: 644
  Zero half: 1524
  Network: 78
  RLT: 871
  Relax-and-lift: 373
  PSD: 2

Explored 1 nodes (948013 simplex iterations) in 1000.12 seconds (1109.56 work units)
Thread count was 12 (of 12 available processors)

Solution count 10: 12689.2 12716 12764 ... 12934.8

Time limit reached
Best objective 1.268920000000e+04, best bound 3.598400000000e+03, gap 71.6420%

Gurobi 9.5.1 (win64) logging started Wed May 25 23:56:35 2022

Set parameter LogFile to value "./Log/Direct_MIP_Sshape_solver_840_order_42_batch.log"
Gurobi Optimizer version 9.5.1 build v9.5.1rc2 (win64)
Thread count: 6 physical cores, 12 logical processors, using up to 12 threads
Optimize a model with 76818 rows, 109200 columns and 430038 nonzeros
Model fingerprint: 0x8d3cfc84
Model has 1974 quadratic constraints
Variable types: 0 continuous, 109200 integer (105168 binary)
Coefficient statistics:
  Matrix range     [1e+00, 5e+01]
  QMatrix range    [1e+00, 1e+00]
  QLMatrix range   [1e+00, 1e+00]
  Objective range  [4e-01, 4e+01]
  Bounds range     [1e+00, 1e+00]
  RHS range        [1e+00, 2e+01]
Presolve removed 33096 rows and 36876 columns
Presolve time: 0.97s
Presolved: 43722 rows, 72324 columns, 304374 nonzeros
Variable types: 0 continuous, 72324 integer (68418 binary)
Found heuristic solution: objective 16045.600000

Deterministic concurrent LP optimizer: primal and dual simplex
Showing first log only...


Use crossover to convert LP symmetric solution to basic solution...
Concurrent spin time: 0.01s

Solved with dual simplex

Root relaxation: objective 1.818160e+03, 39224 iterations, 1.55 seconds (2.82 work units)

    Nodes    |    Current Node    |     Objective Bounds      |     Work
 Expl Unexpl |  Obj  Depth IntInf | Incumbent    BestBd   Gap | It/Node Time

     0     0 1818.16000    0 10047 16045.6000 1818.16000  88.7%     -   33s
H    0     0                    15563.200000 1818.16000  88.3%     -   37s
H    0     0                    15323.600000 1818.16000  88.1%     -   56s
H    0     0                    15180.000000 1818.16000  88.0%     -   56s
H    0     0                    15111.200000 1818.16000  88.0%     -   56s
     0     0 1818.16000    0 7697 15111.2000 1818.16000  88.0%     -   65s
H    0     0                    14907.200000 1818.16000  87.8%     -   68s
     0     0 2112.16000    0 7568 14907.2000 2112.16000  85.8%     -   70s
     0     0 2112.16000    0 7490 14907.2000 2112.16000  85.8%     -   71s
H    0     0                    14889.600000 2112.16000  85.8%     -   92s
H    0     0                    14870.400000 2112.16000  85.8%     -   92s
H    0     0                    14860.400000 2112.16000  85.8%     -   92s
     0     0 2112.16000    0 8023 14860.4000 2112.16000  85.8%     -   93s
H    0     0                    14848.000000 2753.11736  81.5%     -  145s
H    0     0                    14844.000000 2753.11736  81.5%     -  145s
H    0     0                    14831.600000 2753.11736  81.4%     -  145s
H    0     0                    14828.400000 2753.11736  81.4%     -  145s
H    0     0                    14803.200000 2753.11736  81.4%     -  145s
H    0     0                    14802.400000 2753.11736  81.4%     -  145s
H    0     0                    14798.800000 2753.11736  81.4%     -  145s
H    0     0                    14795.600000 2753.11736  81.4%     -  145s
H    0     0                    14772.000000 2753.11736  81.4%     -  145s
H    0     0                    14770.800000 2753.11736  81.4%     -  145s
H    0     0                    14769.200000 2753.11736  81.4%     -  145s
H    0     0                    14765.600000 2753.11736  81.4%     -  145s
H    0     0                    14743.600000 2753.11736  81.3%     -  145s
H    0     0                    14742.400000 2753.11736  81.3%     -  145s
H    0     0                    14738.400000 2753.11736  81.3%     -  145s
H    0     0                    14735.200000 2753.11736  81.3%     -  145s
H    0     0                    14643.600000 2753.11736  81.2%     -  171s
H    0     0                    14444.400000 2753.11736  80.9%     -  171s
H    0     0                    14433.200000 2753.11736  80.9%     -  171s
H    0     0                    14044.000000 2753.11736  80.4%     -  171s
H    0     0                    13560.000000 2753.11736  79.7%     -  171s
H    0     0                    13406.000000 2753.11736  79.5%     -  171s
H    0     0                    12852.400000 2753.11736  78.6%     -  171s
H    0     0                    12852.000000 2753.11736  78.6%     -  171s
H    0     0                    12523.200000 2753.11736  78.0%     -  171s
H    0     0                    12300.000000 2753.11736  77.6%     -  171s
H    0     0                    12260.000000 2753.11736  77.5%     -  171s
H    0     0                    12252.400000 2753.11736  77.5%     -  171s
H    0     0                    12237.600000 2753.11736  77.5%     -  171s
H    0     0                    12234.800000 2753.11736  77.5%     -  171s
H    0     0                    12136.000000 2753.11736  77.3%     -  171s
H    0     0                    12135.200000 2753.11736  77.3%     -  171s
H    0     0                    12131.200000 2753.11736  77.3%     -  171s
H    0     0                    12126.000000 2753.11736  77.3%     -  171s
H    0     0                    12122.800000 2753.11736  77.3%     -  171s
H    0     0                    12122.000000 2753.11736  77.3%     -  171s
H    0     0                    12118.800000 2753.11736  77.3%     -  171s
H    0     0                    12117.600000 2753.11736  77.3%     -  171s
H    0     0                    12116.000000 2753.11736  77.3%     -  171s
H    0     0                    12112.800000 2753.11736  77.3%     -  171s
H    0     0                    12112.000000 2753.11736  77.3%     -  171s
H    0     0                    12110.000000 2753.11736  77.3%     -  171s
H    0     0                    12109.600000 2753.11736  77.3%     -  171s
H    0     0                    12105.200000 2753.11736  77.3%     -  171s
H    0     0                    12013.600000 2753.11736  77.1%     -  171s
H    0     0                    12012.400000 2753.11736  77.1%     -  171s
H    0     0                    12012.000000 2753.11736  77.1%     -  171s
H    0     0                    12009.600000 2753.11736  77.1%     -  171s
H    0     0                    12004.800000 2753.11736  77.1%     -  171s
H    0     0                    12003.600000 2753.11736  77.1%     -  171s
H    0     0                    11997.600000 2753.11736  77.1%     -  171s
H    0     0                    11982.000000 2753.11736  77.0%     -  171s
H    0     0                    11975.200000 2753.11736  77.0%     -  171s
H    0     0                    11955.600000 2753.11736  77.0%     -  171s
H    0     0                    11952.800000 2753.11736  77.0%     -  171s
H    0     0                    11951.200000 2753.11736  77.0%     -  171s
H    0     0                    11944.400000 2753.11736  77.0%     -  171s
H    0     0                    11942.800000 2753.11736  76.9%     -  171s
H    0     0                    11936.800000 2753.11736  76.9%     -  171s
H    0     0                    11935.600000 2753.11736  76.9%     -  171s
H    0     0                    11933.200000 2753.11736  76.9%     -  171s
H    0     0                    11930.800000 2753.11736  76.9%     -  171s
H    0     0                    11927.600000 2753.11736  76.9%     -  171s
H    0     0                    11924.800000 2753.11736  76.9%     -  171s
H    0     0                    11923.200000 2753.11736  76.9%     -  171s
H    0     0                    11922.400000 2753.11736  76.9%     -  171s
H    0     0                    11911.600000 2753.11736  76.9%     -  171s
H    0     0                    11911.200000 2753.11736  76.9%     -  171s
H    0     0                    11910.800000 2753.11736  76.9%     -  171s
H    0     0                    11910.400000 2753.11736  76.9%     -  171s
H    0     0                    11909.200000 2753.11736  76.9%     -  171s
H    0     0                    11896.800000 2753.11736  76.9%     -  171s
H    0     0                    11896.000000 2753.11736  76.9%     -  171s
H    0     0                    11895.600000 2753.11736  76.9%     -  171s
H    0     0                    11894.800000 2753.11736  76.9%     -  171s
     0     0 2753.11736    0 9754 11894.8000 2753.11736  76.9%     -  172s
H    0     0                    11894.400000 2837.60052  76.1%     -  265s
H    0     0                    11894.000000 2837.60052  76.1%     -  265s
H    0     0                    11892.800000 2837.60052  76.1%     -  265s
H    0     0                    11892.400000 2837.60052  76.1%     -  265s
H    0     0                    11874.000000 2837.60052  76.1%     -  265s
H    0     0                    11858.800000 2837.60052  76.1%     -  265s
H    0     0                    11839.200000 2837.60052  76.0%     -  265s
H    0     0                    11834.000000 2837.60052  76.0%     -  265s
H    0     0                    11800.800000 2837.60052  76.0%     -  265s
H    0     0                    11786.400000 2837.60052  75.9%     -  265s
     0     0 2837.60052    0 9958 11786.4000 2837.60052  75.9%     -  266s
H    0     0                    11780.800000 3101.94434  73.7%     -  301s
H    0     0                    11763.200000 3101.94434  73.6%     -  301s
H    0     0                    11738.800000 3101.94434  73.6%     -  301s
     0     0 3101.94434    0 9707 11738.8000 3101.94434  73.6%     -  302s
     0     0 3301.33672    0 9662 11738.8000 3301.33672  71.9%     -  319s
H    0     0                    11723.200000 3318.78136  71.7%     -  494s
H    0     0                    11719.200000 3318.78136  71.7%     -  494s
     0     0 3318.78136    0 9263 11719.2000 3318.78136  71.7%     -  495s
     0     0 3323.50000    0 9059 11719.2000 3323.50000  71.6%     -  502s
     0     0 3323.50000    0 8976 11719.2000 3323.50000  71.6%     -  504s
     0     0 3363.37087    0 10174 11719.2000 3363.37087  71.3%     -  855s
     0     0          -    0      11719.2000 3363.37087  71.3%     - 1000s

Cutting planes:
  Learned: 82
  Cover: 4217
  Implied bound: 401
  Clique: 1451
  MIR: 506
  StrongCG: 140
  Flow cover: 249
  Zero half: 1865
  Network: 8
  RLT: 1099
  Relax-and-lift: 862

Explored 1 nodes (835816 simplex iterations) in 1000.24 seconds (1077.56 work units)
Thread count was 12 (of 12 available processors)

Solution count 10: 11719.2 11723.2 11738.8 ... 11858.8

Time limit reached
Best objective 1.171920000000e+04, best bound 3.363600000000e+03, gap 71.2984%
