
Gurobi 9.1.1 (win64) logging started Sun Mar 13 20:57:21 2022

Changed value of parameter LogFile to ./Log/Direct_MIP_Return_solver_1500_order_100_batch.log
   Prev:   Default: 
Gurobi Optimizer version 9.1.1 build v9.1.1rc0 (win64)
Thread count: 6 physical cores, 12 logical processors, using up to 12 threads
Optimize a model with 431200 rows, 399600 columns and 1332900 nonzeros
Model fingerprint: 0x43ab5f91
Variable types: 4800 continuous, 394800 integer (394800 binary)
Coefficient statistics:
  Matrix range     [1e+00, 3e+01]
  Objective range  [4e-01, 1e+00]
  Bounds range     [1e+00, 4e+01]
  RHS range        [1e+00, 2e+01]
Found heuristic solution: objective 14880.800000
Presolve removed 200300 rows and 198800 columns
Presolve time: 3.96s
Presolved: 230900 rows, 200800 columns, 1159900 nonzeros
Variable types: 0 continuous, 200800 integer (196200 binary)

Deterministic concurrent LP optimizer: primal and dual simplex
Showing first log only...


Root simplex log...

Iteration    Objective       Primal Inf.    Dual Inf.      Time
       1    6.6866000e+04   0.000000e+00   2.424758e+04      5s
   31257    2.3343146e+04   0.000000e+00   3.374882e+06     10s
   44826    1.4422408e+04   0.000000e+00   1.673899e+07     15s
   53474    1.0350807e+04   0.000000e+00   9.704646e+05     20s
   62243    9.7519434e+03   0.000000e+00   9.142976e+05     25s
   68642    9.4007480e+03   0.000000e+00   1.813513e+06     30s
   74330    9.1077582e+03   0.000000e+00   8.868082e+05     35s
   79307    8.8857300e+03   0.000000e+00   1.525873e+06     40s
   83336    8.7392565e+03   0.000000e+00   1.028104e+07     45s
   88550    8.5214339e+03   0.000000e+00   1.797512e+06     50s
   94712    8.2867403e+03   0.000000e+00   3.939839e+05     55s
  100156    8.0929418e+03   0.000000e+00   1.032698e+06     60s
  105519    7.9269337e+03   0.000000e+00   4.224647e+06     65s
  111200    7.7715362e+03   0.000000e+00   4.552818e+05     70s
  116038    7.6344488e+03   0.000000e+00   3.678325e+06     75s
  120617    7.4750785e+03   0.000000e+00   8.214831e+05     80s
  125259    7.3549011e+03   0.000000e+00   1.521968e+06     85s
  128377    7.2742250e+03   0.000000e+00   9.312834e+05     90s
  132157    7.1958147e+03   0.000000e+00   2.105414e+06     95s
  136693    7.0815263e+03   0.000000e+00   9.242637e+05    100s
  140620    7.0069318e+03   0.000000e+00   8.143682e+06    105s
  144210    6.9386936e+03   0.000000e+00   3.453888e+05    110s
  147597    6.8615005e+03   0.000000e+00   1.288881e+06    115s
  150977    6.8059891e+03   0.000000e+00   2.041654e+06    120s
  154777    6.7280050e+03   0.000000e+00   5.216846e+05    125s
  157797    6.6785902e+03   0.000000e+00   8.083040e+05    130s
  160547    6.6320021e+03   0.000000e+00   4.779792e+05    135s
  162967    6.6034832e+03   0.000000e+00   3.926856e+06    140s
  166347    6.5654685e+03   0.000000e+00   8.108491e+05    145s
  169467    6.5338986e+03   0.000000e+00   7.592662e+05    150s
  172547    6.4958783e+03   0.000000e+00   4.800338e+05    155s
  175637    6.4594725e+03   0.000000e+00   3.937378e+05    160s
  178647    6.4276431e+03   0.000000e+00   1.459331e+06    165s
  181567    6.3893634e+03   0.000000e+00   4.235334e+05    170s
  183967    6.3606145e+03   0.000000e+00   1.185822e+07    175s
  185597    6.3376152e+03   0.000000e+00   2.865171e+06    180s
  187247    6.3142081e+03   0.000000e+00   1.625003e+08    185s
  188597    6.2963435e+03   0.000000e+00   8.303923e+06    190s
  189897    6.2735172e+03   0.000000e+00   7.746065e+06    195s
  191547    6.2488217e+03   0.000000e+00   9.100549e+06    200s
  192927    6.2299124e+03   0.000000e+00   3.290954e+07    205s
  194347    6.2062691e+03   0.000000e+00   1.587894e+07    211s
  195437    6.1892901e+03   0.000000e+00   9.986119e+05    215s
  196647    6.1705306e+03   0.000000e+00   4.358600e+06    220s
  197697    6.1555167e+03   0.000000e+00   3.298544e+08    225s
  198997    6.1322590e+03   0.000000e+00   3.200707e+08    230s
  200077    6.1155514e+03   0.000000e+00   4.557006e+06    235s
  201327    6.0932249e+03   0.000000e+00   6.569906e+06    241s
  202317    6.0783199e+03   0.000000e+00   1.628569e+08    245s
  203317    6.0669129e+03   0.000000e+00   1.691405e+07    250s
  204267    6.0526586e+03   0.000000e+00   2.460343e+07    255s
  205217    6.0402161e+03   0.000000e+00   1.366279e+07    261s
  206037    6.0296132e+03   0.000000e+00   4.996572e+06    265s
  207017    6.0155768e+03   0.000000e+00   1.418768e+07    270s
  208027    6.0003133e+03   0.000000e+00   1.604902e+07    275s
  208997    5.9862174e+03   0.000000e+00   6.053089e+06    281s
  209827    5.9752128e+03   0.000000e+00   3.209565e+06    285s
  210787    5.9617847e+03   0.000000e+00   4.350961e+06    291s
  211617    5.9503246e+03   0.000000e+00   2.844091e+07    295s


Root relaxation: time limit, 212381 iterations, 295.75 seconds

    Nodes    |    Current Node    |     Objective Bounds      |     Work
 Expl Unexpl |  Obj  Depth IntInf | Incumbent    BestBd   Gap | It/Node Time

     0     0          -    0      14880.8000 3219.60000  78.4%     -  300s

Explored 0 nodes (212381 simplex iterations) in 300.10 seconds
Thread count was 12 (of 12 available processors)

Solution count 1: 14880.8 

Time limit reached
Best objective 1.488080000000e+04, best bound 3.219600000000e+03, gap 78.3641%
