
Gurobi 9.1.1 (win64) logging started Sun Apr 17 22:36:11 2022

Changed value of parameter LogFile to ./Log/Direct_MIP_Return_solver_100_order_5_batch.log
   Prev:   Default: 
Gurobi Optimizer version 9.1.1 build v9.1.1rc0 (win64)
Thread count: 6 physical cores, 12 logical processors, using up to 12 threads
Optimize a model with 2885 rows, 1980 columns and 8600 nonzeros
Model fingerprint: 0x46043d76
Variable types: 240 continuous, 1740 integer (1740 binary)
Coefficient statistics:
  Matrix range     [1e+00, 2e+01]
  Objective range  [4e-01, 1e+00]
  Bounds range     [1e+00, 4e+01]
  RHS range        [1e+00, 2e+01]
Found heuristic solution: objective 1273.6000000
Presolve removed 775 rows and 735 columns
Presolve time: 0.02s
Presolved: 2110 rows, 1245 columns, 8620 nonzeros
Variable types: 0 continuous, 1245 integer (1070 binary)

Root relaxation: objective 6.244000e+02, 3502 iterations, 0.19 seconds

    Nodes    |    Current Node    |     Objective Bounds      |     Work
 Expl Unexpl |  Obj  Depth IntInf | Incumbent    BestBd   Gap | It/Node Time

     0     0  624.40000    0 1095 1273.60000  624.40000  51.0%     -    0s
H    0     0                    1213.6000000  624.40000  48.5%     -    0s
H    0     0                    1186.8000000  624.40000  47.4%     -    0s
H    0     0                    1183.6000000  624.40000  47.2%     -    0s
     0     0  626.81553    0 1174 1183.60000  626.81553  47.0%     -    0s
     0     0  658.55766    0 1161 1183.60000  658.55766  44.4%     -    0s
     0     0  658.55766    0 1162 1183.60000  658.55766  44.4%     -    0s
     0     0  659.55122    0 1173 1183.60000  659.55122  44.3%     -    0s
H    0     0                    1150.0000000  659.55122  42.6%     -    0s
H    0     0                    1067.6000000  659.55122  38.2%     -    0s
     0     0  659.55122    0 1174 1067.60000  659.55122  38.2%     -    0s
     0     0  659.55122    0 1174 1067.60000  659.55122  38.2%     -    1s
     0     0  659.55122    0 1175 1067.60000  659.55122  38.2%     -    1s
     0     0  659.55122    0 1176 1067.60000  659.55122  38.2%     -    1s
     0     0  659.55122    0 1176 1067.60000  659.55122  38.2%     -    1s
H    0     0                    1039.6000000  659.55122  36.6%     -    1s
H    0     0                    1019.2000000  659.55122  35.3%     -    1s
     0     2  659.55122    0 1176 1019.20000  659.55122  35.3%     -    1s
H   66    70                    1018.4000000  736.67802  27.7%   895    3s
H   69    70                    1011.6000000  736.67802  27.2%   880    3s
H   94   103                    1007.6000000  736.67802  26.9%   731    3s
H   98   103                    1006.4000000  736.67802  26.8%   708    3s
H  108   123                    1005.2000000  736.67802  26.7%   660    4s
H  111   123                     982.4000000  736.67802  25.0%   650    4s
H  154   167                     982.0000000  736.67802  25.0%   508    4s
H  155   167                     920.4000000  736.67802  20.0%   505    4s
H  214   229                     911.6000000  736.67802  19.2%   383    4s
H  271   268                     905.6000000  737.07285  18.6%   322    4s
H  314   291                     904.4000000  737.07285  18.5%   299    4s
H  315   291                     904.0000000  737.07285  18.5%   299    4s
   326   298  795.20568    8  997  904.00000  737.07285  18.5%   299    5s
H  550   439                     902.8000000  737.07285  18.4%   275    7s
   806   615  859.96656   19  918  902.80000  752.17186  16.7%   269   10s
  1254   860  862.44424   22 1176  902.80000  767.04698  15.0%   266   16s
  1333   926  767.04698   22 1087  902.80000  767.04698  15.0%   315   20s
  1515  1046  767.04698   28 1008  902.80000  767.04698  15.0%   373   25s
H 1565  1022                     901.2000000  767.04698  14.9%   385   26s
H 1566   981                     900.8000000  767.04698  14.8%   385   26s
  1794  1135  767.04698   36  993  900.80000  767.04698  14.8%   416   30s
H 1850  1086                     900.4000000  767.04698  14.8%   425   31s
  2055  1227  793.27825   44  933  900.40000  767.04698  14.8%   452   35s
H 2159  1207                     899.2000000  767.04698  14.7%   460   37s
H 2161  1172                     897.6000000  767.04698  14.5%   460   37s
H 2162  1138                     896.8000000  767.04698  14.5%   460   37s
H 2171  1103                     896.4000000  767.04698  14.4%   462   37s
  2352  1271  853.25993   55  911  896.40000  767.04698  14.4%   473   40s
  2837  1485  773.65004   23 1040  896.40000  767.04698  14.4%   483   45s
H 3022  1499                     895.6000000  767.04698  14.4%   492   48s
  3023  1602  814.90932   31  927  895.60000  767.04698  14.4%   492   50s
  3631  1976  789.79907   34  975  895.60000  767.04698  14.4%   491   56s
  3972  2194  767.04698   23 1069  895.60000  767.04698  14.4%   499   60s
  4215  2438  879.54595   50  868  895.60000  767.04698  14.4%   517   65s
  4635  2762  783.05794   27 1023  895.60000  767.04698  14.4%   518   70s
  5037  3048  767.04698   26 1043  895.60000  767.04698  14.4%   524   76s
  5349  3308  776.63638   31 1037  895.60000  767.04698  14.4%   533   80s
  5692  3582  881.94410   49  757  895.60000  767.04698  14.4%   538   85s
  6082  3874  804.78647   29  951  895.60000  767.04698  14.4%   535   90s
  6681  4266  788.92500   29  953  895.60000  767.04698  14.4%   527   95s
  7117  4514  826.40012   31  917  895.60000  767.04698  14.4%   532  100s
  7490  4813  884.89120   39  797  895.60000  767.04698  14.4%   533  107s
  7801  5047  844.23038   35  840  895.60000  767.04698  14.4%   531  110s
  8454  5531  842.33982   37  847  895.60000  767.04698  14.4%   528  116s
  8844  5892  819.55328   30  912  895.60000  767.04698  14.4%   523  120s
  9719  6329  808.93147   29  928  895.60000  767.04698  14.4%   514  127s
  9981  6605  841.90694   33  889  895.60000  767.04698  14.4%   512  131s
 10389  6833  844.14261   34  871  895.60000  767.04698  14.4%   511  136s
 10941  7167  878.86478   34  777  895.60000  767.04698  14.4%   505  140s
 11763  7850  818.55708   32  876  895.60000  767.04698  14.4%   508  149s
 12236  8361  802.53385   29  997  895.60000  767.04698  14.4%   506  153s
 12962  8634  803.80502   29  991  895.60000  767.04698  14.4%   499  158s
 13425  8959  856.95642   39  839  895.60000  767.04698  14.4%   500  163s
 13912  9267  783.06465   33  989  895.60000  767.04698  14.4%   502  168s
 14443  9618  832.39782   32  939  895.60000  767.04698  14.4%   501  173s
 15036  9933     cutoff   43       895.60000  767.04698  14.4%   500  179s
 15578 10289  844.93093   31  919  895.60000  767.04698  14.4%   502  184s
 16241 10485  808.39379   25 1017  895.60000  767.04698  14.4%   500  192s
 16638 10941  810.14867   38  931  895.60000  767.04698  14.4%   500  198s
 17227 11693  837.31017   31  910  895.60000  767.04698  14.4%   504  205s
H17617 11437                     891.6000000  767.04698  14.0%   499  205s
 18293 11395  810.57726   32  995  891.60000  767.04698  14.0%   495  239s
H18295 10514                     885.6000000  767.04698  13.4%   495  239s
H18356  9857                     882.0000000  767.04698  13.0%   495  239s
 18359 11879  813.98560   33  994  882.00000  767.04698  13.0%   495  271s
H18645 11663                     880.8000000  767.04698  12.9%   495  271s
 21791 12144  814.25180   34  934  880.80000  767.04698  12.9%   494  280s
H21855 11507                     877.2000000  767.04698  12.6%   494  280s
H21912 11046                     874.8000000  767.04698  12.3%   495  280s
 22617 11460  823.64983   29  905  874.80000  767.04698  12.3%   494  288s
 23549 12223  791.65018   35  977  874.80000  767.04698  12.3%   496  297s
 24630 12892  830.69922   32  952  874.80000  767.04698  12.3%   496  306s
 25789 13351     cutoff   39       874.80000  768.24856  12.2%   492  315s
H25850 13194                     874.0000000  768.24856  12.1%   492  315s
 26621 13769  818.00856   46  923  874.00000  769.84970  11.9%   493  324s
 27635 14284  808.01775   31 1006  874.00000  771.17792  11.8%   493  334s
 28757 14978  821.97404   31  953  874.00000  772.22204  11.6%   492  344s
 29825 15538  802.42667   26  941  874.00000  772.96195  11.6%   493  354s
 31055 16206  859.16836   33  875  874.00000  774.20680  11.4%   493  365s
 32289 16898  823.16036   34  926  874.00000  775.56629  11.3%   492  375s
 33524 17671  831.68935   32  971  874.00000  776.77093  11.1%   491  386s
 34815 18341     cutoff   35       874.00000  777.92089  11.0%   490  397s
H36006 18258                     873.6000000  778.57734  10.9%   491  459s
 36007 18259  847.44868   33 1176  873.60000  778.57734  10.9%   491  460s
 36019 18267  858.81585   55 1164  873.60000  778.57734  10.9%   491  465s
 36029 18274  814.43794   24 1168  873.60000  778.57734  10.9%   491  470s
 36037 18279  803.70631   28 1164  873.60000  778.57734  10.9%   490  475s
 36044 18284  826.21216   31 1166  873.60000  778.57734  10.9%   490  480s
 36054 18290  837.69548   36 1166  873.60000  778.57734  10.9%   490  485s
 36066 18298  822.92908   30 1167  873.60000  778.57734  10.9%   490  490s
 36076 18305  798.86167   25 1166  873.60000  778.57734  10.9%   490  495s
 36086 18312  829.41153   39 1164  873.60000  778.57734  10.9%   490  500s
 36095 18318  866.60913   38 1169  873.60000  778.57734  10.9%   490  505s
 36098 18320  801.20918   32 1170  873.60000  778.57734  10.9%   490  510s
 36101 18325  778.57734   31 1107  873.60000  778.57734  10.9%   491  527s
 36103 18328  778.57734   32 1081  873.60000  778.57734  10.9%   491  537s
 36107 18335  778.57734   33 1085  873.60000  778.57734  10.9%   491  552s
 36115 18344  778.57734   34 1079  873.60000  778.57734  10.9%   491  555s
 36177 18385  787.94741   37 1022  873.60000  778.57734  10.9%   492  562s
H36215 17488                     871.2000000  778.57734  10.6%   492  563s
 36222 17495  811.69089   39  976  871.20000  778.57734  10.6%   492  568s
H36228 16621                     870.8000000  778.57734  10.6%   492  568s
 36260 16651  834.17228   40  928  870.80000  778.57734  10.6%   492  570s
H36265 15821                     869.6000000  778.57734  10.5%   492  570s
 36392 15895  847.84686   45  822  869.60000  778.57734  10.5%   492  575s
 36663 15966  814.66898   43  944  869.60000  778.57734  10.5%   492  580s
 36877 16042  778.57734   37 1013  869.60000  778.57734  10.5%   491  585s
 37145 16099  856.75515   56  799  869.60000  778.57734  10.5%   490  590s
 37426 16190  862.53299   45  927  869.60000  778.57734  10.5%   489  595s
 37705 16275  820.53227   42  915  869.60000  778.57734  10.5%   488  600s
 37933 16250  790.93867   39  953  869.60000  778.57734  10.5%   487  610s
 38184 16363  804.12435   37  899  869.60000  780.54576  10.2%   486  615s
 38546 16483  806.49198   39  956  869.60000  783.31793  9.92%   484  621s
 38821 16551  813.29112   41  869  869.60000  785.58483  9.66%   483  625s
 39078 16564  836.84337   43  897  869.60000  787.00573  9.50%   482  630s
 39287 16653  832.44974   42  963  869.60000  787.87785  9.40%   482  635s
 39634 16674  817.55366   47  949  869.60000  789.42616  9.22%   480  641s
 40044 16654  865.14277   47  786  869.60000  792.57880  8.86%   478  646s
 40440 16701  832.35974   42  839  869.60000  794.35868  8.65%   477  653s
 40654 16775  827.52432   44  820  869.60000  796.08171  8.45%   476  656s
 41170 16906  852.67417   55  881  869.60000  797.59952  8.28%   474  663s
 41401 16838  844.70641   42  947  869.60000  797.59952  8.28%   473  701s
 41648 16937  817.15077   38  947  869.60000  798.95291  8.12%   473  708s
 41943 16948  845.78336   46  893  869.60000  799.70312  8.04%   472  712s
 42188 16997  838.96422   45  980  869.60000  800.00237  8.00%   471  716s
 42484 17024  826.89167   40  863  869.60000  801.56669  7.82%   470  721s
 42771 17065  853.26659   44  933  869.60000  802.39095  7.73%   469  725s
 43081 17105  861.41485   52  807  869.60000  803.23848  7.63%   468  730s
 43771 17120  834.13944   45  860  869.60000  804.75500  7.46%   466  739s
 44138 17137  850.94594   44  894  869.60000  805.24486  7.40%   465  745s
 44478 17170     cutoff   50       869.60000  806.19796  7.29%   464  750s
 44885 17191  847.58910   42  867  869.60000  806.97649  7.20%   462  756s
 45289 17126  854.62087   48  827  869.60000  807.85241  7.10%   461  762s
 45722 17133     cutoff   49       869.60000  808.31687  7.05%   459  768s
 46126 17178  851.73902   42  962  869.60000  809.06529  6.96%   459  774s
 46611 17248  857.43037   46  943  869.60000  809.88098  6.87%   457  781s
 47162 17256  866.25832   50  645  869.60000  810.88167  6.75%   455  787s
 47677 17281  849.06285   43  798  869.60000  811.71619  6.66%   453  794s
 48222 17278  847.31461   42  834  869.60000  812.79485  6.53%   451  802s
 48856 17241  835.28847   46  985  869.60000  813.63164  6.44%   449  809s
 49452 17123  862.12972   50  869  869.60000  814.50482  6.34%   447  816s
 49702 17296     cutoff   49       869.60000  814.88945  6.29%   446  824s
 50349 17230  865.51216   49  886  869.60000  815.57750  6.21%   444  833s
 51069 17134  841.85361   46  929  869.60000  816.14844  6.15%   442  842s
 51717 17131  863.46152   46  836  869.60000  817.17066  6.03%   440  851s
 52393 17218  858.94859   50  858  869.60000  817.72936  5.96%   439  860s
 53264 17177     cutoff   49       869.60000  818.53276  5.87%   436  869s
 54072 17277  860.72013   51  859  869.60000  819.43875  5.77%   434  883s
 55242 17158     cutoff   50       869.60000  820.23324  5.68%   430  892s
 56026 17125     cutoff   50       869.60000  820.80770  5.61%   428  901s
 56789 17133     cutoff   46       869.60000  821.47199  5.53%   426  910s
 57617 17044  856.66828   46  828  869.60000  822.28933  5.44%   424  920s
 58458 17080     cutoff   51       869.60000  822.62858  5.40%   422  931s
 59419 17025  846.53564   42  889  869.60000  823.40025  5.31%   420  941s
 60352 16978  850.64267   45  932  869.60000  824.16579  5.22%   418  952s
 61337 16871  855.46116   42  882  869.60000  824.94861  5.13%   415  964s
 62429 16782     cutoff   51       869.60000  825.64383  5.05%   413  976s
 63568 16643  847.14353   44  841  869.60000  826.29851  4.98%   410  988s
 64710 16512     cutoff   46       869.60000  826.83154  4.92%   408 1000s

Cutting planes:
  Gomory: 111
  Implied bound: 3
  Clique: 2
  MIR: 8
  Flow cover: 50
  Zero half: 31
  Mod-K: 35
  RLT: 19

Explored 65745 nodes (26680258 simplex iterations) in 1000.06 seconds
Thread count was 12 (of 12 available processors)

Solution count 10: 869.6 870.8 871.2 ... 885.6

Time limit reached
Best objective 8.696000000000e+02, best bound 8.276000000000e+02, gap 4.8298%
