
Gurobi 9.1.1 (win64) logging started Sun Mar 13 19:41:24 2022

Changed value of parameter LogFile to ./Log/Direct_MIP_Return_solver_900_order_90_batch.log
   Prev:   Default: 
Gurobi Optimizer version 9.1.1 build v9.1.1rc0 (win64)
Thread count: 6 physical cores, 12 logical processors, using up to 12 threads
Optimize a model with 324630 rows, 269640 columns and 937260 nonzeros
Model fingerprint: 0xd35068aa
Variable types: 4320 continuous, 265320 integer (265320 binary)
Coefficient statistics:
  Matrix range     [1e+00, 2e+01]
  Objective range  [4e-01, 1e+00]
  Bounds range     [1e+00, 4e+01]
  RHS range        [1e+00, 1e+01]
Found heuristic solution: objective 12629.200000
Presolve removed 151650 rows and 149490 columns
Presolve time: 2.63s
Presolved: 172980 rows, 120150 columns, 802260 nonzeros
Variable types: 0 continuous, 120150 integer (116010 binary)

Deterministic concurrent LP optimizer: primal and dual simplex
Showing first log only...


Root simplex log...

Iteration    Objective       Primal Inf.    Dual Inf.      Time
   15593    1.3268449e+04   0.000000e+00   7.254562e+05      5s
   33787    9.9056378e+03   0.000000e+00   8.816905e+05     10s
   42356    9.1535127e+03   0.000000e+00   2.318971e+06     15s
   48308    8.8025265e+03   0.000000e+00   3.036659e+06     20s
   53187    8.5118619e+03   0.000000e+00   5.300076e+06     25s
   55916    8.3078148e+03   0.000000e+00   5.850047e+07     30s
   57896    8.2174096e+03   0.000000e+00   3.761421e+07     35s
   59955    8.0878449e+03   0.000000e+00   1.876490e+08     40s
   61595    7.9933768e+03   0.000000e+00   9.592890e+06     45s
   63145    7.9275737e+03   0.000000e+00   8.920666e+07     50s
   64595    7.8749939e+03   0.000000e+00   2.533303e+07     55s
   66055    7.8137488e+03   0.000000e+00   4.048363e+07     60s
   67415    7.7396059e+03   0.000000e+00   1.343299e+07     65s
   68565    7.6942374e+03   0.000000e+00   1.913196e+07     70s
   69805    7.6467623e+03   0.000000e+00   1.222065e+07     75s
   71025    7.5899475e+03   0.000000e+00   5.368739e+07     80s
   72335    7.5228259e+03   0.000000e+00   4.329343e+08     85s
   73605    7.4459288e+03   0.000000e+00   6.762275e+06     90s
   74795    7.3843965e+03   0.000000e+00   6.276711e+06     95s
   75905    7.3297710e+03   0.000000e+00   6.598368e+06    100s
   77015    7.2870507e+03   0.000000e+00   4.004363e+07    105s
   78025    7.2352114e+03   0.000000e+00   1.974985e+07    110s
   79025    7.1980807e+03   0.000000e+00   8.890570e+06    115s
   80125    7.1525065e+03   0.000000e+00   3.999348e+07    120s
   81115    7.1151990e+03   0.000000e+00   9.497708e+06    125s
   82125    7.0766450e+03   0.000000e+00   1.081561e+07    130s
   83125    7.0329148e+03   0.000000e+00   1.213192e+08    136s
   84015    6.9838711e+03   0.000000e+00   9.027585e+06    140s
   84955    6.9410006e+03   0.000000e+00   1.448788e+07    145s
   85924    6.8669437e+03   0.000000e+00   1.740929e+07    150s
   86654    6.8185092e+03   0.000000e+00   6.992947e+06    156s
   87304    6.7587974e+03   0.000000e+00   4.919056e+07    161s
   87904    6.7021519e+03   0.000000e+00   2.619431e+07    165s
   88574    6.6538998e+03   0.000000e+00   6.861590e+07    170s
   89184    6.6025881e+03   0.000000e+00   6.304923e+08    175s
   89944    6.5294242e+03   0.000000e+00   5.782962e+07    181s
   90534    6.4657593e+03   0.000000e+00   4.050697e+07    186s
   91154    6.4160582e+03   0.000000e+00   6.620433e+07    191s
   91804    6.3671387e+03   0.000000e+00   3.232925e+08    196s
   92474    6.2972272e+03   0.000000e+00   1.241008e+09    201s
   93114    6.2305311e+03   0.000000e+00   4.456685e+07    206s
   93774    6.1724237e+03   0.000000e+00   1.360871e+08    211s
   94234    6.1326838e+03   0.000000e+00   8.042518e+07    215s
   94864    6.0749777e+03   0.000000e+00   2.703949e+07    221s
   95474    6.0182269e+03   0.000000e+00   8.641441e+07    226s
   96044    5.9684825e+03   0.000000e+00   1.228894e+08    231s
   96624    5.9127733e+03   0.000000e+00   7.963816e+07    236s
   97234    5.8626482e+03   0.000000e+00   5.719413e+07    241s
   97854    5.8159493e+03   0.000000e+00   1.133105e+08    246s
   98314    5.7848299e+03   0.000000e+00   8.020656e+07    250s
   98854    5.7477424e+03   0.000000e+00   1.221826e+09    255s
   99454    5.7057432e+03   0.000000e+00   1.693395e+08    260s
  100144    5.6623448e+03   0.000000e+00   4.031634e+07    267s
  100654    5.6305852e+03   0.000000e+00   3.488963e+08    272s
  101114    5.6057595e+03   0.000000e+00   5.353105e+07    276s
  101624    5.5753571e+03   0.000000e+00   6.730492e+07    281s
  102114    5.5419510e+03   0.000000e+00   1.357337e+08    286s
  102694    5.5069818e+03   0.000000e+00   7.926621e+07    291s
  103114    5.4774117e+03   0.000000e+00   1.851144e+08    295s
  103624    5.4435804e+03   0.000000e+00   2.830929e+07    300s


Root relaxation: time limit, 103624 iterations, 297.20 seconds

    Nodes    |    Current Node    |     Objective Bounds      |     Work
 Expl Unexpl |  Obj  Depth IntInf | Incumbent    BestBd   Gap | It/Node Time

     0     0          -    0      12629.2000 2882.00000  77.2%     -  300s

Explored 0 nodes (103624 simplex iterations) in 300.08 seconds
Thread count was 12 (of 12 available processors)

Solution count 1: 12629.2 

Time limit reached
Best objective 1.262920000000e+04, best bound 2.882000000000e+03, gap 77.1799%
