
Gurobi 9.1.1 (win64) logging started Sun Mar 13 21:06:50 2022

Changed value of parameter LogFile to ./Log/Direct_MIP_Return_solver_1500_order_75_batch.log
   Prev:   Default: 
Gurobi Optimizer version 9.1.1 build v9.1.1rc0 (win64)
Thread count: 6 physical cores, 12 logical processors, using up to 12 threads
Optimize a model with 323775 rows, 299700 columns and 999000 nonzeros
Model fingerprint: 0x83ee68eb
Variable types: 3600 continuous, 296100 integer (296100 binary)
Coefficient statistics:
  Matrix range     [1e+00, 2e+01]
  Objective range  [4e-01, 1e+00]
  Bounds range     [1e+00, 4e+01]
  RHS range        [1e+00, 2e+01]
Found heuristic solution: objective 13503.600000
Presolve removed 149475 rows and 148350 columns
Presolve time: 3.21s
Presolved: 174300 rows, 151350 columns, 872100 nonzeros
Variable types: 0 continuous, 151350 integer (147900 binary)

Deterministic concurrent LP optimizer: primal and dual simplex
Showing first log only...


Root simplex log...

Iteration    Objective       Primal Inf.    Dual Inf.      Time
   10400    2.2600222e+04   0.000000e+00   1.325700e+06      5s
   32745    1.7640549e+04   0.000000e+00   1.059934e+06     10s
   43599    1.4847057e+04   0.000000e+00   5.318902e+05     15s
   53509    9.1821867e+03   0.000000e+00   2.921272e+06     20s
   59333    8.7686389e+03   0.000000e+00   1.191829e+06     25s
   64949    8.4516781e+03   0.000000e+00   1.569962e+06     30s
   72645    8.0269511e+03   0.000000e+00   2.207367e+06     35s
   80723    7.5570669e+03   0.000000e+00   1.529957e+06     40s
   88345    7.1767085e+03   0.000000e+00   7.148209e+05     45s
   95119    6.9169272e+03   0.000000e+00   7.483182e+05     50s
  100567    6.7026754e+03   0.000000e+00   1.934071e+06     55s
  106005    6.5151273e+03   0.000000e+00   1.879332e+06     60s
  110073    6.3834372e+03   0.000000e+00   3.229845e+06     65s
  114003    6.2787239e+03   0.000000e+00   5.512982e+05     70s
  118433    6.1726107e+03   0.000000e+00   1.047858e+07     75s
  122303    6.0724380e+03   0.000000e+00   1.641501e+07     80s
  124633    6.0047524e+03   0.000000e+00   5.070806e+06     85s
  126763    5.9343388e+03   0.000000e+00   1.363874e+06     90s
  128593    5.8655571e+03   0.000000e+00   4.799953e+07     95s
  130331    5.8016394e+03   0.000000e+00   3.404009e+06    100s
  132001    5.7608447e+03   0.000000e+00   2.036505e+07    105s
  133821    5.7108674e+03   0.000000e+00   8.162664e+06    110s
  135511    5.6681787e+03   0.000000e+00   8.880106e+06    115s
  137101    5.6221203e+03   0.000000e+00   1.672829e+08    120s
  138481    5.5905595e+03   0.000000e+00   9.671515e+07    125s
  140031    5.5447124e+03   0.000000e+00   4.395509e+06    130s
  141691    5.4857253e+03   0.000000e+00   9.271719e+08    135s
  143031    5.4575426e+03   0.000000e+00   4.685194e+07    140s
  144381    5.4293888e+03   0.000000e+00   3.462736e+07    146s
  145461    5.4059047e+03   0.000000e+00   1.651727e+07    150s
  146661    5.3829981e+03   0.000000e+00   1.627273e+06    155s
  148051    5.3560967e+03   0.000000e+00   8.642609e+06    160s
  149251    5.3285932e+03   0.000000e+00   2.207703e+06    165s
  150441    5.3037650e+03   0.000000e+00   6.029068e+06    170s
  151611    5.2842308e+03   0.000000e+00   2.732947e+06    175s
  152641    5.2665282e+03   0.000000e+00   1.120040e+07    180s
  153641    5.2494701e+03   0.000000e+00   1.840255e+07    185s
  154821    5.2277995e+03   0.000000e+00   1.602978e+06    190s
  155821    5.2081305e+03   0.000000e+00   1.076308e+07    195s
  156821    5.1873724e+03   0.000000e+00   5.340888e+06    200s
  157941    5.1672732e+03   0.000000e+00   2.889930e+07    205s
  158901    5.1477417e+03   0.000000e+00   6.259021e+07    210s
  159931    5.1264710e+03   0.000000e+00   1.404266e+07    215s
  160901    5.1069397e+03   0.000000e+00   1.125439e+07    221s
  161631    5.0950935e+03   0.000000e+00   4.835606e+06    226s
  162341    5.0830685e+03   0.000000e+00   1.336710e+06    230s
  163241    5.0690629e+03   0.000000e+00   1.452744e+07    235s
  164001    5.0557219e+03   0.000000e+00   2.143595e+07    241s
  164811    5.0384377e+03   0.000000e+00   3.799649e+07    245s
  165711    5.0195887e+03   0.000000e+00   2.588455e+07    250s
  166441    5.0023810e+03   0.000000e+00   1.914254e+06    256s
  167081    4.9938758e+03   0.000000e+00   9.995665e+06    261s
  167611    4.9838972e+03   0.000000e+00   6.294450e+06    266s
  168131    4.9776322e+03   0.000000e+00   4.752017e+06    270s
  168801    4.9688686e+03   0.000000e+00   2.505958e+08    276s
  169531    4.9569180e+03   0.000000e+00   9.152296e+06    280s
  170261    4.9472352e+03   0.000000e+00   6.438292e+07    285s
  170891    4.9329433e+03   0.000000e+00   5.889508e+06    291s
  171521    4.9181340e+03   0.000000e+00   2.626389e+06    295s


Root relaxation: time limit, 172138 iterations, 296.56 seconds

    Nodes    |    Current Node    |     Objective Bounds      |     Work
 Expl Unexpl |  Obj  Depth IntInf | Incumbent    BestBd   Gap | It/Node Time

     0     0          -    0      13503.6000 2492.00000  81.5%     -  300s

Explored 0 nodes (172138 simplex iterations) in 300.08 seconds
Thread count was 12 (of 12 available processors)

Solution count 1: 13503.6 

Time limit reached
Best objective 1.350360000000e+04, best bound 2.492000000000e+03, gap 81.5457%
