
Gurobi 9.5.1 (win64) logging started Tue Apr 19 03:27:18 2022

Set parameter LogFile to value "./Log/Direct_MIP_Sshape_solver_720_order_36_batch.log"
Gurobi Optimizer version 9.5.1 build v9.5.1rc2 (win64)
Thread count: 6 physical cores, 12 logical processors, using up to 12 threads
Optimize a model with 45684 rows, 70848 columns and 213588 nonzeros
Model fingerprint: 0x4894969c
Variable types: 0 continuous, 70848 integer (70848 binary)
Coefficient statistics:
  Matrix range     [1e+00, 2e+01]
  Objective range  [4e-01, 2e+01]
  Bounds range     [1e+00, 1e+00]
  RHS range        [1e+00, 2e+01]
Found heuristic solution: objective 9390.4000000
Presolve removed 23508 rows and 23508 columns
Presolve time: 0.43s
Presolved: 22176 rows, 47340 columns, 186516 nonzeros
Variable types: 0 continuous, 47340 integer (47340 binary)

Deterministic concurrent LP optimizer: primal and dual simplex
Showing first log only...


Use crossover to convert LP symmetric solution to basic solution...
Concurrent spin time: 0.00s

Solved with primal simplex

Root relaxation: objective 2.146450e+03, 25861 iterations, 0.16 seconds (0.17 work units)

    Nodes    |    Current Node    |     Objective Bounds      |     Work
 Expl Unexpl |  Obj  Depth IntInf | Incumbent    BestBd   Gap | It/Node Time

     0     0 2146.45000    0 2145 9390.40000 2146.45000  77.1%     -    3s
H    0     0                    8599.6000000 2146.45000  75.0%     -    3s
H    0     0                    8446.0000000 2146.45000  74.6%     -    3s
H    0     0                    6343.2000000 2146.45000  66.2%     -    6s
H    0     0                    6211.8000000 2146.45000  65.4%     -    6s
H    0     0                    6181.0000000 2146.45000  65.3%     -    6s
     0     0 2146.45000    0 3831 6181.00000 2146.45000  65.3%     -    6s
H    0     0                    6104.8000000 2146.45000  64.8%     -    7s
     0     0 2146.45000    0 2854 6104.80000 2146.45000  64.8%     -    8s
H    0     0                    6078.4000000 2146.45000  64.7%     -   12s
H    0     0                    6062.6000000 2146.45000  64.6%     -   12s
H    0     0                    6055.8000000 2146.45000  64.6%     -   12s
H    0     0                    6050.2000000 2146.45000  64.5%     -   12s
     0     0 2146.45000    0 2158 6050.20000 2146.45000  64.5%     -   12s
     0     0 2146.45000    0 2299 6050.20000 2146.45000  64.5%     -   13s
H    0     0                    6046.2000000 2146.45000  64.5%     -   13s
H    0     0                    6034.8000000 2146.45000  64.4%     -   16s
H    0     0                    5864.2000000 2146.45000  63.4%     -   16s
H    0     0                    5832.0000000 2146.45000  63.2%     -   16s
H    0     0                    5768.8000000 2146.45000  62.8%     -   17s
H    0     0                    5717.6000000 2146.45000  62.5%     -   17s
     0     0 2146.45000    0 2011 5717.60000 2146.45000  62.5%     -   17s
H    0     0                    5694.6000000 2146.45000  62.3%     -   18s
     0     0 2146.45000    0 1997 5694.60000 2146.45000  62.3%     -   19s
H    0     0                    5520.0000000 2146.45000  61.1%     -   19s
H    0     0                    5516.4000000 2146.45000  61.1%     -   21s
     0     2 2146.45000    0 1997 5516.40000 2146.45000  61.1%     -   23s
     9     6 2209.51593    5 2420 5516.40000 2147.71261  61.1%  1343   25s
    25    14 2185.13101    8 3627 5516.40000 2159.96799  60.8%  2035   32s
H   31    18                    5491.8000000 2172.89307  60.4%  2771   44s
H   33    18                    5463.0000000 2172.89307  60.2%  3531   44s
    37    24 2200.02275    9 3700 5463.00000 2176.81296  60.2%  5655   53s
    43    30 2224.58303   10 3778 5463.00000 2176.81296  60.2%  7582   97s
    55    40 2237.03566   10 3638 5463.00000 2176.81296  60.2% 10012  113s
    61    45 2214.98467   10 4045 5463.00000 2176.81296  60.2% 10572  122s
H   68    51                    5433.8000000 2176.81296  59.9% 10284  125s
H   72    51                    5427.0000000 2176.81296  59.9%  9857  125s
    82    62 2212.69002   12 3556 5427.00000 2176.81296  59.9%  9205  130s
    93    64 infeasible   13      5427.00000 2176.81296  59.9%  8366  137s
H  103    72                    5393.6000000 2176.81296  59.6%  7722  140s
H  110    72                    5393.4000000 2176.81296  59.6%  7317  140s
   136   100 infeasible   15      5393.40000 2176.81296  59.6%  6327  149s
H  137   100                    5379.4000000 2176.81296  59.5%  6281  149s
H  139   100                    5369.4000000 2176.81296  59.5%  6227  149s
   149   108 2223.19656   17 3479 5369.40000 2176.81296  59.5%  5946  151s
H  179   125                    5361.0000000 2176.81296  59.4%  5260  157s
H  182   125                    5351.0000000 2176.81296  59.3%  5189  157s
H  185   125                    5350.4000000 2176.81296  59.3%  5154  157s
   192   130 2238.30672   21 3077 5350.40000 2176.81296  59.3%  5046  160s
   227   150 infeasible   23      5350.40000 2176.81296  59.3%  4484  167s
H  228   150                    5334.0000000 2176.81296  59.2%  4465  167s
H  231   150                    5328.0000000 2176.81296  59.1%  4419  167s
   241   166 2235.34951   24 3163 5328.00000 2176.81296  59.1%  4297  170s
H  271   174                    5251.0000000 2176.81296  58.5%  3995  174s
   283   182 2256.40442   27 2827 5251.00000 2176.81296  58.5%  3900  178s
H  307   187                    5239.2000000 2176.81296  58.5%  3721  188s
H  307   187                    5172.6000000 2176.81296  57.9%  3721  188s
   314   197 2258.12602   28 2688 5172.60000 2176.81296  57.9%  3721  192s
H  342   201                    5104.2000000 2176.81296  57.4%  3523  213s
H  343   201                    5094.6000000 2176.81296  57.3%  3516  213s
H  344   201                    5067.8000000 2176.81296  57.0%  3509  213s
   350   212 2253.46516   29 3436 5067.80000 2176.81296  57.0%  3513  228s
   370   224 infeasible   30      5067.80000 2176.81296  57.0%  3560  232s
   395   235 2252.46717   30 3431 5067.80000 2176.81296  57.0%  3429  252s
H  397   235                    5023.8000000 2176.81296  56.7%  3417  252s
   410   249 2262.90083   32 3450 5023.80000 2176.81296  56.7%  3521  273s
H  412   249                    5016.4000000 2176.81296  56.6%  3512  273s
H  418   249                    5004.6000000 2176.81296  56.5%  3621  273s
   424   274 2274.75402   34 3068 5004.60000 2176.81296  56.5%  3629  290s
   451   299 2366.28801   37 2513 5004.60000 2176.81296  56.5%  3639  307s
H  456   299                    4999.0000000 2176.81296  56.5%  3628  307s
   482   320 2311.91147   37 2536 4999.00000 2176.81296  56.5%  3616  314s
H  487   320                    4998.2000000 2176.81296  56.4%  3609  314s
   507   358 2347.26113   39 2812 4998.20000 2176.81296  56.4%  3533  321s
   557   395 infeasible   40      4998.20000 2176.81296  56.4%  3320  328s
   610   445 2372.80070   44 2449 4998.20000 2176.81296  56.4%  3115  335s
   668   505 2384.28167   50 2394 4998.20000 2176.81296  56.4%  2938  342s
   730   551 2390.12599   55 2435 4998.20000 2176.81296  56.4%  2774  350s
H  743   551                    4997.0000000 2176.81296  56.4%  2743  350s
H  766   551                    4992.4000000 2176.81296  56.4%  2699  350s
H  778   551                    4986.4000000 2176.81296  56.3%  2658  350s
   784   596 2411.70015   61 2344 4986.40000 2176.81296  56.3%  2648  357s
H  785   596                    4978.6000000 2176.81296  56.3%  2644  357s
   839   662 2445.87608   64 2483 4978.60000 2176.81296  56.3%  2542  366s
   923   737 2425.94477   71 2230 4978.60000 2176.81296  56.3%  2383  440s
H  943   737                    4978.2000000 2176.81296  56.3%  2352  440s
  1010   835 2475.01247   80 2340 4978.20000 2176.81296  56.3%  2314  463s
  1116   957 2525.53160   87 2282 4978.20000 2176.81296  56.3%  2218  488s
  1248  1080 2546.37563   97 2171 4978.20000 2176.81296  56.3%  2102  512s
H 1387  1080                    4972.0000000 2176.81296  56.2%  2003  515s
  1388  1081 2772.27028   72 1997 4972.00000 2176.81296  56.2%  2002  582s

Explored 1389 nodes (3175342 simplex iterations) in 1000.05 seconds (1620.47 work units)
Thread count was 12 (of 12 available processors)

Solution count 10: 4972 4978.2 4978.6 ... 5016.4

Time limit reached
Best objective 4.972000000000e+03, best bound 2.177000000000e+03, gap 56.2148%

Gurobi 9.5.1 (win64) logging started Tue Apr 19 21:48:02 2022

Set parameter LogFile to value "./Log/Direct_MIP_Sshape_solver_720_order_36_batch.log"
Gurobi Optimizer version 9.5.1 build v9.5.1rc2 (win64)
Thread count: 6 physical cores, 12 logical processors, using up to 12 threads
Optimize a model with 50832 rows, 75996 columns and 233388 nonzeros
Model fingerprint: 0x1333b843
Variable types: 0 continuous, 75996 integer (75996 binary)
Coefficient statistics:
  Matrix range     [1e+00, 2e+01]
  Objective range  [4e-01, 2e+01]
  Bounds range     [1e+00, 1e+00]
  RHS range        [1e+00, 2e+01]
Found heuristic solution: objective 9887.2000000
Presolve removed 26820 rows and 26820 columns
Presolve time: 0.49s
Presolved: 24012 rows, 49176 columns, 201744 nonzeros
Variable types: 0 continuous, 49176 integer (49176 binary)

Deterministic concurrent LP optimizer: primal and dual simplex
Showing first log only...


Use crossover to convert LP symmetric solution to basic solution...
Concurrent spin time: 0.00s

Solved with primal simplex

Root relaxation: objective 2.269750e+03, 25861 iterations, 0.16 seconds (0.18 work units)

    Nodes    |    Current Node    |     Objective Bounds      |     Work
 Expl Unexpl |  Obj  Depth IntInf | Incumbent    BestBd   Gap | It/Node Time

     0     0 2269.75000    0 2345 9887.20000 2269.75000  77.0%     -    3s
H    0     0                    8999.4000000 2269.75000  74.8%     -    3s
H    0     0                    8923.8000000 2269.75000  74.6%     -    4s
H    0     0                    7503.0000000 2269.75000  69.7%     -    7s
H    0     0                    7502.6000000 2269.75000  69.7%     -    7s
H    0     0                    7313.4000000 2269.75000  69.0%     -    7s
H    0     0                    7249.2000000 2269.75000  68.7%     -    7s
     0     0 2269.75000    0 4181 7249.20000 2269.75000  68.7%     -    8s
H    0     0                    7082.4000000 2269.75000  68.0%     -    8s
     0     0 2269.75000    0 3173 7082.40000 2269.75000  68.0%     -    9s
     0     0 2269.75000    0 2390 7082.40000 2269.75000  68.0%     -   14s
     0     0 2269.75000    0 2442 7082.40000 2269.75000  68.0%     -   15s
     0     0 2269.75000    0 2421 7082.40000 2269.75000  68.0%     -   19s
H    0     0                    7066.6000000 2269.75000  67.9%     -   19s
     0     0 2269.75000    0 2270 7066.60000 2269.75000  67.9%     -   20s
H    0     0                    6948.4000000 2269.75000  67.3%     -   21s
H    0     0                    6616.2000000 2269.75000  65.7%     -   21s
H    0     0                    6585.8000000 2269.75000  65.5%     -   21s
H    0     0                    6305.8000000 2269.75000  64.0%     -   21s
H    0     0                    6217.2000000 2269.75000  63.5%     -   26s
     0     2 2269.75000    0 2208 6217.20000 2269.75000  63.5%     -   29s
     5     2 infeasible    3      6217.20000 2269.75000  63.5%   909   30s
H    9     4                    6153.2000000 2269.98824  63.1%   881   32s
    15    10 infeasible    7      6153.20000 2276.47106  63.0%  1510   35s
H   27    18                    6109.0000000 2287.54371  62.6%  4088   55s
H   28    18                    6080.6000000 2287.54371  62.4%  4503   55s
    33    24 2329.22976    9 3648 6080.60000 2300.94483  62.2%  5307   60s
    39    25 2382.73957   10 3421 6080.60000 2300.94483  62.2%  5902   74s
    48    30 2356.44797   10 3480 6080.60000 2300.94483  62.2%  6880   76s
    55    35 2366.14031   11 3126 6080.60000 2300.94483  62.2%  6431   82s
H   62    41                    6047.4000000 2300.94483  62.0%  6281   88s
H   63    41                    6039.8000000 2300.94483  61.9%  6217   88s
H   66    41                    6038.6000000 2300.94483  61.9%  6027   88s
    68    48 2404.06435   13 2875 6038.60000 2300.94483  61.9%  5949   90s
    98    62 2468.00857   16 2851 6038.60000 2300.94483  61.9%  4765   96s
H  102    62                    6034.4000000 2300.94483  61.9%  4711   96s
H  109    68                    6023.4000000 2300.94483  61.8%  4541  100s
H  110    68                    6009.6000000 2300.94483  61.7%  4507  100s
H  112    68                    5999.8000000 2300.94483  61.6%  4475  100s
   129    80 2485.89312   19 2826 5999.80000 2300.94483  61.6%  4143  105s
H  141    92                    5996.6000000 2300.94483  61.6%  3924  108s
H  150    92                    5996.2000000 2300.94483  61.6%  3777  108s
H  154    92                    5990.4000000 2300.94483  61.6%  3690  108s
   155   103 2524.94396   23 2665 5990.40000 2300.94483  61.6%  3725  110s
H  184   126                    5970.4000000 2300.94483  61.5%  3387  115s
H  187   126                    5945.4000000 2300.94483  61.3%  3357  115s
H  215   143                    5937.8000000 2300.94483  61.2%  3149  122s
H  216   143                    5928.6000000 2300.94483  61.2%  3135  122s
H  217   143                    5922.0000000 2300.94483  61.1%  3128  122s
H  222   153                    5855.0000000 2300.94483  60.7%  3092  125s
   259   179 2527.21553   30 2610 5855.00000 2300.94483  60.7%  2859  142s
H  262   179                    5765.2000000 2300.94483  60.1%  2838  142s
H  276   179                    5739.6000000 2300.94483  59.9%  2760  142s
H  278   191                    5730.2000000 2300.94483  59.8%  2761  145s
H  294   191                    5723.6000000 2300.94483  59.8%  2649  145s
H  300   208                    5687.8000000 2300.94483  59.5%  2621  149s
H  321   213                    5684.0000000 2300.94483  59.5%  2518  205s
H  322   213                    5680.2000000 2300.94483  59.5%  2512  205s
H  322   213                    5588.6000000 2300.94483  58.8%  2512  205s
H  325   213                    5577.6000000 2300.94483  58.7%  2506  205s
   361   271 2543.81450   41 2521 5577.60000 2300.94483  58.7%  2351  213s
   396   285 2548.53358   42 2525 5577.60000 2300.94483  58.7%  2201  217s
H  397   285                    5574.0000000 2300.94483  58.7%  2195  217s
   418   316 2559.07432   43 2537 5574.00000 2300.94483  58.7%  2128  222s
   459   355 2570.85252   45 2587 5574.00000 2300.94483  58.7%  2002  227s
   498   390 2575.57396   49 2416 5574.00000 2300.94483  58.7%  1948  232s
   537   430 2582.70808   53 2416 5574.00000 2300.94483  58.7%  1876  237s
   583   471 2593.66268   54 2397 5574.00000 2300.94483  58.7%  1780  243s
   630   510 2600.89228   59 2310 5574.00000 2300.94483  58.7%  1700  248s
   683   541 2599.42774   61 2395 5574.00000 2300.94483  58.7%  1623  253s
   730   585 2607.99102   65 2365 5574.00000 2300.94483  58.7%  1560  259s
   794   624 2621.61835   70 2345 5574.00000 2300.94483  58.7%  1471  281s
H  810   624                    5573.6000000 2300.94483  58.7%  1461  281s
   849   671 2665.37871   74 2626 5573.60000 2300.94483  58.7%  1435  291s
   898   723 2663.68909   75 2534 5573.60000 2300.94483  58.7%  1406  297s
   964   765 2672.30562   79 2451 5573.60000 2300.94483  58.7%  1344  304s
H  992   765                    5531.8000000 2300.94483  58.4%  1345  304s
H 1016   804                    5456.6000000 2300.94483  57.8%  1317  329s
H 1020   804                    5412.6000000 2300.94483  57.5%  1338  329s
  1055   868 2678.37829   83 2543 5412.60000 2300.94483  57.5%  1304  335s
H 1098   868                    5399.2000000 2300.94483  57.4%  1294  335s
  1121   939 2678.28960   90 2493 5399.20000 2300.94483  57.4%  1284  342s
  1196  1021 2683.70566   99 2479 5399.20000 2300.94483  57.4%  1254  349s
H 1278  1021                    5385.2000000 2300.94483  57.3%  1215  355s
  1279  1022 2550.65096   42 2270 5385.20000 2300.94483  57.3%  1214  386s

Explored 1280 nodes (2061163 simplex iterations) in 1000.04 seconds (1437.79 work units)
Thread count was 12 (of 12 available processors)

Solution count 10: 5385.2 5399.2 5412.6 ... 5680.2

Time limit reached
Best objective 5.385200000000e+03, best bound 2.301000000000e+03, gap 57.2718%

Gurobi 9.5.1 (win64) logging started Wed Apr 27 22:07:48 2022

Set parameter LogFile to value "./Log/Direct_MIP_Sshape_solver_720_order_36_batch.log"
Gurobi Optimizer version 9.5.1 build v9.5.1rc2 (win64)
Thread count: 6 physical cores, 12 logical processors, using up to 12 threads
Optimize a model with 57744 rows, 81180 columns and 329328 nonzeros
Model fingerprint: 0x32a93b0a
Model has 1692 quadratic constraints
Variable types: 0 continuous, 81180 integer (77724 binary)
Coefficient statistics:
  Matrix range     [1e+00, 5e+01]
  QMatrix range    [1e+00, 1e+00]
  QLMatrix range   [1e+00, 1e+00]
  Objective range  [4e-01, 4e+01]
  Bounds range     [1e+00, 1e+00]
  RHS range        [1e+00, 2e+01]
Presolve removed 23760 rows and 27000 columns
Presolve time: 0.81s
Presolved: 33984 rows, 54180 columns, 227916 nonzeros
Variable types: 0 continuous, 54180 integer (50832 binary)
Found heuristic solution: objective 13891.200000

Deterministic concurrent LP optimizer: primal and dual simplex
Showing first log only...


Use crossover to convert LP symmetric solution to basic solution...
Concurrent spin time: 0.03s

Solved with dual simplex

Root relaxation: objective 1.586480e+03, 29304 iterations, 1.54 seconds (2.77 work units)

    Nodes    |    Current Node    |     Objective Bounds      |     Work
 Expl Unexpl |  Obj  Depth IntInf | Incumbent    BestBd   Gap | It/Node Time

     0     0 1586.48000    0 9873 13891.2000 1586.48000  88.6%     -   27s
H    0     0                    13339.600000 1586.48000  88.1%     -   30s
H    0     0                    13104.000000 1586.48000  87.9%     -   49s
H    0     0                    12644.800000 1586.48000  87.5%     -   49s
H    0     0                    12585.200000 1586.48000  87.4%     -   49s
H    0     0                    12554.000000 1586.48000  87.4%     -   49s
H    0     0                    12526.800000 1586.48000  87.3%     -   49s
     0     0 1880.48000    0 6731 12526.8000 1880.48000  85.0%     -   59s
H    0     0                    12474.400000 1880.48000  84.9%     -   61s
H    0     0                    12467.600000 1880.48000  84.9%     -   67s
H    0     0                    12392.800000 1880.48000  84.8%     -   67s
H    0     0                    12356.000000 1880.48000  84.8%     -   67s
H    0     0                    12335.200000 1880.48000  84.8%     -   67s
H    0     0                    12328.800000 1880.48000  84.7%     -   67s
     0     0 1880.48000    0 6594 12328.8000 1880.48000  84.7%     -   67s
H    0     0                    12307.200000 1880.48000  84.7%     -   69s
H    0     0                    12299.200000 1880.48000  84.7%     -   69s
     0     0 1880.48000    0 6564 12299.2000 1880.48000  84.7%     -   70s
     0     0 1880.48000    0 6487 12299.2000 1880.48000  84.7%     -   71s
H    0     0                    12241.200000 1880.48000  84.6%     -   72s
H    0     0                    12074.800000 2279.57282  81.1%     -  100s
H    0     0                    12009.600000 2279.57282  81.0%     -  100s
H    0     0                    12005.600000 2279.57282  81.0%     -  100s
H    0     0                    12003.600000 2279.57282  81.0%     -  100s
H    0     0                    11989.200000 2279.57282  81.0%     -  100s
H    0     0                    11987.600000 2279.57282  81.0%     -  100s
H    0     0                    11974.800000 2279.57282  81.0%     -  100s
H    0     0                    11971.200000 2279.57282  81.0%     -  100s
H    0     0                    11822.800000 2279.57282  80.7%     -  100s
H    0     0                    11819.200000 2279.57282  80.7%     -  100s
H    0     0                    11805.200000 2279.57282  80.7%     -  100s
H    0     0                    11801.200000 2279.57282  80.7%     -  100s
H    0     0                    11791.600000 2279.57282  80.7%     -  100s
H    0     0                    11784.400000 2279.57282  80.7%     -  100s
H    0     0                    11768.000000 2279.57282  80.6%     -  100s
H    0     0                    11762.400000 2279.57282  80.6%     -  100s
     0     0 2279.57282    0 6176 11762.4000 2279.57282  80.6%     -  101s
H    0     0                    11732.800000 2375.63091  79.8%     -  123s
H    0     0                    11727.600000 2375.63091  79.7%     -  123s
H    0     0                    11670.400000 2375.63091  79.6%     -  123s
H    0     0                    11663.600000 2375.63091  79.6%     -  123s
H    0     0                    11662.800000 2375.63091  79.6%     -  123s
H    0     0                    11657.200000 2375.63091  79.6%     -  123s
H    0     0                    11650.000000 2375.63091  79.6%     -  123s
H    0     0                    11645.200000 2375.63091  79.6%     -  123s
H    0     0                    11636.400000 2375.63091  79.6%     -  123s
H    0     0                    11629.200000 2375.63091  79.6%     -  123s
H    0     0                    11624.000000 2375.63091  79.6%     -  123s
H    0     0                    11622.800000 2375.63091  79.6%     -  123s
H    0     0                    11616.400000 2375.63091  79.5%     -  123s
H    0     0                    11589.600000 2375.63091  79.5%     -  123s
H    0     0                    11524.400000 2375.63091  79.4%     -  123s
H    0     0                    11450.000000 2375.63091  79.3%     -  123s
H    0     0                    11448.000000 2375.63091  79.2%     -  123s
H    0     0                    11411.200000 2375.63091  79.2%     -  123s
H    0     0                    11408.800000 2375.63091  79.2%     -  123s
H    0     0                    11244.000000 2375.63091  78.9%     -  123s
H    0     0                    11240.800000 2375.63091  78.9%     -  123s
H    0     0                    11185.600000 2375.63091  78.8%     -  123s
     0     0 2375.63091    0 7916 11185.6000 2375.63091  78.8%     -  124s
H    0     0                    11184.000000 2375.94537  78.8%     -  163s
H    0     0                    11181.200000 2375.94537  78.8%     -  163s
H    0     0                    11176.800000 2375.94537  78.7%     -  163s
H    0     0                    11172.800000 2375.94537  78.7%     -  163s
H    0     0                    11167.600000 2375.94537  78.7%     -  163s
H    0     0                    11166.400000 2375.94537  78.7%     -  163s
H    0     0                    11162.400000 2375.94537  78.7%     -  163s
H    0     0                    11124.000000 2375.94537  78.6%     -  163s
H    0     0                    11119.200000 2375.94537  78.6%     -  163s
H    0     0                    11118.800000 2375.94537  78.6%     -  163s
H    0     0                    11112.400000 2375.94537  78.6%     -  163s
H    0     0                    11080.400000 2375.94537  78.6%     -  163s
H    0     0                    11074.000000 2375.94537  78.5%     -  163s
H    0     0                    11072.800000 2375.94537  78.5%     -  163s
H    0     0                    11068.400000 2375.94537  78.5%     -  163s
H    0     0                    11017.600000 2375.94537  78.4%     -  163s
H    0     0                    11006.800000 2375.94537  78.4%     -  163s
H    0     0                    10997.600000 2375.94537  78.4%     -  163s
H    0     0                    10804.800000 2375.94537  78.0%     -  163s
H    0     0                    10794.000000 2375.94537  78.0%     -  163s
H    0     0                    10729.200000 2375.94537  77.9%     -  163s
H    0     0                    10726.000000 2375.94537  77.8%     -  163s
H    0     0                    10718.000000 2375.94537  77.8%     -  163s
H    0     0                    9968.0000000 2375.94537  76.2%     -  163s
H    0     0                    9956.4000000 2375.94537  76.1%     -  163s
H    0     0                    9955.2000000 2375.94537  76.1%     -  163s
H    0     0                    9947.2000000 2375.94537  76.1%     -  163s
H    0     0                    9946.4000000 2375.94537  76.1%     -  163s
H    0     0                    9941.2000000 2375.94537  76.1%     -  163s
H    0     0                    9939.2000000 2375.94537  76.1%     -  163s
H    0     0                    9930.8000000 2375.94537  76.1%     -  163s
H    0     0                    9928.8000000 2375.94537  76.1%     -  163s
H    0     0                    9928.0000000 2375.94537  76.1%     -  163s
H    0     0                    9926.4000000 2375.94537  76.1%     -  163s
H    0     0                    9924.4000000 2375.94537  76.1%     -  163s
H    0     0                    9921.2000000 2375.94537  76.1%     -  163s
H    0     0                    9918.0000000 2375.94537  76.0%     -  163s
H    0     0                    9914.8000000 2375.94537  76.0%     -  163s
H    0     0                    9912.4000000 2375.94537  76.0%     -  163s
H    0     0                    9912.0000000 2375.94537  76.0%     -  163s
H    0     0                    9902.8000000 2375.94537  76.0%     -  163s
H    0     0                    9901.6000000 2375.94537  76.0%     -  163s
H    0     0                    9899.6000000 2375.94537  76.0%     -  163s
H    0     0                    9899.2000000 2375.94537  76.0%     -  163s
     0     0 2375.94537    0 8235 9899.20000 2375.94537  76.0%     -  163s
H    0     0                    9898.8000000 2378.95814  76.0%     -  192s
H    0     0                    9880.0000000 2378.95814  75.9%     -  192s
H    0     0                    9877.2000000 2378.95814  75.9%     -  192s
H    0     0                    9876.0000000 2378.95814  75.9%     -  192s
H    0     0                    9874.8000000 2378.95814  75.9%     -  192s
H    0     0                    9874.4000000 2378.95814  75.9%     -  192s
H    0     0                    9872.8000000 2378.95814  75.9%     -  192s
     0     0 2378.95814    0 8209 9872.80000 2378.95814  75.9%     -  192s
     0     0 2379.43171    0 8103 9872.80000 2379.43171  75.9%     -  194s
     0     0 2379.43171    0 7976 9872.80000 2379.43171  75.9%     -  195s
H    0     0                    9872.4000000 2379.43171  75.9%     -  197s
     0     0 2565.58214    0 8885 9872.40000 2565.58214  74.0%     -  256s
H    0     0                    9857.6000000 3302.42259  66.5%     -  368s
H    0     0                    9856.0000000 3302.42259  66.5%     -  368s
     0     0 3302.42259    0 9771 9856.00000 3302.42259  66.5%     -  369s
     0     0 3376.76423    0 9895 9856.00000 3376.76423  65.7%     -  439s
     0     0 3385.97910    0 9926 9856.00000 3385.97910  65.6%     -  484s
     0     0 3389.31852    0 9987 9856.00000 3389.31852  65.6%     -  530s
     0     0 3390.69950    0 9920 9856.00000 3390.69950  65.6%     -  593s
     0     0 3391.37568    0 9926 9856.00000 3391.37568  65.6%     -  644s
     0     0 3391.58985    0 9806 9856.00000 3391.58985  65.6%     -  676s
H    0     0                    9853.6000000 3514.09958  64.3%     -  775s
     0     0 3514.09958    0 9490 9853.60000 3514.09958  64.3%     -  776s
     0     0 3675.89650    0 9274 9853.60000 3675.89650  62.7%     -  838s
     0     0 3696.20244    0 9578 9853.60000 3696.20244  62.5%     -  901s
     0     0 3701.08157    0 9679 9853.60000 3701.08157  62.4%     -  933s
     0     0          -    0      9853.60000 3701.08157  62.4%     - 1000s

Cutting planes:
  Learned: 72
  Gomory: 1
  Cover: 4718
  Implied bound: 435
  Clique: 479
  MIR: 582
  StrongCG: 139
  Flow cover: 261
  Zero half: 1817
  Network: 42
  RLT: 978
  Relax-and-lift: 894

Explored 1 nodes (850594 simplex iterations) in 1000.30 seconds (1059.04 work units)
Thread count was 12 (of 12 available processors)

Solution count 10: 9853.6 9856 9857.6 ... 9880

Time limit reached
Best objective 9.853600000000e+03, best bound 3.701200000000e+03, gap 62.4381%

Gurobi 9.5.1 (win64) logging started Wed May 25 19:45:10 2022

Set parameter LogFile to value "./Log/Direct_MIP_Sshape_solver_720_order_36_batch.log"
Gurobi Optimizer version 9.5.1 build v9.5.1rc2 (win64)
Thread count: 6 physical cores, 12 logical processors, using up to 12 threads
Optimize a model with 57744 rows, 81180 columns and 329076 nonzeros
Model fingerprint: 0xef9b4b0a
Model has 1692 quadratic constraints
Variable types: 0 continuous, 81180 integer (77724 binary)
Coefficient statistics:
  Matrix range     [1e+00, 5e+01]
  QMatrix range    [1e+00, 1e+00]
  QLMatrix range   [1e+00, 1e+00]
  Objective range  [4e-01, 4e+01]
  Bounds range     [1e+00, 1e+00]
  RHS range        [1e+00, 2e+01]
Presolve removed 23796 rows and 27036 columns
Presolve time: 0.76s
Presolved: 33948 rows, 54144 columns, 226980 nonzeros
Variable types: 0 continuous, 54144 integer (50796 binary)
Found heuristic solution: objective 13816.000000

Deterministic concurrent LP optimizer: primal and dual simplex
Showing first log only...


Use crossover to convert LP symmetric solution to basic solution...
Concurrent spin time: 0.11s

Solved with primal simplex

Root relaxation: objective 1.555520e+03, 29323 iterations, 1.51 seconds (3.12 work units)
Total elapsed time = 19.01s

    Nodes    |    Current Node    |     Objective Bounds      |     Work
 Expl Unexpl |  Obj  Depth IntInf | Incumbent    BestBd   Gap | It/Node Time

     0     0 1555.52000    0 8482 13816.0000 1555.52000  88.7%     -   47s
H    0     0                    13282.000000 1555.52000  88.3%     -   47s
H    0     0                    13168.000000 1555.52000  88.2%     -  101s
H    0     0                    12925.600000 1555.52000  88.0%     -  101s
H    0     0                    12912.000000 1555.52000  88.0%     -  101s
H    0     0                    12788.800000 1555.52000  87.8%     -  101s
H    0     0                    12774.400000 1555.52000  87.8%     -  101s
H    0     0                    12761.600000 1555.52000  87.8%     -  101s
H    0     0                    12741.200000 1555.52000  87.8%     -  101s
H    0     0                    12663.600000 1555.52000  87.7%     -  101s
H    0     0                    12546.800000 1555.52000  87.6%     -  101s
H    0     0                    12530.400000 1555.52000  87.6%     -  101s
H    0     0                    12405.600000 1555.52000  87.5%     -  101s
H    0     0                    12375.200000 1555.52000  87.4%     -  101s
H    0     0                    12331.200000 1555.52000  87.4%     -  101s
H    0     0                    12232.000000 1555.52000  87.3%     -  101s
     0     0 2564.72000    0 6599 12232.0000 2564.72000  79.0%     -  105s
H    0     0                    12060.000000 2564.72000  78.7%     -  107s
     0     0 2678.72000    0 6638 12060.0000 2678.72000  77.8%     -  124s
     0     0 2678.72000    0 6529 12060.0000 2678.72000  77.8%     -  128s
     0     0 2678.72000    0 6373 12060.0000 2678.72000  77.8%     -  129s
     0     0 2775.62811    0 5483 12060.0000 2775.62811  77.0%     -  145s
H    0     0                    12034.000000 3247.43366  73.0%     -  247s
H    0     0                    12030.000000 3247.43366  73.0%     -  247s
H    0     0                    12024.800000 3247.43366  73.0%     -  247s
H    0     0                    11986.400000 3247.43366  72.9%     -  247s
H    0     0                    11978.400000 3247.43366  72.9%     -  247s
H    0     0                    11916.400000 3247.43366  72.7%     -  247s
H    0     0                    11908.800000 3247.43366  72.7%     -  247s
H    0     0                    11877.200000 3247.43366  72.7%     -  247s
H    0     0                    11874.000000 3247.43366  72.7%     -  247s
H    0     0                    11870.000000 3247.43366  72.6%     -  247s
H    0     0                    11851.600000 3247.43366  72.6%     -  247s
H    0     0                    11847.600000 3247.43366  72.6%     -  247s
H    0     0                    11800.800000 3247.43366  72.5%     -  247s
H    0     0                    11792.400000 3247.43366  72.5%     -  247s
H    0     0                    11759.600000 3247.43366  72.4%     -  247s
H    0     0                    11757.600000 3247.43366  72.4%     -  247s
H    0     0                    11748.400000 3247.43366  72.4%     -  247s
H    0     0                    11742.800000 3247.43366  72.3%     -  247s
H    0     0                    11662.000000 3247.43366  72.2%     -  247s
H    0     0                    11660.000000 3247.43366  72.1%     -  247s
H    0     0                    11646.000000 3247.43366  72.1%     -  247s
H    0     0                    11640.000000 3247.43366  72.1%     -  248s
H    0     0                    11491.600000 3247.43366  71.7%     -  248s
H    0     0                    11488.800000 3247.43366  71.7%     -  248s
H    0     0                    11471.600000 3247.43366  71.7%     -  248s
H    0     0                    11462.000000 3247.43366  71.7%     -  248s
H    0     0                    11461.600000 3247.43366  71.7%     -  248s
H    0     0                    11426.400000 3247.43366  71.6%     -  248s
H    0     0                    11424.800000 3247.43366  71.6%     -  248s
H    0     0                    11362.800000 3247.43366  71.4%     -  248s
H    0     0                    11362.000000 3247.43366  71.4%     -  248s
H    0     0                    11360.000000 3247.43366  71.4%     -  248s
H    0     0                    11358.000000 3247.43366  71.4%     -  248s
H    0     0                    11357.200000 3247.43366  71.4%     -  248s
H    0     0                    11356.400000 3247.43366  71.4%     -  248s
H    0     0                    11350.400000 3247.43366  71.4%     -  248s
H    0     0                    11287.600000 3247.43366  71.2%     -  248s
H    0     0                    11192.400000 3247.43366  71.0%     -  248s
     0     0 3247.43366    0 8732 11192.4000 3247.43366  71.0%     -  249s
H    0     0                    11185.600000 3429.25828  69.3%     -  294s
H    0     0                    11160.800000 3429.25828  69.3%     -  294s
H    0     0                    11121.200000 3429.25828  69.2%     -  294s
H    0     0                    11116.800000 3429.25828  69.2%     -  294s
H    0     0                    11097.200000 3429.25828  69.1%     -  294s
H    0     0                    11094.000000 3429.25828  69.1%     -  294s
H    0     0                    11076.400000 3429.25828  69.0%     -  294s
H    0     0                    11061.200000 3429.25828  69.0%     -  294s
H    0     0                    11044.400000 3429.25828  69.0%     -  294s
H    0     0                    11026.400000 3429.25828  68.9%     -  294s
H    0     0                    10993.600000 3429.25828  68.8%     -  294s
H    0     0                    10991.200000 3429.25828  68.8%     -  294s
H    0     0                    10988.400000 3429.25828  68.8%     -  294s
H    0     0                    10987.600000 3429.25828  68.8%     -  294s
     0     0 3429.25828    0 8510 10987.6000 3429.25828  68.8%     -  295s
H    0     0                    10986.400000 3563.72916  67.6%     -  323s
H    0     0                    10985.600000 3563.72916  67.6%     -  323s
H    0     0                    10984.400000 3563.72916  67.6%     -  323s
H    0     0                    10983.600000 3563.72916  67.6%     -  323s
H    0     0                    10983.200000 3563.72916  67.6%     -  323s
H    0     0                    10982.400000 3563.72916  67.6%     -  323s
     0     0 3563.72916    0 8762 10982.4000 3563.72916  67.6%     -  324s
H    0     0                    10965.200000 3594.27180  67.2%     -  351s
H    0     0                    10955.200000 3594.27180  67.2%     -  351s
     0     0 3594.27180    0 8938 10955.2000 3594.27180  67.2%     -  352s
     0     0 3600.86385    0 8742 10955.2000 3600.86385  67.1%     -  380s
     0     0 3602.59735    0 8798 10955.2000 3602.59735  67.1%     -  399s
     0     0 3604.06183    0 8829 10955.2000 3604.06183  67.1%     -  419s
     0     0 3604.79343    0 8899 10955.2000 3604.79343  67.1%     -  429s
     0     0 3604.95663    0 8811 10955.2000 3604.95663  67.1%     -  433s
     0     0 3874.06410    0 9133 10955.2000 3874.06410  64.6%     -  494s
H    0     0                    10938.400000 3874.06410  64.6%     -  495s
     0     0 4153.91575    0 9361 10938.4000 4153.91575  62.0%     -  618s
     0     0 4214.79387    0 9272 10938.4000 4214.79387  61.5%     -  759s
     0     0 4250.89647    0 9340 10938.4000 4250.89647  61.1%     -  858s
     0     0 4262.18369    0 9488 10938.4000 4262.18369  61.0%     -  966s
     0     0          -    0      10938.4000 4262.18369  61.0%     - 1000s

Cutting planes:
  Learned: 73
  Gomory: 4
  Cover: 3442
  Implied bound: 128
  Clique: 530
  MIR: 549
  StrongCG: 87
  Flow cover: 606
  Zero half: 2094
  Network: 39
  RLT: 628
  Relax-and-lift: 756
  PSD: 23

Explored 1 nodes (933177 simplex iterations) in 1000.20 seconds (1075.94 work units)
Thread count was 12 (of 12 available processors)

Solution count 10: 10938.4 10955.2 10965.2 ... 10987.6

Time limit reached
Best objective 1.093840000000e+04, best bound 4.262400000000e+03, gap 61.0327%

Gurobi 9.5.1 (win64) logging started Wed May 25 20:01:54 2022

Set parameter LogFile to value "./Log/Direct_MIP_Sshape_solver_720_order_36_batch.log"
Gurobi Optimizer version 9.5.1 build v9.5.1rc2 (win64)
Thread count: 6 physical cores, 12 logical processors, using up to 12 threads
Optimize a model with 57744 rows, 81180 columns and 329616 nonzeros
Model fingerprint: 0xacf6d403
Model has 1692 quadratic constraints
Variable types: 0 continuous, 81180 integer (77724 binary)
Coefficient statistics:
  Matrix range     [1e+00, 5e+01]
  QMatrix range    [1e+00, 1e+00]
  QLMatrix range   [1e+00, 1e+00]
  Objective range  [4e-01, 4e+01]
  Bounds range     [1e+00, 1e+00]
  RHS range        [1e+00, 2e+01]
Presolve removed 23760 rows and 27000 columns
Presolve time: 0.72s
Presolved: 33984 rows, 54180 columns, 227412 nonzeros
Variable types: 0 continuous, 54180 integer (50832 binary)
Found heuristic solution: objective 13840.400000

Deterministic concurrent LP optimizer: primal and dual simplex
Showing first log only...


Use crossover to convert LP symmetric solution to basic solution...
Concurrent spin time: 0.00s

Solved with primal simplex

Root relaxation: objective 1.593040e+03, 29324 iterations, 1.24 seconds (2.65 work units)
Total elapsed time = 10.73s

    Nodes    |    Current Node    |     Objective Bounds      |     Work
 Expl Unexpl |  Obj  Depth IntInf | Incumbent    BestBd   Gap | It/Node Time

     0     0 1593.04000    0 7975 13840.4000 1593.04000  88.5%     -   37s
H    0     0                    13562.000000 1593.04000  88.3%     -   37s
H    0     0                    13276.800000 1593.04000  88.0%     -   60s
H    0     0                    13048.400000 1593.04000  87.8%     -   60s
H    0     0                    12849.200000 1593.04000  87.6%     -   60s
H    0     0                    12804.400000 1593.04000  87.6%     -   60s
H    0     0                    12715.600000 1593.04000  87.5%     -   60s
H    0     0                    12697.600000 1593.04000  87.5%     -   60s
     0     0 1887.04000    0 6852 12697.6000 1887.04000  85.1%     -   65s
H    0     0                    12324.800000 1887.04000  84.7%     -   67s
     0     0 2161.84000    0 7131 12324.8000 2161.84000  82.5%     -   81s
     0     0 2314.64734    0 6967 12324.8000 2314.64734  81.2%     -   86s
H    0     0                    12259.600000 2591.92366  78.9%     -  170s
H    0     0                    12243.600000 2591.92366  78.8%     -  170s
H    0     0                    12242.000000 2591.92366  78.8%     -  170s
H    0     0                    12240.400000 2591.92366  78.8%     -  170s
H    0     0                    12184.000000 2591.92366  78.7%     -  170s
H    0     0                    12183.600000 2591.92366  78.7%     -  170s
H    0     0                    12129.600000 2591.92366  78.6%     -  170s
H    0     0                    12126.400000 2591.92366  78.6%     -  170s
H    0     0                    12124.400000 2591.92366  78.6%     -  170s
H    0     0                    12124.000000 2591.92366  78.6%     -  170s
H    0     0                    12122.400000 2591.92366  78.6%     -  170s
H    0     0                    12118.000000 2591.92366  78.6%     -  170s
H    0     0                    12117.200000 2591.92366  78.6%     -  170s
H    0     0                    12114.400000 2591.92366  78.6%     -  170s
H    0     0                    12095.200000 2591.92366  78.6%     -  170s
H    0     0                    12093.200000 2591.92366  78.6%     -  170s
H    0     0                    12075.200000 2591.92366  78.5%     -  171s
H    0     0                    12071.600000 2591.92366  78.5%     -  171s
H    0     0                    12065.600000 2591.92366  78.5%     -  171s
H    0     0                    12060.000000 2591.92366  78.5%     -  171s
H    0     0                    12054.000000 2591.92366  78.5%     -  171s
H    0     0                    11998.800000 2591.92366  78.4%     -  171s
H    0     0                    11991.600000 2591.92366  78.4%     -  171s
H    0     0                    11962.000000 2591.92366  78.3%     -  171s
H    0     0                    11952.800000 2591.92366  78.3%     -  171s
H    0     0                    11937.600000 2591.92366  78.3%     -  171s
H    0     0                    11930.400000 2591.92366  78.3%     -  171s
H    0     0                    11807.200000 2591.92366  78.0%     -  171s
H    0     0                    11795.600000 2591.92366  78.0%     -  171s
H    0     0                    11763.600000 2591.92366  78.0%     -  171s
H    0     0                    11754.000000 2591.92366  77.9%     -  171s
H    0     0                    11710.800000 2591.92366  77.9%     -  171s
H    0     0                    11702.400000 2591.92366  77.9%     -  171s
     0     0 3273.04756    0 6191 11702.4000 3273.04756  72.0%     -  171s
H    0     0                    11678.800000 3273.04756  72.0%     -  240s
H    0     0                    11662.800000 3273.04756  71.9%     -  240s
H    0     0                    11646.400000 3273.04756  71.9%     -  240s
H    0     0                    11645.600000 3273.04756  71.9%     -  240s
H    0     0                    11581.200000 3273.04756  71.7%     -  240s
H    0     0                    11492.400000 3273.04756  71.5%     -  240s
H    0     0                    11488.800000 3273.04756  71.5%     -  240s
H    0     0                    11443.600000 3273.04756  71.4%     -  240s
H    0     0                    11442.400000 3273.04756  71.4%     -  240s
H    0     0                    11424.400000 3273.04756  71.4%     -  240s
H    0     0                    11422.000000 3273.04756  71.3%     -  240s
H    0     0                    11421.600000 3273.04756  71.3%     -  240s
H    0     0                    11406.000000 3273.04756  71.3%     -  240s
H    0     0                    11404.800000 3273.04756  71.3%     -  240s
H    0     0                    11403.200000 3273.04756  71.3%     -  240s
H    0     0                    11402.800000 3273.04756  71.3%     -  240s
H    0     0                    11401.600000 3273.04756  71.3%     -  240s
H    0     0                    11400.000000 3273.04756  71.3%     -  240s
     0     0 3274.27286    0 8708 11400.0000 3274.27286  71.3%     -  241s
H    0     0                    11383.600000 3274.27286  71.2%     -  283s
H    0     0                    11369.600000 3274.27286  71.2%     -  283s
H    0     0                    11368.800000 3274.27286  71.2%     -  283s
H    0     0                    11354.000000 3274.27286  71.2%     -  283s
H    0     0                    11352.800000 3274.27286  71.2%     -  283s
H    0     0                    11351.200000 3274.27286  71.2%     -  283s
H    0     0                    11335.600000 3274.27286  71.1%     -  283s
H    0     0                    11334.000000 3274.27286  71.1%     -  283s
H    0     0                    11316.000000 3274.27286  71.1%     -  283s
     0     0 3274.27286    0 8878 11316.0000 3274.27286  71.1%     -  284s
H    0     0                    11273.600000 3324.35070  70.5%     -  338s
H    0     0                    11268.000000 3324.35070  70.5%     -  338s
H    0     0                    11265.200000 3324.35070  70.5%     -  338s
H    0     0                    11264.400000 3324.35070  70.5%     -  338s
H    0     0                    11262.800000 3324.35070  70.5%     -  338s
H    0     0                    11246.000000 3324.35070  70.4%     -  338s
H    0     0                    11244.800000 3324.35070  70.4%     -  338s
H    0     0                    11244.000000 3324.35070  70.4%     -  338s
H    0     0                    11226.000000 3324.35070  70.4%     -  338s
H    0     0                    11223.200000 3324.35070  70.4%     -  338s
H    0     0                    11222.400000 3324.35070  70.4%     -  338s
H    0     0                    11221.200000 3324.35070  70.4%     -  338s
H    0     0                    11205.600000 3324.35070  70.3%     -  338s
H    0     0                    11200.400000 3324.35070  70.3%     -  338s
     0     0 3324.35070    0 9016 11200.4000 3324.35070  70.3%     -  339s
H    0     0                    11197.200000 3338.43557  70.2%     -  378s
H    0     0                    11195.600000 3338.43557  70.2%     -  378s
H    0     0                    11194.800000 3338.43557  70.2%     -  378s
H    0     0                    11193.200000 3338.43557  70.2%     -  378s
H    0     0                    11191.200000 3338.43557  70.2%     -  378s
     0     0 3338.43557    0 8979 11191.2000 3338.43557  70.2%     -  379s
     0     0 3340.63306    0 8968 11191.2000 3340.63306  70.1%     -  407s
     0     0 3341.91303    0 8849 11191.2000 3341.91303  70.1%     -  430s
     0     0 3342.29791    0 8830 11191.2000 3342.29791  70.1%     -  444s
     0     0 3342.40566    0 8752 11191.2000 3342.40566  70.1%     -  446s
     0     0 3701.26947    0 8984 11191.2000 3701.26947  66.9%     -  490s
H    0     0                    11176.400000 3701.26947  66.9%     -  491s
     0     0 4065.67665    0 9117 11176.4000 4065.67665  63.6%     -  574s
     0     0 4239.59295    0 8866 11176.4000 4239.59295  62.1%     -  594s
     0     0 4307.83632    0 8987 11176.4000 4307.83632  61.5%     -  618s
     0     0 4350.75041    0 8934 11176.4000 4350.75041  61.1%     -  649s
     0     0 4360.97559    0 9109 11176.4000 4360.97559  61.0%     -  678s
     0     0 4365.94587    0 9037 11176.4000 4365.94587  60.9%     -  716s
     0     0 4368.60761    0 9011 11176.4000 4368.60761  60.9%     -  753s
     0     0 4369.71324    0 9042 11176.4000 4369.71324  60.9%     -  786s
     0     0 4370.17258    0 8970 11176.4000 4370.17258  60.9%     -  814s
     0     0 4504.78873    0 9060 11176.4000 4504.78873  59.7%     -  890s
     0     0 4585.64491    0 8349 11176.4000 4585.64491  59.0%     -  934s
     0     0 4608.21135    0 8757 11176.4000 4608.21135  58.8%     -  952s
     0     0 4612.95497    0 8380 11176.4000 4612.95497  58.7%     -  964s
H    0     0                    11044.000000 4632.17699  58.1%     -  975s
     0     0 4632.17699    0 8280 11044.0000 4632.17699  58.1%     -  975s
     0     0 4638.86622    0 8390 11044.0000 4638.86622  58.0%     -  993s
     0     0          -    0      11044.0000 4638.86622  58.0%     - 1000s

Cutting planes:
  Learned: 61
  Gomory: 3
  Cover: 4226
  Implied bound: 211
  Clique: 663
  MIR: 717
  StrongCG: 75
  Flow cover: 535
  Zero half: 2356
  Network: 33
  RLT: 623
  Relax-and-lift: 946
  PSD: 65

Explored 1 nodes (1097245 simplex iterations) in 1000.23 seconds (1045.95 work units)
Thread count was 12 (of 12 available processors)

Solution count 10: 11044 11176.4 11191.2 ... 11221.2

Time limit reached
Best objective 1.104400000000e+04, best bound 4.639200000000e+03, gap 57.9935%

Gurobi 9.5.1 (win64) logging started Wed May 25 20:18:37 2022

Set parameter LogFile to value "./Log/Direct_MIP_Sshape_solver_720_order_36_batch.log"
Gurobi Optimizer version 9.5.1 build v9.5.1rc2 (win64)
Thread count: 6 physical cores, 12 logical processors, using up to 12 threads
Optimize a model with 57744 rows, 81180 columns and 329868 nonzeros
Model fingerprint: 0xb2fbbf0a
Model has 1692 quadratic constraints
Variable types: 0 continuous, 81180 integer (77724 binary)
Coefficient statistics:
  Matrix range     [1e+00, 5e+01]
  QMatrix range    [1e+00, 1e+00]
  QLMatrix range   [1e+00, 1e+00]
  Objective range  [4e-01, 4e+01]
  Bounds range     [1e+00, 1e+00]
  RHS range        [1e+00, 2e+01]
Presolve removed 23616 rows and 26856 columns
Presolve time: 0.73s
Presolved: 34128 rows, 54324 columns, 226944 nonzeros
Variable types: 0 continuous, 54324 integer (50976 binary)
Found heuristic solution: objective 13768.400000

Deterministic concurrent LP optimizer: primal and dual simplex
Showing first log only...


Use crossover to convert LP symmetric solution to basic solution...
Concurrent spin time: 0.15s

Solved with primal simplex

Root relaxation: objective 1.574880e+03, 29327 iterations, 1.15 seconds (1.77 work units)

    Nodes    |    Current Node    |     Objective Bounds      |     Work
 Expl Unexpl |  Obj  Depth IntInf | Incumbent    BestBd   Gap | It/Node Time

     0     0 1574.88000    0 9079 13768.4000 1574.88000  88.6%     -   33s
H    0     0                    13745.600000 1574.88000  88.5%     -   33s
H    0     0                    13632.800000 1574.88000  88.4%     -   36s
H    0     0                    13574.800000 1574.88000  88.4%     -   47s
H    0     0                    13509.600000 1574.88000  88.3%     -   47s
H    0     0                    13160.000000 1574.88000  88.0%     -   47s
H    0     0                    12922.000000 1574.88000  87.8%     -   47s
H    0     0                    12747.200000 1574.88000  87.6%     -   47s
     0     0 1574.88000    0 6203 12747.2000 1574.88000  87.6%     -   54s
H    0     0                    12588.000000 1574.88000  87.5%     -   56s
     0     0 1868.88000    0 6111 12588.0000 1868.88000  85.2%     -   56s
H    0     0                    12574.400000 2661.29416  78.8%     -  109s
H    0     0                    12564.400000 2661.29416  78.8%     -  109s
H    0     0                    12554.000000 2661.29416  78.8%     -  109s
H    0     0                    12467.200000 2661.29416  78.7%     -  109s
H    0     0                    12445.200000 2661.29416  78.6%     -  109s
H    0     0                    12424.800000 2661.29416  78.6%     -  109s
H    0     0                    12421.600000 2661.29416  78.6%     -  109s
H    0     0                    12418.800000 2661.29416  78.6%     -  109s
H    0     0                    12410.000000 2661.29416  78.6%     -  109s
H    0     0                    12281.200000 2661.29416  78.3%     -  109s
H    0     0                    12276.000000 2661.29416  78.3%     -  109s
H    0     0                    12273.600000 2661.29416  78.3%     -  109s
H    0     0                    12006.000000 2661.29416  77.8%     -  110s
H    0     0                    11981.600000 2661.29416  77.8%     -  110s
H    0     0                    11922.000000 2661.29416  77.7%     -  110s
H    0     0                    11499.600000 2661.29416  76.9%     -  110s
H    0     0                    11391.200000 2661.29416  76.6%     -  110s
     0     0 2661.29416    0 7912 11391.2000 2661.29416  76.6%     -  111s
H    0     0                    11340.800000 2875.09771  74.6%     -  132s
H    0     0                    11340.400000 2875.09771  74.6%     -  132s
H    0     0                    11298.000000 2875.09771  74.6%     -  132s
H    0     0                    11296.000000 2875.09771  74.5%     -  132s
H    0     0                    11173.600000 2875.09771  74.3%     -  132s
H    0     0                    11033.600000 2875.09771  73.9%     -  132s
H    0     0                    11031.200000 2875.09771  73.9%     -  132s
H    0     0                    11007.600000 2875.09771  73.9%     -  132s
H    0     0                    11006.000000 2875.09771  73.9%     -  132s
H    0     0                    10951.600000 2875.09771  73.7%     -  132s
H    0     0                    10949.600000 2875.09771  73.7%     -  132s
H    0     0                    10948.400000 2875.09771  73.7%     -  132s
H    0     0                    10944.000000 2875.09771  73.7%     -  132s
H    0     0                    10940.400000 2875.09771  73.7%     -  132s
H    0     0                    10938.800000 2875.09771  73.7%     -  132s
H    0     0                    10878.000000 2875.09771  73.6%     -  132s
H    0     0                    10875.600000 2875.09771  73.6%     -  132s
H    0     0                    10836.000000 2875.09771  73.5%     -  132s
H    0     0                    10830.400000 2875.09771  73.5%     -  132s
H    0     0                    10780.400000 2875.09771  73.3%     -  132s
H    0     0                    10778.000000 2875.09771  73.3%     -  133s
H    0     0                    10760.400000 2875.09771  73.3%     -  133s
H    0     0                    10756.000000 2875.09771  73.3%     -  133s
H    0     0                    10739.200000 2875.09771  73.2%     -  133s
H    0     0                    10734.000000 2875.09771  73.2%     -  133s
H    0     0                    10732.400000 2875.09771  73.2%     -  133s
H    0     0                    10727.600000 2875.09771  73.2%     -  133s
H    0     0                    10713.200000 2875.09771  73.2%     -  133s
H    0     0                    10708.800000 2875.09771  73.2%     -  133s
H    0     0                    10682.800000 2875.09771  73.1%     -  133s
H    0     0                    10676.000000 2875.09771  73.1%     -  133s
H    0     0                    10670.800000 2875.09771  73.1%     -  133s
H    0     0                    10638.000000 2875.09771  73.0%     -  133s
H    0     0                    10423.200000 2875.09771  72.4%     -  133s
H    0     0                    10415.200000 2875.09771  72.4%     -  133s
H    0     0                    10411.200000 2875.09771  72.4%     -  133s
H    0     0                    10398.800000 2875.09771  72.4%     -  133s
H    0     0                    10397.600000 2875.09771  72.3%     -  133s
H    0     0                    10392.000000 2875.09771  72.3%     -  133s
H    0     0                    10383.200000 2875.09771  72.3%     -  133s
H    0     0                    10376.800000 2875.09771  72.3%     -  133s
H    0     0                    10376.000000 2875.09771  72.3%     -  133s
H    0     0                    10372.000000 2875.09771  72.3%     -  133s
     0     0 2875.09771    0 8293 10372.0000 2875.09771  72.3%     -  134s
H    0     0                    10369.200000 2953.64552  71.5%     -  153s
H    0     0                    10368.000000 2953.64552  71.5%     -  153s
H    0     0                    10360.400000 2953.64552  71.5%     -  153s
H    0     0                    10356.000000 2953.64552  71.5%     -  153s
H    0     0                    10352.000000 2953.64552  71.5%     -  154s
H    0     0                    10351.200000 2953.64552  71.5%     -  154s
H    0     0                    10344.000000 2953.64552  71.4%     -  154s
H    0     0                    10343.200000 2953.64552  71.4%     -  154s
H    0     0                    10342.800000 2953.64552  71.4%     -  154s
H    0     0                    10342.400000 2953.64552  71.4%     -  154s
H    0     0                    10342.000000 2953.64552  71.4%     -  154s
H    0     0                    10341.600000 2953.64552  71.4%     -  154s
     0     0 2953.64552    0 8208 10341.6000 2953.64552  71.4%     -  154s
H    0     0                    10341.200000 2988.92702  71.1%     -  169s
H    0     0                    10340.400000 2988.92702  71.1%     -  169s
H    0     0                    10322.800000 2988.92702  71.0%     -  169s
H    0     0                    10298.800000 2988.92702  71.0%     -  169s
H    0     0                    10284.400000 2988.92702  70.9%     -  169s
     0     0 2988.92702    0 8053 10284.4000 2988.92702  70.9%     -  169s
H    0     0                    10279.600000 2990.52075  70.9%     -  175s
     0     0 2990.52075    0 7909 10279.6000 2990.52075  70.9%     -  175s
H    0     0                    10278.800000 2990.92178  70.9%     -  180s
H    0     0                    10244.800000 2990.92178  70.8%     -  180s
     0     0 2990.92178    0 7823 10244.8000 2990.92178  70.8%     -  180s
     0     0 2990.93178    0 7699 10244.8000 2990.93178  70.8%     -  183s
H    0     0                    10216.000000 2990.93178  70.7%     -  185s
H    0     0                    10207.600000 3192.35885  68.7%     -  208s
H    0     0                    10192.000000 3192.35885  68.7%     -  208s
H    0     0                    10187.200000 3192.35885  68.7%     -  208s
     0     0 3192.35885    0 8519 10187.2000 3192.35885  68.7%     -  208s
H    0     0                    10150.000000 3781.95914  62.7%     -  232s
H    0     0                    10149.600000 3781.95914  62.7%     -  232s
H    0     0                    10119.600000 3781.95914  62.6%     -  232s
     0     0 3781.95914    0 8755 10119.6000 3781.95914  62.6%     -  233s
     0     0 3863.15115    0 9077 10119.6000 3863.15115  61.8%     -  257s
     0     0 3937.30704    0 9000 10119.6000 3937.30704  61.1%     -  275s
     0     0 3980.96418    0 9313 10119.6000 3980.96418  60.7%     -  311s
H    0     0                    10067.200000 4002.57861  60.2%     -  376s
H    0     0                    10058.800000 4002.57861  60.2%     -  376s
     0     0 4002.57861    0 8696 10058.8000 4002.57861  60.2%     -  376s
     0     0 4011.86898    0 8695 10058.8000 4011.86898  60.1%     -  391s
     0     0 4017.82421    0 8552 10058.8000 4017.82421  60.1%     -  404s
     0     0 4019.58347    0 8923 10058.8000 4019.58347  60.0%     -  420s
     0     0 4020.26411    0 8518 10058.8000 4020.26411  60.0%     -  435s
     0     0 4020.39407    0 8399 10058.8000 4020.39407  60.0%     -  447s
     0     0 4083.48719    0 9320 10058.8000 4083.48719  59.4%     -  564s
     0     0 4134.56891    0 8524 10058.8000 4134.56891  58.9%     -  601s
H    0     0                    10049.600000 4148.93662  58.7%     -  620s
     0     0 4148.93662    0 8147 10049.6000 4148.93662  58.7%     -  621s
     0     0 4151.26419    0 8002 10049.6000 4151.26419  58.7%     -  632s
     0     0 4151.26419    0 8001 10049.6000 4151.26419  58.7%     -  636s
     0     0 4156.87547    0 8512 10049.6000 4156.87547  58.6%     -  666s
H    0     0                    10043.600000 4176.11343  58.4%     -  683s
     0     0 4176.11343    0 8454 10043.6000 4176.11343  58.4%     -  683s
     0     0 4176.16607    0 8214 10043.6000 4176.16607  58.4%     -  698s
     0     0 4178.50150    0 8971 10043.6000 4178.50150  58.4%     -  737s
     0     0 4184.29038    0 9185 10043.6000 4184.29038  58.3%     -  803s
H    0     0                    10029.200000 4197.16985  58.2%     -  841s
     0     0 4197.16985    0 8347 10029.2000 4197.16985  58.2%     -  841s
H    0     0                    10025.600000 4198.33444  58.1%     -  880s
     0     0 4198.33444    0 8360 10025.6000 4198.33444  58.1%     -  880s
     0     0          -    0      10025.6000 4198.33444  58.1%     - 1000s

Cutting planes:
  Learned: 37
  Cover: 8294
  Implied bound: 1037
  Clique: 263
  MIR: 527
  StrongCG: 140
  Flow cover: 391
  Zero half: 2027
  Network: 133
  RLT: 658
  Relax-and-lift: 1419

Explored 1 nodes (783872 simplex iterations) in 1000.25 seconds (1043.56 work units)
Thread count was 12 (of 12 available processors)

Solution count 10: 10025.6 10029.2 10043.6 ... 10187.2

Time limit reached
Best objective 1.002560000000e+04, best bound 4.198400000000e+03, gap 58.1232%

Gurobi 9.5.1 (win64) logging started Wed May 25 20:35:21 2022

Set parameter LogFile to value "./Log/Direct_MIP_Sshape_solver_720_order_36_batch.log"
Gurobi Optimizer version 9.5.1 build v9.5.1rc2 (win64)
Thread count: 6 physical cores, 12 logical processors, using up to 12 threads
Optimize a model with 57744 rows, 81180 columns and 329724 nonzeros
Model fingerprint: 0x6e990234
Model has 1692 quadratic constraints
Variable types: 0 continuous, 81180 integer (77724 binary)
Coefficient statistics:
  Matrix range     [1e+00, 5e+01]
  QMatrix range    [1e+00, 1e+00]
  QLMatrix range   [1e+00, 1e+00]
  Objective range  [4e-01, 4e+01]
  Bounds range     [1e+00, 1e+00]
  RHS range        [1e+00, 2e+01]
Presolve removed 23184 rows and 26424 columns
Presolve time: 0.78s
Presolved: 34560 rows, 54756 columns, 229176 nonzeros
Variable types: 0 continuous, 54756 integer (51408 binary)
Found heuristic solution: objective 13758.400000

Deterministic concurrent LP optimizer: primal and dual simplex
Showing first log only...


Use crossover to convert LP symmetric solution to basic solution...
Concurrent spin time: 0.00s

Solved with primal simplex

Root relaxation: objective 1.596720e+03, 29323 iterations, 1.24 seconds (2.06 work units)
Total elapsed time = 16.05s

    Nodes    |    Current Node    |     Objective Bounds      |     Work
 Expl Unexpl |  Obj  Depth IntInf | Incumbent    BestBd   Gap | It/Node Time

     0     0 1596.72000    0 7999 13758.4000 1596.72000  88.4%     -   48s
H    0     0                    13534.400000 1596.72000  88.2%     -   48s
H    0     0                    13084.800000 1596.72000  87.8%     -   84s
H    0     0                    12783.200000 1596.72000  87.5%     -   84s
H    0     0                    12624.400000 1596.72000  87.4%     -   84s
H    0     0                    12618.800000 1596.72000  87.3%     -   84s
H    0     0                    12570.800000 1596.72000  87.3%     -   84s
H    0     0                    12418.400000 1596.72000  87.1%     -   84s
H    0     0                    12316.000000 1596.72000  87.0%     -   84s
     0     0 1890.72000    0 6712 12316.0000 1890.72000  84.6%     -   88s
H    0     0                    12270.000000 1890.72000  84.6%     -   91s
H    0     0                    12148.400000 2208.72000  81.8%     -  105s
H    0     0                    12140.000000 2208.72000  81.8%     -  105s
H    0     0                    12118.400000 2208.72000  81.8%     -  105s
H    0     0                    12116.400000 2208.72000  81.8%     -  105s
H    0     0                    12113.600000 2208.72000  81.8%     -  105s
     0     0 2208.72000    0 7594 12113.6000 2208.72000  81.8%     -  106s
H    0     0                    12109.600000 2208.72000  81.8%     -  122s
H    0     0                    12102.000000 2208.72000  81.7%     -  122s
H    0     0                    12092.400000 2208.72000  81.7%     -  122s
H    0     0                    12092.000000 2208.72000  81.7%     -  122s
     0     0 2208.72000    0 7232 12092.0000 2208.72000  81.7%     -  122s
H    0     0                    12076.400000 2208.72000  81.7%     -  125s
H    0     0                    12060.800000 2258.13885  81.3%     -  209s
H    0     0                    12024.800000 2258.13885  81.2%     -  209s
H    0     0                    12014.800000 2258.13885  81.2%     -  209s
H    0     0                    12014.400000 2258.13885  81.2%     -  209s
H    0     0                    12011.200000 2258.13885  81.2%     -  209s
H    0     0                    12010.000000 2258.13885  81.2%     -  209s
H    0     0                    12007.600000 2258.13885  81.2%     -  209s
H    0     0                    12005.200000 2258.13885  81.2%     -  209s
H    0     0                    12003.200000 2258.13885  81.2%     -  209s
H    0     0                    12002.400000 2258.13885  81.2%     -  209s
H    0     0                    11998.800000 2258.13885  81.2%     -  209s
H    0     0                    11980.000000 2258.13885  81.2%     -  209s
H    0     0                    11976.400000 2258.13885  81.1%     -  209s
H    0     0                    11975.600000 2258.13885  81.1%     -  209s
H    0     0                    11970.400000 2258.13885  81.1%     -  209s
H    0     0                    11951.200000 2258.13885  81.1%     -  209s
H    0     0                    11946.000000 2258.13885  81.1%     -  209s
H    0     0                    11945.600000 2258.13885  81.1%     -  209s
H    0     0                    11944.400000 2258.13885  81.1%     -  209s
H    0     0                    11940.400000 2258.13885  81.1%     -  209s
H    0     0                    11922.800000 2258.13885  81.1%     -  209s
H    0     0                    11916.800000 2258.13885  81.1%     -  209s
H    0     0                    11916.000000 2258.13885  81.0%     -  209s
H    0     0                    11911.600000 2258.13885  81.0%     -  209s
H    0     0                    11910.000000 2258.13885  81.0%     -  209s
H    0     0                    11908.000000 2258.13885  81.0%     -  209s
H    0     0                    11906.000000 2258.13885  81.0%     -  209s
H    0     0                    11899.600000 2258.13885  81.0%     -  209s
H    0     0                    11818.400000 2258.13885  80.9%     -  209s
H    0     0                    11812.400000 2258.13885  80.9%     -  209s
H    0     0                    11745.600000 2258.13885  80.8%     -  209s
H    0     0                    11740.800000 2258.13885  80.8%     -  209s
H    0     0                    11737.200000 2258.13885  80.8%     -  209s
H    0     0                    11713.200000 2258.13885  80.7%     -  209s
H    0     0                    11695.600000 2258.13885  80.7%     -  209s
     0     0 3265.98310    0 5709 11695.6000 3265.98310  72.1%     -  210s
H    0     0                    11537.600000 3265.98310  71.7%     -  275s
H    0     0                    11529.600000 3265.98310  71.7%     -  275s
H    0     0                    11529.200000 3265.98310  71.7%     -  275s
H    0     0                    11483.200000 3265.98310  71.6%     -  275s
H    0     0                    11482.000000 3265.98310  71.6%     -  275s
H    0     0                    11449.600000 3265.98310  71.5%     -  275s
H    0     0                    11394.000000 3265.98310  71.3%     -  275s
H    0     0                    11326.000000 3265.98310  71.2%     -  275s
H    0     0                    11324.400000 3265.98310  71.2%     -  275s
H    0     0                    11322.000000 3265.98310  71.2%     -  275s
H    0     0                    11321.600000 3265.98310  71.2%     -  275s
H    0     0                    11302.800000 3265.98310  71.1%     -  275s
H    0     0                    11292.000000 3265.98310  71.1%     -  275s
H    0     0                    11278.000000 3265.98310  71.0%     -  275s
H    0     0                    11275.200000 3265.98310  71.0%     -  275s
H    0     0                    11233.600000 3265.98310  70.9%     -  275s
H    0     0                    11175.600000 3265.98310  70.8%     -  275s
H    0     0                    11170.800000 3265.98310  70.8%     -  275s
H    0     0                    11168.000000 3265.98310  70.8%     -  275s
H    0     0                    11163.600000 3265.98310  70.7%     -  275s
     0     0 3265.98310    0 8792 11163.6000 3265.98310  70.7%     -  277s
H    0     0                    11160.800000 3265.98310  70.7%     -  304s
H    0     0                    11150.000000 3265.98310  70.7%     -  304s
H    0     0                    11148.000000 3265.98310  70.7%     -  304s
H    0     0                    11124.000000 3265.98310  70.6%     -  304s
H    0     0                    11108.800000 3265.98310  70.6%     -  304s
H    0     0                    11055.200000 3265.98310  70.5%     -  304s
     0     0 3265.98310    0 8668 11055.2000 3265.98310  70.5%     -  305s
H    0     0                    11037.200000 3276.92610  70.3%     -  325s
H    0     0                    11034.800000 3276.92610  70.3%     -  325s
H    0     0                    11031.600000 3276.92610  70.3%     -  325s
H    0     0                    11028.000000 3276.92610  70.3%     -  325s
H    0     0                    11012.400000 3276.92610  70.2%     -  325s
H    0     0                    11010.800000 3276.92610  70.2%     -  325s
     0     0 3276.92610    0 8526 11010.8000 3276.92610  70.2%     -  327s
H    0     0                    11000.800000 3312.93380  69.9%     -  346s
H    0     0                    10999.200000 3312.93380  69.9%     -  346s
H    0     0                    10964.000000 3312.93380  69.8%     -  346s
     0     0 3312.93380    0 8733 10964.0000 3312.93380  69.8%     -  346s
H    0     0                    10944.800000 3322.61335  69.6%     -  365s
H    0     0                    10940.400000 3322.61335  69.6%     -  365s
H    0     0                    10940.000000 3322.61335  69.6%     -  365s
H    0     0                    10939.600000 3322.61335  69.6%     -  365s
     0     0 3322.61335    0 8833 10939.6000 3322.61335  69.6%     -  365s
H    0     0                    10930.400000 3325.91505  69.6%     -  393s
H    0     0                    10880.000000 3325.91505  69.4%     -  393s
H    0     0                    10862.800000 3325.91505  69.4%     -  393s
H    0     0                    10862.000000 3325.91505  69.4%     -  393s
H    0     0                    10860.000000 3325.91505  69.4%     -  393s
H    0     0                    10858.400000 3325.91505  69.4%     -  393s
H    0     0                    10857.200000 3325.91505  69.4%     -  393s
     0     0 3325.91505    0 8596 10857.2000 3325.91505  69.4%     -  394s
     0     0 3326.11528    0 8734 10857.2000 3326.11528  69.4%     -  408s
     0     0 3326.14959    0 8672 10857.2000 3326.14959  69.4%     -  414s
     0     0 3453.56027    0 8734 10857.2000 3453.56027  68.2%     -  453s
H    0     0                    10856.800000 3453.56027  68.2%     -  454s
     0     0 3805.17459    0 9319 10856.8000 3805.17459  65.0%     -  540s
     0     0 3921.06878    0 9335 10856.8000 3921.06878  63.9%     -  667s
     0     0 3951.90553    0 9383 10856.8000 3951.90553  63.6%     -  872s
     0     0 3959.36648    0 9257 10856.8000 3959.36648  63.5%     -  953s
     0     0          -    0      10856.8000 3959.36648  63.5%     - 1000s

Cutting planes:
  Learned: 68
  Gomory: 5
  Cover: 3214
  Implied bound: 183
  Clique: 1036
  MIR: 541
  StrongCG: 45
  Flow cover: 552
  Zero half: 1952
  Network: 23
  RLT: 678
  Relax-and-lift: 901
  PSD: 48

Explored 1 nodes (912125 simplex iterations) in 1000.30 seconds (1007.73 work units)
Thread count was 12 (of 12 available processors)

Solution count 10: 10856.8 10857.2 10858.4 ... 10940

Time limit reached
Best objective 1.085680000000e+04, best bound 3.959600000000e+03, gap 63.5288%
