
Gurobi 9.1.1 (win64) logging started Sun Apr 17 23:47:40 2022

Changed value of parameter LogFile to ./Log/Direct_MIP_Return_solver_200_order_10_batch.log
   Prev:   Default: 
Gurobi Optimizer version 9.1.1 build v9.1.1rc0 (win64)
Thread count: 6 physical cores, 12 logical processors, using up to 12 threads
Optimize a model with 10370 rows, 6960 columns and 33420 nonzeros
Model fingerprint: 0xe65aa3c3
Variable types: 480 continuous, 6480 integer (6480 binary)
Coefficient statistics:
  Matrix range     [1e+00, 3e+01]
  Objective range  [4e-01, 1e+00]
  Bounds range     [1e+00, 4e+01]
  RHS range        [1e+00, 2e+01]
Found heuristic solution: objective 2779.6000000
Presolve removed 2670 rows and 2510 columns
Presolve time: 0.09s
Presolved: 7700 rows, 4450 columns, 34660 nonzeros
Variable types: 0 continuous, 4450 integer (4020 binary)

Root simplex log...

Iteration    Objective       Primal Inf.    Dual Inf.      Time
   32404    9.6741520e+02   4.659925e+04   0.000000e+00      5s
   38149    9.7160000e+02   0.000000e+00   0.000000e+00      6s

Root relaxation: objective 9.716000e+02, 38149 iterations, 6.31 seconds

    Nodes    |    Current Node    |     Objective Bounds      |     Work
 Expl Unexpl |  Obj  Depth IntInf | Incumbent    BestBd   Gap | It/Node Time

     0     0  971.60000    0 4190 2779.60000  971.60000  65.0%     -    7s
H    0     0                    2633.2000000  971.60000  63.1%     -    7s
H    0     0                    2515.6000000  971.60000  61.4%     -   13s
     0     0  971.72320    0 4317 2515.60000  971.72320  61.4%     -   13s
     0     0  981.76422    0 4268 2515.60000  981.76422  61.0%     -   17s
     0     0  981.76422    0 4269 2515.60000  981.76422  61.0%     -   17s
     0     0  981.90373    0 4289 2515.60000  981.90373  61.0%     -   18s
     0     0  981.90373    0 4289 2515.60000  981.90373  61.0%     -   18s
     0     0  981.93009    0 4294 2515.60000  981.93009  61.0%     -   19s
     0     0  981.93009    0 4294 2515.60000  981.93009  61.0%     -   19s
     0     0  982.01199    0 4292 2515.60000  982.01199  61.0%     -   20s
H    0     0                    2454.4000000  982.01199  60.0%     -   20s
     0     0  982.01199    0 4292 2454.40000  982.01199  60.0%     -   21s
     0     0  982.01199    0 4292 2454.40000  982.01199  60.0%     -   21s
     0     0  982.01199    0 4293 2454.40000  982.01199  60.0%     -   21s
     0     0  982.01199    0 4303 2454.40000  982.01199  60.0%     -   21s
     0     0  982.01199    0 4303 2454.40000  982.01199  60.0%     -   22s
H    0     0                    2281.2000000  982.01199  57.0%     -   24s
     0     2  982.01199    0 4303 2281.20000  982.01199  57.0%     -   24s
     1     4 1080.97959    1 4200 2281.20000  982.01199  57.0% 25558   31s
     3     8 1112.60511    2 4156 2281.20000 1079.81836  52.7% 19104   38s
     7    14 1160.13602    3 4098 2281.20000 1108.76181  51.4% 14753   44s
    13    20 1163.06314    4 4109 2281.20000 1115.17264  51.1% 12762   51s
    19    24 infeasible    5      2281.20000 1115.22434  51.1% 11499   55s
    31    34 1182.44157    5 4046 2281.20000 1129.22640  50.5%  8601   60s
H   32    34                    2278.0000000 1129.22640  50.4%  8333   60s
H   33    34                    2258.8000000 1129.22640  50.0%  8276   60s
    37    37 infeasible    6      2258.80000 1129.22640  50.0%  7641   67s
    46    42 1225.13596    6 3990 2258.80000 1129.22640  50.0%  7547   71s
    55    48 1227.36360    7 3987 2258.80000 1129.22640  50.0%  6772   75s
H   67    63                    2257.2000000 1129.22640  50.0%  6669   81s
H   69    63                    2243.6000000 1129.22640  49.7%  6507   81s
    89    78 1281.24173   12 3717 2243.60000 1129.22640  49.7%  5496   88s
    95    88 1283.93307   13 3729 2243.60000 1129.22640  49.7%  5634   90s
H  115   103                    2239.2000000 1129.22640  49.6%  4901   93s
H  118   103                    2236.8000000 1129.22640  49.5%  4808   93s
H  120   103                    2229.6000000 1129.22640  49.4%  4750   93s
   126   116 1334.21587   16 3697 2229.60000 1129.22640  49.4%  4604   95s
H  152   140                    2227.6000000 1129.22640  49.3%  4072   99s
H  152   140                    2224.8000000 1129.22640  49.2%  4072   99s
H  155   140                    2198.0000000 1129.22640  48.6%  4021   99s
H  162   140                    2189.2000000 1129.22640  48.4%  3913   99s
   167   157 infeasible   23      2189.20000 1129.22640  48.4%  3833  102s
H  201   184                    2177.2000000 1129.22640  48.1%  3438  107s
H  204   184                    2152.0000000 1129.22640  47.5%  3406  107s
H  212   184                    2125.6000000 1129.22640  46.9%  3335  107s
   217   200 1457.47169   27 3446 2125.60000 1129.22640  46.9%  3307  110s
H  250   231                    2112.7999882 1129.22640  46.6%  3097  116s
H  250   231                    2102.0000000 1129.22640  46.3%  3097  116s
H  263   231                    2090.8000000 1129.22640  46.0%  3025  116s
   290   271 infeasible   37      2090.80000 1129.22640  46.0%  2900  122s
H  292   271                    2073.6000000 1129.22640  45.5%  2892  122s
H  296   271                    2073.2000000 1129.22640  45.5%  2882  122s
H  299   271                    2057.6000000 1129.22640  45.1%  2869  122s
   312   297 1552.52633   38 3265 2057.60000 1129.22640  45.1%  2816  125s
H  340   320                    2040.0000000 1129.22640  44.6%  2697  130s
H  340   320                    2037.2000000 1129.22640  44.6%  2697  130s
H  345   320                    2016.0000000 1129.22640  44.0%  2675  130s
H  394   360                    2011.5999992 1129.22640  43.9%  2533  140s
H  394   360                    1958.0000000 1129.22640  42.3%  2533  140s
H  398   360                    1945.6000000 1129.22640  42.0%  2527  140s
H  436   406                    1891.6000000 1129.22640  40.3%  2444  152s
   451   448 1682.70686   56 2779 1891.60000 1129.22640  40.3%  2405  156s
   493   504 1711.51846   62 2693 1891.60000 1129.22640  40.3%  2309  162s
H  517   504                    1886.8000000 1129.22640  40.2%  2240  162s
   549   574 1734.65630   70 2194 1886.80000 1129.22640  40.2%  2178  166s
   619   666 1763.32403   82 1790 1886.80000 1129.22640  40.2%  2038  170s
H  661   666                    1886.4000000 1129.22640  40.1%  1946  170s
   711   741 1798.09308   98 1472 1886.40000 1129.22640  40.1%  1868  181s
H  742   741                    1885.6000000 1129.22640  40.1%  1811  181s
   786   883 1835.81775  115 1207 1885.60000 1129.22640  40.1%  1753  192s
   932   974     cutoff  131      1885.60000 1130.14436  40.1%  1559  197s
  1054  1025 1199.78146    4 4110 1885.60000 1143.95056  39.3%  1469  203s
  1117  1066 infeasible    7      1885.60000 1143.95056  39.3%  1448  208s
H 1162  1089                    1884.0000000 1143.95056  39.3%  1443  213s
H 1166  1087                    1880.4000000 1143.95056  39.2%  1443  213s
  1202  1105 1285.86974   13 3920 1880.40000 1143.95056  39.2%  1442  217s
  1221  1131 1328.42987   16 3797 1880.40000 1143.95056  39.2%  1451  222s
  1250  1132 1815.65734   94 4303 1880.40000 1143.95056  39.2%  1451  271s
  1252  1133 1457.53119   26 4202 1880.40000 1143.95056  39.2%  1449  280s
  1257  1137 1501.89580   33 4301 1880.40000 1143.95056  39.2%  1443  294s
  1258  1140 1143.95056   10 4225 1880.40000 1143.95056  39.2%  1543  323s
  1260  1144 1143.95056   11 4198 1880.40000 1143.95056  39.2%  1565  328s
  1264  1148 1143.95056   12 4197 1880.40000 1143.95056  39.2%  1573  332s
  1270  1152 1143.95056   13 4190 1880.40000 1143.95056  39.2%  1598  355s
  1276  1156 1143.95056   13 4176 1880.40000 1143.95056  39.2%  1668  363s
  1282  1160 1143.95056   14 4180 1880.40000 1143.95056  39.2%  1692  367s
  1288  1165 1143.95056   14 4172 1880.40000 1143.95056  39.2%  1708  378s
  1295  1170 1143.95056   15 4171 1880.40000 1143.95056  39.2%  1783  392s
  1302  1175 1143.95056   15 4182 1880.40000 1143.95056  39.2%  1807  403s
  1309  1179 1143.95056   16 4178 1880.40000 1143.95056  39.2%  1863  415s
  1316  1185 1143.95056   16 4161 1880.40000 1143.95056  39.2%  1915  428s
  1324  1188 1143.95056   17 4166 1880.40000 1143.95056  39.2%  1980  442s
H 1327  1130                    1876.4000000 1143.95056  39.0%  2006  442s
  1330  1139 1143.95056   18 4157 1876.40000 1143.95056  39.0%  2037  452s
  1340  1144 1143.95056   19 4126 1876.40000 1143.95056  39.0%  2091  470s
  1348  1147 1143.95056   20 4138 1876.40000 1143.95056  39.0%  2133  480s
  1354  1152 1143.95056   20 4124 1876.40000 1143.95056  39.0%  2182  494s
  1361  1157 1143.95056   21 4143 1876.40000 1143.95056  39.0%  2248  508s
  1368  1162 1143.95056   21 4112 1876.40000 1143.95056  39.0%  2312  519s
  1375  1169 1143.95056   22 4107 1876.40000 1143.95056  39.0%  2376  530s
  1385  1173 1143.95056   22 4118 1876.40000 1143.95056  39.0%  2428  542s
H 1389  1117                    1872.0000000 1143.95056  38.9%  2461  542s
  1392  1124 1143.95056   23 4096 1872.00000 1143.95056  38.9%  2493  553s
  1400  1131 1190.83094   23 4065 1872.00000 1143.95056  38.9%  2543  569s
H 1409  1077                    1871.6000000 1143.95056  38.9%  2594  569s
  1410  1084 1149.01031   24 4086 1871.60000 1143.95056  38.9%  2612  581s
H 1417  1041                    1867.6000000 1143.95056  38.7%  2663  607s
  1426  1044 1190.24919   25 4050 1867.60000 1143.95056  38.7%  2784  629s
  1432  1049 1184.55970   25 4053 1867.60000 1143.95056  38.7%  2856  642s
  1439  1057 1189.44911   26 4052 1867.60000 1143.95056  38.7%  2911  661s
H 1445  1009                    1867.2000000 1143.95056  38.7%  2938  661s
  1449  1019 1225.83992   27 4032 1867.20000 1143.95056  38.7%  3002  680s
  1460  1025 1196.68154   28 4018 1867.20000 1143.95056  38.7%  3092  700s
  1470  1032 1197.40785   29 3996 1867.20000 1143.95056  38.7%  3183  716s
H 1480   999                    1863.2000000 1143.95056  38.6%  3273  735s
  1495  1008 1201.73969   32 3972 1863.20000 1143.95056  38.6%  3366  754s
  1509  1019 1247.07316   33 3913 1863.20000 1143.95056  38.6%  3465  774s
H 1524   989                    1861.5999998 1143.95056  38.6%  3549  796s
H 1536   945                    1857.6000000 1143.95056  38.4%  3589  796s
  1541   961 1219.70473   38 3950 1857.60000 1143.95056  38.4%  3637  816s
  1559   969 1252.55782   40 3942 1857.60000 1143.95056  38.4%  3726  840s
H 1573   939                    1856.8000000 1143.95056  38.4%  3820  867s
H 1576   902                    1852.0000000 1143.95056  38.2%  3829  867s
H 1585   865                    1848.8000000 1143.95056  38.1%  3918  867s
  1586   902 1276.33509   43 3876 1848.80000 1143.95056  38.1%  3940  881s
H 1623   897                    1844.4000000 1143.95056  38.0%  3925  897s
H 1623   866                    1839.6000000 1143.95056  37.8%  3925  897s
H 1628   835                    1839.2000000 1143.95056  37.8%  3930  897s
H 1645   801                    1838.4000000 1143.95056  37.8%  3915  897s
  1662   844 1272.81383   48 3856 1838.40000 1143.95056  37.8%  3915  913s
H 1710   842                    1832.8000000 1143.95056  37.6%  3883  933s
H 1715   815                    1832.4000000 1143.95056  37.6%  3886  933s
H 1732   785                    1831.2000000 1143.95056  37.5%  3867  933s
H 1746   758                    1827.2000000 1143.95056  37.4%  3859  933s
  1750   804 1342.70153   52 3626 1827.20000 1143.95056  37.4%  3866  949s
H 1798   788                    1823.6000000 1143.95056  37.3%  3843  984s
H 1808   764                    1820.0000000 1143.95056  37.1%  3843  984s
  1819   822 1375.92442   57 3705 1820.00000 1143.95056  37.1%  3838 1000s

Cutting planes:
  MIR: 42
  Zero half: 92
  Mod-K: 13
  RLT: 22
  Relax-and-lift: 4

Explored 1881 nodes (7199046 simplex iterations) in 1000.03 seconds
Thread count was 12 (of 12 available processors)

Solution count 10: 1820 1823.6 1827.2 ... 1844.4

Time limit reached
Best objective 1.820000000000e+03, best bound 1.144000000000e+03, gap 37.1429%
