
Gurobi 9.1.1 (win64) logging started Sat Apr 16 21:21:19 2022

Changed value of parameter LogFile to ./Log/Pattern_Appro_solver_300_order_30_batch.log
   Prev:   Default: 
Gurobi Optimizer version 9.1.1 build v9.1.1rc0 (win64)
Thread count: 6 physical cores, 12 logical processors, using up to 12 threads
Optimize a model with 1657 rows, 7050 columns and 26400 nonzeros
Model fingerprint: 0x73e61517
Variable types: 0 continuous, 7050 integer (5910 binary)
Coefficient statistics:
  Matrix range     [1e+00, 1e+01]
  Objective range  [1e+00, 4e+01]
  Bounds range     [1e+00, 9e+00]
  RHS range        [1e+00, 1e+01]
Found heuristic solution: objective 5573.0000000
Presolve removed 169 rows and 563 columns
Presolve time: 0.03s
Presolved: 1488 rows, 6487 columns, 23189 nonzeros
Variable types: 0 continuous, 6487 integer (5421 binary)

Root relaxation: objective 1.373864e+03, 6993 iterations, 0.15 seconds

    Nodes    |    Current Node    |     Objective Bounds      |     Work
 Expl Unexpl |  Obj  Depth IntInf | Incumbent    BestBd   Gap | It/Node Time

     0     0 1373.86429    0  206 5573.00000 1373.86429  75.3%     -    0s
H    0     0                    3626.0000000 1373.86429  62.1%     -    0s
H    0     0                    3624.0000000 1373.86429  62.1%     -    0s
H    0     0                    3549.0000000 1373.86429  61.3%     -    0s
H    0     0                    3537.0000000 1373.86429  61.2%     -    0s
H    0     0                    3268.0000000 1373.86429  58.0%     -    0s
H    0     0                    3166.0000000 1375.41984  56.6%     -    0s
H    0     0                    3055.0000000 1375.41984  55.0%     -    0s
H    0     0                    2994.0000000 1375.41984  54.1%     -    0s
     0     0 1410.96126    0  399 2994.00000 1410.96126  52.9%     -    0s
H    0     0                    2952.0000000 1410.96126  52.2%     -    0s
     0     0 1413.40830    0  388 2952.00000 1413.40830  52.1%     -    0s
     0     0 1413.40830    0  384 2952.00000 1413.40830  52.1%     -    0s
H    0     0                    2940.0000000 1413.40830  51.9%     -    0s
     0     0 1446.09912    0  554 2940.00000 1446.09912  50.8%     -    0s
     0     0 1450.34040    0  582 2940.00000 1450.34040  50.7%     -    1s
H    0     0                    2938.0000000 1450.34040  50.6%     -    1s
     0     0 1451.56330    0  588 2938.00000 1451.56330  50.6%     -    1s
     0     0 1451.66268    0  617 2938.00000 1451.66268  50.6%     -    1s
     0     0 1451.68240    0  623 2938.00000 1451.68240  50.6%     -    1s
H    0     0                    2921.0000000 1451.68240  50.3%     -    1s
H    0     0                    2883.0000000 1451.68240  49.6%     -    1s
H    0     0                    2861.0000000 1451.68240  49.3%     -    1s
     0     0 1468.91714    0  701 2861.00000 1468.91714  48.7%     -    1s
H    0     0                    2838.0000000 1468.91714  48.2%     -    1s
     0     0 1470.73344    0  751 2838.00000 1470.73344  48.2%     -    1s
H    0     0                    2828.0000000 1470.73344  48.0%     -    2s
     0     0 1470.96938    0  730 2828.00000 1470.96938  48.0%     -    2s
     0     0 1471.04615    0  759 2828.00000 1471.04615  48.0%     -    2s
H    0     0                    2820.0000000 1471.04615  47.8%     -    2s
     0     0 1480.59938    0  897 2820.00000 1480.59938  47.5%     -    2s
H    0     0                    2812.0000000 1480.59938  47.3%     -    3s
     0     0 1483.14823    0  944 2812.00000 1483.14823  47.3%     -    3s
     0     0 1483.89686    0 1015 2812.00000 1483.89686  47.2%     -    3s
     0     0 1484.11366    0  966 2812.00000 1484.11366  47.2%     -    3s
     0     0 1484.21222    0  971 2812.00000 1484.21222  47.2%     -    3s
H    0     0                    2806.0000000 1484.21222  47.1%     -    3s
H    0     0                    2776.0000000 1484.21222  46.5%     -    4s
     0     0 1493.67219    0 1077 2776.00000 1493.67219  46.2%     -    4s
H    0     0                    2755.0000000 1493.67219  45.8%     -    4s
     0     0 1496.17379    0 1060 2755.00000 1496.17379  45.7%     -    5s
     0     0 1496.93390    0 1178 2755.00000 1496.93390  45.7%     -    6s
     0     0 1497.19628    0 1165 2755.00000 1497.19628  45.7%     -    6s
H    0     0                    2751.0000000 1497.19628  45.6%     -    7s
     0     0 1497.82259    0 1253 2751.00000 1497.82259  45.6%     -    7s
     0     0 1497.88535    0 1249 2751.00000 1497.88535  45.6%     -    7s
H    0     0                    2747.0000000 1497.88535  45.5%     -   10s
H    0     0                    2740.0000000 1497.88535  45.3%     -   10s
H    0     0                    2728.0000000 1497.88535  45.1%     -   10s
     0     0 1506.79580    0 1368 2728.00000 1506.79580  44.8%     -   10s
H    0     0                    2721.0000000 1506.79580  44.6%     -   11s
     0     0 1508.83953    0 1543 2721.00000 1508.83953  44.5%     -   11s
     0     0 1509.78817    0 1540 2721.00000 1509.78817  44.5%     -   12s
     0     0 1510.29480    0 1496 2721.00000 1510.29480  44.5%     -   13s
     0     0 1510.64903    0 1550 2721.00000 1510.64903  44.5%     -   14s
     0     0 1510.79217    0 1609 2721.00000 1510.79217  44.5%     -   15s
     0     0 1515.12120    0 1701 2721.00000 1515.12120  44.3%     -   17s
H    0     0                    2698.0000000 1515.12120  43.8%     -   20s
     0     0 1518.12452    0 1931 2698.00000 1518.12452  43.7%     -   20s
     0     0 1518.83522    0 1898 2698.00000 1518.83522  43.7%     -   22s
     0     0 1519.41738    0 2066 2698.00000 1519.41738  43.7%     -   23s
H    0     0                    2694.0000000 1519.41738  43.6%     -   25s
H    0     0                    2687.0000000 1519.41738  43.5%     -   25s
     0     0 1519.72040    0 2146 2687.00000 1519.72040  43.4%     -   25s
     0     0 1519.88313    0 2233 2687.00000 1519.88313  43.4%     -   26s
H    0     0                    2685.0000000 1519.88313  43.4%     -   31s
H    0     0                    2677.0000000 1519.88313  43.2%     -   31s
H    0     0                    2676.0000000 1519.88313  43.2%     -   31s
H    0     0                    2672.0000000 1519.88313  43.1%     -   31s
H    0     0                    2670.0000000 1519.88313  43.1%     -   31s
     0     0 1524.59174    0 2215 2670.00000 1524.59174  42.9%     -   31s
H    0     0                    2669.0000000 1524.59174  42.9%     -   34s
     0     0 1526.00096    0 2227 2669.00000 1526.00096  42.8%     -   34s
     0     0 1526.88094    0 2309 2669.00000 1526.88094  42.8%     -   37s
H    0     0                    2661.0000000 1526.88094  42.6%     -   39s
     0     0 1527.72189    0 2224 2661.00000 1527.72189  42.6%     -   39s
     0     0 1527.95703    0 2348 2661.00000 1527.95703  42.6%     -   40s
H    0     0                    2660.0000000 1527.95703  42.6%     -   45s
     0     0 1530.38137    0 2707 2660.00000 1530.38137  42.5%     -   45s
H    0     0                    2653.0000000 1530.38137  42.3%     -   45s
     0     0 1531.39696    0 2762 2653.00000 1531.39696  42.3%     -   48s
     0     0 1532.00283    0 2894 2653.00000 1532.00283  42.3%     -   51s
     0     0 1532.34602    0 2959 2653.00000 1532.34602  42.2%     -   53s
     0     0 1532.55035    0 3065 2653.00000 1532.55035  42.2%     -   55s
     0     0 1535.33524    0 3084 2653.00000 1535.33524  42.1%     -   60s

Cutting planes:
  Gomory: 101
  Cover: 2335
  Implied bound: 173
  Clique: 694
  MIR: 100
  StrongCG: 5
  Flow cover: 168
  GUB cover: 2
  Zero half: 77
  Relax-and-lift: 11

Explored 1 nodes (109631 simplex iterations) in 60.03 seconds
Thread count was 12 (of 12 available processors)

Solution count 10: 2653 2660 2661 ... 2687

Time limit reached
Best objective 2.653000000000e+03, best bound 1.536000000000e+03, gap 42.1033%

Gurobi 9.1.1 (win64) logging started Mon Apr 18 00:56:50 2022

Changed value of parameter LogFile to ./Log/Pattern_Appro_solver_300_order_30_batch.log
   Prev:   Default: 
Gurobi Optimizer version 9.1.1 build v9.1.1rc0 (win64)
Thread count: 6 physical cores, 12 logical processors, using up to 12 threads
Optimize a model with 1689 rows, 8010 columns and 34530 nonzeros
Model fingerprint: 0xe15869c0
Variable types: 0 continuous, 8010 integer (6900 binary)
Coefficient statistics:
  Matrix range     [1e+00, 1e+01]
  Objective range  [1e+00, 4e+01]
  Bounds range     [1e+00, 8e+00]
  RHS range        [1e+00, 1e+01]
Found heuristic solution: objective 6594.0000000
Presolve removed 151 rows and 657 columns
Presolve time: 0.04s
Presolved: 1538 rows, 7353 columns, 30402 nonzeros
Variable types: 0 continuous, 7353 integer (6401 binary)

Root relaxation: objective 1.456492e+03, 11247 iterations, 0.53 seconds

    Nodes    |    Current Node    |     Objective Bounds      |     Work
 Expl Unexpl |  Obj  Depth IntInf | Incumbent    BestBd   Gap | It/Node Time

     0     0 1456.49167    0  318 6594.00000 1456.49167  77.9%     -    0s
H    0     0                    4590.0000000 1456.49167  68.3%     -    0s
H    0     0                    4550.0000000 1456.49167  68.0%     -    0s
H    0     0                    4529.0000000 1456.49167  67.8%     -    0s
H    0     0                    4498.0000000 1456.49167  67.6%     -    0s
H    0     0                    4302.0000000 1456.49167  66.1%     -    0s
H    0     0                    4122.0000000 1456.49167  64.7%     -    0s
H    0     0                    3862.0000000 1456.49167  62.3%     -    0s
H    0     0                    3733.0000000 1457.38056  61.0%     -    0s
     0     0 1518.36290    0  554 3733.00000 1518.36290  59.3%     -    0s
H    0     0                    3669.0000000 1518.36290  58.6%     -    1s
     0     0 1519.33889    0  548 3669.00000 1519.33889  58.6%     -    1s
     0     0 1519.33889    0  546 3669.00000 1519.33889  58.6%     -    1s
     0     0 1574.24418    0  834 3669.00000 1574.24418  57.1%     -    1s
H    0     0                    3668.0000000 1574.24418  57.1%     -    1s
     0     0 1580.90858    0  860 3668.00000 1580.90858  56.9%     -    1s
     0     0 1582.25764    0  865 3668.00000 1582.25764  56.9%     -    1s
H    0     0                    3647.0000000 1582.25764  56.6%     -    2s
     0     0 1582.33972    0  855 3647.00000 1582.33972  56.6%     -    2s
H    0     0                    3633.0000000 1582.33972  56.4%     -    2s
H    0     0                    3632.0000000 1582.33972  56.4%     -    2s
H    0     0                    3608.0000000 1582.33972  56.1%     -    2s
     0     0 1605.82245    0 1116 3608.00000 1605.82245  55.5%     -    2s
H    0     0                    3582.0000000 1605.82245  55.2%     -    2s
     0     0 1611.57968    0 1113 3582.00000 1611.57968  55.0%     -    3s
     0     0 1612.38609    0 1135 3582.00000 1612.38609  55.0%     -    3s
     0     0 1612.48480    0 1127 3582.00000 1612.48480  55.0%     -    3s
H    0     0                    3577.0000000 1612.48480  54.9%     -    4s
H    0     0                    3576.0000000 1612.48480  54.9%     -    4s
     0     0 1628.72825    0 1446 3576.00000 1628.72825  54.5%     -    4s
H    0     0                    3575.0000000 1628.72825  54.4%     -    5s
H    0     0                    3558.0000000 1628.72825  54.2%     -    5s
     0     0 1632.87088    0 1523 3558.00000 1632.87088  54.1%     -    5s
H    0     0                    3557.0000000 1632.87088  54.1%     -    6s
     0     0 1633.79691    0 1433 3557.00000 1633.79691  54.1%     -    6s
     0     0 1634.12484    0 1482 3557.00000 1634.12484  54.1%     -    6s
     0     0 1634.27584    0 1595 3557.00000 1634.27584  54.1%     -    6s
H    0     0                    3552.0000000 1634.27584  54.0%     -    9s
H    0     0                    3524.0000000 1634.27584  53.6%     -    9s
H    0     0                    3506.0000000 1634.27584  53.4%     -    9s
     0     0 1645.40553    0 1887 3506.00000 1645.40553  53.1%     -    9s
H    0     0                    3497.0000000 1645.40553  52.9%     -    9s
H    0     0                    3492.0000000 1645.40553  52.9%     -   10s
     0     0 1648.83579    0 1767 3492.00000 1648.83579  52.8%     -   10s
     0     0 1650.54033    0 1949 3492.00000 1650.54033  52.7%     -   12s
H    0     0                    3484.0000000 1650.54033  52.6%     -   12s
     0     0 1651.17179    0 1901 3484.00000 1651.17179  52.6%     -   12s
H    0     0                    3476.0000000 1651.17179  52.5%     -   13s
     0     0 1651.36885    0 1916 3476.00000 1651.36885  52.5%     -   13s
H    0     0                    3465.0000000 1651.36885  52.3%     -   16s
H    0     0                    3464.0000000 1651.36885  52.3%     -   16s
     0     0 1658.32164    0 2337 3464.00000 1658.32164  52.1%     -   16s
H    0     0                    3444.0000000 1658.32164  51.8%     -   19s
     0     0 1662.22635    0 2495 3444.00000 1662.22635  51.7%     -   19s
H    0     0                    3431.0000000 1662.22635  51.6%     -   21s
H    0     0                    3430.0000000 1662.22635  51.5%     -   21s
     0     0 1663.72370    0 2514 3430.00000 1663.72370  51.5%     -   21s
     0     0 1664.53765    0 2529 3430.00000 1664.53765  51.5%     -   22s
H    0     0                    3429.0000000 1664.53765  51.5%     -   23s
     0     0 1664.99131    0 2575 3429.00000 1664.99131  51.4%     -   23s
H    0     0                    3423.0000000 1664.99131  51.4%     -   24s
     0     0 1665.17721    0 2585 3423.00000 1665.17721  51.4%     -   24s
H    0     0                    3420.0000000 1665.17721  51.3%     -   30s
H    0     0                    3413.0000000 1665.17721  51.2%     -   30s
H    0     0                    3407.0000000 1665.17721  51.1%     -   30s
H    0     0                    3406.0000000 1665.17721  51.1%     -   30s
     0     0 1671.35671    0 2848 3406.00000 1671.35671  50.9%     -   30s
H    0     0                    3392.0000000 1671.35671  50.7%     -   30s
     0     0 1675.39969    0 3041 3392.00000 1675.39969  50.6%     -   34s
     0     0 1677.25146    0 3124 3392.00000 1677.25146  50.6%     -   38s
     0     0 1678.07960    0 3215 3392.00000 1678.07960  50.5%     -   41s
     0     0 1678.65004    0 3241 3392.00000 1678.65004  50.5%     -   44s
     0     0 1678.84340    0 3325 3392.00000 1678.84340  50.5%     -   45s
H    0     0                    3388.0000000 1678.84340  50.4%     -   51s
     0     0 1681.77652    0 3420 3388.00000 1681.77652  50.4%     -   51s
H    0     0                    3387.0000000 1681.77652  50.3%     -   58s
H    0     0                    3386.0000000 1681.77652  50.3%     -   58s
     0     0 1684.45245    0 3595 3386.00000 1684.45245  50.3%     -   58s
     0     0          -    0      3386.00000 1684.45245  50.3%     -   60s

Cutting planes:
  Gomory: 92
  Cover: 2229
  Implied bound: 63
  Clique: 806
  MIR: 98
  StrongCG: 6
  Flow cover: 122
  Zero half: 37
  Relax-and-lift: 4

Explored 1 nodes (98698 simplex iterations) in 60.02 seconds
Thread count was 12 (of 12 available processors)

Solution count 10: 3386 3387 3388 ... 3429

Time limit reached
Best objective 3.386000000000e+03, best bound 1.685000000000e+03, gap 50.2363%
