
Gurobi 9.1.1 (win64) logging started Mon Apr 18 00:21:01 2022

Changed value of parameter LogFile to ./Log/Pattern_Appro_solver_200_order_10_batch.log
   Prev:   Default: 
Gurobi Optimizer version 9.1.1 build v9.1.1rc0 (win64)
Thread count: 6 physical cores, 12 logical processors, using up to 12 threads
Optimize a model with 643 rows, 2010 columns and 8110 nonzeros
Model fingerprint: 0xbafd6119
Variable types: 0 continuous, 2010 integer (1780 binary)
Coefficient statistics:
  Matrix range     [1e+00, 2e+01]
  Objective range  [1e+00, 4e+01]
  Bounds range     [1e+00, 8e+00]
  RHS range        [1e+00, 2e+01]
Found heuristic solution: objective 3549.0000000
Presolve removed 61 rows and 119 columns
Presolve time: 0.01s
Presolved: 582 rows, 1891 columns, 7425 nonzeros
Variable types: 0 continuous, 1891 integer (1674 binary)

Root relaxation: objective 6.833336e+02, 2539 iterations, 0.04 seconds

    Nodes    |    Current Node    |     Objective Bounds      |     Work
 Expl Unexpl |  Obj  Depth IntInf | Incumbent    BestBd   Gap | It/Node Time

     0     0  683.33362    0  188 3549.00000  683.33362  80.7%     -    0s
H    0     0                    2695.0000000  683.33362  74.6%     -    0s
H    0     0                    2600.0000000  683.33362  73.7%     -    0s
H    0     0                    2578.0000000  683.33362  73.5%     -    0s
H    0     0                    2570.0000000  683.33362  73.4%     -    0s
H    0     0                    2548.0000000  683.33362  73.2%     -    0s
H    0     0                    2436.0000000  683.33362  71.9%     -    0s
H    0     0                    2417.0000000  683.33362  71.7%     -    0s
H    0     0                    2202.0000000  683.33362  69.0%     -    0s
H    0     0                    2181.0000000  683.33362  68.7%     -    0s
H    0     0                    2179.0000000  683.33362  68.6%     -    0s
H    0     0                    2173.0000000  683.33362  68.6%     -    0s
H    0     0                    2153.0000000  683.33362  68.3%     -    0s
     0     0  741.21023    0  403 2153.00000  741.21023  65.6%     -    0s
H    0     0                    2086.0000000  741.21023  64.5%     -    0s
     0     0  742.24806    0  404 2086.00000  742.24806  64.4%     -    0s
     0     0  742.43683    0  419 2086.00000  742.43683  64.4%     -    0s
     0     0  742.50119    0  409 2086.00000  742.50119  64.4%     -    0s
     0     0  742.50144    0  410 2086.00000  742.50144  64.4%     -    0s
H    0     0                    2061.0000000  742.50144  64.0%     -    0s
H    0     0                    2011.0000000  742.50144  63.1%     -    0s
     0     0  762.42486    0  592 2011.00000  762.42486  62.1%     -    0s
H    0     0                    2002.0000000  762.42486  61.9%     -    0s
H    0     0                    1996.0000000  762.42486  61.8%     -    0s
     0     0  766.18335    0  690 1996.00000  766.18335  61.6%     -    0s
H    0     0                    1972.0000000  766.18335  61.1%     -    0s
H    0     0                    1957.0000000  766.18335  60.8%     -    0s
     0     0  767.45230    0  693 1957.00000  767.45230  60.8%     -    0s
H    0     0                    1956.0000000  767.45230  60.8%     -    0s
     0     0  767.68975    0  713 1956.00000  767.68975  60.8%     -    0s
     0     0  767.76358    0  708 1956.00000  767.76358  60.7%     -    0s
     0     0  767.77009    0  739 1956.00000  767.77009  60.7%     -    0s
H    0     0                    1948.0000000  767.77009  60.6%     -    1s
H    0     0                    1941.0000000  767.77009  60.4%     -    1s
     0     0  779.35314    0  827 1941.00000  779.35314  59.8%     -    1s
H    0     0                    1911.0000000  779.35314  59.2%     -    1s
H    0     0                    1908.0000000  779.35314  59.2%     -    1s
     0     0  783.00370    0  842 1908.00000  783.00370  59.0%     -    1s
H    0     0                    1892.0000000  783.00370  58.6%     -    1s
     0     0  785.81267    0  888 1892.00000  785.81267  58.5%     -    1s
H    0     0                    1891.0000000  785.81267  58.4%     -    1s
     0     0  786.20060    0  890 1891.00000  786.20060  58.4%     -    1s
     0     0  786.43077    0  917 1891.00000  786.43077  58.4%     -    2s
     0     0  786.59417    0  914 1891.00000  786.59417  58.4%     -    2s
     0     0  786.70699    0  941 1891.00000  786.70699  58.4%     -    2s
     0     0  786.72126    0  946 1891.00000  786.72126  58.4%     -    2s
H    0     0                    1874.0000000  786.72126  58.0%     -    3s
H    0     0                    1873.0000000  786.72126  58.0%     -    3s
     0     0  792.76837    0 1104 1873.00000  792.76837  57.7%     -    3s
H    0     0                    1853.0000000  792.76837  57.2%     -    3s
     0     0  795.90833    0 1121 1853.00000  795.90833  57.0%     -    3s
H    0     0                    1845.0000000  795.90833  56.9%     -    4s
     0     0  797.29473    0 1205 1845.00000  797.29473  56.8%     -    4s
H    0     0                    1835.0000000  797.29473  56.6%     -    4s
     0     0  798.06350    0 1228 1835.00000  798.06350  56.5%     -    4s
     0     0  798.29953    0 1259 1835.00000  798.29953  56.5%     -    4s
     0     0  798.40479    0 1273 1835.00000  798.40479  56.5%     -    4s
     0     0  800.50806    0 1407 1835.00000  800.50806  56.4%     -    5s
H    0     0                    1831.0000000  800.50806  56.3%     -    5s
     0     0  801.94819    0 1492 1831.00000  801.94819  56.2%     -    6s
     0     0  802.84091    0 1505 1831.00000  802.84091  56.2%     -    7s
     0     0  803.35634    0 1536 1831.00000  803.35634  56.1%     -    7s
     0     0  803.53893    0 1554 1831.00000  803.53893  56.1%     -    7s
     0     0  805.09720    0 1635 1831.00000  805.09720  56.0%     -    9s
     0     0  806.13955    0 1662 1831.00000  806.13955  56.0%     -   10s
H    0     0                    1829.0000000  806.13955  55.9%     -   10s
     0     0  806.73549    0 1685 1829.00000  806.73549  55.9%     -   10s
     0     0  807.43959    0 1695 1829.00000  807.43959  55.9%     -   11s
     0     0  807.82448    0 1693 1829.00000  807.82448  55.8%     -   12s
     0     0  808.03092    0 1717 1829.00000  808.03092  55.8%     -   12s
H    0     0                    1821.0000000  808.03092  55.6%     -   13s
     0     0  808.56802    0 1764 1821.00000  808.56802  55.6%     -   13s
H    0     0                    1814.0000000  808.56802  55.4%     -   13s
     0     0  808.84794    0 1781 1814.00000  808.84794  55.4%     -   13s
     0     0  809.00527    0 1798 1814.00000  809.00527  55.4%     -   14s
     0     0  809.00527    0 1795 1814.00000  809.00527  55.4%     -   14s
H    0     2                    1813.0000000  809.00527  55.4%     -   15s
     0     2  809.00527    0 1792 1813.00000  809.00527  55.4%     -   15s
     7    14  825.05604    3 1658 1813.00000  815.94582  55.0%  6221   22s
    13    20  851.77105    4 1635 1813.00000  825.05642  54.5%  8004   25s
    25    32  868.52415    5 1530 1813.00000  833.98829  54.0%  7788   33s
H   32    38                    1807.0000000  833.98829  53.8%  6608   34s
H   34    38                    1799.0000000  833.98829  53.6%  6372   34s
    37    44  946.64562    6 1648 1799.00000  833.98829  53.6%  6396   36s
H   49    50                    1792.0000000  833.98829  53.5%  5670   39s
    50    51  863.45530    5 1795 1792.00000  833.98829  53.5%  5556   40s
    93    93  902.30242   14 1412 1792.00000  833.98829  53.5%  3332   45s
H  117   106                    1789.0000000  835.74055  53.3%  2779   47s
H  131   120                    1775.0000000  835.74055  52.9%  2632   48s
H  135   117                    1773.0000000  835.74055  52.9%  2572   48s
H  166   133                    1759.0000000  835.74055  52.5%  2271   50s
H  182   142                    1752.0000000  835.74055  52.3%  2140   51s
H  185   142                    1734.0000000  835.74055  51.8%  2125   51s
   230   189  983.32980   20 1354 1734.00000  835.74055  51.8%  1883   55s
H  231   189                    1727.0000000  835.74055  51.6%  1875   55s
H  234   189                    1720.0000000  835.74055  51.4%  1869   55s
   300   279  989.42783   24 1376 1720.00000  835.74055  51.4%  1634   60s

Explored 332 nodes (552675 simplex iterations) in 60.04 seconds
Thread count was 12 (of 12 available processors)

Solution count 10: 1720 1727 1734 ... 1799

Time limit reached
Best objective 1.720000000000e+03, best bound 8.360000000000e+02, gap 51.3953%
