
Gurobi 9.5.1 (win64) logging started Tue Apr 26 19:44:41 2022

Set parameter LogFile to value "./Log/Pattern_Appro_solver_1200_order_48_batch.log"
Gurobi Optimizer version 9.5.1 build v9.5.1rc2 (win64)
Thread count: 6 physical cores, 12 logical processors, using up to 12 threads
Optimize a model with 2575 rows, 13008 columns and 44784 nonzeros
Model fingerprint: 0x4c891b36
Variable types: 0 continuous, 13008 integer (10032 binary)
Coefficient statistics:
  Matrix range     [1e+00, 3e+01]
  Objective range  [1e+00, 4e+01]
  Bounds range     [1e+00, 7e+01]
  RHS range        [1e+00, 7e+01]
Found heuristic solution: objective 6490.0000000
Presolve removed 159 rows and 483 columns
Presolve time: 0.05s
Presolved: 2416 rows, 12525 columns, 42808 nonzeros
Variable types: 0 continuous, 12525 integer (9732 binary)

Root relaxation: objective 1.325815e+03, 5025 iterations, 0.09 seconds (0.11 work units)

    Nodes    |    Current Node    |     Objective Bounds      |     Work
 Expl Unexpl |  Obj  Depth IntInf | Incumbent    BestBd   Gap | It/Node Time

     0     0 1325.81539    0  247 6490.00000 1325.81539  79.6%     -    0s
H    0     0                    3668.0000000 1325.81539  63.9%     -    0s
H    0     0                    3581.0000000 1325.81539  63.0%     -    0s
H    0     0                    3416.0000000 1365.92582  60.0%     -    0s
H    0     0                    3226.0000000 1365.92582  57.7%     -    0s
     0     0 1365.92582    0  435 3226.00000 1365.92582  57.7%     -    0s
H    0     0                    3050.0000000 1365.92582  55.2%     -    0s
     0     0 1382.57195    0  430 3050.00000 1382.57195  54.7%     -    0s
     0     0 1382.88073    0  445 3050.00000 1382.88073  54.7%     -    0s
     0     0 1382.89386    0  443 3050.00000 1382.89386  54.7%     -    1s
     0     0 1382.89431    0  448 3050.00000 1382.89431  54.7%     -    1s
     0     0 1414.04937    0  581 3050.00000 1414.04937  53.6%     -    1s
     0     0 1429.31702    0  582 3050.00000 1429.31702  53.1%     -    1s
     0     0 1430.94494    0  596 3050.00000 1430.94494  53.1%     -    1s
     0     0 1431.10731    0  585 3050.00000 1431.10731  53.1%     -    1s
     0     0 1431.10748    0  594 3050.00000 1431.10748  53.1%     -    1s
H    0     0                    2910.0000000 1443.26370  50.4%     -    2s
H    0     0                    2823.0000000 1443.26370  48.9%     -    2s
     0     0 1443.26370    0  752 2823.00000 1443.26370  48.9%     -    2s
H    0     0                    2811.0000000 1451.44712  48.4%     -    3s
H    0     0                    2806.0000000 1451.44712  48.3%     -    3s
H    0     0                    2749.0000000 1451.44712  47.2%     -    3s
     0     0 1451.44712    0  779 2749.00000 1451.44712  47.2%     -    3s
     0     0 1452.23847    0  831 2749.00000 1452.23847  47.2%     -    3s
     0     0 1453.04652    0  828 2749.00000 1453.04652  47.1%     -    3s
H    0     0                    2742.0000000 1453.11307  47.0%     -    3s
     0     0 1453.11307    0  821 2742.00000 1453.11307  47.0%     -    3s
     0     0 1453.18374    0  831 2742.00000 1453.18374  47.0%     -    4s
     0     0 1453.21672    0  832 2742.00000 1453.21672  47.0%     -    4s
H    0     0                    2725.0000000 1458.68965  46.5%     -    5s
H    0     0                    2723.0000000 1458.68965  46.4%     -    5s
     0     0 1458.68965    0  908 2723.00000 1458.68965  46.4%     -    5s
H    0     0                    2682.0000000 1460.47658  45.5%     -    6s
H    0     0                    2679.0000000 1460.47658  45.5%     -    6s
H    0     0                    2667.0000000 1460.47658  45.2%     -    6s
H    0     0                    2666.0000000 1460.47658  45.2%     -    6s
     0     0 1460.47658    0  962 2666.00000 1460.47658  45.2%     -    6s
     0     0 1461.40306    0  984 2666.00000 1461.40306  45.2%     -    6s
     0     0 1461.43811    0 1021 2666.00000 1461.43811  45.2%     -    6s
H    0     0                    2665.0000000 1463.24706  45.1%     -    7s
     0     0 1463.24706    0 1154 2665.00000 1463.24706  45.1%     -    7s
H    0     0                    2658.0000000 1463.24706  44.9%     -    8s
     0     0 1463.89477    0 1196 2658.00000 1463.89477  44.9%     -    8s
     0     0 1464.11444    0 1211 2658.00000 1464.11444  44.9%     -    9s
     0     0 1464.15283    0 1257 2658.00000 1464.15283  44.9%     -    9s
H    0     0                    2656.0000000 1465.29289  44.8%     -   11s
     0     0 1465.29289    0 1370 2656.00000 1465.29289  44.8%     -   11s
H    0     0                    2627.0000000 1465.65826  44.2%     -   12s
     0     0 1465.65826    0 1353 2627.00000 1465.65826  44.2%     -   12s
     0     0 1465.74867    0 1415 2627.00000 1465.74867  44.2%     -   13s
     0     0 1466.73883    0 1553 2627.00000 1466.73883  44.2%     -   15s
H    0     0                    2611.0000000 1466.73883  43.8%     -   15s
H    0     0                    2601.0000000 1467.11731  43.6%     -   16s
H    0     0                    2580.0000000 1467.11731  43.1%     -   16s
     0     0 1467.11731    0 1472 2580.00000 1467.11731  43.1%     -   16s
     0     0 1467.28521    0 1475 2580.00000 1467.28521  43.1%     -   17s
     0     0 1467.51853    0 1428 2580.00000 1467.51853  43.1%     -   17s
     0     0 1467.53301    0 1456 2580.00000 1467.53301  43.1%     -   18s
     0     0 1468.17656    0 1506 2580.00000 1468.17656  43.1%     -   20s
     0     0 1468.17656    0 1480 2580.00000 1468.17656  43.1%     -   20s
H    0     0                    2567.0000000 1468.17781  42.8%     -   24s
     0     2 1468.17781    0 1472 2567.00000 1468.17781  42.8%     -   24s
     1     4 1468.20015    1 1436 2567.00000 1468.18648  42.8%   639   26s
     7    14 1470.84972    3 1686 2567.00000 1470.02718  42.7%  3784   31s
    13    20 1471.23482    4 1811 2567.00000 1470.84996  42.7%  4782   36s
    25    32 1471.29551    5 1802 2567.00000 1471.23482  42.7%  6397   40s
H   31    38                    2542.0000000 1471.23482  42.1%  5507   49s
H   32    38                    2530.9999925 1471.23482  41.9%  5371   49s
H   35    38                    2508.0000000 1471.23482  41.3%  5055   49s
    37    45 1471.31444    6 1792 2508.00000 1471.23482  41.3%  4856   51s
    52    60 1471.35463    7 1781 2508.00000 1471.23482  41.3%  3918   56s
    68    75 1472.95731    9 1629 2508.00000 1471.23482  41.3%  3583   61s
    82    98 1472.95861   10 1612 2508.00000 1471.23482  41.3%  3321   65s
   108   117 1493.31740   12 1474 2508.00000 1471.23482  41.3%  2942   71s
   128   140 1473.54695   14 1504 2508.00000 1471.23482  41.3%  2829   78s
   139   159 1473.55016   15 1495 2508.00000 1471.23482  41.3%  2808   81s
   178   195 1473.62420   22 1480 2508.00000 1471.23482  41.3%  2471   87s
   194   204 1473.64379   24 1450 2508.00000 1471.23482  41.3%  2442   90s
H  195   204                    2507.0000000 1471.23482  41.3%  2429   90s
H  199   204                    2501.0000000 1471.23482  41.2%  2391   90s
   203   226 1473.68104   25 1404 2501.00000 1471.23482  41.2%  2365   95s
   242   248 1474.28930   27 1468 2501.00000 1471.23482  41.2%  2275  100s

Cutting planes:
  Gomory: 75
  Cover: 2069
  Implied bound: 362
  Clique: 374
  MIR: 109
  StrongCG: 19
  Flow cover: 133
  GUB cover: 8
  Zero half: 30
  Network: 6
  Relax-and-lift: 19

Explored 247 nodes (608878 simplex iterations) in 100.02 seconds (166.94 work units)
Thread count was 12 (of 12 available processors)

Solution count 10: 2501 2507 2508 ... 2627

Time limit reached
Best objective 2.501000000000e+03, best bound 1.472000000000e+03, gap 41.1435%

Gurobi 9.5.1 (win64) logging started Tue Apr 26 19:55:33 2022

Set parameter LogFile to value "./Log/Pattern_Appro_solver_1200_order_48_batch.log"
Gurobi Optimizer version 9.5.1 build v9.5.1rc2 (win64)
Thread count: 6 physical cores, 12 logical processors, using up to 12 threads
Optimize a model with 2875 rows, 27408 columns and 119280 nonzeros
Model fingerprint: 0x5fe42f84
Variable types: 0 continuous, 27408 integer (23184 binary)
Coefficient statistics:
  Matrix range     [1e+00, 3e+01]
  Objective range  [1e+00, 4e+01]
  Bounds range     [1e+00, 4e+01]
  RHS range        [1e+00, 4e+01]
Found heuristic solution: objective 12221.000000
Presolve removed 178 rows and 824 columns
Presolve time: 0.14s
Presolved: 2697 rows, 26584 columns, 113767 nonzeros
Variable types: 0 continuous, 26584 integer (22442 binary)

Root relaxation: objective 1.616343e+03, 12842 iterations, 0.62 seconds (0.66 work units)

    Nodes    |    Current Node    |     Objective Bounds      |     Work
 Expl Unexpl |  Obj  Depth IntInf | Incumbent    BestBd   Gap | It/Node Time

     0     0 1616.34282    0  582 12221.0000 1616.34282  86.8%     -    1s
H    0     0                    7570.0000000 1616.34282  78.6%     -    1s
H    0     0                    7401.0000000 1616.34282  78.2%     -    1s
H    0     0                    7035.0000000 1616.34282  77.0%     -    2s
H    0     0                    6843.0000000 1616.34282  76.4%     -    3s
     0     0 1658.44105    0  924 6843.00000 1658.44105  75.8%     -    3s
H    0     0                    6161.0000000 1658.44105  73.1%     -    3s
H    0     0                    6082.0000000 1660.74297  72.7%     -    4s
     0     0 1660.74297    0  971 6082.00000 1660.74297  72.7%     -    4s
     0     0 1660.92735    0  991 6082.00000 1660.92735  72.7%     -    4s
     0     0 1660.93186    0  991 6082.00000 1660.93186  72.7%     -    4s
     0     0 1710.73015    0 1363 6082.00000 1710.73015  71.9%     -    6s
H    0     0                    5898.0000000 1721.69990  70.8%     -    7s
     0     0 1721.69990    0 1386 5898.00000 1721.69990  70.8%     -    7s
     0     0 1726.59344    0 1452 5898.00000 1726.59344  70.7%     -    7s
     0     0 1727.87133    0 1511 5898.00000 1727.87133  70.7%     -    8s
     0     0 1729.92377    0 1519 5898.00000 1729.92377  70.7%     -    8s
     0     0 1730.26258    0 1515 5898.00000 1730.26258  70.7%     -    8s
     0     0 1731.22843    0 1486 5898.00000 1731.22843  70.6%     -    9s
     0     0 1731.24021    0 1483 5898.00000 1731.24021  70.6%     -    9s
H    0     0                    5839.0000000 1759.90443  69.9%     -   12s
H    0     0                    5727.0000000 1759.90443  69.3%     -   12s
     0     0 1759.90443    0 1928 5727.00000 1759.90443  69.3%     -   12s
H    0     0                    5632.0000000 1759.90443  68.8%     -   13s
     0     0 1766.76433    0 2059 5632.00000 1766.76433  68.6%     -   16s
H    0     0                    5625.0000000 1771.70186  68.5%     -   19s
     0     0 1771.70186    0 2080 5625.00000 1771.70186  68.5%     -   19s
H    0     0                    5602.0000000 1772.87206  68.4%     -   21s
     0     0 1772.87206    0 1989 5602.00000 1772.87206  68.4%     -   21s
     0     0 1773.02773    0 2020 5602.00000 1773.02773  68.4%     -   22s
     0     0 1773.73122    0 2003 5602.00000 1773.73122  68.3%     -   23s
     0     0 1773.75078    0 2021 5602.00000 1773.75078  68.3%     -   23s
H    0     0                    5446.0000000 1790.52443  67.1%     -   31s
     0     0 1790.52443    0 2445 5446.00000 1790.52443  67.1%     -   31s
H    0     0                    5377.0000000 1796.17369  66.6%     -   37s
     0     0 1796.17369    0 2614 5377.00000 1796.17369  66.6%     -   37s
     0     0 1797.43854    0 2689 5377.00000 1797.43854  66.6%     -   41s
H    0     0                    5289.0000000 1798.94494  66.0%     -   46s
     0     0 1798.94494    0 2739 5289.00000 1798.94494  66.0%     -   46s
     0     0 1799.13061    0 2809 5289.00000 1799.13061  66.0%     -   49s
     0     0 1799.22707    0 2836 5289.00000 1799.22707  66.0%     -   51s
H    0     0                    5227.0000000 1817.99164  65.2%     -   67s
     0     0 1817.99164    0 3024 5227.00000 1817.99164  65.2%     -   67s
H    0     0                    5160.0000000 1817.99164  64.8%     -   67s
H    0     0                    5158.0000000 1822.13277  64.7%     -   79s
     0     0 1822.13277    0 3196 5158.00000 1822.13277  64.7%     -   80s
H    0     0                    5133.0000000 1823.64008  64.5%     -   91s
H    0     0                    5132.0000000 1823.64008  64.5%     -   91s
H    0     0                    5118.0000000 1823.64008  64.4%     -   91s
H    0     0                    5101.0000000 1823.64008  64.2%     -   91s
     0     0 1823.64008    0 3250 5101.00000 1823.64008  64.2%     -   91s
H    0     0                    5083.0000000 1824.03100  64.1%     -   99s
H    0     0                    5071.0000000 1824.03100  64.0%     -   99s
     0     0 1824.03100    0 3459 5071.00000 1824.03100  64.0%     -   99s
     0     0          -    0      5071.00000 1824.03100  64.0%     -  100s

Cutting planes:
  Gomory: 21
  Cover: 1797
  Implied bound: 271
  Clique: 818
  MIR: 61
  StrongCG: 29
  Flow cover: 131
  GUB cover: 5
  Zero half: 14
  Network: 3
  Relax-and-lift: 15

Explored 1 nodes (107328 simplex iterations) in 100.03 seconds (85.29 work units)
Thread count was 12 (of 12 available processors)

Solution count 10: 5071 5083 5101 ... 5289

Time limit reached
Best objective 5.071000000000e+03, best bound 1.825000000000e+03, gap 64.0110%

Gurobi 9.5.1 (win64) logging started Tue Apr 26 20:06:23 2022

Set parameter LogFile to value "./Log/Pattern_Appro_solver_1200_order_48_batch.log"
Gurobi Optimizer version 9.5.1 build v9.5.1rc2 (win64)
Thread count: 6 physical cores, 12 logical processors, using up to 12 threads
Optimize a model with 3031 rows, 34896 columns and 173040 nonzeros
Model fingerprint: 0xd4423e20
Variable types: 0 continuous, 34896 integer (30528 binary)
Coefficient statistics:
  Matrix range     [1e+00, 3e+01]
  Objective range  [1e+00, 4e+01]
  Bounds range     [1e+00, 4e+01]
  RHS range        [1e+00, 4e+01]
Found heuristic solution: objective 16294.000000
Presolve removed 229 rows and 1289 columns
Presolve time: 0.22s
Presolved: 2802 rows, 33607 columns, 160196 nonzeros
Variable types: 0 continuous, 33607 integer (29265 binary)

Root relaxation: objective 2.266089e+03, 31528 iterations, 3.59 seconds (4.20 work units)

    Nodes    |    Current Node    |     Objective Bounds      |     Work
 Expl Unexpl |  Obj  Depth IntInf | Incumbent    BestBd   Gap | It/Node Time

     0     0 2266.08898    0  778 16294.0000 2266.08898  86.1%     -    4s
H    0     0                    10243.000000 2266.08898  77.9%     -    4s
H    0     0                    8637.0000000 2266.08898  73.8%     -    7s
H    0     0                    8502.0000000 2266.08898  73.3%     -    8s
     0     0 2328.04746    0 1371 8502.00000 2328.04746  72.6%     -    9s
H    0     0                    8286.0000000 2328.04746  71.9%     -   10s
     0     0 2330.08179    0 1343 8286.00000 2330.08179  71.9%     -   10s
     0     0 2330.24857    0 1360 8286.00000 2330.24857  71.9%     -   10s
     0     0 2330.29820    0 1348 8286.00000 2330.29820  71.9%     -   10s
     0     0 2330.30002    0 1351 8286.00000 2330.30002  71.9%     -   10s
H    0     0                    8132.0000000 2358.67163  71.0%     -   12s
     0     0 2358.67163    0 1779 8132.00000 2358.67163  71.0%     -   12s
H    0     0                    8049.0000000 2371.50663  70.5%     -   13s
     0     0 2371.50663    0 1888 8049.00000 2371.50663  70.5%     -   13s
     0     0 2376.26209    0 1892 8049.00000 2376.26209  70.5%     -   14s
H    0     0                    7986.0000000 2377.38146  70.2%     -   15s
     0     0 2377.38146    0 1899 7986.00000 2377.38146  70.2%     -   15s
     0     0 2377.62955    0 1953 7986.00000 2377.62955  70.2%     -   15s
     0     0 2377.65724    0 1962 7986.00000 2377.65724  70.2%     -   15s
H    0     0                    7960.0000000 2406.50796  69.8%     -   19s
H    0     0                    7929.0000000 2406.50796  69.6%     -   19s
     0     0 2406.50796    0 2390 7929.00000 2406.50796  69.6%     -   19s
H    0     0                    7878.0000000 2406.50796  69.5%     -   20s
     0     0 2417.16692    0 2611 7878.00000 2417.16692  69.3%     -   23s
     0     0 2423.92529    0 2711 7878.00000 2423.92529  69.2%     -   28s
     0     0 2428.00573    0 2686 7878.00000 2428.00573  69.2%     -   32s
     0     0 2430.44487    0 2755 7878.00000 2430.44487  69.1%     -   36s
     0     0 2431.37018    0 2717 7878.00000 2431.37018  69.1%     -   39s
H    0     0                    7804.0000000 2432.19993  68.8%     -   41s
     0     0 2432.19993    0 2684 7804.00000 2432.19993  68.8%     -   41s
     0     0 2432.24593    0 2714 7804.00000 2432.24593  68.8%     -   42s
H    0     0                    7626.0000000 2451.39058  67.9%     -   51s
H    0     0                    7499.0000000 2451.39058  67.3%     -   51s
     0     0 2451.39058    0 3148 7499.00000 2451.39058  67.3%     -   51s
H    0     0                    7407.0000000 2451.39058  66.9%     -   54s
     0     0 2461.09190    0 3278 7407.00000 2461.09190  66.8%     -   65s
     0     0 2463.65752    0 3343 7407.00000 2463.65752  66.7%     -   72s
H    0     0                    7377.0000000 2465.85998  66.6%     -   81s
     0     0 2465.85998    0 3444 7377.00000 2465.85998  66.6%     -   81s
     0     0 2466.29852    0 3488 7377.00000 2466.29852  66.6%     -   86s
     0     0 2467.05237    0 3480 7377.00000 2467.05237  66.6%     -   90s
H    0     0                    7279.0000000 2467.20851  66.1%     -   93s
     0     0 2467.20851    0 3499 7279.00000 2467.20851  66.1%     -   93s
     0     0          -    0      7279.00000 2467.20851  66.1%     -  100s

Cutting planes:
  Gomory: 15
  Cover: 1957
  Implied bound: 243
  Clique: 1145
  MIR: 167
  StrongCG: 51
  Flow cover: 131
  Zero half: 7
  Network: 3
  Relax-and-lift: 8

Explored 1 nodes (116959 simplex iterations) in 100.03 seconds (96.63 work units)
Thread count was 12 (of 12 available processors)

Solution count 10: 7279 7377 7407 ... 7986

Time limit reached
Best objective 7.279000000000e+03, best bound 2.468000000000e+03, gap 66.0942%

Gurobi 9.5.1 (win64) logging started Tue Apr 26 20:48:53 2022

Set parameter LogFile to value "./Log/Pattern_Appro_solver_1200_order_48_batch.log"
Gurobi Optimizer version 9.5.1 build v9.5.1rc2 (win64)
Thread count: 6 physical cores, 12 logical processors, using up to 12 threads
Optimize a model with 2577 rows, 13104 columns and 44976 nonzeros
Model fingerprint: 0x657a7a7c
Variable types: 0 continuous, 13104 integer (9984 binary)
Coefficient statistics:
  Matrix range     [1e+00, 3e+01]
  Objective range  [1e+00, 4e+01]
  Bounds range     [1e+00, 6e+01]
  RHS range        [1e+00, 6e+01]
Found heuristic solution: objective 6088.0000000
Presolve removed 161 rows and 531 columns
Presolve time: 0.05s
Presolved: 2416 rows, 12573 columns, 42659 nonzeros
Variable types: 0 continuous, 12573 integer (9541 binary)

Root relaxation: objective 1.337059e+03, 5623 iterations, 0.09 seconds (0.11 work units)

    Nodes    |    Current Node    |     Objective Bounds      |     Work
 Expl Unexpl |  Obj  Depth IntInf | Incumbent    BestBd   Gap | It/Node Time

     0     0 1337.05934    0  241 6088.00000 1337.05934  78.0%     -    0s
H    0     0                    3698.0000000 1337.05934  63.8%     -    0s
H    0     0                    3680.0000000 1337.05934  63.7%     -    0s
H    0     0                    3643.0000000 1337.05934  63.3%     -    0s
H    0     0                    3416.0000000 1337.05934  60.9%     -    0s
H    0     0                    3388.0000000 1337.05934  60.5%     -    0s
H    0     0                    3289.0000000 1363.29299  58.5%     -    0s
H    0     0                    3048.0000000 1363.29299  55.3%     -    0s
     0     0 1363.29299    0  434 3048.00000 1363.29299  55.3%     -    0s
H    0     0                    2975.0000000 1363.29299  54.2%     -    1s
     0     0 1375.51922    0  419 2975.00000 1375.51922  53.8%     -    1s
     0     0 1375.67175    0  427 2975.00000 1375.67175  53.8%     -    1s
     0     0 1375.67175    0  448 2975.00000 1375.67175  53.8%     -    1s
     0     0 1403.45883    0  588 2975.00000 1403.45883  52.8%     -    1s
H    0     0                    2879.0000000 1413.48934  50.9%     -    1s
     0     0 1413.48934    0  637 2879.00000 1413.48934  50.9%     -    1s
     0     0 1415.27033    0  671 2879.00000 1415.27033  50.8%     -    1s
     0     0 1415.77595    0  670 2879.00000 1415.77595  50.8%     -    1s
     0     0 1418.07429    0  637 2879.00000 1418.07429  50.7%     -    1s
     0     0 1418.16244    0  655 2879.00000 1418.16244  50.7%     -    1s
     0     0 1418.16416    0  664 2879.00000 1418.16416  50.7%     -    1s
H    0     0                    2878.0000000 1436.03964  50.1%     -    2s
H    0     0                    2838.0000000 1436.03964  49.4%     -    2s
     0     0 1436.03964    0  770 2838.00000 1436.03964  49.4%     -    2s
H    0     0                    2835.0000000 1438.94358  49.2%     -    3s
H    0     0                    2830.0000000 1438.94358  49.2%     -    3s
     0     0 1438.94358    0  788 2830.00000 1438.94358  49.2%     -    3s
     0     0 1441.30424    0  801 2830.00000 1441.30424  49.1%     -    3s
     0     0 1441.51565    0  830 2830.00000 1441.51565  49.1%     -    3s
     0     0 1441.57413    0  824 2830.00000 1441.57413  49.1%     -    3s
     0     0 1441.59227    0  820 2830.00000 1441.59227  49.1%     -    3s
H    0     0                    2768.0000000 1447.25844  47.7%     -    4s
H    0     0                    2761.0000000 1447.25844  47.6%     -    4s
     0     0 1447.25844    0  936 2761.00000 1447.25844  47.6%     -    4s
     0     0 1450.12913    0  945 2761.00000 1450.12913  47.5%     -    5s
     0     0 1450.57124    0  932 2761.00000 1450.57124  47.5%     -    5s
     0     0 1450.81254    0  982 2761.00000 1450.81254  47.5%     -    5s
     0     0 1450.97077    0  987 2761.00000 1450.97077  47.4%     -    6s
     0     0 1450.98431    0  984 2761.00000 1450.98431  47.4%     -    6s
     0     0 1454.49264    0 1045 2761.00000 1454.49264  47.3%     -    7s
H    0     0                    2737.0000000 1454.49264  46.9%     -    7s
     0     0 1456.45218    0 1096 2737.00000 1456.45218  46.8%     -    8s
     0     0 1457.68519    0 1133 2737.00000 1457.68519  46.7%     -    8s
     0     0 1458.27356    0 1115 2737.00000 1458.27356  46.7%     -    9s
     0     0 1458.33901    0 1164 2737.00000 1458.33901  46.7%     -    9s
     0     0 1461.77063    0 1228 2737.00000 1461.77063  46.6%     -   10s
H    0     0                    2693.0000000 1462.44264  45.7%     -   11s
     0     0 1462.44264    0 1245 2693.00000 1462.44264  45.7%     -   11s
H    0     0                    2683.0000000 1462.88433  45.5%     -   12s
     0     0 1462.88433    0 1312 2683.00000 1462.88433  45.5%     -   12s
     0     0 1463.01464    0 1316 2683.00000 1463.01464  45.5%     -   13s
     0     0 1463.07259    0 1325 2683.00000 1463.07259  45.5%     -   13s
H    0     0                    2681.0000000 1465.09031  45.4%     -   15s
     0     0 1465.09031    0 1456 2681.00000 1465.09031  45.4%     -   15s
H    0     0                    2665.0000000 1465.09031  45.0%     -   15s
H    0     0                    2613.0000000 1465.46529  43.9%     -   16s
     0     0 1465.46529    0 1511 2613.00000 1465.46529  43.9%     -   16s
     0     0 1465.62715    0 1529 2613.00000 1465.62715  43.9%     -   16s
     0     0 1465.71801    0 1509 2613.00000 1465.71801  43.9%     -   17s
     0     0 1466.85366    0 1675 2613.00000 1466.85366  43.9%     -   19s
H    0     0                    2605.0000000 1467.19160  43.7%     -   21s
     0     0 1467.19160    0 1807 2605.00000 1467.19160  43.7%     -   21s
     0     0 1467.47101    0 1789 2605.00000 1467.47101  43.7%     -   22s
H    0     0                    2596.0000000 1467.55846  43.5%     -   23s
     0     0 1467.55846    0 1761 2596.00000 1467.55846  43.5%     -   23s
     0     0 1468.06130    0 1911 2596.00000 1468.06130  43.4%     -   26s
     0     0 1468.06130    0 1882 2596.00000 1468.06130  43.4%     -   27s
H    0     0                    2524.0000000 1468.06135  41.8%     -   36s
     0     2 1468.06135    0 1872 2524.00000 1468.06135  41.8%     -   36s
     3     8 1468.25534    2 1855 2524.00000 1468.10818  41.8%  3488   42s
     7    14 1468.74327    3 2067 2524.00000 1468.25534  41.8%  4790   47s
    13    20 1469.28844    4 2305 2524.00000 1468.74327  41.8%  5926   52s
    19    26 1473.68780    4 1948 2524.00000 1469.28863  41.8%  6809   55s
H   31    38                    2516.0000000 1469.28930  41.6%  5892   59s
H   35    38                    2514.0000000 1469.28930  41.6%  5473   59s
H   36    38                    2502.0000000 1469.28930  41.3%  5369   59s
    37    46 1469.34829    7 2273 2502.00000 1469.28930  41.3%  5272   61s
    45    52 1469.37569    9 2238 2502.00000 1469.28930  41.3%  4539   74s
    51    62 1476.18041    9 1783 2502.00000 1469.28930  41.3%  4810   77s
H   67    78                    2494.0000000 1469.28930  41.1%  4049   83s
    77    88 1470.11616   13 2208 2494.00000 1469.28930  41.1%  3851   85s
    97   104 1470.27056   16 2178 2494.00000 1469.28930  41.1%  3374   94s
H  103   113                    2487.0000000 1469.28930  40.9%  3282   96s

Cutting planes:
  Gomory: 100
  Lift-and-project: 1
  Cover: 2345
  Implied bound: 534
  Clique: 412
  MIR: 121
  StrongCG: 23
  Flow cover: 194
  GUB cover: 17
  Zero half: 62
  Network: 5
  Relax-and-lift: 50

Explored 128 nodes (434587 simplex iterations) in 100.02 seconds (140.93 work units)
Thread count was 12 (of 12 available processors)

Solution count 10: 2487 2494 2502 ... 2665

Time limit reached
Best objective 2.487000000000e+03, best bound 1.470000000000e+03, gap 40.8926%

Gurobi 9.5.1 (win64) logging started Tue Apr 26 20:59:55 2022

Set parameter LogFile to value "./Log/Pattern_Appro_solver_1200_order_48_batch.log"
Gurobi Optimizer version 9.5.1 build v9.5.1rc2 (win64)
Thread count: 6 physical cores, 12 logical processors, using up to 12 threads
Optimize a model with 2859 rows, 26640 columns and 116208 nonzeros
Model fingerprint: 0x0c96d78e
Variable types: 0 continuous, 26640 integer (21744 binary)
Coefficient statistics:
  Matrix range     [1e+00, 3e+01]
  Objective range  [1e+00, 4e+01]
  Bounds range     [1e+00, 4e+01]
  RHS range        [1e+00, 4e+01]
Found heuristic solution: objective 12716.000000
Presolve removed 193 rows and 885 columns
Presolve time: 0.14s
Presolved: 2666 rows, 25755 columns, 109350 nonzeros
Variable types: 0 continuous, 25755 integer (21081 binary)

Root relaxation: objective 1.733037e+03, 14478 iterations, 0.61 seconds (0.64 work units)

    Nodes    |    Current Node    |     Objective Bounds      |     Work
 Expl Unexpl |  Obj  Depth IntInf | Incumbent    BestBd   Gap | It/Node Time

     0     0 1733.03746    0  574 12716.0000 1733.03746  86.4%     -    1s
H    0     0                    7584.0000000 1733.03746  77.1%     -    1s
H    0     0                    7431.0000000 1733.03746  76.7%     -    1s
H    0     0                    6966.0000000 1733.03746  75.1%     -    2s
H    0     0                    6777.0000000 1733.03746  74.4%     -    3s
H    0     0                    6316.0000000 1733.03746  72.6%     -    3s
     0     0 1780.49394    0  912 6316.00000 1780.49394  71.8%     -    3s
H    0     0                    6205.0000000 1780.49394  71.3%     -    4s
     0     0 1782.90990    0  935 6205.00000 1782.90990  71.3%     -    4s
     0     0 1782.98447    0  934 6205.00000 1782.98447  71.3%     -    4s
     0     0 1783.01675    0  936 6205.00000 1783.01675  71.3%     -    4s
     0     0 1783.01744    0  945 6205.00000 1783.01744  71.3%     -    4s
H    0     0                    6174.0000000 1810.27645  70.7%     -    5s
     0     0 1810.27645    0 1217 6174.00000 1810.27645  70.7%     -    5s
H    0     0                    5946.0000000 1814.84829  69.5%     -    6s
     0     0 1814.84829    0 1294 5946.00000 1814.84829  69.5%     -    6s
     0     0 1819.58902    0 1335 5946.00000 1819.58902  69.4%     -    6s
     0     0 1819.76906    0 1291 5946.00000 1819.76906  69.4%     -    6s
     0     0 1820.53847    0 1354 5946.00000 1820.53847  69.4%     -    6s
     0     0 1820.62181    0 1361 5946.00000 1820.62181  69.4%     -    6s
     0     0 1820.62455    0 1367 5946.00000 1820.62455  69.4%     -    6s
H    0     0                    5900.0000000 1856.18632  68.5%     -   10s
H    0     0                    5814.0000000 1856.18632  68.1%     -   10s
H    0     0                    5777.0000000 1856.18632  67.9%     -   10s
     0     0 1856.18632    0 1711 5777.00000 1856.18632  67.9%     -   10s
H    0     0                    5677.0000000 1856.18632  67.3%     -   10s
     0     0 1867.10321    0 1704 5677.00000 1867.10321  67.1%     -   11s
H    0     0                    5625.0000000 1872.12516  66.7%     -   13s
H    0     0                    5584.0000000 1872.12516  66.5%     -   13s
     0     0 1872.12516    0 1792 5584.00000 1872.12516  66.5%     -   13s
     0     0 1878.15470    0 1792 5584.00000 1878.15470  66.4%     -   14s
     0     0 1881.03394    0 1812 5584.00000 1881.03394  66.3%     -   15s
H    0     0                    5487.0000000 1882.95114  65.7%     -   16s
     0     0 1882.95114    0 1884 5487.00000 1882.95114  65.7%     -   17s
     0     0 1884.44357    0 1929 5487.00000 1884.44357  65.7%     -   17s
     0     0 1884.48564    0 1988 5487.00000 1884.48564  65.7%     -   18s
H    0     0                    5449.0000000 1905.30871  65.0%     -   24s
     0     0 1905.30871    0 2327 5449.00000 1905.30871  65.0%     -   24s
H    0     0                    5424.0000000 1909.55119  64.8%     -   28s
     0     0 1909.55119    0 2396 5424.00000 1909.55119  64.8%     -   28s
     0     0 1911.79060    0 2450 5424.00000 1911.79060  64.8%     -   31s
H    0     0                    5328.0000000 1912.34628  64.1%     -   33s
     0     0 1912.34628    0 2413 5328.00000 1912.34628  64.1%     -   33s
     0     0 1912.72499    0 2471 5328.00000 1912.72499  64.1%     -   36s
     0     0 1912.78187    0 2481 5328.00000 1912.78187  64.1%     -   37s
H    0     0                    5272.0000000 1926.33452  63.5%     -   46s
     0     0 1926.33452    0 2735 5272.00000 1926.33452  63.5%     -   46s
H    0     0                    5180.0000000 1926.33452  62.8%     -   47s
     0     0 1931.11821    0 2933 5180.00000 1931.11821  62.7%     -   54s
     0     0 1933.37452    0 2977 5180.00000 1933.37452  62.7%     -   61s
H    0     0                    5164.0000000 1934.10838  62.5%     -   67s
     0     0 1934.10838    0 3097 5164.00000 1934.10838  62.5%     -   67s
     0     0 1934.32190    0 3200 5164.00000 1934.32190  62.5%     -   71s
H    0     0                    5163.0000000 1934.75817  62.5%     -   75s
     0     0 1934.75817    0 3211 5163.00000 1934.75817  62.5%     -   75s
     0     0 1934.80159    0 3236 5163.00000 1934.80159  62.5%     -   78s
H    0     0                    5157.0000000 1950.98738  62.2%     -   93s
H    0     0                    5153.0000000 1950.98738  62.1%     -   93s
H    0     0                    5124.0000000 1950.98738  61.9%     -   93s
H    0     0                    5123.0000000 1950.98738  61.9%     -   93s
     0     0 1950.98738    0 3391 5123.00000 1950.98738  61.9%     -   93s
H    0     0                    5119.0000000 1950.98738  61.9%     -   93s
     0     0          -    0      5119.00000 1950.98738  61.9%     -  100s

Cutting planes:
  Gomory: 28
  Cover: 2147
  Implied bound: 384
  Clique: 905
  MIR: 93
  StrongCG: 17
  Flow cover: 119
  GUB cover: 7
  Zero half: 27
  Network: 3
  Relax-and-lift: 10

Explored 1 nodes (122045 simplex iterations) in 100.03 seconds (95.01 work units)
Thread count was 12 (of 12 available processors)

Solution count 10: 5119 5123 5124 ... 5328

Time limit reached
Best objective 5.119000000000e+03, best bound 1.951000000000e+03, gap 61.8871%

Gurobi 9.5.1 (win64) logging started Tue Apr 26 21:12:13 2022

Set parameter LogFile to value "./Log/Pattern_Appro_solver_1200_order_48_batch.log"
Gurobi Optimizer version 9.5.1 build v9.5.1rc2 (win64)
Thread count: 6 physical cores, 12 logical processors, using up to 12 threads
Optimize a model with 3030 rows, 34848 columns and 172608 nonzeros
Model fingerprint: 0x8be78d38
Variable types: 0 continuous, 34848 integer (30528 binary)
Coefficient statistics:
  Matrix range     [1e+00, 3e+01]
  Objective range  [1e+00, 4e+01]
  Bounds range     [1e+00, 4e+01]
  RHS range        [1e+00, 4e+01]
Found heuristic solution: objective 15915.000000
Presolve removed 219 rows and 1233 columns
Presolve time: 0.22s
Presolved: 2811 rows, 33615 columns, 161335 nonzeros
Variable types: 0 continuous, 33615 integer (29463 binary)

Root relaxation: objective 2.042636e+03, 31708 iterations, 3.84 seconds (4.56 work units)

    Nodes    |    Current Node    |     Objective Bounds      |     Work
 Expl Unexpl |  Obj  Depth IntInf | Incumbent    BestBd   Gap | It/Node Time

     0     0 2042.63636    0  809 15915.0000 2042.63636  87.2%     -    4s
H    0     0                    10445.000000 2042.63636  80.4%     -    4s
H    0     0                    10285.000000 2042.63636  80.1%     -    4s
H    0     0                    7788.0000000 2042.63636  73.8%     -    9s
H    0     0                    7716.0000000 2042.63636  73.5%     -   12s
     0     0 2114.81693    0 1343 7716.00000 2114.81693  72.6%     -   14s
H    0     0                    7633.0000000 2114.81693  72.3%     -   14s
     0     0 2145.66445    0 1735 7633.00000 2145.66445  71.9%     -   15s
     0     0 2151.63046    0 1739 7633.00000 2151.63046  71.8%     -   16s
     0     0 2153.78988    0 1818 7633.00000 2153.78988  71.8%     -   17s
     0     0 2154.56002    0 1835 7633.00000 2154.56002  71.8%     -   18s
     0     0 2154.68859    0 1848 7633.00000 2154.68859  71.8%     -   18s
     0     0 2154.71772    0 1852 7633.00000 2154.71772  71.8%     -   18s
     0     0 2154.71966    0 1857 7633.00000 2154.71966  71.8%     -   18s
H    0     0                    7609.0000000 2180.85362  71.3%     -   22s
     0     0 2180.85362    0 2326 7609.00000 2180.85362  71.3%     -   23s
H    0     0                    7562.0000000 2190.39268  71.0%     -   26s
     0     0 2190.39268    0 2451 7562.00000 2190.39268  71.0%     -   26s
     0     0 2195.12230    0 2494 7562.00000 2195.12230  71.0%     -   29s
     0     0 2201.83460    0 2595 7562.00000 2201.83460  70.9%     -   31s
     0     0 2204.37278    0 2709 7562.00000 2204.37278  70.8%     -   34s
     0     0 2206.39514    0 2694 7562.00000 2206.39514  70.8%     -   37s
H    0     0                    7523.0000000 2208.04039  70.6%     -   38s
     0     0 2208.04039    0 2729 7523.00000 2208.04039  70.6%     -   38s
H    0     0                    7496.0000000 2209.23816  70.5%     -   39s
     0     0 2209.23816    0 2723 7496.00000 2209.23816  70.5%     -   39s
     0     0 2209.38196    0 2749 7496.00000 2209.38196  70.5%     -   40s
     0     0 2209.79686    0 2788 7496.00000 2209.79686  70.5%     -   41s
     0     0 2209.98840    0 2824 7496.00000 2209.98840  70.5%     -   41s
     0     0 2210.16278    0 2798 7496.00000 2210.16278  70.5%     -   42s
H    0     0                    7445.0000000 2210.62156  70.3%     -   44s
     0     0 2210.62156    0 2824 7445.00000 2210.62156  70.3%     -   44s
     0     0 2210.93868    0 2873 7445.00000 2210.93868  70.3%     -   45s
     0     0 2211.36797    0 2871 7445.00000 2211.36797  70.3%     -   46s
     0     0 2211.64911    0 2827 7445.00000 2211.64911  70.3%     -   47s
     0     0 2211.67657    0 2822 7445.00000 2211.67657  70.3%     -   47s
H    0     0                    7371.0000000 2235.96573  69.7%     -   56s
     0     0 2235.96573    0 3291 7371.00000 2235.96573  69.7%     -   56s
H    0     0                    7333.0000000 2235.96573  69.5%     -   57s
H    0     0                    7321.0000000 2244.45294  69.3%     -   67s
     0     0 2244.45294    0 3516 7321.00000 2244.45294  69.3%     -   67s
H    0     0                    7250.0000000 2247.46931  69.0%     -   76s
     0     0 2247.46931    0 3730 7250.00000 2247.46931  69.0%     -   76s
     0     0 2249.79953    0 3767 7250.00000 2249.79953  69.0%     -   82s
H    0     0                    7220.0000000 2250.54510  68.8%     -   88s
     0     0 2250.54510    0 3756 7220.00000 2250.54510  68.8%     -   88s
     0     0 2250.89311    0 3803 7220.00000 2250.89311  68.8%     -   93s
     0     0 2250.97925    0 3866 7220.00000 2250.97925  68.8%     -   96s
     0     0          -    0      7220.00000 2250.97925  68.8%     -  100s

Cutting planes:
  Gomory: 16
  Cover: 2069
  Implied bound: 173
  Clique: 1161
  MIR: 187
  StrongCG: 39
  Flow cover: 157
  Zero half: 6
  Relax-and-lift: 23

Explored 1 nodes (121864 simplex iterations) in 100.03 seconds (107.57 work units)
Thread count was 12 (of 12 available processors)

Solution count 10: 7220 7250 7321 ... 7609

Time limit reached
Best objective 7.220000000000e+03, best bound 2.251000000000e+03, gap 68.8227%
