
Gurobi 9.1.1 (win64) logging started Sun Apr 17 23:09:31 2022

Changed value of parameter LogFile to ./Log/Pattern_Appro_solver_100_order_5_batch.log
   Prev:   Default: 
Gurobi Optimizer version 9.1.1 build v9.1.1rc0 (win64)
Thread count: 6 physical cores, 12 logical processors, using up to 12 threads
Optimize a model with 332 rows, 675 columns and 2310 nonzeros
Model fingerprint: 0xf367475a
Variable types: 0 continuous, 675 integer (630 binary)
Coefficient statistics:
  Matrix range     [1e+00, 2e+01]
  Objective range  [1e+00, 4e+01]
  Bounds range     [1e+00, 3e+00]
  RHS range        [1e+00, 2e+01]
Found heuristic solution: objective 1526.0000000
Presolve removed 70 rows and 87 columns
Presolve time: 0.00s
Presolved: 262 rows, 588 columns, 2044 nonzeros
Variable types: 0 continuous, 588 integer (544 binary)

Root relaxation: objective 5.237869e+02, 801 iterations, 0.01 seconds

    Nodes    |    Current Node    |     Objective Bounds      |     Work
 Expl Unexpl |  Obj  Depth IntInf | Incumbent    BestBd   Gap | It/Node Time

     0     0  523.78687    0  100 1526.00000  523.78687  65.7%     -    0s
H    0     0                    1378.0000000  523.78687  62.0%     -    0s
H    0     0                    1324.0000000  523.78687  60.4%     -    0s
H    0     0                    1291.0000000  523.78687  59.4%     -    0s
H    0     0                    1276.0000000  523.78687  59.0%     -    0s
H    0     0                    1255.0000000  523.78687  58.3%     -    0s
H    0     0                    1175.0000000  527.49798  55.1%     -    0s
H    0     0                    1135.0000000  527.49798  53.5%     -    0s
H    0     0                    1126.0000000  527.49798  53.2%     -    0s
H    0     0                    1118.0000000  527.49798  52.8%     -    0s
H    0     0                    1111.0000000  527.49798  52.5%     -    0s
H    0     0                    1100.0000000  527.49798  52.0%     -    0s
     0     0  569.27186    0  260 1100.00000  569.27186  48.2%     -    0s
H    0     0                    1086.0000000  569.27186  47.6%     -    0s
     0     0  571.59917    0  269 1086.00000  571.59917  47.4%     -    0s
     0     0  572.07941    0  282 1086.00000  572.07941  47.3%     -    0s
     0     0  572.44881    0  278 1086.00000  572.44881  47.3%     -    0s
     0     0  572.47786    0  283 1086.00000  572.47786  47.3%     -    0s
H    0     0                    1079.0000000  572.47786  46.9%     -    0s
     0     0  572.49026    0  292 1079.00000  572.49026  46.9%     -    0s
H    0     0                    1069.0000000  572.49026  46.4%     -    0s
H    0     0                    1058.0000000  572.49026  45.9%     -    0s
     0     0  589.27391    0  370 1058.00000  589.27391  44.3%     -    0s
H    0     0                    1037.0000000  589.27391  43.2%     -    0s
     0     0  591.77538    0  415 1037.00000  591.77538  42.9%     -    0s
H    0     0                    1029.0000000  591.77538  42.5%     -    0s
     0     0  592.71141    0  433 1029.00000  592.71141  42.4%     -    0s
H    0     0                    1022.0000000  592.71141  42.0%     -    0s
     0     0  593.25354    0  430 1022.00000  593.25354  42.0%     -    0s
     0     0  593.31288    0  440 1022.00000  593.31288  41.9%     -    0s
     0     0  593.34972    0  444 1022.00000  593.34972  41.9%     -    0s
H    0     0                    1008.0000000  593.34972  41.1%     -    0s
H    0     0                     998.0000000  593.34972  40.5%     -    0s
     0     0  596.27613    0  519  998.00000  596.27613  40.3%     -    0s
     0     0  597.30373    0  543  998.00000  597.30373  40.1%     -    0s
     0     0  597.78631    0  559  998.00000  597.78631  40.1%     -    0s
     0     0  597.92110    0  563  998.00000  597.92110  40.1%     -    0s
     0     0  597.95441    0  563  998.00000  597.95441  40.1%     -    0s
     0     0  598.05911    0  575  998.00000  598.05911  40.1%     -    0s
     0     0  598.09960    0  576  998.00000  598.09960  40.1%     -    0s
     0     0  598.12551    0  576  998.00000  598.12551  40.1%     -    0s
     0     0  598.12551    0  572  998.00000  598.12551  40.1%     -    0s
     0     2  598.12551    0  569  998.00000  598.12551  40.1%     -    0s
H  215   220                     997.0000000  639.70603  35.8%   331    2s
H  269   266                     990.0000000  652.80565  34.1%   282    2s
H  366   307                     989.0000000  652.80565  34.0%   241    2s
H  411   339                     982.0000000  652.80565  33.5%   239    2s
H  444   368                     980.0000000  652.80565  33.4%   243    3s
H  606   492                     977.0000000  652.80565  33.2%   216    3s
  1031   771  752.12647   10  502  977.00000  673.86274  31.0%   206    5s
H 1431   983                     976.0000000  680.77245  30.2%   211    8s
H 1438   937                     975.0000000  680.77245  30.2%   211    8s
H 1499   928                     968.0000000  680.77245  29.7%   210    8s
H 1550   923                     964.0000000  680.77245  29.4%   209    9s
  1569   927  778.40424   26  490  964.00000  680.77245  29.4%   209   10s
H 1575   887                     953.0000000  680.77245  28.6%   209   10s
H 3313  1566                     952.0000000  686.93577  27.8%   173   14s
  3775  1916  926.05803   48  343  952.00000  697.47320  26.7%   167   15s
  7158  3857  855.95951   30  399  952.00000  756.77499  20.5%   143   20s
 11510  6404  950.25608   32  417  952.00000  773.75432  18.7%   130   25s
 15284  9047  885.21500   26  407  952.00000  780.99358  18.0%   132   30s
H16447  9627                     951.0000000  782.69047  17.7%   133   32s
H16457  9575                     950.0000000  782.69047  17.6%   133   32s
 16721  9584  905.98095   33  397  950.00000  782.69047  17.6%   133   36s
H16727  8945                     939.0000000  782.69047  16.6%   133   36s
 19683 10755     cutoff   31       939.00000  790.44306  15.8%   131   40s
 24690 13203  896.49132   31  428  939.00000  798.24761  15.0%   127   45s
 28765 15379  861.17521   27  428  939.00000  804.60986  14.3%   125   50s
 33499 17830  858.94396   24  441  939.00000  809.29329  13.8%   123   55s

Cutting planes:
  Gomory: 9
  Zero half: 7

Explored 36020 nodes (4398673 simplex iterations) in 60.15 seconds
Thread count was 12 (of 12 available processors)

Solution count 10: 939 950 951 ... 977

Time limit reached
Best objective 9.390000000000e+02, best bound 8.130000000000e+02, gap 13.4185%
