
Gurobi 9.1.1 (win64) logging started Sun Mar 13 19:26:07 2022

Changed value of parameter LogFile to ./Log/Pattern_Appro_solver_600_order_30_batch.log
   Prev:   Default: 
Gurobi Optimizer version 9.1.1 build v9.1.1rc0 (win64)
Thread count: 6 physical cores, 12 logical processors, using up to 12 threads
Optimize a model with 1844 rows, 12660 columns and 59100 nonzeros
Model fingerprint: 0xc3003a78
Variable types: 0 continuous, 12660 integer (11070 binary)
Coefficient statistics:
  Matrix range     [1e+00, 2e+01]
  Objective range  [1e+00, 4e+01]
  Bounds range     [1e+00, 2e+01]
  RHS range        [1e+00, 2e+01]
Found heuristic solution: objective 9277.0000000
Presolve removed 156 rows and 746 columns
Presolve time: 0.10s
Presolved: 1688 rows, 11914 columns, 53385 nonzeros
Variable types: 0 continuous, 11914 integer (10363 binary)

Root relaxation: objective 1.512938e+03, 14204 iterations, 1.12 seconds

    Nodes    |    Current Node    |     Objective Bounds      |     Work
 Expl Unexpl |  Obj  Depth IntInf | Incumbent    BestBd   Gap | It/Node Time

     0     0 1512.93750    0  476 9277.00000 1512.93750  83.7%     -    1s
H    0     0                    6474.0000000 1512.93750  76.6%     -    1s
H    0     0                    6444.0000000 1512.93750  76.5%     -    1s
H    0     0                    6142.0000000 1512.93750  75.4%     -    1s
H    0     0                    5533.0000000 1512.93750  72.7%     -    1s
H    0     0                    5436.0000000 1512.93750  72.2%     -    1s
H    0     0                    5397.0000000 1512.93750  72.0%     -    1s
H    0     0                    5344.0000000 1512.93750  71.7%     -    1s
     0     0 1568.65844    0  920 5344.00000 1568.65844  70.6%     -    2s
H    0     0                    4982.0000000 1568.65844  68.5%     -    2s
     0     0 1568.82922    0  914 4982.00000 1568.82922  68.5%     -    2s
     0     0 1568.83344    0  929 4982.00000 1568.83344  68.5%     -    2s
H    0     0                    4928.0000000 1568.83344  68.2%     -    2s
H    0     0                    4862.0000000 1568.83344  67.7%     -    3s
H    0     0                    4728.0000000 1568.83344  66.8%     -    3s
H    0     0                    4632.0000000 1568.83344  66.1%     -    3s
H    0     0                    4624.0000000 1568.83344  66.1%     -    3s
     0     0 1595.89945    0 1211 4624.00000 1595.89945  65.5%     -    3s
H    0     0                    4587.0000000 1595.89945  65.2%     -    3s
     0     0 1599.09880    0 1224 4587.00000 1599.09880  65.1%     -    4s
     0     0 1599.57828    0 1230 4587.00000 1599.57828  65.1%     -    4s
     0     0 1599.70963    0 1224 4587.00000 1599.70963  65.1%     -    4s
     0     0 1599.74705    0 1226 4587.00000 1599.74705  65.1%     -    4s
H    0     0                    4579.0000000 1599.74705  65.1%     -    6s
H    0     0                    4542.0000000 1599.74705  64.8%     -    6s
     0     0 1624.84984    0 1667 4542.00000 1624.84984  64.2%     -    6s
H    0     0                    4505.0000000 1624.84984  63.9%     -    6s
     0     0 1629.78548    0 1747 4505.00000 1629.78548  63.8%     -    7s
H    0     0                    4480.0000000 1629.78548  63.6%     -    8s
     0     0 1631.60340    0 1761 4480.00000 1631.60340  63.6%     -    8s
H    0     0                    4467.0000000 1631.60340  63.5%     -    9s
     0     0 1631.97976    0 1704 4467.00000 1631.97976  63.5%     -    9s
     0     0 1632.07363    0 1779 4467.00000 1632.07363  63.5%     -    9s
H    0     0                    4459.0000000 1632.07363  63.4%     -   13s
H    0     0                    4450.0000000 1632.07363  63.3%     -   13s
H    0     0                    4434.0000000 1632.07363  63.2%     -   13s
H    0     0                    4423.0000000 1632.07363  63.1%     -   13s
     0     0 1651.51072    0 2067 4423.00000 1651.51072  62.7%     -   13s
H    0     0                    4414.0000000 1651.51072  62.6%     -   16s
H    0     0                    4371.0000000 1651.51072  62.2%     -   16s
     0     0 1658.04114    0 2167 4371.00000 1658.04114  62.1%     -   16s
     0     0 1662.02676    0 2220 4371.00000 1662.02676  62.0%     -   19s
H    0     0                    4355.0000000 1662.02676  61.8%     -   20s
H    0     0                    4343.0000000 1662.02676  61.7%     -   20s
     0     0 1663.08658    0 2178 4343.00000 1663.08658  61.7%     -   21s
     0     0 1663.70011    0 2228 4343.00000 1663.70011  61.7%     -   22s
     0     0 1664.01127    0 2241 4343.00000 1664.01127  61.7%     -   23s
H    0     0                    4334.0000000 1664.01127  61.6%     -   23s
     0     0 1664.18668    0 2257 4334.00000 1664.18668  61.6%     -   23s
     0     0 1664.21494    0 2277 4334.00000 1664.21494  61.6%     -   24s
H    0     0                    4331.0000000 1664.21494  61.6%     -   28s
H    0     0                    4329.0000000 1664.21494  61.6%     -   28s
     0     0 1676.16468    0 2725 4329.00000 1676.16468  61.3%     -   28s
H    0     0                    4303.0000000 1676.16468  61.0%     -   28s
     0     0 1681.59823    0 2717 4303.00000 1681.59823  60.9%     -   32s
H    0     0                    4286.0000000 1681.59823  60.8%     -   36s
     0     0 1683.48436    0 2872 4286.00000 1683.48436  60.7%     -   36s
     0     0 1684.75589    0 2860 4286.00000 1684.75589  60.7%     -   39s
H    0     0                    4282.0000000 1684.75589  60.7%     -   41s
     0     0 1685.72099    0 2813 4282.00000 1685.72099  60.6%     -   41s
     0     0 1686.17783    0 2895 4282.00000 1686.17783  60.6%     -   43s
     0     0 1686.25112    0 2895 4282.00000 1686.25112  60.6%     -   45s
H    0     0                    4261.0000000 1686.25112  60.4%     -   51s
     0     0 1695.20729    0 3097 4261.00000 1695.20729  60.2%     -   51s
H    0     0                    4253.0000000 1695.20729  60.1%     -   58s
     0     0 1700.51859    0 3224 4253.00000 1700.51859  60.0%     -   58s
     0     0          -    0      4253.00000 1700.51859  60.0%     -   60s

Cutting planes:
  Gomory: 100
  Cover: 1866
  Implied bound: 227
  Clique: 1078
  MIR: 93
  StrongCG: 25
  Flow cover: 137
  GUB cover: 3
  Zero half: 77
  Relax-and-lift: 10

Explored 1 nodes (82138 simplex iterations) in 60.02 seconds
Thread count was 12 (of 12 available processors)

Solution count 10: 4253 4261 4282 ... 4355

Time limit reached
Best objective 4.253000000000e+03, best bound 1.701000000000e+03, gap 60.0047%
