
Gurobi 9.1.1 (win64) logging started Sun Mar 13 19:17:37 2022

Changed value of parameter LogFile to ./Log/Pattern_Appro_solver_600_order_40_batch.log
   Prev:   Default: 
Gurobi Optimizer version 9.1.1 build v9.1.1rc0 (win64)
Thread count: 6 physical cores, 12 logical processors, using up to 12 threads
Optimize a model with 2349 rows, 17480 columns and 82000 nonzeros
Model fingerprint: 0x5c85d542
Variable types: 0 continuous, 17480 integer (15200 binary)
Coefficient statistics:
  Matrix range     [1e+00, 2e+01]
  Objective range  [1e+00, 4e+01]
  Bounds range     [1e+00, 2e+01]
  RHS range        [1e+00, 2e+01]
Found heuristic solution: objective 11223.000000
Presolve removed 218 rows and 1056 columns
Presolve time: 0.11s
Presolved: 2131 rows, 16424 columns, 72373 nonzeros
Variable types: 0 continuous, 16424 integer (14241 binary)

Root relaxation: objective 2.172445e+03, 18269 iterations, 1.37 seconds

    Nodes    |    Current Node    |     Objective Bounds      |     Work
 Expl Unexpl |  Obj  Depth IntInf | Incumbent    BestBd   Gap | It/Node Time

     0     0 2172.44515    0  455 11223.0000 2172.44515  80.6%     -    1s
H    0     0                    6661.0000000 2172.44515  67.4%     -    1s
H    0     0                    6440.0000000 2172.44515  66.3%     -    2s
H    0     0                    6402.0000000 2172.44515  66.1%     -    2s
H    0     0                    6330.0000000 2182.21548  65.5%     -    2s
H    0     0                    6093.0000000 2182.28691  64.2%     -    2s
     0     0 2243.60218    0  837 6093.00000 2243.60218  63.2%     -    2s
H    0     0                    5962.0000000 2243.60218  62.4%     -    2s
     0     0 2246.72062    0  841 5962.00000 2246.72062  62.3%     -    3s
     0     0 2246.72062    0  887 5962.00000 2246.72062  62.3%     -    3s
     0     0 2246.72062    0  875 5962.00000 2246.72062  62.3%     -    3s
H    0     0                    5734.0000000 2246.72062  60.8%     -    4s
     0     0 2300.72200    0 1155 5734.00000 2300.72200  59.9%     -    4s
H    0     0                    5691.0000000 2300.72200  59.6%     -    4s
     0     0 2311.57162    0 1235 5691.00000 2311.57162  59.4%     -    5s
     0     0 2314.17875    0 1278 5691.00000 2314.17875  59.3%     -    5s
     0     0 2314.92594    0 1268 5691.00000 2314.92594  59.3%     -    5s
     0     0 2315.02575    0 1283 5691.00000 2315.02575  59.3%     -    6s
     0     0 2315.25258    0 1334 5691.00000 2315.25258  59.3%     -    6s
     0     0 2315.27037    0 1338 5691.00000 2315.27037  59.3%     -    6s
H    0     0                    5499.0000000 2315.27037  57.9%     -    8s
H    0     0                    5485.0000000 2315.27037  57.8%     -    8s
H    0     0                    5469.0000000 2315.27037  57.7%     -    8s
     0     0 2345.73446    0 1751 5469.00000 2345.73446  57.1%     -    8s
H    0     0                    5410.0000000 2345.73446  56.6%     -    9s
H    0     0                    5379.0000000 2345.73446  56.4%     -   10s
H    0     0                    5291.0000000 2345.73446  55.7%     -   10s
     0     0 2351.11804    0 1795 5291.00000 2351.11804  55.6%     -   10s
H    0     0                    5270.0000000 2351.11804  55.4%     -   11s
     0     0 2353.38143    0 1865 5270.00000 2353.38143  55.3%     -   11s
H    0     0                    5252.0000000 2353.38143  55.2%     -   11s
     0     0 2353.88114    0 1804 5252.00000 2353.88114  55.2%     -   11s
     0     0 2353.94758    0 1791 5252.00000 2353.94758  55.2%     -   12s
H    0     0                    5240.0000000 2353.94758  55.1%     -   17s
H    0     0                    5220.0000000 2353.94758  54.9%     -   17s
H    0     0                    5152.0000000 2353.94758  54.3%     -   17s
     0     0 2376.70025    0 2088 5152.00000 2376.70025  53.9%     -   17s
H    0     0                    5125.0000000 2376.70025  53.6%     -   17s
     0     0 2381.93526    0 2142 5125.00000 2381.93526  53.5%     -   19s
H    0     0                    5103.0000000 2381.93526  53.3%     -   21s
H    0     0                    5084.0000000 2381.93526  53.1%     -   21s
     0     0 2384.45226    0 2111 5084.00000 2384.45226  53.1%     -   21s
     0     0 2385.00944    0 2182 5084.00000 2385.00944  53.1%     -   22s
     0     0 2385.26294    0 2177 5084.00000 2385.26294  53.1%     -   23s
     0     0 2385.39284    0 2247 5084.00000 2385.39284  53.1%     -   23s
H    0     0                    5065.0000000 2385.39284  52.9%     -   28s
     0     0 2405.57756    0 2692 5065.00000 2405.57756  52.5%     -   28s
H    0     0                    5046.0000000 2405.57756  52.3%     -   29s
     0     0 2416.15798    0 2787 5046.00000 2416.15798  52.1%     -   34s
     0     0 2418.80938    0 2804 5046.00000 2418.80938  52.1%     -   38s
H    0     0                    5040.0000000 2418.80938  52.0%     -   41s
     0     0 2419.76822    0 2832 5040.00000 2419.76822  52.0%     -   41s
     0     0 2420.85095    0 2875 5040.00000 2420.85095  52.0%     -   43s
     0     0 2421.07814    0 2980 5040.00000 2421.07814  52.0%     -   45s
H    0     0                    5026.0000000 2421.07814  51.8%     -   52s
H    0     0                    5005.0000000 2421.07814  51.6%     -   52s
     0     0 2433.09456    0 3262 5005.00000 2433.09456  51.4%     -   52s
H    0     0                    4998.0000000 2433.09456  51.3%     -   53s
H    0     0                    4994.0000000 2433.09456  51.3%     -   59s
     0     0 2439.15987    0 3439 4994.00000 2439.15987  51.2%     -   59s
     0     0          -    0      4994.00000 2439.15987  51.2%     -   60s

Cutting planes:
  Gomory: 111
  Cover: 2087
  Implied bound: 210
  Clique: 811
  MIR: 79
  StrongCG: 18
  Flow cover: 168
  GUB cover: 1
  Zero half: 56
  Relax-and-lift: 8

Explored 1 nodes (86520 simplex iterations) in 60.02 seconds
Thread count was 12 (of 12 available processors)

Solution count 10: 4994 4998 5005 ... 5125

Time limit reached
Best objective 4.994000000000e+03, best bound 2.440000000000e+03, gap 51.1414%
