
Gurobi 9.1.1 (win64) logging started Tue Apr 12 11:37:44 2022

Changed value of parameter LogFile to ./Log/Pattern_Appro_solver_400_order_40_batch.log
   Prev:   Default: 
Gurobi Optimizer version 9.1.1 build v9.1.1rc0 (win64)
Thread count: 6 physical cores, 12 logical processors, using up to 12 threads
Optimize a model with 2080 rows, 6720 columns and 20080 nonzeros
Model fingerprint: 0xf3dbb554
Variable types: 0 continuous, 6720 integer (4840 binary)
Coefficient statistics:
  Matrix range     [1e+00, 1e+01]
  Objective range  [1e+00, 4e+01]
  Bounds range     [1e+00, 2e+01]
  RHS range        [1e+00, 2e+01]
Found heuristic solution: objective 3491.0000000
Presolve removed 215 rows and 483 columns
Presolve time: 0.02s
Presolved: 1865 rows, 6237 columns, 18411 nonzeros
Variable types: 0 continuous, 6237 integer (4391 binary)

Root relaxation: objective 1.186200e+03, 4112 iterations, 0.05 seconds

    Nodes    |    Current Node    |     Objective Bounds      |     Work
 Expl Unexpl |  Obj  Depth IntInf | Incumbent    BestBd   Gap | It/Node Time

     0     0 1186.20000    0  125 3491.00000 1186.20000  66.0%     -    0s
H    0     0                    2247.0000000 1186.20000  47.2%     -    0s
H    0     0                    2203.0000000 1186.20000  46.2%     -    0s
H    0     0                    2191.0000000 1186.20000  45.9%     -    0s
H    0     0                    2172.0000000 1186.20000  45.4%     -    0s
     0     0 1208.56713    0  271 2172.00000 1208.56713  44.4%     -    0s
H    0     0                    1913.0000000 1208.56713  36.8%     -    0s
     0     0 1209.86267    0  279 1913.00000 1209.86267  36.8%     -    0s
     0     0 1209.86267    0  278 1913.00000 1209.86267  36.8%     -    0s
H    0     0                    1905.0000000 1209.86267  36.5%     -    0s
     0     0 1238.79633    0  341 1905.00000 1238.79633  35.0%     -    0s
     0     0 1254.61501    0  339 1905.00000 1254.61501  34.1%     -    0s
     0     0 1254.84663    0  356 1905.00000 1254.84663  34.1%     -    0s
     0     0 1254.87680    0  364 1905.00000 1254.87680  34.1%     -    0s
     0     0 1254.89044    0  360 1905.00000 1254.89044  34.1%     -    0s
H    0     0                    1895.0000000 1254.89044  33.8%     -    0s
     0     0 1261.43561    0  388 1895.00000 1261.43561  33.4%     -    0s
     0     0 1262.85025    0  423 1895.00000 1262.85025  33.4%     -    1s
     0     0 1262.90661    0  456 1895.00000 1262.90661  33.4%     -    1s
     0     0 1263.08788    0  429 1895.00000 1263.08788  33.3%     -    1s
H    0     0                    1873.0000000 1263.08788  32.6%     -    1s
     0     0 1263.20985    0  452 1873.00000 1263.20985  32.6%     -    1s
     0     0 1263.21391    0  459 1873.00000 1263.21391  32.6%     -    1s
H    0     0                    1804.0000000 1263.21391  30.0%     -    1s
     0     0 1271.24546    0  507 1804.00000 1271.24546  29.5%     -    1s
     0     0 1274.20828    0  480 1804.00000 1274.20828  29.4%     -    1s
     0     0 1274.87851    0  508 1804.00000 1274.87851  29.3%     -    1s
     0     0 1274.91356    0  503 1804.00000 1274.91356  29.3%     -    1s
     0     0 1279.25686    0  468 1804.00000 1279.25686  29.1%     -    1s
     0     0 1280.95866    0  475 1804.00000 1280.95866  29.0%     -    2s
     0     0 1281.06134    0  482 1804.00000 1281.06134  29.0%     -    2s
     0     0 1281.33217    0  502 1804.00000 1281.33217  29.0%     -    2s
     0     0 1281.33982    0  506 1804.00000 1281.33982  29.0%     -    2s
H    0     0                    1798.0000000 1281.33982  28.7%     -    2s
     0     0 1283.47870    0  619 1798.00000 1283.47870  28.6%     -    2s
     0     0 1284.56014    0  582 1798.00000 1284.56014  28.6%     -    2s
     0     0 1284.78407    0  578 1798.00000 1284.78407  28.5%     -    2s
     0     0 1284.86053    0  600 1798.00000 1284.86053  28.5%     -    2s
     0     0 1287.16469    0  628 1798.00000 1287.16469  28.4%     -    3s
H    0     0                    1794.0000000 1287.16469  28.3%     -    3s
     0     0 1287.69167    0  654 1794.00000 1287.69167  28.2%     -    3s
     0     0 1288.02039    0  653 1794.00000 1288.02039  28.2%     -    3s
H    0     0                    1779.0000000 1288.02039  27.6%     -    3s
     0     0 1288.24822    0  649 1779.00000 1288.24822  27.6%     -    3s
     0     0 1288.38017    0  670 1779.00000 1288.38017  27.6%     -    3s
     0     0 1288.40846    0  663 1779.00000 1288.40846  27.6%     -    3s
H    0     0                    1772.0000000 1288.40846  27.3%     -    4s
     0     0 1290.75063    0  698 1772.00000 1290.75063  27.2%     -    4s
     0     0 1292.15447    0  727 1772.00000 1292.15447  27.1%     -    4s
     0     0 1292.78159    0  700 1772.00000 1292.78159  27.0%     -    4s
     0     0 1292.88080    0  701 1772.00000 1292.88080  27.0%     -    4s
     0     0 1294.98493    0  700 1772.00000 1294.98493  26.9%     -    4s
H    0     0                    1735.0000000 1294.98493  25.4%     -    6s
     0     0 1295.27764    0  764 1735.00000 1295.27764  25.3%     -    6s
     0     0 1295.34918    0  753 1735.00000 1295.34918  25.3%     -    6s
     0     0 1296.36120    0  787 1735.00000 1296.36120  25.3%     -    6s
     0     0 1296.36120    0  774 1735.00000 1296.36120  25.3%     -    7s
     0     2 1296.36120    0  769 1735.00000 1296.36120  25.3%     -    7s
    13    20 1297.92633    4  855 1735.00000 1297.47039  25.2%  2286   10s
H   31    39                    1714.0000000 1297.47039  24.3%  2463   13s
    48    59 1306.73472    9  672 1714.00000 1297.47039  24.3%  2172   15s
H   69    77                    1707.0000000 1297.47039  24.0%  1665   16s
H   72    77                    1702.0000000 1297.47039  23.8%  1612   16s
H  110   113                    1697.0000000 1297.47039  23.5%  1402   18s
H  119   131                    1696.0000000 1297.47039  23.5%  1320   19s
   130   149 1299.72503   18  693 1696.00000 1297.47039  23.5%  1270   20s
   321   351 1313.80172   43  610 1696.00000 1297.47039  23.5%   877   25s
H  414   418                    1692.0000000 1297.47039  23.3%   763   26s
H  549   564                    1688.0000000 1297.47039  23.1%   650   29s
H  629   634                    1679.0000000 1297.47039  22.7%   593   33s
   837   966 1342.81233   94  329 1679.00000 1297.47039  22.7%   477   35s
H  979  1032                    1668.0000000 1297.47039  22.2%   425   38s
  1427  1661 1349.59983  176  246 1668.00000 1297.47039  22.2%   316   40s
  3829  4188 1603.14695  522  179 1668.00000 1298.00558  22.2%   150   47s
H 3865  4185                    1661.0000000 1298.00558  21.9%   150   47s
H 4219  4370                    1654.0000000 1298.00558  21.5%   141   50s
  4458  4380 1336.69135    7  745 1654.00000 1298.00558  21.5%   143   56s

Cutting planes:
  Gomory: 64
  Cover: 1500
  Implied bound: 360
  Clique: 103
  MIR: 119
  StrongCG: 15
  Flow cover: 182
  GUB cover: 24
  Zero half: 60
  Network: 4
  Relax-and-lift: 18

Explored 4473 nodes (692326 simplex iterations) in 60.01 seconds
Thread count was 12 (of 12 available processors)

Solution count 10: 1654 1661 1668 ... 1707

Time limit reached
Best objective 1.654000000000e+03, best bound 1.299000000000e+03, gap 21.4631%

Gurobi 9.1.1 (win64) logging started Tue Apr 12 15:07:53 2022

Changed value of parameter LogFile to ./Log/Pattern_Appro_solver_400_order_40_batch.log
   Prev:   Default: 
Gurobi Optimizer version 9.1.1 build v9.1.1rc0 (win64)
Thread count: 6 physical cores, 12 logical processors, using up to 12 threads
Optimize a model with 2081 rows, 6760 columns and 20200 nonzeros
Model fingerprint: 0xe91120ec
Variable types: 0 continuous, 6760 integer (4800 binary)
Coefficient statistics:
  Matrix range     [1e+00, 1e+01]
  Objective range  [1e+00, 4e+01]
  Bounds range     [1e+00, 2e+01]
  RHS range        [1e+00, 2e+01]
Found heuristic solution: objective 3388.0000000
Presolve removed 183 rows and 641 columns
Presolve time: 0.02s
Presolved: 1898 rows, 6119 columns, 17904 nonzeros
Variable types: 0 continuous, 6119 integer (4266 binary)

Root relaxation: objective 1.090083e+03, 4922 iterations, 0.07 seconds

    Nodes    |    Current Node    |     Objective Bounds      |     Work
 Expl Unexpl |  Obj  Depth IntInf | Incumbent    BestBd   Gap | It/Node Time

     0     0 1090.08333    0  114 3388.00000 1090.08333  67.8%     -    0s
H    0     0                    2095.0000000 1090.08333  48.0%     -    0s
H    0     0                    2084.0000000 1090.08333  47.7%     -    0s
H    0     0                    2044.0000000 1090.08333  46.7%     -    0s
     0     0 1132.80879    0  263 2044.00000 1132.80879  44.6%     -    0s
H    0     0                    1796.0000000 1132.80879  36.9%     -    0s
     0     0 1133.29076    0  268 1796.00000 1133.29076  36.9%     -    0s
     0     0 1163.87085    0  356 1796.00000 1163.87085  35.2%     -    0s
     0     0 1169.72109    0  365 1796.00000 1169.72109  34.9%     -    0s
     0     0 1169.95646    0  360 1796.00000 1169.95646  34.9%     -    0s
     0     0 1169.95858    0  366 1796.00000 1169.95858  34.9%     -    0s
     0     0 1182.73901    0  415 1796.00000 1182.73901  34.1%     -    0s
     0     0 1186.74350    0  462 1796.00000 1186.74350  33.9%     -    1s
     0     0 1187.17619    0  470 1796.00000 1187.17619  33.9%     -    1s
     0     0 1187.25305    0  482 1796.00000 1187.25305  33.9%     -    1s
     0     0 1187.31001    0  484 1796.00000 1187.31001  33.9%     -    1s
H    0     0                    1761.0000000 1187.31001  32.6%     -    1s
     0     0 1198.20459    0  538 1761.00000 1198.20459  32.0%     -    1s
     0     0 1198.55507    0  575 1761.00000 1198.55507  31.9%     -    1s
     0     0 1198.93522    0  555 1761.00000 1198.93522  31.9%     -    1s
     0     0 1198.96293    0  557 1761.00000 1198.96293  31.9%     -    1s
     0     0 1206.63632    0  639 1761.00000 1206.63632  31.5%     -    2s
H    0     0                    1753.0000000 1206.63632  31.2%     -    2s
     0     0 1207.82246    0  636 1753.00000 1207.82246  31.1%     -    2s
     0     0 1208.19165    0  632 1753.00000 1208.19165  31.1%     -    2s
     0     0 1208.23002    0  677 1753.00000 1208.23002  31.1%     -    2s
     0     0 1211.06877    0  647 1753.00000 1211.06877  30.9%     -    3s
     0     0 1212.37072    0  715 1753.00000 1212.37072  30.8%     -    3s
     0     0 1212.49586    0  688 1753.00000 1212.49586  30.8%     -    3s
H    0     0                    1741.0000000 1212.49586  30.4%     -    3s
     0     0 1215.55452    0  741 1741.00000 1215.55452  30.2%     -    4s
     0     0 1215.90671    0  784 1741.00000 1215.90671  30.2%     -    4s
     0     0 1216.26848    0  809 1741.00000 1216.26848  30.1%     -    4s
     0     0 1216.52140    0  811 1741.00000 1216.52140  30.1%     -    4s
     0     0 1216.55177    0  832 1741.00000 1216.55177  30.1%     -    4s
H    0     0                    1732.0000000 1216.55177  29.8%     -    5s
     0     0 1217.75459    0  814 1732.00000 1217.75459  29.7%     -    5s
H    0     0                    1726.0000000 1217.75459  29.4%     -    5s
H    0     0                    1713.0000000 1217.75459  28.9%     -    5s
     0     0 1218.16684    0  914 1713.00000 1218.16684  28.9%     -    5s
     0     0 1218.24553    0  916 1713.00000 1218.24553  28.9%     -    5s
H    0     0                    1707.0000000 1218.24553  28.6%     -    6s
     0     0 1219.60555    0  954 1707.00000 1219.60555  28.6%     -    6s
     0     0 1219.60555    0  927 1707.00000 1219.60555  28.6%     -    6s
H    0     0                    1645.0000000 1219.60707  25.9%     -    8s
     0     2 1219.60707    0  927 1645.00000 1219.60707  25.9%     -    8s
     7    14 1221.00654    3 1044 1645.00000 1220.43044  25.8%  1889   10s
    31    39 1221.42290    6 1096 1645.00000 1221.40641  25.8%  2475   15s
H   35    39                    1638.0000000 1221.40641  25.4%  2391   15s
    99   111 1223.84289   16  844 1638.00000 1221.40641  25.4%  1412   20s
H  158   174                    1630.0000000 1221.40641  25.1%  1160   23s
   196   217 1226.58600   25  655 1630.00000 1221.40641  25.1%  1075   25s
H  305   321                    1628.0000000 1221.40641  25.0%   916   28s
   372   411 1230.17384   57  547 1628.00000 1221.40641  25.0%   869   30s
   654   705 1232.49555  105  470 1628.00000 1221.40641  25.0%   689   36s
  1043  1152 1239.75045  136  430 1628.00000 1221.40641  25.0%   523   40s
  1985  2227 1270.53165  273  249 1628.00000 1221.40641  25.0%   357   45s
H 2988  3109                    1620.0000000 1221.40641  24.6%   264   48s
  3126  3427 1454.18333  514  124 1620.00000 1221.40641  24.6%   257   50s
  4271  4368 1227.03334    7 1024 1620.00000 1221.40643  24.6%   216   57s
  4558  4518 1484.75637  336  160 1620.00000 1221.40643  24.6%   218   60s

Cutting planes:
  Gomory: 45
  Cover: 1684
  Implied bound: 309
  Clique: 140
  MIR: 97
  StrongCG: 16
  Flow cover: 170
  GUB cover: 23
  Zero half: 53
  Network: 3
  Relax-and-lift: 19

Explored 4576 nodes (1025457 simplex iterations) in 60.02 seconds
Thread count was 12 (of 12 available processors)

Solution count 10: 1620 1628 1630 ... 1741

Time limit reached
Best objective 1.620000000000e+03, best bound 1.222000000000e+03, gap 24.5679%

Gurobi 9.1.1 (win64) logging started Tue Apr 12 15:09:22 2022

Changed value of parameter LogFile to ./Log/Pattern_Appro_solver_400_order_40_batch.log
   Prev:   Default: 
Gurobi Optimizer version 9.1.1 build v9.1.1rc0 (win64)
Thread count: 6 physical cores, 12 logical processors, using up to 12 threads
Optimize a model with 2081 rows, 6760 columns and 20200 nonzeros
Model fingerprint: 0x91146708
Variable types: 0 continuous, 6760 integer (4800 binary)
Coefficient statistics:
  Matrix range     [1e+00, 1e+01]
  Objective range  [1e+00, 4e+01]
  Bounds range     [1e+00, 2e+01]
  RHS range        [1e+00, 2e+01]
Found heuristic solution: objective 3486.0000000
Presolve removed 136 rows and 442 columns
Presolve time: 0.03s
Presolved: 1945 rows, 6318 columns, 18529 nonzeros
Variable types: 0 continuous, 6318 integer (4391 binary)

Root relaxation: objective 1.132861e+03, 5287 iterations, 0.07 seconds

    Nodes    |    Current Node    |     Objective Bounds      |     Work
 Expl Unexpl |  Obj  Depth IntInf | Incumbent    BestBd   Gap | It/Node Time

     0     0 1132.86111    0  125 3486.00000 1132.86111  67.5%     -    0s
H    0     0                    2133.0000000 1132.86111  46.9%     -    0s
H    0     0                    2119.0000000 1132.86111  46.5%     -    0s
H    0     0                    2115.0000000 1132.86111  46.4%     -    0s
     0     0 1155.62846    0  250 2115.00000 1155.62846  45.4%     -    0s
H    0     0                    1929.0000000 1155.62846  40.1%     -    0s
     0     0 1156.63463    0  270 1929.00000 1156.63463  40.0%     -    0s
     0     0 1156.63463    0  272 1929.00000 1156.63463  40.0%     -    0s
     0     0 1182.27218    0  326 1929.00000 1182.27218  38.7%     -    0s
     0     0 1191.17877    0  318 1929.00000 1191.17877  38.2%     -    0s
     0     0 1196.45023    0  326 1929.00000 1196.45023  38.0%     -    0s
     0     0 1196.45060    0  340 1929.00000 1196.45060  38.0%     -    0s
H    0     0                    1926.0000000 1196.45060  37.9%     -    0s
H    0     0                    1920.0000000 1196.45060  37.7%     -    0s
H    0     0                    1845.0000000 1196.45060  35.2%     -    0s
     0     0 1209.36236    0  417 1845.00000 1209.36236  34.5%     -    0s
     0     0 1212.05327    0  429 1845.00000 1212.05327  34.3%     -    0s
     0     0 1213.32324    0  425 1845.00000 1213.32324  34.2%     -    0s
     0     0 1213.54747    0  465 1845.00000 1213.54747  34.2%     -    0s
     0     0 1213.54747    0  465 1845.00000 1213.54747  34.2%     -    0s
     0     0 1220.18856    0  419 1845.00000 1220.18856  33.9%     -    1s
     0     0 1222.19173    0  479 1845.00000 1222.19173  33.8%     -    1s
     0     0 1222.76898    0  473 1845.00000 1222.76898  33.7%     -    1s
H    0     0                    1840.0000000 1222.76898  33.5%     -    1s
     0     0 1222.90455    0  471 1840.00000 1222.90455  33.5%     -    1s
     0     0 1222.90459    0  479 1840.00000 1222.90459  33.5%     -    1s
     0     0 1227.27526    0  518 1840.00000 1227.27526  33.3%     -    1s
H    0     0                    1807.0000000 1227.27526  32.1%     -    2s
     0     0 1228.57921    0  516 1807.00000 1228.57921  32.0%     -    2s
     0     0 1228.86393    0  567 1807.00000 1228.86393  32.0%     -    2s
H    0     0                    1742.0000000 1228.86393  29.5%     -    2s
     0     0 1228.91025    0  575 1742.00000 1228.91025  29.5%     -    2s
     0     0 1231.78086    0  619 1742.00000 1231.78086  29.3%     -    2s
H    0     0                    1731.0000000 1231.78086  28.8%     -    2s
     0     0 1232.94673    0  641 1731.00000 1232.94673  28.8%     -    2s
     0     0 1233.28114    0  662 1731.00000 1233.28114  28.8%     -    2s
     0     0 1233.39475    0  680 1731.00000 1233.39475  28.7%     -    3s
     0     0 1235.43534    0  675 1731.00000 1235.43534  28.6%     -    3s
     0     0 1235.59684    0  723 1731.00000 1235.59684  28.6%     -    3s
     0     0 1235.81642    0  728 1731.00000 1235.81642  28.6%     -    3s
     0     0 1235.89651    0  735 1731.00000 1235.89651  28.6%     -    3s
     0     0 1237.29736    0  704 1731.00000 1237.29736  28.5%     -    4s
     0     0 1237.84140    0  759 1731.00000 1237.84140  28.5%     -    4s
H    0     0                    1730.0000000 1237.84140  28.4%     -    4s
     0     0 1237.98851    0  793 1730.00000 1237.98851  28.4%     -    4s
     0     0 1239.36582    0  912 1730.00000 1239.36582  28.4%     -    4s
H    0     0                    1717.0000000 1239.36582  27.8%     -    6s
     0     0 1239.80611    0  858 1717.00000 1239.80611  27.8%     -    6s
     0     0 1240.00836    0  871 1717.00000 1240.00836  27.8%     -    6s
     0     0 1240.08300    0  916 1717.00000 1240.08300  27.8%     -    7s
     0     0 1241.23722    0  997 1717.00000 1241.23722  27.7%     -    7s
     0     0 1241.23722    0  996 1717.00000 1241.23722  27.7%     -    7s
     0     2 1241.23722    0  988 1717.00000 1241.23722  27.7%     -    9s
     7    14 1242.83110    3 1080 1717.00000 1241.89414  27.7%   957   10s
H   31    39                    1713.0000000 1242.83139  27.4%  2404   16s
H   32    39                    1709.0000000 1242.83139  27.3%  2342   16s
H   35    39                    1698.0000000 1242.83139  26.8%  2250   16s
    55    67 1244.61192   11 1217 1698.00000 1242.83139  26.8%  2025   20s
H   67    76                    1694.0000000 1242.83139  26.6%  1818   21s
H   69    76                    1691.0000000 1242.83139  26.5%  1792   21s
H  105   115                    1670.0000000 1242.83139  25.6%  1504   25s
   160   170 1258.85849   22 1069 1670.00000 1242.83139  25.6%  1379   30s
H  185   188                    1667.0000000 1242.83139  25.4%  1423   32s
H  192   196                    1660.0000000 1242.83139  25.1%  1443   34s
   195   210 1253.75869   27  897 1660.00000 1242.83139  25.1%  1455   35s
   273   312 1255.87934   44  815 1660.00000 1242.83139  25.1%  1347   41s
H  300   312                    1653.0000000 1242.83139  24.8%  1245   41s
   403   438 1267.15560   63  803 1653.00000 1242.83139  24.8%  1046   45s
   504   520 1289.28617   82  698 1653.00000 1242.83139  24.8%   959   51s
   570   613 1307.06233   94  610 1653.00000 1242.83139  24.8%   936   55s
   687   730 1309.44590  102  584 1653.00000 1242.83139  24.8%   883   60s

Cutting planes:
  Gomory: 75
  Cover: 1314
  Implied bound: 340
  Clique: 89
  MIR: 113
  StrongCG: 10
  Flow cover: 183
  GUB cover: 9
  Zero half: 66
  Network: 3
  Relax-and-lift: 35

Explored 729 nodes (659120 simplex iterations) in 60.01 seconds
Thread count was 12 (of 12 available processors)

Solution count 10: 1653 1660 1667 ... 1717

Time limit reached
Best objective 1.653000000000e+03, best bound 1.243000000000e+03, gap 24.8034%

Gurobi 9.1.1 (win64) logging started Sat Apr 16 20:41:07 2022

Changed value of parameter LogFile to ./Log/Pattern_Appro_solver_400_order_40_batch.log
   Prev:   Default: 
Gurobi Optimizer version 9.1.1 build v9.1.1rc0 (win64)
Thread count: 6 physical cores, 12 logical processors, using up to 12 threads
Optimize a model with 2200 rows, 11520 columns and 45360 nonzeros
Model fingerprint: 0x45ae7c8e
Variable types: 0 continuous, 11520 integer (9640 binary)
Coefficient statistics:
  Matrix range     [1e+00, 1e+01]
  Objective range  [1e+00, 4e+01]
  Bounds range     [1e+00, 2e+01]
  RHS range        [1e+00, 2e+01]
Found heuristic solution: objective 6974.0000000
Presolve removed 187 rows and 1063 columns
Presolve time: 0.05s
Presolved: 2013 rows, 10457 columns, 39559 nonzeros
Variable types: 0 continuous, 10457 integer (8711 binary)

Root relaxation: objective 1.647205e+03, 10305 iterations, 0.24 seconds

    Nodes    |    Current Node    |     Objective Bounds      |     Work
 Expl Unexpl |  Obj  Depth IntInf | Incumbent    BestBd   Gap | It/Node Time

     0     0 1647.20476    0  277 6974.00000 1647.20476  76.4%     -    0s
H    0     0                    4629.0000000 1647.20476  64.4%     -    0s
H    0     0                    4605.0000000 1647.20476  64.2%     -    0s
H    0     0                    4584.0000000 1647.20476  64.1%     -    0s
H    0     0                    4544.0000000 1647.20476  63.7%     -    0s
H    0     0                    4493.0000000 1647.20476  63.3%     -    0s
H    0     0                    4286.0000000 1648.09365  61.5%     -    0s
     0     0 1698.39220    0  487 4286.00000 1698.39220  60.4%     -    0s
H    0     0                    3994.0000000 1698.39220  57.5%     -    0s
     0     0 1699.31743    0  503 3994.00000 1699.31743  57.5%     -    0s
     0     0 1699.32463    0  498 3994.00000 1699.32463  57.5%     -    0s
     0     0 1749.73354    0  692 3994.00000 1749.73354  56.2%     -    1s
H    0     0                    3958.0000000 1749.73354  55.8%     -    1s
H    0     0                    3956.0000000 1749.73354  55.8%     -    1s
H    0     0                    3759.0000000 1749.73354  53.5%     -    1s
H    0     0                    3727.0000000 1749.73354  53.1%     -    1s
H    0     0                    3711.0000000 1749.73354  52.9%     -    1s
     0     0 1754.64435    0  689 3711.00000 1754.64435  52.7%     -    1s
H    0     0                    3710.0000000 1754.64435  52.7%     -    1s
     0     0 1756.12664    0  700 3710.00000 1756.12664  52.7%     -    1s
     0     0 1756.80639    0  690 3710.00000 1756.80639  52.6%     -    1s
     0     0 1756.82420    0  702 3710.00000 1756.82420  52.6%     -    1s
H    0     0                    3703.0000000 1756.82420  52.6%     -    2s
H    0     0                    3584.0000000 1756.82420  51.0%     -    2s
     0     0 1782.80250    0  914 3584.00000 1782.80250  50.3%     -    2s
     0     0 1788.66008    0  902 3584.00000 1788.66008  50.1%     -    2s
     0     0 1789.59261    0  949 3584.00000 1789.59261  50.1%     -    3s
     0     0 1789.96320    0  984 3584.00000 1789.96320  50.1%     -    3s
     0     0 1790.15455    0  956 3584.00000 1790.15455  50.1%     -    3s
     0     0 1790.20587    0  963 3584.00000 1790.20587  50.1%     -    3s
H    0     0                    3571.0000000 1790.20587  49.9%     -    3s
     0     0 1807.81004    0 1076 3571.00000 1807.81004  49.4%     -    5s
H    0     0                    3564.0000000 1807.81004  49.3%     -    5s
     0     0 1812.56891    0 1249 3564.00000 1812.56891  49.1%     -    6s
     0     0 1813.81172    0 1296 3564.00000 1813.81172  49.1%     -    6s
     0     0 1814.06202    0 1186 3564.00000 1814.06202  49.1%     -    7s
     0     0 1814.17429    0 1235 3564.00000 1814.17429  49.1%     -    7s
H    0     0                    3558.0000000 1814.17429  49.0%     -    7s
     0     0 1828.68266    0 1424 3558.00000 1828.68266  48.6%     -    9s
H    0     0                    3554.0000000 1828.68266  48.5%     -   10s
H    0     0                    3546.0000000 1828.68266  48.4%     -   10s
     0     0 1831.60236    0 1527 3546.00000 1831.60236  48.3%     -   10s
H    0     0                    3536.0000000 1831.60236  48.2%     -   11s
     0     0 1832.99420    0 1619 3536.00000 1832.99420  48.2%     -   11s
     0     0 1833.55662    0 1676 3536.00000 1833.55662  48.1%     -   12s
     0     0 1833.75468    0 1660 3536.00000 1833.75468  48.1%     -   12s
     0     0 1833.83579    0 1682 3536.00000 1833.83579  48.1%     -   13s
     0     0 1845.79188    0 1902 3536.00000 1845.79188  47.8%     -   16s
     0     0 1848.53586    0 1961 3536.00000 1848.53586  47.7%     -   18s
     0     0 1849.26126    0 2034 3536.00000 1849.26126  47.7%     -   19s
     0     0 1849.57199    0 2122 3536.00000 1849.57199  47.7%     -   20s
     0     0 1849.66052    0 2116 3536.00000 1849.66052  47.7%     -   20s
H    0     0                    3529.0000000 1849.66052  47.6%     -   25s
     0     0 1859.21927    0 2349 3529.00000 1859.21927  47.3%     -   25s
H    0     0                    3513.0000000 1859.21927  47.1%     -   25s
H    0     0                    3485.0000000 1859.21927  46.7%     -   29s
H    0     0                    3468.0000000 1859.21927  46.4%     -   29s
H    0     0                    3460.0000000 1859.21927  46.3%     -   29s
     0     0 1862.11922    0 2479 3460.00000 1862.11922  46.2%     -   29s
H    0     0                    3452.0000000 1862.11922  46.1%     -   31s
     0     0 1863.11215    0 2502 3452.00000 1863.11215  46.0%     -   31s
     0     0 1863.45905    0 2561 3452.00000 1863.45905  46.0%     -   32s
     0     0 1863.68435    0 2617 3452.00000 1863.68435  46.0%     -   34s
     0     0 1868.97681    0 2942 3452.00000 1868.97681  45.9%     -   40s
H    0     0                    3445.0000000 1868.97681  45.7%     -   45s
H    0     0                    3425.0000000 1868.97681  45.4%     -   45s
     0     0 1871.64889    0 3185 3425.00000 1871.64889  45.4%     -   45s
H    0     0                    3386.0000000 1871.64889  44.7%     -   49s
H    0     0                    3384.0000000 1871.64889  44.7%     -   49s
     0     0 1872.93470    0 3134 3384.00000 1872.93470  44.7%     -   49s
H    0     0                    3383.0000000 1872.93470  44.6%     -   52s
     0     0 1873.42128    0 3162 3383.00000 1873.42128  44.6%     -   52s
     0     0 1873.60721    0 3274 3383.00000 1873.60721  44.6%     -   54s
H    0     0                    3379.0000000 1873.60721  44.6%     -   54s
     0     0          -    0      3379.00000 1873.60721  44.6%     -   60s

Cutting planes:
  Gomory: 61
  Cover: 2601
  Implied bound: 216
  Clique: 739
  MIR: 76
  StrongCG: 6
  Flow cover: 200
  GUB cover: 3
  Zero half: 70
  Relax-and-lift: 11

Explored 1 nodes (103007 simplex iterations) in 60.02 seconds
Thread count was 12 (of 12 available processors)

Solution count 10: 3379 3383 3384 ... 3485

Time limit reached
Best objective 3.379000000000e+03, best bound 1.874000000000e+03, gap 44.5398%

Gurobi 9.1.1 (win64) logging started Sat Apr 16 22:54:52 2022

Changed value of parameter LogFile to ./Log/Pattern_Appro_solver_400_order_40_batch.log
   Prev:   Default: 
Gurobi Optimizer version 9.1.1 build v9.1.1rc0 (win64)
Thread count: 6 physical cores, 12 logical processors, using up to 12 threads
Optimize a model with 2183 rows, 10840 columns and 43400 nonzeros
Model fingerprint: 0xd5c0134a
Variable types: 0 continuous, 10840 integer (8880 binary)
Coefficient statistics:
  Matrix range     [1e+00, 1e+01]
  Objective range  [1e+00, 4e+01]
  Bounds range     [1e+00, 2e+01]
  RHS range        [1e+00, 2e+01]
Found heuristic solution: objective 6703.0000000
Presolve removed 228 rows and 1065 columns
Presolve time: 0.05s
Presolved: 1955 rows, 9775 columns, 37539 nonzeros
Variable types: 0 continuous, 9775 integer (7951 binary)

Root relaxation: objective 1.613167e+03, 10135 iterations, 0.24 seconds

    Nodes    |    Current Node    |     Objective Bounds      |     Work
 Expl Unexpl |  Obj  Depth IntInf | Incumbent    BestBd   Gap | It/Node Time

     0     0 1613.16667    0  280 6703.00000 1613.16667  75.9%     -    0s
H    0     0                    4355.0000000 1613.16667  63.0%     -    0s
H    0     0                    4332.0000000 1613.16667  62.8%     -    0s
H    0     0                    4278.0000000 1613.16667  62.3%     -    0s
H    0     0                    4191.0000000 1616.83333  61.4%     -    0s
H    0     0                    3976.0000000 1616.83333  59.3%     -    0s
     0     0 1666.42840    0  483 3976.00000 1666.42840  58.1%     -    0s
H    0     0                    3711.0000000 1666.42840  55.1%     -    0s
     0     0 1668.48036    0  488 3711.00000 1668.48036  55.0%     -    0s
     0     0 1668.48169    0  487 3711.00000 1668.48169  55.0%     -    0s
     0     0 1693.80333    0  601 3711.00000 1693.80333  54.4%     -    1s
H    0     0                    3695.0000000 1693.80333  54.2%     -    1s
     0     0 1699.28381    0  640 3695.00000 1699.28381  54.0%     -    1s
     0     0 1700.43799    0  617 3695.00000 1700.43799  54.0%     -    1s
     0     0 1700.56647    0  645 3695.00000 1700.56647  54.0%     -    1s
H    0     0                    3649.0000000 1700.56647  53.4%     -    1s
     0     0 1703.41581    0  631 3649.00000 1703.41581  53.3%     -    1s
     0     0 1703.43683    0  626 3649.00000 1703.43683  53.3%     -    1s
H    0     0                    3614.0000000 1703.43683  52.9%     -    1s
     0     0 1738.23870    0  784 3614.00000 1738.23870  51.9%     -    1s
H    0     0                    3524.0000000 1738.23870  50.7%     -    1s
     0     0 1745.58858    0  865 3524.00000 1745.58858  50.5%     -    2s
H    0     0                    3502.0000000 1745.58858  50.2%     -    2s
     0     0 1750.45508    0  921 3502.00000 1750.45508  50.0%     -    2s
H    0     0                    3493.0000000 1750.45508  49.9%     -    2s
     0     0 1752.84401    0  949 3493.00000 1752.84401  49.8%     -    2s
     0     0 1752.86688    0  944 3493.00000 1752.86688  49.8%     -    2s
H    0     0                    3478.0000000 1752.86688  49.6%     -    3s
     0     0 1773.96828    0 1079 3478.00000 1773.96828  49.0%     -    3s
     0     0 1777.22057    0  973 3478.00000 1777.22057  48.9%     -    4s
     0     0 1778.14354    0 1063 3478.00000 1778.14354  48.9%     -    4s
H    0     0                    3415.0000000 1778.14354  47.9%     -    4s
     0     0 1778.51015    0 1079 3415.00000 1778.51015  47.9%     -    4s
     0     0 1778.54555    0  979 3415.00000 1778.54555  47.9%     -    5s
     0     0 1792.18846    0 1291 3415.00000 1792.18846  47.5%     -    6s
H    0     0                    3378.0000000 1792.18846  46.9%     -    6s
     0     0 1796.44809    0 1285 3378.00000 1796.44809  46.8%     -    7s
     0     0 1797.28821    0 1302 3378.00000 1797.28821  46.8%     -    7s
     0     0 1797.38351    0 1316 3378.00000 1797.38351  46.8%     -    7s
H    0     0                    3366.0000000 1797.38351  46.6%     -   10s
H    0     0                    3365.0000000 1797.38351  46.6%     -   10s
H    0     0                    3349.0000000 1797.38351  46.3%     -   10s
H    0     0                    3346.0000000 1797.38351  46.3%     -   10s
     0     0 1808.29433    0 1730 3346.00000 1808.29433  46.0%     -   10s
H    0     0                    3320.0000000 1808.29433  45.5%     -   11s
     0     0 1813.50255    0 1741 3320.00000 1813.50255  45.4%     -   11s
     0     0 1815.24939    0 1814 3320.00000 1815.24939  45.3%     -   13s
H    0     0                    3306.0000000 1815.24939  45.1%     -   14s
     0     0 1815.62699    0 1799 3306.00000 1815.62699  45.1%     -   14s
     0     0 1815.73750    0 1777 3306.00000 1815.73750  45.1%     -   14s
H    0     0                    3305.0000000 1815.73750  45.1%     -   18s
H    0     0                    3284.0000000 1815.73750  44.7%     -   18s
H    0     0                    3270.0000000 1815.73750  44.5%     -   18s
     0     0 1826.03586    0 2121 3270.00000 1826.03586  44.2%     -   18s
H    0     0                    3268.0000000 1826.03586  44.1%     -   19s
H    0     0                    3247.0000000 1826.03586  43.8%     -   21s
     0     0 1828.80885    0 2186 3247.00000 1828.80885  43.7%     -   21s
     0     0 1829.82530    0 2297 3247.00000 1829.82530  43.6%     -   23s
     0     0 1830.24237    0 2325 3247.00000 1830.24237  43.6%     -   25s
     0     0 1830.41111    0 2283 3247.00000 1830.41111  43.6%     -   26s
H    0     0                    3246.0000000 1830.41111  43.6%     -   30s
H    0     0                    3245.0000000 1830.41111  43.6%     -   30s
     0     0 1835.37827    0 2803 3245.00000 1835.37827  43.4%     -   30s
H    0     0                    3238.0000000 1835.37827  43.3%     -   34s
     0     0 1838.14751    0 2964 3238.00000 1838.14751  43.2%     -   34s
     0     0 1839.12525    0 3079 3238.00000 1839.12525  43.2%     -   37s
     0     0 1839.91180    0 3132 3238.00000 1839.91180  43.2%     -   40s
     0     0 1840.34914    0 3213 3238.00000 1840.34914  43.2%     -   42s
     0     0 1840.69698    0 3238 3238.00000 1840.69698  43.2%     -   44s
     0     0 1844.28653    0 3164 3238.00000 1844.28653  43.0%     -   51s
H    0     0                    3218.0000000 1844.28653  42.7%     -   54s
     0     0 1846.31159    0 3488 3218.00000 1846.31159  42.6%     -   60s

Cutting planes:
  Gomory: 90
  Cover: 2427
  Implied bound: 265
  Clique: 559
  MIR: 60
  StrongCG: 5
  Flow cover: 159
  GUB cover: 1
  Zero half: 80
  Mod-K: 4
  Relax-and-lift: 30

Explored 1 nodes (99328 simplex iterations) in 60.02 seconds
Thread count was 12 (of 12 available processors)

Solution count 10: 3218 3238 3245 ... 3306

Time limit reached
Best objective 3.218000000000e+03, best bound 1.847000000000e+03, gap 42.6041%

Gurobi 9.1.1 (win64) logging started Sat Apr 16 22:56:08 2022

Changed value of parameter LogFile to ./Log/Pattern_Appro_solver_400_order_40_batch.log
   Prev:   Default: 
Gurobi Optimizer version 9.1.1 build v9.1.1rc0 (win64)
Thread count: 6 physical cores, 12 logical processors, using up to 12 threads
Optimize a model with 2183 rows, 10840 columns and 43400 nonzeros
Model fingerprint: 0xfd436951
Variable types: 0 continuous, 10840 integer (8880 binary)
Coefficient statistics:
  Matrix range     [1e+00, 1e+01]
  Objective range  [1e+00, 4e+01]
  Bounds range     [1e+00, 2e+01]
  RHS range        [1e+00, 2e+01]
Found heuristic solution: objective 6694.0000000
Presolve removed 184 rows and 1022 columns
Presolve time: 0.04s
Presolved: 1999 rows, 9818 columns, 37843 nonzeros
Variable types: 0 continuous, 9818 integer (7955 binary)

Root relaxation: objective 1.538020e+03, 10741 iterations, 0.26 seconds

    Nodes    |    Current Node    |     Objective Bounds      |     Work
 Expl Unexpl |  Obj  Depth IntInf | Incumbent    BestBd   Gap | It/Node Time

     0     0 1538.01984    0  280 6694.00000 1538.01984  77.0%     -    0s
H    0     0                    4252.0000000 1538.01984  63.8%     -    0s
H    0     0                    4207.0000000 1538.01984  63.4%     -    0s
H    0     0                    4186.0000000 1538.01984  63.3%     -    0s
H    0     0                    4165.0000000 1538.01984  63.1%     -    0s
     0     0 1593.76344    0  492 4165.00000 1593.76344  61.7%     -    0s
H    0     0                    3716.0000000 1593.76344  57.1%     -    0s
     0     0 1595.70807    0  497 3716.00000 1595.70807  57.1%     -    0s
     0     0 1595.92134    0  501 3716.00000 1595.92134  57.1%     -    0s
     0     0 1641.35787    0  657 3716.00000 1641.35787  55.8%     -    1s
H    0     0                    3704.0000000 1641.35787  55.7%     -    1s
     0     0 1652.91213    0  704 3704.00000 1652.91213  55.4%     -    1s
     0     0 1657.18404    0  662 3704.00000 1657.18404  55.3%     -    1s
     0     0 1657.46109    0  685 3704.00000 1657.46109  55.3%     -    1s
H    0     0                    3624.0000000 1657.46109  54.3%     -    1s
     0     0 1657.47077    0  674 3624.00000 1657.47077  54.3%     -    1s
H    0     0                    3612.0000000 1657.47077  54.1%     -    2s
H    0     0                    3534.0000000 1657.47077  53.1%     -    2s
     0     0 1686.56856    0  827 3534.00000 1686.56856  52.3%     -    2s
     0     0 1690.54283    0  834 3534.00000 1690.54283  52.2%     -    2s
     0     0 1691.29337    0  920 3534.00000 1691.29337  52.1%     -    2s
     0     0 1691.37868    0  905 3534.00000 1691.37868  52.1%     -    2s
H    0     0                    3483.0000000 1691.37868  51.4%     -    3s
     0     0 1715.08384    0 1181 3483.00000 1715.08384  50.8%     -    3s
     0     0 1719.22623    0 1180 3483.00000 1719.22623  50.6%     -    4s
H    0     0                    3468.0000000 1719.22623  50.4%     -    4s
     0     0 1720.54150    0 1195 3468.00000 1720.54150  50.4%     -    4s
     0     0 1720.71328    0 1231 3468.00000 1720.71328  50.4%     -    4s
     0     0 1720.74314    0 1196 3468.00000 1720.74314  50.4%     -    5s
H    0     0                    3464.0000000 1720.74314  50.3%     -    6s
H    0     0                    3459.0000000 1720.74314  50.3%     -    6s
H    0     0                    3452.0000000 1720.74314  50.2%     -    6s
     0     0 1734.09629    0 1385 3452.00000 1734.09629  49.8%     -    6s
H    0     0                    3436.0000000 1734.09629  49.5%     -    7s
     0     0 1738.11583    0 1341 3436.00000 1738.11583  49.4%     -    7s
H    0     0                    3428.0000000 1738.11583  49.3%     -    8s
     0     0 1739.52208    0 1355 3428.00000 1739.52208  49.3%     -    8s
H    0     0                    3426.0000000 1739.52208  49.2%     -    8s
H    0     0                    3419.0000000 1739.52208  49.1%     -    8s
     0     0 1739.88974    0 1404 3419.00000 1739.88974  49.1%     -    8s
     0     0 1740.08673    0 1409 3419.00000 1740.08673  49.1%     -    9s
H    0     0                    3398.0000000 1740.08673  48.8%     -   12s
H    0     0                    3352.0000000 1740.08673  48.1%     -   12s
H    0     0                    3344.0000000 1740.08673  48.0%     -   12s
H    0     0                    3342.0000000 1740.08673  47.9%     -   12s
H    0     0                    3339.0000000 1740.08673  47.9%     -   12s
     0     0 1750.76395    0 1810 3339.00000 1750.76395  47.6%     -   12s
H    0     0                    3338.0000000 1750.76395  47.6%     -   13s
     0     0 1754.64354    0 1851 3338.00000 1754.64354  47.4%     -   13s
     0     0 1756.46407    0 1922 3338.00000 1756.46407  47.4%     -   15s
     0     0 1757.17421    0 1972 3338.00000 1757.17421  47.4%     -   16s
     0     0 1757.44529    0 1938 3338.00000 1757.44529  47.4%     -   17s
     0     0 1757.54726    0 2013 3338.00000 1757.54726  47.3%     -   17s
H    0     0                    3333.0000000 1757.54726  47.3%     -   22s
H    0     0                    3322.0000000 1757.54726  47.1%     -   22s
     0     0 1764.76206    0 2410 3322.00000 1764.76206  46.9%     -   22s
H    0     0                    3321.0000000 1764.76206  46.9%     -   22s
     0     0 1767.64068    0 2552 3321.00000 1767.64068  46.8%     -   25s
H    0     0                    3320.0000000 1767.64068  46.8%     -   28s
H    0     0                    3313.0000000 1767.64068  46.6%     -   28s
H    0     0                    3310.0000000 1767.64068  46.6%     -   28s
     0     0 1768.69967    0 2663 3310.00000 1768.69967  46.6%     -   28s
     0     0 1769.22254    0 2845 3310.00000 1769.22254  46.5%     -   29s
H    0     0                    3308.0000000 1769.22254  46.5%     -   31s
     0     0 1769.39941    0 2793 3308.00000 1769.39941  46.5%     -   31s
H    0     0                    3268.0000000 1769.39941  45.9%     -   36s
     0     0 1773.84673    0 2995 3268.00000 1773.84673  45.7%     -   36s
H    0     0                    3267.0000000 1773.84673  45.7%     -   40s
     0     0 1776.77836    0 3122 3267.00000 1776.77836  45.6%     -   40s
H    0     0                    3246.0000000 1776.77836  45.3%     -   44s
     0     0 1777.88840    0 3226 3246.00000 1777.88840  45.2%     -   44s
     0     0 1778.45983    0 3329 3246.00000 1778.45983  45.2%     -   47s
     0     0 1778.67743    0 3465 3246.00000 1778.67743  45.2%     -   49s
H    0     0                    3242.0000000 1778.67743  45.1%     -   56s
H    0     0                    3241.0000000 1778.67743  45.1%     -   56s
H    0     0                    3240.0000000 1778.67743  45.1%     -   56s
H    0     0                    3235.0000000 1778.67743  45.0%     -   56s
     0     0 1781.66411    0 3530 3235.00000 1781.66411  44.9%     -   56s
H    0     0                    3207.0000000 1781.66411  44.4%     -   57s
     0     0          -    0      3207.00000 1781.66411  44.4%     -   60s

Cutting planes:
  Gomory: 43
  Cover: 2529
  Implied bound: 262
  Clique: 635
  MIR: 65
  StrongCG: 2
  Flow cover: 187
  GUB cover: 2
  Zero half: 53
  Relax-and-lift: 36

Explored 1 nodes (96754 simplex iterations) in 60.02 seconds
Thread count was 12 (of 12 available processors)

Solution count 10: 3207 3235 3240 ... 3310

Time limit reached
Best objective 3.207000000000e+03, best bound 1.782000000000e+03, gap 44.4341%

Gurobi 9.1.1 (win64) logging started Mon Apr 18 02:12:32 2022

Changed value of parameter LogFile to ./Log/Pattern_Appro_solver_400_order_40_batch.log
   Prev:   Default: 
Gurobi Optimizer version 9.1.1 build v9.1.1rc0 (win64)
Thread count: 6 physical cores, 12 logical processors, using up to 12 threads
Optimize a model with 2243 rows, 13240 columns and 59520 nonzeros
Model fingerprint: 0xb22e84c6
Variable types: 0 continuous, 13240 integer (11800 binary)
Coefficient statistics:
  Matrix range     [1e+00, 1e+01]
  Objective range  [1e+00, 4e+01]
  Bounds range     [1e+00, 1e+01]
  RHS range        [1e+00, 1e+01]
Found heuristic solution: objective 8965.0000000
Presolve removed 193 rows and 1031 columns
Presolve time: 0.07s
Presolved: 2050 rows, 12209 columns, 52709 nonzeros
Variable types: 0 continuous, 12209 integer (10941 binary)

Root relaxation: objective 1.948603e+03, 17962 iterations, 1.06 seconds

    Nodes    |    Current Node    |     Objective Bounds      |     Work
 Expl Unexpl |  Obj  Depth IntInf | Incumbent    BestBd   Gap | It/Node Time

     0     0 1948.60317    0  394 8965.00000 1948.60317  78.3%     -    1s
H    0     0                    5935.0000000 1948.60317  67.2%     -    1s
H    0     0                    5864.0000000 1948.60317  66.8%     -    2s
H    0     0                    5798.0000000 1948.60317  66.4%     -    2s
H    0     0                    5699.0000000 1948.60317  65.8%     -    2s
H    0     0                    5315.0000000 1955.26984  63.2%     -    2s
H    0     0                    5195.0000000 2019.98213  61.1%     -    2s
     0     0 2069.25305    0  773 5195.00000 2069.25305  60.2%     -    2s
H    0     0                    5125.0000000 2069.25305  59.6%     -    2s
     0     0 2070.26790    0  873 5125.00000 2070.26790  59.6%     -    3s
     0     0 2074.36554    0  908 5125.00000 2074.36554  59.5%     -    3s
     0     0 2074.72133    0  880 5125.00000 2074.72133  59.5%     -    3s
     0     0 2075.19971    0  943 5125.00000 2075.19971  59.5%     -    3s
     0     0 2075.21232    0  917 5125.00000 2075.21232  59.5%     -    3s
     0     0 2106.52325    0 1095 5125.00000 2106.52325  58.9%     -    4s
H    0     0                    5109.0000000 2106.52325  58.8%     -    4s
H    0     0                    5095.0000000 2106.52325  58.7%     -    5s
H    0     0                    4997.0000000 2106.52325  57.8%     -    5s
     0     0 2113.18625    0 1171 4997.00000 2113.18625  57.7%     -    5s
     0     0 2114.70216    0 1091 4997.00000 2114.70216  57.7%     -    5s
     0     0 2116.23204    0 1136 4997.00000 2116.23204  57.6%     -    5s
H    0     0                    4954.0000000 2116.23204  57.3%     -    5s
     0     0 2116.86372    0 1138 4954.00000 2116.86372  57.3%     -    5s
     0     0 2116.86732    0 1141 4954.00000 2116.86732  57.3%     -    5s
H    0     0                    4866.0000000 2116.86732  56.5%     -    7s
     0     0 2146.12043    0 1525 4866.00000 2146.12043  55.9%     -    7s
H    0     0                    4772.0000000 2146.12043  55.0%     -    7s
     0     0 2151.14360    0 1514 4772.00000 2151.14360  54.9%     -    8s
     0     0 2153.08713    0 1548 4772.00000 2153.08713  54.9%     -    8s
     0     0 2153.63031    0 1548 4772.00000 2153.63031  54.9%     -    9s
     0     0 2153.97726    0 1574 4772.00000 2153.97726  54.9%     -    9s
     0     0 2154.32125    0 1589 4772.00000 2154.32125  54.9%     -    9s
     0     0 2154.33739    0 1572 4772.00000 2154.33739  54.9%     -   10s
     0     0 2170.86393    0 2028 4772.00000 2170.86393  54.5%     -   12s
H    0     0                    4753.0000000 2170.86393  54.3%     -   12s
H    0     0                    4723.0000000 2170.86393  54.0%     -   14s
     0     0 2177.55670    0 2128 4723.00000 2177.55670  53.9%     -   14s
H    0     0                    4722.0000000 2177.55670  53.9%     -   15s
H    0     0                    4711.0000000 2177.55670  53.8%     -   15s
     0     0 2180.34921    0 2130 4711.00000 2180.34921  53.7%     -   15s
H    0     0                    4695.0000000 2180.34921  53.6%     -   17s
H    0     0                    4667.0000000 2180.34921  53.3%     -   17s
     0     0 2181.27218    0 2155 4667.00000 2181.27218  53.3%     -   17s
H    0     0                    4656.0000000 2181.27218  53.2%     -   17s
     0     0 2181.59216    0 2102 4656.00000 2181.59216  53.1%     -   17s
     0     0 2181.70242    0 2148 4656.00000 2181.70242  53.1%     -   18s
H    0     0                    4629.0000000 2181.70242  52.9%     -   22s
H    0     0                    4623.0000000 2181.70242  52.8%     -   22s
H    0     0                    4602.0000000 2181.70242  52.6%     -   22s
     0     0 2197.61845    0 2675 4602.00000 2197.61845  52.2%     -   22s
H    0     0                    4600.0000000 2197.61845  52.2%     -   26s
     0     0 2202.88590    0 2847 4600.00000 2202.88590  52.1%     -   26s
     0     0 2204.69417    0 2814 4600.00000 2204.69417  52.1%     -   29s
H    0     0                    4579.0000000 2204.69417  51.9%     -   30s
H    0     0                    4560.0000000 2204.69417  51.7%     -   30s
     0     0 2205.40585    0 2883 4560.00000 2205.40585  51.6%     -   30s
     0     0 2205.70005    0 2942 4560.00000 2205.70005  51.6%     -   32s
H    0     0                    4534.0000000 2205.70005  51.4%     -   38s
H    0     0                    4520.0000000 2205.70005  51.2%     -   38s
H    0     0                    4518.0000000 2205.70005  51.2%     -   38s
     0     0 2214.87043    0 3171 4518.00000 2214.87043  51.0%     -   38s
H    0     0                    4516.0000000 2214.87043  51.0%     -   44s
     0     0 2219.45420    0 3504 4516.00000 2219.45420  50.9%     -   44s
H    0     0                    4497.0000000 2219.45420  50.6%     -   48s
H    0     0                    4495.0000000 2219.45420  50.6%     -   48s
     0     0 2221.59593    0 3443 4495.00000 2221.59593  50.6%     -   48s
     0     0 2223.03408    0 3508 4495.00000 2223.03408  50.5%     -   53s
H    0     0                    4492.0000000 2223.03408  50.5%     -   56s
     0     0 2223.71662    0 3621 4492.00000 2223.71662  50.5%     -   56s
H    0     0                    4478.0000000 2223.71662  50.3%     -   58s
     0     0 2223.98573    0 3676 4478.00000 2223.98573  50.3%     -   58s
     0     0          -    0      4478.00000 2223.98573  50.3%     -   60s

Cutting planes:
  Gomory: 122
  Cover: 2596
  Implied bound: 96
  Clique: 863
  MIR: 98
  StrongCG: 7
  Flow cover: 168
  Zero half: 51
  Relax-and-lift: 8

Explored 1 nodes (98002 simplex iterations) in 60.02 seconds
Thread count was 12 (of 12 available processors)

Solution count 10: 4478 4492 4495 ... 4579

Time limit reached
Best objective 4.478000000000e+03, best bound 2.224000000000e+03, gap 50.3350%
