
Gurobi 9.1.1 (win64) logging started Mon Apr 18 09:19:40 2022

Changed value of parameter LogFile to ./Log/Pattern_Appro_solver_240_order_16_batch.log
   Prev:   Default: 
Gurobi Optimizer version 9.1.1 build v9.1.1rc0 (win64)
Thread count: 6 physical cores, 12 logical processors, using up to 12 threads
Optimize a model with 988 rows, 4032 columns and 19328 nonzeros
Model fingerprint: 0xcc39d90b
Variable types: 0 continuous, 4032 integer (3712 binary)
Coefficient statistics:
  Matrix range     [1e+00, 2e+01]
  Objective range  [1e+00, 4e+01]
  Bounds range     [1e+00, 5e+00]
  RHS range        [1e+00, 2e+01]
Found heuristic solution: objective 5510.0000000
Presolve removed 95 rows and 223 columns
Presolve time: 0.02s
Presolved: 893 rows, 3809 columns, 17088 nonzeros
Variable types: 0 continuous, 3809 integer (3512 binary)

Root relaxation: objective 1.212074e+03, 4959 iterations, 0.14 seconds

    Nodes    |    Current Node    |     Objective Bounds      |     Work
 Expl Unexpl |  Obj  Depth IntInf | Incumbent    BestBd   Gap | It/Node Time

     0     0 1212.07433    0  286 5510.00000 1212.07433  78.0%     -    0s
H    0     0                    3949.0000000 1212.07433  69.3%     -    0s
H    0     0                    3912.0000000 1212.07433  69.0%     -    0s
H    0     0                    3878.0000000 1212.07433  68.7%     -    0s
H    0     0                    3818.0000000 1212.07433  68.3%     -    0s
H    0     0                    3710.0000000 1217.71169  67.2%     -    0s
H    0     0                    3599.0000000 1217.71169  66.2%     -    0s
H    0     0                    3598.0000000 1217.71169  66.2%     -    0s
H    0     0                    3534.0000000 1217.71169  65.5%     -    0s
H    0     0                    3445.0000000 1217.71169  64.7%     -    0s
     0     0 1284.53605    0  583 3445.00000 1284.53605  62.7%     -    0s
H    0     0                    3342.0000000 1284.53605  61.6%     -    0s
     0     0 1285.75526    0  595 3342.00000 1285.75526  61.5%     -    0s
     0     0 1285.77639    0  594 3342.00000 1285.77639  61.5%     -    0s
     0     0 1285.77639    0  608 3342.00000 1285.77639  61.5%     -    0s
H    0     0                    3290.0000000 1285.77639  60.9%     -    0s
H    0     0                    3262.0000000 1285.77639  60.6%     -    0s
H    0     0                    3234.0000000 1285.77639  60.2%     -    0s
H    0     0                    3205.0000000 1285.77639  59.9%     -    0s
H    0     0                    3200.0000000 1285.77639  59.8%     -    0s
     0     0 1327.46133    0  878 3200.00000 1327.46133  58.5%     -    0s
H    0     0                    3190.0000000 1327.46133  58.4%     -    0s
H    0     0                    3168.0000000 1327.46133  58.1%     -    1s
     0     0 1337.63780    0  940 3168.00000 1337.63780  57.8%     -    1s
H    0     0                    3160.0000000 1337.63780  57.7%     -    1s
     0     0 1340.92645    0  976 3160.00000 1340.92645  57.6%     -    1s
     0     0 1341.52080    0  997 3160.00000 1341.52080  57.5%     -    1s
     0     0 1341.64875    0 1018 3160.00000 1341.64875  57.5%     -    1s
     0     0 1341.67632    0 1008 3160.00000 1341.67632  57.5%     -    1s
H    0     0                    3153.0000000 1341.67632  57.4%     -    2s
H    0     0                    3145.0000000 1341.67632  57.3%     -    2s
H    0     0                    3141.0000000 1341.67632  57.3%     -    2s
     0     0 1365.84905    0 1191 3141.00000 1365.84905  56.5%     -    2s
H    0     0                    3134.0000000 1365.84905  56.4%     -    2s
H    0     0                    3122.0000000 1365.84905  56.3%     -    2s
     0     0 1373.75358    0 1277 3122.00000 1373.75358  56.0%     -    2s
H    0     0                    3111.0000000 1373.75358  55.8%     -    3s
     0     0 1375.57992    0 1299 3111.00000 1375.57992  55.8%     -    3s
     0     0 1376.17790    0 1334 3111.00000 1376.17790  55.8%     -    3s
     0     0 1376.42870    0 1316 3111.00000 1376.42870  55.8%     -    3s
     0     0 1376.48361    0 1346 3111.00000 1376.48361  55.8%     -    3s
H    0     0                    3110.0000000 1376.48361  55.7%     -    5s
H    0     0                    3044.0000000 1376.48361  54.8%     -    5s
H    0     0                    3041.0000000 1376.48361  54.7%     -    5s
     0     0 1388.80281    0 1562 3041.00000 1388.80281  54.3%     -    5s
H    0     0                    3034.0000000 1388.80281  54.2%     -    6s
     0     0 1393.18469    0 1664 3034.00000 1393.18469  54.1%     -    6s
     0     0 1394.72703    0 1702 3034.00000 1394.72703  54.0%     -    6s
H    0     0                    3026.0000000 1394.72703  53.9%     -    7s
     0     0 1395.71041    0 1737 3026.00000 1395.71041  53.9%     -    7s
     0     0 1395.99917    0 1754 3026.00000 1395.99917  53.9%     -    8s
     0     0 1396.19044    0 1793 3026.00000 1396.19044  53.9%     -    8s
H    0     0                    3025.0000000 1396.19044  53.8%     -   10s
H    0     0                    3021.0000000 1396.19044  53.8%     -   10s
     0     0 1403.97690    0 2008 3021.00000 1403.97690  53.5%     -   10s
H    0     0                    3008.0000000 1403.97690  53.3%     -   10s
     0     0 1407.71493    0 2032 3008.00000 1407.71493  53.2%     -   12s
     0     0 1409.35725    0 2142 3008.00000 1409.35725  53.1%     -   14s
H    0     0                    2997.0000000 1409.35725  53.0%     -   16s
     0     0 1410.03835    0 2187 2997.00000 1410.03835  53.0%     -   16s
H    0     0                    2990.0000000 1410.03835  52.8%     -   16s
     0     0 1410.41586    0 2180 2990.00000 1410.41586  52.8%     -   16s
     0     0 1410.55143    0 2222 2990.00000 1410.55143  52.8%     -   17s
H    0     0                    2976.0000000 1410.55143  52.6%     -   21s
     0     0 1415.07929    0 2389 2976.00000 1415.07929  52.5%     -   21s
     0     0 1416.57861    0 2481 2976.00000 1416.57861  52.4%     -   23s
     0     0 1417.42098    0 2501 2976.00000 1417.42098  52.4%     -   25s
H    0     0                    2967.0000000 1417.42098  52.2%     -   26s
H    0     0                    2955.0000000 1417.42098  52.0%     -   26s
     0     0 1417.82657    0 2539 2955.00000 1417.82657  52.0%     -   26s
     0     0 1420.49275    0 2705 2955.00000 1420.49275  51.9%     -   29s
     0     0 1420.49275    0 2703 2955.00000 1420.49275  51.9%     -   30s
H    0     0                    2951.0000000 1420.49983  51.9%     -   31s
     0     2 1420.49983    0 2703 2951.00000 1420.49983  51.9%     -   31s
     3     8 1421.21227    2 2642 2951.00000 1420.82758  51.9%  2864   37s
     7    14 1424.26424    3 2785 2951.00000 1421.22012  51.8%  5303   48s
    13    17 1429.05513    4 2836 2951.00000 1424.26435  51.7%  9152   60s

Cutting planes:
  Gomory: 96
  Cover: 2334
  Implied bound: 131
  Clique: 1056
  MIR: 123
  StrongCG: 28
  Flow cover: 78
  Zero half: 22
  Mod-K: 1
  Relax-and-lift: 20

Explored 16 nodes (208738 simplex iterations) in 60.02 seconds
Thread count was 12 (of 12 available processors)

Solution count 10: 2951 2955 2967 ... 3026

Time limit reached
Best objective 2.951000000000e+03, best bound 1.425000000000e+03, gap 51.7113%
