
Gurobi 9.1.1 (win64) logging started Sun Mar 13 20:21:57 2022

Changed value of parameter LogFile to ./Log/Pattern_Appro_solver_1200_order_80_batch.log
   Prev:   Default: 
Gurobi Optimizer version 9.1.1 build v9.1.1rc0 (win64)
Thread count: 6 physical cores, 12 logical processors, using up to 12 threads
Optimize a model with 4303 rows, 34480 columns and 137520 nonzeros
Model fingerprint: 0x1972a38e
Variable types: 0 continuous, 34480 integer (27920 binary)
Coefficient statistics:
  Matrix range     [1e+00, 2e+01]
  Objective range  [1e+00, 4e+01]
  Bounds range     [1e+00, 6e+01]
  RHS range        [1e+00, 6e+01]
Found heuristic solution: objective 11617.000000
Presolve removed 315 rows and 2345 columns
Presolve time: 0.16s
Presolved: 3988 rows, 32135 columns, 124803 nonzeros
Variable types: 0 continuous, 32135 integer (26025 binary)

Root relaxation: objective 2.370728e+03, 16500 iterations, 0.71 seconds

    Nodes    |    Current Node    |     Objective Bounds      |     Work
 Expl Unexpl |  Obj  Depth IntInf | Incumbent    BestBd   Gap | It/Node Time

     0     0 2370.72777    0  419 11617.0000 2370.72777  79.6%     -    1s
H    0     0                    6842.0000000 2370.72777  65.4%     -    1s
H    0     0                    6763.0000000 2370.72777  64.9%     -    2s
H    0     0                    6516.0000000 2370.72777  63.6%     -    4s
H    0     0                    6494.0000000 2370.72777  63.5%     -    4s
H    0     0                    5662.0000000 2374.37063  58.1%     -    4s
     0     0 2427.63906    0  691 5662.00000 2427.63906  57.1%     -    4s
H    0     0                    5547.0000000 2427.63906  56.2%     -    5s
     0     0 2473.73283    0  909 5547.00000 2473.73283  55.4%     -    6s
H    0     0                    5520.0000000 2473.73283  55.2%     -    7s
H    0     0                    5426.0000000 2473.73283  54.4%     -    7s
H    0     0                    5409.0000000 2473.73283  54.3%     -    7s
     0     0 2476.60026    0  920 5409.00000 2476.60026  54.2%     -    7s
     0     0 2478.10230    0  888 5409.00000 2478.10230  54.2%     -    7s
     0     0 2480.57803    0  930 5409.00000 2480.57803  54.1%     -    7s
     0     0 2480.58865    0  946 5409.00000 2480.58865  54.1%     -    7s
     0     0 2506.27548    0 1067 5409.00000 2506.27548  53.7%     -    9s
     0     0 2513.30122    0 1105 5409.00000 2513.30122  53.5%     -   10s
     0     0 2513.89992    0 1096 5409.00000 2513.89992  53.5%     -   11s
     0     0 2514.38474    0 1076 5409.00000 2514.38474  53.5%     -   11s
     0     0 2514.39051    0 1087 5409.00000 2514.39051  53.5%     -   11s
H    0     0                    5173.0000000 2514.39051  51.4%     -   13s
     0     0 2534.23011    0 1432 5173.00000 2534.23011  51.0%     -   13s
H    0     0                    5092.0000000 2534.23011  50.2%     -   14s
H    0     0                    5038.0000000 2534.23011  49.7%     -   16s
     0     0 2539.00181    0 1387 5038.00000 2539.00181  49.6%     -   16s
H    0     0                    4985.0000000 2539.00181  49.1%     -   17s
     0     0 2541.78969    0 1418 4985.00000 2541.78969  49.0%     -   17s
     0     0 2542.59735    0 1495 4985.00000 2542.59735  49.0%     -   17s
     0     0 2543.33026    0 1420 4985.00000 2543.33026  49.0%     -   17s
     0     0 2543.35247    0 1470 4985.00000 2543.35247  49.0%     -   18s
H    0     0                    4969.0000000 2543.35247  48.8%     -   22s
     0     0 2559.64321    0 1598 4969.00000 2559.64321  48.5%     -   22s
     0     0 2563.20152    0 1678 4969.00000 2563.20152  48.4%     -   24s
H    0     0                    4918.0000000 2563.20152  47.9%     -   26s
     0     0 2565.20642    0 1635 4918.00000 2565.20642  47.8%     -   26s
     0     0 2566.46750    0 1689 4918.00000 2566.46750  47.8%     -   28s
H    0     0                    4871.0000000 2566.46750  47.3%     -   29s
     0     0 2567.18622    0 1641 4871.00000 2567.18622  47.3%     -   29s
     0     0 2567.23065    0 1628 4871.00000 2567.23065  47.3%     -   29s
H    0     0                    4858.0000000 2567.23065  47.2%     -   33s
H    0     0                    4819.0000000 2567.23065  46.7%     -   33s
     0     0 2575.71964    0 1923 4819.00000 2575.71964  46.6%     -   34s
H    0     0                    4806.0000000 2575.71964  46.4%     -   34s
H    0     0                    4799.0000000 2575.71964  46.3%     -   37s
     0     0 2577.13489    0 1886 4799.00000 2577.13489  46.3%     -   37s
H    0     0                    4793.0000000 2577.13489  46.2%     -   40s
     0     0 2577.99254    0 1891 4793.00000 2577.99254  46.2%     -   40s
H    0     0                    4785.0000000 2577.99254  46.1%     -   42s
H    0     0                    4779.0000000 2577.99254  46.1%     -   42s
     0     0 2578.89634    0 1873 4779.00000 2578.89634  46.0%     -   42s
H    0     0                    4772.0000000 2578.89634  46.0%     -   43s
     0     0 2578.98227    0 1922 4772.00000 2578.98227  46.0%     -   43s
H    0     0                    4766.0000000 2578.98227  45.9%     -   51s
     0     0 2585.89306    0 2162 4766.00000 2585.89306  45.7%     -   51s
H    0     0                    4762.0000000 2585.89306  45.7%     -   51s
     0     0 2587.30335    0 2209 4762.00000 2587.30335  45.7%     -   54s
H    0     0                    4759.0000000 2587.30335  45.6%     -   58s
     0     0 2587.98700    0 2245 4759.00000 2587.98700  45.6%     -   58s
     0     0          -    0      4759.00000 2587.98700  45.6%     -   60s

Cutting planes:
  Gomory: 66
  Cover: 1908
  Implied bound: 201
  Clique: 419
  MIR: 72
  StrongCG: 13
  Flow cover: 179
  Zero half: 85
  Relax-and-lift: 10

Explored 1 nodes (85053 simplex iterations) in 60.04 seconds
Thread count was 12 (of 12 available processors)

Solution count 10: 4759 4762 4766 ... 4819

Time limit reached
Best objective 4.759000000000e+03, best bound 2.588000000000e+03, gap 45.6188%
