
Gurobi 9.1.1 (win64) logging started Mon Apr 18 02:54:50 2022

Changed value of parameter LogFile to ./Log/Pattern_Appro_solver_400_order_20_batch.log
   Prev:   Default: 
Gurobi Optimizer version 9.1.1 build v9.1.1rc0 (win64)
Thread count: 6 physical cores, 12 logical processors, using up to 12 threads
Optimize a model with 1266 rows, 6680 columns and 30060 nonzeros
Model fingerprint: 0x91613104
Variable types: 0 continuous, 6680 integer (5920 binary)
Coefficient statistics:
  Matrix range     [1e+00, 2e+01]
  Objective range  [1e+00, 4e+01]
  Bounds range     [1e+00, 1e+01]
  RHS range        [1e+00, 2e+01]
Found heuristic solution: objective 6676.0000000
Presolve removed 88 rows and 270 columns
Presolve time: 0.04s
Presolved: 1178 rows, 6410 columns, 28099 nonzeros
Variable types: 0 continuous, 6410 integer (5699 binary)

Root relaxation: objective 1.011645e+03, 6701 iterations, 0.19 seconds

    Nodes    |    Current Node    |     Objective Bounds      |     Work
 Expl Unexpl |  Obj  Depth IntInf | Incumbent    BestBd   Gap | It/Node Time

     0     0 1011.64483    0  370 6676.00000 1011.64483  84.8%     -    0s
H    0     0                    5142.0000000 1011.64483  80.3%     -    0s
H    0     0                    4990.0000000 1011.64483  79.7%     -    0s
H    0     0                    4038.0000000 1011.64483  74.9%     -    0s
H    0     0                    4010.0000000 1011.64483  74.8%     -    0s
H    0     0                    3999.0000000 1011.64483  74.7%     -    0s
H    0     0                    3992.0000000 1011.64483  74.7%     -    0s
H    0     0                    3948.0000000 1011.64483  74.4%     -    0s
H    0     0                    3822.0000000 1011.64483  73.5%     -    0s
     0     0 1059.57493    0  720 3822.00000 1059.57493  72.3%     -    0s
H    0     0                    3821.0000000 1059.57493  72.3%     -    0s
     0     0 1060.73345    0  715 3821.00000 1060.73345  72.2%     -    0s
     0     0 1060.84100    0  736 3821.00000 1060.84100  72.2%     -    0s
     0     0 1060.84351    0  733 3821.00000 1060.84351  72.2%     -    0s
H    0     0                    3779.0000000 1060.84363  71.9%     -    1s
H    0     0                    3769.0000000 1060.84363  71.9%     -    1s
H    0     0                    3754.0000000 1060.84363  71.7%     -    1s
H    0     0                    3747.0000000 1060.84363  71.7%     -    1s
H    0     0                    3743.0000000 1060.84363  71.7%     -    1s
H    0     0                    3675.0000000 1060.84363  71.1%     -    1s
H    0     0                    3613.0000000 1060.84363  70.6%     -    1s
     0     0 1087.43171    0  961 3613.00000 1087.43171  69.9%     -    1s
H    0     0                    3600.0000000 1087.43171  69.8%     -    1s
     0     0 1091.53908    0 1043 3600.00000 1091.53908  69.7%     -    1s
H    0     0                    3593.0000000 1091.53908  69.6%     -    2s
     0     0 1093.29567    0 1048 3593.00000 1093.29567  69.6%     -    2s
     0     0 1093.88156    0 1052 3593.00000 1093.88156  69.6%     -    2s
     0     0 1094.02672    0 1098 3593.00000 1094.02672  69.6%     -    2s
     0     0 1094.47643    0 1092 3593.00000 1094.47643  69.5%     -    2s
     0     0 1094.48504    0 1109 3593.00000 1094.48504  69.5%     -    2s
H    0     0                    3578.0000000 1094.48504  69.4%     -    4s
     0     0 1114.30120    0 1310 3578.00000 1114.30120  68.9%     -    4s
H    0     0                    3563.0000000 1114.30120  68.7%     -    4s
     0     0 1119.30879    0 1452 3563.00000 1119.30879  68.6%     -    5s
     0     0 1121.11642    0 1545 3563.00000 1121.11642  68.5%     -    5s
H    0     0                    3542.0000000 1121.11642  68.3%     -    6s
     0     0 1122.16492    0 1489 3542.00000 1122.16492  68.3%     -    6s
H    0     0                    3451.0000000 1122.16492  67.5%     -    7s
     0     0 1122.62395    0 1565 3451.00000 1122.62395  67.5%     -    7s
     0     0 1122.77514    0 1584 3451.00000 1122.77514  67.5%     -    7s
     0     0 1122.82336    0 1592 3451.00000 1122.82336  67.5%     -    7s
     0     0 1134.67426    0 1819 3451.00000 1134.67426  67.1%     -   10s
H    0     0                    3449.0000000 1134.67426  67.1%     -   10s
H    0     0                    3443.0000000 1134.67426  67.0%     -   12s
     0     0 1140.59061    0 1945 3443.00000 1140.59061  66.9%     -   12s
     0     0 1142.35469    0 2001 3443.00000 1142.35469  66.8%     -   14s
H    0     0                    3430.0000000 1142.35469  66.7%     -   16s
H    0     0                    3429.0000000 1142.35469  66.7%     -   16s
     0     0 1143.78234    0 1986 3429.00000 1143.78234  66.6%     -   16s
H    0     0                    3423.0000000 1143.78234  66.6%     -   17s
     0     0 1144.26377    0 2099 3423.00000 1144.26377  66.6%     -   17s
H    0     0                    3390.0000000 1144.26377  66.2%     -   18s
     0     0 1144.56175    0 2104 3390.00000 1144.56175  66.2%     -   18s
H    0     0                    3388.0000000 1144.56175  66.2%     -   19s
     0     0 1144.72993    0 2098 3388.00000 1144.72993  66.2%     -   19s
H    0     0                    3385.0000000 1144.72993  66.2%     -   20s
     0     0 1144.76279    0 2143 3385.00000 1144.76279  66.2%     -   20s
H    0     0                    3367.0000000 1144.76279  66.0%     -   25s
H    0     0                    3357.0000000 1144.76279  65.9%     -   25s
H    0     0                    3352.0000000 1144.76279  65.8%     -   25s
     0     0 1151.98924    0 2395 3352.00000 1151.98924  65.6%     -   25s
H    0     0                    3345.0000000 1151.98924  65.6%     -   25s
H    0     0                    3339.0000000 1151.98924  65.5%     -   30s
     0     0 1155.02054    0 2480 3339.00000 1155.02054  65.4%     -   30s
H    0     0                    3326.0000000 1155.02054  65.3%     -   34s
     0     0 1156.45343    0 2604 3326.00000 1156.45343  65.2%     -   34s
     0     0 1157.12886    0 2657 3326.00000 1157.12886  65.2%     -   37s
     0     0 1157.47530    0 2727 3326.00000 1157.47530  65.2%     -   39s
H    0     0                    3298.0000000 1157.47530  64.9%     -   41s
     0     0 1157.59746    0 2707 3298.00000 1157.59746  64.9%     -   41s
     0     0 1161.14681    0 2901 3298.00000 1161.14681  64.8%     -   49s
     0     0 1161.92598    0 2982 3298.00000 1161.92598  64.8%     -   52s
     0     0 1162.25380    0 3019 3298.00000 1162.25380  64.8%     -   55s
     0     0 1162.40619    0 3049 3298.00000 1162.40619  64.8%     -   58s
     0     0          -    0      3298.00000 1162.40619  64.8%     -   60s

Cutting planes:
  Gomory: 98
  Cover: 1599
  Implied bound: 193
  Clique: 1257
  MIR: 115
  StrongCG: 12
  Flow cover: 105
  GUB cover: 1
  Zero half: 39
  Relax-and-lift: 5

Explored 1 nodes (91807 simplex iterations) in 60.03 seconds
Thread count was 12 (of 12 available processors)

Solution count 10: 3298 3326 3339 ... 3390

Time limit reached
Best objective 3.298000000000e+03, best bound 1.163000000000e+03, gap 64.7362%
