
Gurobi 9.1.1 (win64) logging started Sat Apr 16 18:39:04 2022

Changed value of parameter LogFile to ./Log/Pattern_Appro_solver_500_order_50_batch.log
   Prev:   Default: 
Gurobi Optimizer version 9.1.1 build v9.1.1rc0 (win64)
Thread count: 6 physical cores, 12 logical processors, using up to 12 threads
Optimize a model with 2895 rows, 24650 columns and 157200 nonzeros
Model fingerprint: 0x17e7dc5d
Variable types: 0 continuous, 24650 integer (23300 binary)
Coefficient statistics:
  Matrix range     [1e+00, 1e+01]
  Objective range  [1e+00, 4e+01]
  Bounds range     [1e+00, 7e+00]
  RHS range        [1e+00, 1e+01]
Found heuristic solution: objective 17669.000000
Presolve removed 412 rows and 2525 columns
Presolve time: 0.17s
Presolved: 2483 rows, 22125 columns, 125352 nonzeros
Variable types: 0 continuous, 22125 integer (20880 binary)

Root relaxation: objective 4.858111e+03, 26496 iterations, 3.55 seconds

    Nodes    |    Current Node    |     Objective Bounds      |     Work
 Expl Unexpl |  Obj  Depth IntInf | Incumbent    BestBd   Gap | It/Node Time

     0     0 4858.11111    0  729 17669.0000 4858.11111  72.5%     -    4s
H    0     0                    11829.000000 4858.11111  58.9%     -    4s
H    0     0                    11771.000000 4858.11111  58.7%     -    4s
H    0     0                    11393.000000 4858.11111  57.4%     -    6s
H    0     0                    10397.000000 4858.11111  53.3%     -    7s
     0     0 5039.04164    0 1302 10397.0000 5039.04164  51.5%     -    7s
H    0     0                    10247.000000 5039.04164  50.8%     -    8s
H    0     0                    10145.000000 5039.04164  50.3%     -    9s
H    0     0                    10004.000000 5039.04164  49.6%     -    9s
     0     0 5103.70476    0 1805 10004.0000 5103.70476  49.0%     -    9s
     0     0 5118.42571    0 1811 10004.0000 5118.42571  48.8%     -   10s
     0     0 5120.69260    0 1821 10004.0000 5120.69260  48.8%     -   11s
H    0     0                    9868.0000000 5120.69260  48.1%     -   11s
     0     0 5121.08816    0 1841 9868.00000 5121.08816  48.1%     -   11s
     0     0 5121.20814    0 1838 9868.00000 5121.20814  48.1%     -   11s
     0     0 5121.35277    0 1884 9868.00000 5121.35277  48.1%     -   11s
     0     0 5121.38844    0 1829 9868.00000 5121.38844  48.1%     -   12s
     0     0 5175.15210    0 2377 9868.00000 5175.15210  47.6%     -   15s
H    0     0                    9867.0000000 5175.15210  47.6%     -   17s
     0     0 5192.14731    0 2519 9867.00000 5192.14731  47.4%     -   17s
H    0     0                    9858.0000000 5192.14731  47.3%     -   19s
     0     0 5196.59889    0 2482 9858.00000 5196.59889  47.3%     -   19s
     0     0 5198.91939    0 2475 9858.00000 5198.91939  47.3%     -   21s
     0     0 5200.07298    0 2461 9858.00000 5200.07298  47.3%     -   22s
     0     0 5200.30418    0 2507 9858.00000 5200.30418  47.2%     -   22s
     0     0 5200.41585    0 2544 9858.00000 5200.41585  47.2%     -   23s
H    0     0                    9841.0000000 5200.41585  47.2%     -   27s
     0     0 5228.35916    0 2960 9841.00000 5228.35916  46.9%     -   27s
H    0     0                    9784.0000000 5228.35916  46.6%     -   28s
     0     0 5245.40093    0 3185 9784.00000 5245.40093  46.4%     -   33s
     0     0 5251.18589    0 3276 9784.00000 5251.18589  46.3%     -   37s
     0     0 5253.41622    0 3228 9784.00000 5253.41622  46.3%     -   39s
     0     0 5254.27657    0 3291 9784.00000 5254.27657  46.3%     -   41s
     0     0 5254.66649    0 3327 9784.00000 5254.66649  46.3%     -   43s
     0     0 5254.81138    0 3373 9784.00000 5254.81138  46.3%     -   44s
     0     0 5274.40992    0 3698 9784.00000 5274.40992  46.1%     -   53s
     0     0          -    0      9784.00000 5274.40992  46.1%     -   60s

Cutting planes:
  Gomory: 120
  Cover: 2198
  Implied bound: 41
  Clique: 882
  MIR: 106
  StrongCG: 5
  Flow cover: 82
  Zero half: 67
  Relax-and-lift: 3

Explored 1 nodes (77621 simplex iterations) in 60.02 seconds
Thread count was 12 (of 12 available processors)

Solution count 10: 9784 9841 9858 ... 11393

Time limit reached
Best objective 9.784000000000e+03, best bound 5.275000000000e+03, gap 46.0854%

Gurobi 9.1.1 (win64) logging started Sat Apr 16 20:30:38 2022

Changed value of parameter LogFile to ./Log/Pattern_Appro_solver_500_order_50_batch.log
   Prev:   Default: 
Gurobi Optimizer version 9.1.1 build v9.1.1rc0 (win64)
Thread count: 6 physical cores, 12 logical processors, using up to 12 threads
Optimize a model with 2720 rows, 15900 columns and 66000 nonzeros
Model fingerprint: 0xa5b0e9ed
Variable types: 0 continuous, 15900 integer (13550 binary)
Coefficient statistics:
  Matrix range     [1e+00, 1e+01]
  Objective range  [1e+00, 4e+01]
  Bounds range     [1e+00, 2e+01]
  RHS range        [1e+00, 2e+01]
Found heuristic solution: objective 8474.0000000
Presolve removed 266 rows and 1324 columns
Presolve time: 0.08s
Presolved: 2454 rows, 14576 columns, 58642 nonzeros
Variable types: 0 continuous, 14576 integer (12451 binary)

Root relaxation: objective 1.888256e+03, 14430 iterations, 0.83 seconds

    Nodes    |    Current Node    |     Objective Bounds      |     Work
 Expl Unexpl |  Obj  Depth IntInf | Incumbent    BestBd   Gap | It/Node Time

     0     0 1888.25556    0  350 8474.00000 1888.25556  77.7%     -    1s
H    0     0                    5217.0000000 1888.25556  63.8%     -    1s
H    0     0                    5194.0000000 1888.25556  63.6%     -    1s
H    0     0                    5142.0000000 1888.25556  63.3%     -    1s
H    0     0                    5006.0000000 1888.25556  62.3%     -    1s
H    0     0                    4952.0000000 1888.45000  61.9%     -    1s
H    0     0                    4920.0000000 1888.45000  61.6%     -    1s
     0     0 1956.57031    0  570 4920.00000 1956.57031  60.2%     -    1s
H    0     0                    4515.0000000 1956.57031  56.7%     -    2s
H    0     0                    4512.0000000 1956.57031  56.6%     -    2s
     0     0 1958.19540    0  584 4512.00000 1958.19540  56.6%     -    2s
     0     0 1958.24188    0  585 4512.00000 1958.24188  56.6%     -    2s
     0     0 2013.57648    0  834 4512.00000 2013.57648  55.4%     -    3s
H    0     0                    4498.0000000 2013.57648  55.2%     -    3s
H    0     0                    4384.0000000 2013.57648  54.1%     -    3s
     0     0 2015.67749    0  778 4384.00000 2015.67749  54.0%     -    3s
     0     0 2016.23487    0  801 4384.00000 2016.23487  54.0%     -    3s
     0     0 2017.47337    0  817 4384.00000 2017.47337  54.0%     -    3s
     0     0 2017.47473    0  849 4384.00000 2017.47473  54.0%     -    3s
     0     0 2054.34554    0 1052 4384.00000 2054.34554  53.1%     -    5s
H    0     0                    4332.0000000 2054.34554  52.6%     -    5s
     0     0 2063.51603    0  938 4332.00000 2063.51603  52.4%     -    6s
     0     0 2066.03119    0 1059 4332.00000 2066.03119  52.3%     -    7s
H    0     0                    4303.0000000 2066.03119  52.0%     -    7s
     0     0 2066.32063    0 1026 4303.00000 2066.32063  52.0%     -    7s
     0     0 2066.36438    0 1073 4303.00000 2066.36438  52.0%     -    7s
H    0     0                    4297.0000000 2066.36438  51.9%     -    9s
     0     0 2089.71834    0 1256 4297.00000 2089.71834  51.4%     -    9s
     0     0 2094.43245    0 1365 4297.00000 2094.43245  51.3%     -   10s
     0     0 2095.47072    0 1353 4297.00000 2095.47072  51.2%     -   11s
     0     0 2096.07988    0 1398 4297.00000 2096.07988  51.2%     -   11s
     0     0 2096.21212    0 1446 4297.00000 2096.21212  51.2%     -   12s
H    0     0                    4296.0000000 2096.21212  51.2%     -   16s
H    0     0                    4262.0000000 2096.21212  50.8%     -   16s
H    0     0                    4252.0000000 2096.21212  50.7%     -   16s
H    0     0                    4251.0000000 2096.21212  50.7%     -   16s
H    0     0                    4213.0000000 2096.21212  50.2%     -   16s
     0     0 2111.48978    0 1814 4213.00000 2111.48978  49.9%     -   16s
H    0     0                    4206.0000000 2111.48978  49.8%     -   16s
H    0     0                    4204.0000000 2111.48978  49.8%     -   18s
H    0     0                    4198.0000000 2111.48978  49.7%     -   18s
     0     0 2115.26524    0 1876 4198.00000 2115.26524  49.6%     -   18s
     0     0 2116.96896    0 1957 4198.00000 2116.96896  49.6%     -   20s
     0     0 2117.44116    0 2023 4198.00000 2117.44116  49.6%     -   21s
     0     0 2117.64908    0 2016 4198.00000 2117.64908  49.6%     -   22s
H    0     0                    4197.0000000 2117.64908  49.5%     -   28s
     0     0 2130.93517    0 2213 4197.00000 2130.93517  49.2%     -   28s
     0     0 2133.19217    0 2291 4197.00000 2133.19217  49.2%     -   31s
     0     0 2133.87742    0 2358 4197.00000 2133.87742  49.2%     -   34s
H    0     0                    4181.0000000 2133.87742  49.0%     -   36s
     0     0 2134.43169    0 2384 4181.00000 2134.43169  48.9%     -   36s
     0     0 2134.67671    0 2453 4181.00000 2134.67671  48.9%     -   37s
H    0     0                    4159.0000000 2134.67671  48.7%     -   44s
     0     0 2142.44263    0 2669 4159.00000 2142.44263  48.5%     -   44s
H    0     0                    4150.0000000 2142.44263  48.4%     -   44s
     0     0 2145.25662    0 2803 4150.00000 2145.25662  48.3%     -   48s
H    0     0                    4141.0000000 2145.25662  48.2%     -   52s
     0     0 2146.19251    0 2813 4141.00000 2146.19251  48.2%     -   52s
H    0     0                    4120.0000000 2146.19251  47.9%     -   55s
     0     0 2146.97298    0 2880 4120.00000 2146.97298  47.9%     -   55s
H    0     0                    4102.0000000 2146.97298  47.7%     -   57s
     0     0 2147.45046    0 2916 4102.00000 2147.45046  47.6%     -   57s
     0     0 2147.60969    0 2941 4102.00000 2147.60969  47.6%     -   58s
     0     0          -    0      4102.00000 2147.60969  47.6%     -   60s

Cutting planes:
  Gomory: 47
  Cover: 2550
  Implied bound: 155
  Clique: 732
  MIR: 69
  StrongCG: 5
  Flow cover: 184
  Zero half: 85
  Relax-and-lift: 11

Explored 1 nodes (96264 simplex iterations) in 60.02 seconds
Thread count was 12 (of 12 available processors)

Solution count 10: 4102 4120 4141 ... 4206

Time limit reached
Best objective 4.102000000000e+03, best bound 2.148000000000e+03, gap 47.6353%

Gurobi 9.1.1 (win64) logging started Mon Apr 18 03:36:49 2022

Changed value of parameter LogFile to ./Log/Pattern_Appro_solver_500_order_50_batch.log
   Prev:   Default: 
Gurobi Optimizer version 9.1.1 build v9.1.1rc0 (win64)
Thread count: 6 physical cores, 12 logical processors, using up to 12 threads
Optimize a model with 2780 rows, 18900 columns and 88050 nonzeros
Model fingerprint: 0x21143343
Variable types: 0 continuous, 18900 integer (16250 binary)
Coefficient statistics:
  Matrix range     [1e+00, 1e+01]
  Objective range  [1e+00, 4e+01]
  Bounds range     [1e+00, 1e+01]
  RHS range        [1e+00, 1e+01]
Found heuristic solution: objective 10628.000000
Presolve removed 276 rows and 1862 columns
Presolve time: 0.10s
Presolved: 2504 rows, 17038 columns, 74893 nonzeros
Variable types: 0 continuous, 17038 integer (14651 binary)

Root relaxation: objective 2.608000e+03, 21650 iterations, 1.52 seconds

    Nodes    |    Current Node    |     Objective Bounds      |     Work
 Expl Unexpl |  Obj  Depth IntInf | Incumbent    BestBd   Gap | It/Node Time

     0     0 2608.00000    0  438 10628.0000 2608.00000  75.5%     -    1s
H    0     0                    6768.0000000 2608.00000  61.5%     -    1s
H    0     0                    6668.0000000 2608.00000  60.9%     -    2s
H    0     0                    6613.0000000 2608.00000  60.6%     -    2s
H    0     0                    6086.0000000 2608.00000  57.1%     -    2s
H    0     0                    5830.0000000 2684.61098  54.0%     -    2s
     0     0 2686.32365    0  667 5830.00000 2686.32365  53.9%     -    2s
H    0     0                    5777.0000000 2686.32365  53.5%     -    3s
     0     0 2687.95710    0  680 5777.00000 2687.95710  53.5%     -    3s
     0     0 2687.95710    0  680 5777.00000 2687.95710  53.5%     -    3s
     0     0 2687.95710    0  682 5777.00000 2687.95710  53.5%     -    3s
H    0     0                    5776.0000000 2687.95710  53.5%     -    3s
H    0     0                    5672.0000000 2687.95710  52.6%     -    3s
H    0     0                    5595.0000000 2687.95710  52.0%     -    3s
     0     0 2757.15892    0  975 5595.00000 2757.15892  50.7%     -    3s
H    0     0                    5526.0000000 2757.15892  50.1%     -    4s
     0     0 2764.82779    0  985 5526.00000 2764.82779  50.0%     -    4s
     0     0 2766.88336    0 1016 5526.00000 2766.88336  49.9%     -    4s
     0     0 2768.44347    0 1020 5526.00000 2768.44347  49.9%     -    4s
     0     0 2768.63805    0 1020 5526.00000 2768.63805  49.9%     -    4s
     0     0 2768.66220    0 1038 5526.00000 2768.66220  49.9%     -    4s
     0     0 2811.56807    0 1331 5526.00000 2811.56807  49.1%     -    5s
H    0     0                    5501.0000000 2811.56807  48.9%     -    6s
H    0     0                    5454.0000000 2811.56807  48.4%     -    6s
H    0     0                    5451.0000000 2811.56807  48.4%     -    6s
     0     0 2815.27899    0 1305 5451.00000 2815.27899  48.4%     -    7s
     0     0 2816.22253    0 1297 5451.00000 2816.22253  48.3%     -    7s
     0     0 2816.43191    0 1387 5451.00000 2816.43191  48.3%     -    7s
     0     0 2816.46253    0 1407 5451.00000 2816.46253  48.3%     -    7s
H    0     0                    5439.0000000 2816.46253  48.2%     -    9s
     0     0 2841.04815    0 1710 5439.00000 2841.04815  47.8%     -    9s
H    0     0                    5402.0000000 2841.04815  47.4%     -   11s
H    0     0                    5378.0000000 2841.04815  47.2%     -   11s
     0     0 2846.73588    0 1879 5378.00000 2846.73588  47.1%     -   11s
H    0     0                    5365.0000000 2846.73588  46.9%     -   13s
     0     0 2848.22831    0 1786 5365.00000 2848.22831  46.9%     -   13s
     0     0 2849.00423    0 1828 5365.00000 2849.00423  46.9%     -   13s
     0     0 2849.25689    0 1808 5365.00000 2849.25689  46.9%     -   14s
     0     0 2849.31954    0 1886 5365.00000 2849.31954  46.9%     -   14s
H    0     0                    5345.0000000 2849.31954  46.7%     -   19s
H    0     0                    5337.0000000 2849.31954  46.6%     -   19s
     0     0 2865.42122    0 2174 5337.00000 2865.42122  46.3%     -   19s
H    0     0                    5312.0000000 2865.42122  46.1%     -   19s
     0     0 2871.24225    0 2466 5312.00000 2871.24225  45.9%     -   23s
     0     0 2873.23206    0 2387 5312.00000 2873.23206  45.9%     -   25s
     0     0 2873.88833    0 2524 5312.00000 2873.88833  45.9%     -   27s
     0     0 2874.28271    0 2537 5312.00000 2874.28271  45.9%     -   29s
     0     0 2874.50872    0 2538 5312.00000 2874.50872  45.9%     -   30s
H    0     0                    5311.0000000 2874.50872  45.9%     -   30s
H    0     0                    5289.0000000 2874.50872  45.7%     -   36s
     0     0 2886.51744    0 2770 5289.00000 2886.51744  45.4%     -   36s
H    0     0                    5287.0000000 2886.51744  45.4%     -   42s
     0     0 2892.28156    0 2809 5287.00000 2892.28156  45.3%     -   42s
     0     0 2894.23957    0 2964 5287.00000 2894.23957  45.3%     -   46s
     0     0 2895.37210    0 2833 5287.00000 2895.37210  45.2%     -   49s
     0     0 2895.82659    0 2873 5287.00000 2895.82659  45.2%     -   51s
H    0     0                    5265.0000000 2895.82659  45.0%     -   52s
     0     0 2896.03861    0 2984 5265.00000 2896.03861  45.0%     -   52s
H    0     0                    5264.0000000 2896.03861  45.0%     -   60s
     0     0 2904.97309    0 3270 5264.00000 2904.97309  44.8%     -   60s

Cutting planes:
  Gomory: 93
  Cover: 2613
  Implied bound: 129
  Clique: 656
  MIR: 82
  StrongCG: 5
  Flow cover: 131
  Zero half: 76
  Relax-and-lift: 7

Explored 1 nodes (95066 simplex iterations) in 60.06 seconds
Thread count was 12 (of 12 available processors)

Solution count 10: 5264 5265 5287 ... 5378

Time limit reached
Best objective 5.264000000000e+03, best bound 2.905000000000e+03, gap 44.8138%

Gurobi 9.5.1 (win64) logging started Tue Apr 19 14:55:28 2022

Set parameter LogFile to value "./Log/Pattern_Appro_solver_500_order_50_batch.log"
Gurobi Optimizer version 9.5.1 build v9.5.1rc2 (win64)
Thread count: 6 physical cores, 12 logical processors, using up to 12 threads
Optimize a model with 2806 rows, 20200 columns and 100850 nonzeros
Model fingerprint: 0x1f9de06c
Variable types: 0 continuous, 20200 integer (17900 binary)
Coefficient statistics:
  Matrix range     [1e+00, 1e+01]
  Objective range  [1e+00, 4e+01]
  Bounds range     [1e+00, 1e+01]
  RHS range        [1e+00, 1e+01]
Found heuristic solution: objective 12396.000000
Presolve removed 252 rows and 1838 columns
Presolve time: 0.11s
Presolved: 2554 rows, 18362 columns, 88307 nonzeros
Variable types: 0 continuous, 18362 integer (16227 binary)

Root relaxation: objective 2.596917e+03, 23905 iterations, 2.06 seconds (2.38 work units)

    Nodes    |    Current Node    |     Objective Bounds      |     Work
 Expl Unexpl |  Obj  Depth IntInf | Incumbent    BestBd   Gap | It/Node Time

     0     0 2596.91667    0  572 12396.0000 2596.91667  79.1%     -    2s
H    0     0                    8738.0000000 2596.91667  70.3%     -    2s
H    0     0                    8705.0000000 2596.91667  70.2%     -    2s
H    0     0                    8477.0000000 2596.91667  69.4%     -    2s
H    0     0                    8143.0000000 2596.91667  68.1%     -    3s
H    0     0                    7912.0000000 2596.91667  67.2%     -    3s
H    0     0                    7541.0000000 2682.81714  64.4%     -    3s
H    0     0                    7491.0000000 2682.81714  64.2%     -    3s
H    0     0                    7469.0000000 2682.81714  64.1%     -    3s
H    0     0                    7295.0000000 2682.81714  63.2%     -    3s
H    0     0                    7029.0000000 2682.81714  61.8%     -    3s
H    0     0                    6954.0000000 2682.81714  61.4%     -    3s
H    0     0                    6881.0000000 2682.81714  61.0%     -    3s
     0     0 2682.81714    0  960 6881.00000 2682.81714  61.0%     -    3s
H    0     0                    6841.0000000 2682.81714  60.8%     -    3s
     0     0 2685.14847    0  950 6841.00000 2685.14847  60.7%     -    3s
     0     0 2685.14847    0  928 6841.00000 2685.14847  60.7%     -    3s
     0     0 2685.14847    0  910 6841.00000 2685.14847  60.7%     -    3s
H    0     0                    6720.0000000 2736.05630  59.3%     -    4s
H    0     0                    6712.0000000 2736.05630  59.2%     -    4s
     0     0 2736.05630    0 1236 6712.00000 2736.05630  59.2%     -    4s
H    0     0                    6710.0000000 2742.17272  59.1%     -    5s
     0     0 2742.17272    0 1199 6710.00000 2742.17272  59.1%     -    5s
     0     0 2743.03652    0 1263 6710.00000 2743.03652  59.1%     -    5s
     0     0 2744.36991    0 1239 6710.00000 2744.36991  59.1%     -    5s
     0     0 2744.59706    0 1247 6710.00000 2744.59706  59.1%     -    5s
     0     0 2744.67763    0 1282 6710.00000 2744.67763  59.1%     -    5s
     0     0 2744.67965    0 1280 6710.00000 2744.67965  59.1%     -    5s
H    0     0                    6675.0000000 2782.85385  58.3%     -    7s
H    0     0                    6630.0000000 2782.85385  58.0%     -    7s
     0     0 2782.85385    0 1658 6630.00000 2782.85385  58.0%     -    7s
H    0     0                    6547.0000000 2782.85385  57.5%     -    7s
     0     0 2788.65459    0 1754 6547.00000 2788.65459  57.4%     -    8s
H    0     0                    6523.0000000 2790.18860  57.2%     -    9s
     0     0 2790.18860    0 1625 6523.00000 2790.18860  57.2%     -    9s
     0     0 2790.62858    0 1569 6523.00000 2790.62858  57.2%     -    9s
     0     0 2790.77541    0 1535 6523.00000 2790.77541  57.2%     -    9s
     0     0 2791.06865    0 1615 6523.00000 2791.06865  57.2%     -   10s
     0     0 2791.14875    0 1582 6523.00000 2791.14875  57.2%     -   10s
     0     0 2815.20895    0 2136 6523.00000 2815.20895  56.8%     -   12s
H    0     0                    6478.0000000 2823.35956  56.4%     -   14s
     0     0 2823.35956    0 2259 6478.00000 2823.35956  56.4%     -   14s
     0     0 2825.73555    0 2219 6478.00000 2825.73555  56.4%     -   16s
     0     0 2826.29696    0 2206 6478.00000 2826.29696  56.4%     -   17s
     0     0 2826.46225    0 2116 6478.00000 2826.46225  56.4%     -   18s
     0     0 2826.53652    0 2161 6478.00000 2826.53652  56.4%     -   18s
H    0     0                    6424.0000000 2845.76480  55.7%     -   23s
     0     0 2845.76480    0 2712 6424.00000 2845.76480  55.7%     -   23s
H    0     0                    6394.0000000 2845.76480  55.5%     -   23s
     0     0 2854.81257    0 2823 6394.00000 2854.81257  55.4%     -   28s
     0     0 2856.92416    0 2787 6394.00000 2856.92416  55.3%     -   31s
H    0     0                    6378.0000000 2858.12167  55.2%     -   33s
     0     0 2858.12167    0 2948 6378.00000 2858.12167  55.2%     -   33s
H    0     0                    6366.0000000 2858.70615  55.1%     -   35s
     0     0 2858.70615    0 2896 6366.00000 2858.70615  55.1%     -   35s
H    0     0                    6361.0000000 2858.83115  55.1%     -   36s
     0     0 2858.83115    0 2921 6361.00000 2858.83115  55.1%     -   36s
H    0     0                    6341.0000000 2870.72853  54.7%     -   43s
     0     0 2870.72853    0 3280 6341.00000 2870.72853  54.7%     -   43s
H    0     0                    6323.0000000 2870.72853  54.6%     -   43s
     0     0 2880.13677    0 3525 6323.00000 2880.13677  54.4%     -   50s
H    0     0                    6319.0000000 2884.66126  54.3%     -   57s
     0     0 2884.66126    0 3510 6319.00000 2884.66126  54.3%     -   57s
H    0     0                    6312.0000000 2887.18172  54.3%     -   63s
     0     0 2887.18172    0 3864 6312.00000 2887.18172  54.3%     -   63s
     0     0 2888.42092    0 3788 6312.00000 2888.42092  54.2%     -   67s
     0     0 2888.72809    0 3797 6312.00000 2888.72809  54.2%     -   70s
     0     0 2888.95995    0 3825 6312.00000 2888.95995  54.2%     -   72s
H    0     0                    6284.0000000 2896.52913  53.9%     -   82s
H    0     0                    6257.0000000 2896.52913  53.7%     -   82s
     0     0 2896.52913    0 4034 6257.00000 2896.52913  53.7%     -   82s
H    0     0                    6251.0000000 2896.52913  53.7%     -   83s
     0     0 2902.35956    0 4277 6251.00000 2902.35956  53.6%     -   93s
     0     0          -    0      6251.00000 2902.35956  53.6%     -  100s

Cutting planes:
  Gomory: 30
  Cover: 2853
  Implied bound: 113
  Clique: 909
  MIR: 62
  StrongCG: 8
  Flow cover: 121
  Zero half: 15
  Relax-and-lift: 8

Explored 1 nodes (127657 simplex iterations) in 100.02 seconds (92.75 work units)
Thread count was 12 (of 12 available processors)

Solution count 10: 6251 6257 6284 ... 6378

Time limit reached
Best objective 6.251000000000e+03, best bound 2.903000000000e+03, gap 53.5594%

Gurobi 9.5.1 (win64) logging started Tue Apr 19 15:40:03 2022

Set parameter LogFile to value "./Log/Pattern_Appro_solver_500_order_50_batch.log"
Gurobi Optimizer version 9.5.1 build v9.5.1rc2 (win64)
Thread count: 6 physical cores, 12 logical processors, using up to 12 threads
Optimize a model with 2777 rows, 18750 columns and 88700 nonzeros
Model fingerprint: 0x5863c632
Variable types: 0 continuous, 18750 integer (16500 binary)
Coefficient statistics:
  Matrix range     [1e+00, 1e+01]
  Objective range  [1e+00, 4e+01]
  Bounds range     [1e+00, 1e+01]
  RHS range        [1e+00, 1e+01]
Found heuristic solution: objective 11092.000000
Presolve removed 241 rows and 1539 columns
Presolve time: 0.10s
Presolved: 2536 rows, 17211 columns, 78380 nonzeros
Variable types: 0 continuous, 17211 integer (15083 binary)

Root relaxation: objective 2.317889e+03, 24323 iterations, 2.33 seconds (2.55 work units)

    Nodes    |    Current Node    |     Objective Bounds      |     Work
 Expl Unexpl |  Obj  Depth IntInf | Incumbent    BestBd   Gap | It/Node Time

     0     0 2317.88889    0  477 11092.0000 2317.88889  79.1%     -    2s
H    0     0                    7124.0000000 2317.88889  67.5%     -    2s
H    0     0                    7073.0000000 2317.88889  67.2%     -    2s
H    0     0                    6922.0000000 2317.88889  66.5%     -    3s
H    0     0                    6781.0000000 2401.74084  64.6%     -    3s
H    0     0                    6592.0000000 2401.74084  63.6%     -    3s
H    0     0                    6547.0000000 2401.74084  63.3%     -    3s
H    0     0                    6466.0000000 2401.74084  62.9%     -    3s
     0     0 2401.74084    0  772 6466.00000 2401.74084  62.9%     -    3s
H    0     0                    5936.0000000 2401.74084  59.5%     -    3s
H    0     0                    5872.0000000 2403.43418  59.1%     -    3s
H    0     0                    5780.0000000 2403.43418  58.4%     -    3s
     0     0 2403.43418    0  784 5780.00000 2403.43418  58.4%     -    3s
     0     0 2403.47343    0  799 5780.00000 2403.47343  58.4%     -    3s
     0     0 2403.47415    0  799 5780.00000 2403.47415  58.4%     -    3s
H    0     0                    5772.0000000 2465.69990  57.3%     -    4s
     0     0 2465.69990    0  991 5772.00000 2465.69990  57.3%     -    4s
H    0     0                    5634.0000000 2471.44361  56.1%     -    4s
     0     0 2471.44361    0  970 5634.00000 2471.44361  56.1%     -    4s
     0     0 2472.32694    0 1009 5634.00000 2472.32694  56.1%     -    5s
H    0     0                    5626.0000000 2472.65991  56.0%     -    5s
     0     0 2472.65991    0 1013 5626.00000 2472.65991  56.0%     -    5s
     0     0 2472.78634    0 1015 5626.00000 2472.78634  56.0%     -    5s
     0     0 2472.81400    0 1019 5626.00000 2472.81400  56.0%     -    5s
H    0     0                    5610.0000000 2522.18487  55.0%     -    6s
     0     0 2522.18487    0 1467 5610.00000 2522.18487  55.0%     -    6s
H    0     0                    5573.0000000 2522.18487  54.7%     -    7s
     0     0 2529.90173    0 1599 5573.00000 2529.90173  54.6%     -    8s
H    0     0                    5562.0000000 2532.00091  54.5%     -    8s
     0     0 2532.00091    0 1561 5562.00000 2532.00091  54.5%     -    8s
     0     0 2533.52460    0 1643 5562.00000 2533.52460  54.4%     -    9s
     0     0 2533.73397    0 1628 5562.00000 2533.73397  54.4%     -    9s
H    0     0                    5549.0000000 2533.75724  54.3%     -    9s
     0     0 2533.75724    0 1608 5549.00000 2533.75724  54.3%     -    9s
     0     0 2562.41189    0 1903 5549.00000 2562.41189  53.8%     -   13s
     0     0 2573.25504    0 2043 5549.00000 2573.25504  53.6%     -   16s
     0     0 2576.09286    0 2128 5549.00000 2576.09286  53.6%     -   18s
H    0     0                    5531.0000000 2577.01887  53.4%     -   19s
     0     0 2577.01887    0 2190 5531.00000 2577.01887  53.4%     -   19s
     0     0 2578.35417    0 2241 5531.00000 2578.35417  53.4%     -   20s
     0     0 2578.56997    0 2171 5531.00000 2578.56997  53.4%     -   21s
     0     0 2578.61706    0 2182 5531.00000 2578.61706  53.4%     -   21s
H    0     0                    5530.0000000 2595.42584  53.1%     -   27s
H    0     0                    5522.0000000 2595.42584  53.0%     -   27s
     0     0 2595.42584    0 2488 5522.00000 2595.42584  53.0%     -   27s
H    0     0                    5521.0000000 2595.42584  53.0%     -   27s
H    0     0                    5504.0000000 2602.31860  52.7%     -   33s
H    0     0                    5502.0000000 2602.31860  52.7%     -   33s
H    0     0                    5497.0000000 2602.31860  52.7%     -   33s
H    0     0                    5461.0000000 2602.31860  52.3%     -   33s
H    0     0                    5418.0000000 2602.31860  52.0%     -   33s
H    0     0                    5412.0000000 2602.31860  51.9%     -   33s
     0     0 2602.31860    0 2650 5412.00000 2602.31860  51.9%     -   33s
     0     0 2605.30943    0 2727 5412.00000 2605.30943  51.9%     -   37s
     0     0 2606.25221    0 2772 5412.00000 2606.25221  51.8%     -   40s
     0     0 2606.62147    0 2690 5412.00000 2606.62147  51.8%     -   42s
     0     0 2606.77489    0 2813 5412.00000 2606.77489  51.8%     -   43s
     0     0 2616.26670    0 2986 5412.00000 2616.26670  51.7%     -   50s
H    0     0                    5404.0000000 2622.79078  51.5%     -   58s
     0     0 2622.79078    0 3211 5404.00000 2622.79078  51.5%     -   58s
     0     0 2625.29459    0 3439 5404.00000 2625.29459  51.4%     -   64s
     0     0 2626.47368    0 3419 5404.00000 2626.47368  51.4%     -   70s
     0     0 2626.93664    0 3480 5404.00000 2626.93664  51.4%     -   73s
     0     0 2627.10217    0 3532 5404.00000 2627.10217  51.4%     -   75s
     0     0 2633.92064    0 3739 5404.00000 2633.92064  51.3%     -   84s
H    0     0                    5383.0000000 2633.92064  51.1%     -   85s
     0     0 2639.95823    0 3980 5383.00000 2639.95823  51.0%     -   95s
     0     0          -    0      5383.00000 2639.95823  51.0%     -  100s

Cutting planes:
  Gomory: 18
  Cover: 2614
  Implied bound: 110
  Clique: 848
  MIR: 41
  StrongCG: 5
  Flow cover: 109
  Zero half: 6
  Relax-and-lift: 11

Explored 1 nodes (147370 simplex iterations) in 100.03 seconds (98.35 work units)
Thread count was 12 (of 12 available processors)

Solution count 10: 5383 5404 5412 ... 5522

Time limit reached
Best objective 5.383000000000e+03, best bound 2.640000000000e+03, gap 50.9567%

Gurobi 9.5.1 (win64) logging started Tue Apr 19 15:45:52 2022

Set parameter LogFile to value "./Log/Pattern_Appro_solver_500_order_50_batch.log"
Gurobi Optimizer version 9.5.1 build v9.5.1rc2 (win64)
Thread count: 6 physical cores, 12 logical processors, using up to 12 threads
Optimize a model with 2799 rows, 19850 columns and 95750 nonzeros
Model fingerprint: 0xfba33ee8
Variable types: 0 continuous, 19850 integer (17250 binary)
Coefficient statistics:
  Matrix range     [1e+00, 1e+01]
  Objective range  [1e+00, 4e+01]
  Bounds range     [1e+00, 1e+01]
  RHS range        [1e+00, 1e+01]
Found heuristic solution: objective 11476.000000
Presolve removed 260 rows and 1798 columns
Presolve time: 0.11s
Presolved: 2539 rows, 18052 columns, 83205 nonzeros
Variable types: 0 continuous, 18052 integer (15765 binary)

Root relaxation: objective 2.605819e+03, 23482 iterations, 2.16 seconds (2.22 work units)

    Nodes    |    Current Node    |     Objective Bounds      |     Work
 Expl Unexpl |  Obj  Depth IntInf | Incumbent    BestBd   Gap | It/Node Time

     0     0 2605.81944    0  487 11476.0000 2605.81944  77.3%     -    2s
H    0     0                    7188.0000000 2605.81944  63.7%     -    2s
H    0     0                    7120.0000000 2605.81944  63.4%     -    2s
H    0     0                    7034.0000000 2605.81944  63.0%     -    3s
H    0     0                    6816.0000000 2605.81944  61.8%     -    4s
H    0     0                    6812.0000000 2605.81944  61.7%     -    4s
H    0     0                    6547.0000000 2605.81944  60.2%     -    4s
H    0     0                    6259.0000000 2605.81944  58.4%     -    4s
H    0     0                    6093.0000000 2605.81944  57.2%     -    4s
H    0     0                    6092.0000000 2605.81944  57.2%     -    4s
H    0     0                    6088.0000000 2701.34311  55.6%     -    4s
H    0     0                    6074.0000000 2701.34311  55.5%     -    4s
     0     0 2738.81816    0  956 6074.00000 2738.81816  54.9%     -    4s
H    0     0                    5997.0000000 2738.81816  54.3%     -    4s
     0     0 2738.86744    0 1051 5997.00000 2738.86744  54.3%     -    5s
     0     0 2741.75010    0 1045 5997.00000 2741.75010  54.3%     -    5s
     0     0 2742.89582    0 1014 5997.00000 2742.89582  54.3%     -    5s
     0     0 2743.30892    0 1050 5997.00000 2743.30892  54.3%     -    6s
     0     0 2743.77177    0 1047 5997.00000 2743.77177  54.2%     -    6s
     0     0 2743.78353    0 1038 5997.00000 2743.78353  54.2%     -    6s
H    0     0                    5957.0000000 2786.19957  53.2%     -    7s
     0     0 2786.19957    0 1417 5957.00000 2786.19957  53.2%     -    7s
     0     0 2794.34685    0 1427 5957.00000 2794.34685  53.1%     -    8s
     0     0 2798.58740    0 1371 5957.00000 2798.58740  53.0%     -    9s
     0     0 2799.23450    0 1374 5957.00000 2799.23450  53.0%     -    9s
     0     0 2799.69247    0 1390 5957.00000 2799.69247  53.0%     -    9s
     0     0 2799.70812    0 1402 5957.00000 2799.70812  53.0%     -    9s
H    0     0                    5884.0000000 2829.65790  51.9%     -   12s
     0     0 2829.65790    0 1730 5884.00000 2829.65790  51.9%     -   12s
H    0     0                    5832.0000000 2829.65790  51.5%     -   12s
     0     0 2837.57550    0 1796 5832.00000 2837.57550  51.3%     -   13s
     0     0 2841.52806    0 1769 5832.00000 2841.52806  51.3%     -   14s
     0     0 2843.08925    0 1785 5832.00000 2843.08925  51.3%     -   15s
     0     0 2843.21632    0 1807 5832.00000 2843.21632  51.2%     -   15s
     0     0 2868.55723    0 2227 5832.00000 2868.55723  50.8%     -   18s
     0     0 2876.87517    0 2384 5832.00000 2876.87517  50.7%     -   21s
H    0     0                    5830.0000000 2880.97200  50.6%     -   23s
     0     0 2880.97200    0 2383 5830.00000 2880.97200  50.6%     -   23s
H    0     0                    5808.0000000 2881.99545  50.4%     -   24s
     0     0 2881.99545    0 2220 5808.00000 2881.99545  50.4%     -   24s
     0     0 2882.42197    0 2208 5808.00000 2882.42197  50.4%     -   25s
     0     0 2882.85485    0 2284 5808.00000 2882.85485  50.4%     -   25s
     0     0 2882.98732    0 2312 5808.00000 2882.98732  50.4%     -   26s
H    0     0                    5786.0000000 2903.66825  49.8%     -   31s
H    0     0                    5778.0000000 2903.66825  49.7%     -   31s
H    0     0                    5776.0000000 2903.66825  49.7%     -   31s
     0     0 2903.66825    0 2788 5776.00000 2903.66825  49.7%     -   31s
H    0     0                    5732.0000000 2903.66825  49.3%     -   31s
     0     0 2913.66316    0 3159 5732.00000 2913.66316  49.2%     -   36s
     0     0 2917.74926    0 3093 5732.00000 2917.74926  49.1%     -   41s
     0     0 2919.92847    0 3214 5732.00000 2919.92847  49.1%     -   45s
     0     0 2921.14801    0 3280 5732.00000 2921.14801  49.0%     -   48s
     0     0 2921.63561    0 3281 5732.00000 2921.63561  49.0%     -   51s
     0     0 2921.75293    0 3363 5732.00000 2921.75293  49.0%     -   52s
H    0     0                    5725.0000000 2934.52352  48.7%     -   59s
     0     0 2934.52352    0 3640 5725.00000 2934.52352  48.7%     -   59s
H    0     0                    5717.0000000 2934.52352  48.7%     -   60s
     0     0 2942.35727    0 3981 5717.00000 2942.35727  48.5%     -   68s
     0     0 2946.20047    0 4016 5717.00000 2946.20047  48.5%     -   75s
     0     0 2947.97555    0 4156 5717.00000 2947.97555  48.4%     -   80s
     0     0 2948.90865    0 4234 5717.00000 2948.90865  48.4%     -   84s
     0     0 2949.40145    0 4374 5717.00000 2949.40145  48.4%     -   88s
     0     0 2949.59127    0 4307 5717.00000 2949.59127  48.4%     -   90s
H    0     0                    5667.0000000 2957.29751  47.8%     -  100s
H    0     0                    5652.0000000 2957.29751  47.7%     -  100s
     0     0 2957.29751    0 4575 5652.00000 2957.29751  47.7%     -  100s

Cutting planes:
  Gomory: 11
  Cover: 3134
  Implied bound: 139
  Clique: 871
  MIR: 60
  StrongCG: 7
  Flow cover: 105
  Zero half: 12
  Relax-and-lift: 10

Explored 1 nodes (128168 simplex iterations) in 100.03 seconds (90.70 work units)
Thread count was 12 (of 12 available processors)

Solution count 10: 5652 5667 5717 ... 5830

Time limit reached
Best objective 5.652000000000e+03, best bound 2.958000000000e+03, gap 47.6645%

Gurobi 9.5.1 (win64) logging started Tue Apr 19 15:53:44 2022

Set parameter LogFile to value "./Log/Pattern_Appro_solver_500_order_50_batch.log"
Gurobi Optimizer version 9.5.1 build v9.5.1rc2 (win64)
Thread count: 6 physical cores, 12 logical processors, using up to 12 threads
Optimize a model with 2809 rows, 20350 columns and 97300 nonzeros
Model fingerprint: 0xe3ef6e7f
Variable types: 0 continuous, 20350 integer (18000 binary)
Coefficient statistics:
  Matrix range     [1e+00, 1e+01]
  Objective range  [1e+00, 4e+01]
  Bounds range     [1e+00, 1e+01]
  RHS range        [1e+00, 1e+01]
Found heuristic solution: objective 11359.000000
Presolve removed 283 rows and 1916 columns
Presolve time: 0.10s
Presolved: 2526 rows, 18434 columns, 82832 nonzeros
Variable types: 0 continuous, 18434 integer (16248 binary)

Root relaxation: objective 2.685458e+03, 22331 iterations, 1.77 seconds (2.00 work units)

    Nodes    |    Current Node    |     Objective Bounds      |     Work
 Expl Unexpl |  Obj  Depth IntInf | Incumbent    BestBd   Gap | It/Node Time

     0     0 2685.45833    0  479 11359.0000 2685.45833  76.4%     -    1s
H    0     0                    7445.0000000 2685.45833  63.9%     -    1s
H    0     0                    7150.0000000 2685.45833  62.4%     -    3s
H    0     0                    7090.0000000 2685.45833  62.1%     -    3s
H    0     0                    7053.0000000 2685.45833  61.9%     -    3s
H    0     0                    6528.0000000 2776.89694  57.5%     -    3s
     0     0 2776.89694    0  797 6528.00000 2776.89694  57.5%     -    3s
H    0     0                    6484.0000000 2776.89694  57.2%     -    3s
     0     0 2779.37004    0  778 6484.00000 2779.37004  57.1%     -    4s
     0     0 2779.37004    0  778 6484.00000 2779.37004  57.1%     -    4s
H    0     0                    6377.0000000 2840.29249  55.5%     -    4s
     0     0 2840.95361    0 1097 6377.00000 2840.95361  55.4%     -    4s
H    0     0                    6336.0000000 2840.95361  55.2%     -    5s
     0     0 2848.34614    0 1072 6336.00000 2848.34614  55.0%     -    5s
     0     0 2850.74515    0 1113 6336.00000 2850.74515  55.0%     -    5s
     0     0 2850.85568    0 1149 6336.00000 2850.85568  55.0%     -    5s
     0     0 2850.86831    0 1172 6336.00000 2850.86831  55.0%     -    5s
H    0     0                    6330.0000000 2850.86831  55.0%     -    5s
H    0     0                    6294.0000000 2897.84531  54.0%     -    7s
H    0     0                    6256.0000000 2897.84531  53.7%     -    7s
     0     0 2897.84531    0 1401 6256.00000 2897.84531  53.7%     -    7s
H    0     0                    6231.0000000 2906.42677  53.4%     -    8s
     0     0 2906.42677    0 1383 6231.00000 2906.42677  53.4%     -    8s
     0     0 2907.57484    0 1430 6231.00000 2907.57484  53.3%     -    8s
     0     0 2908.23818    0 1447 6231.00000 2908.23818  53.3%     -    8s
     0     0 2908.36935    0 1469 6231.00000 2908.36935  53.3%     -    9s
     0     0 2908.89761    0 1440 6231.00000 2908.89761  53.3%     -    9s
     0     0 2908.90552    0 1449 6231.00000 2908.90552  53.3%     -    9s
H    0     0                    6150.0000000 2938.00192  52.2%     -   11s
H    0     0                    6127.0000000 2938.00192  52.0%     -   11s
     0     0 2938.00192    0 1889 6127.00000 2938.00192  52.0%     -   11s
H    0     0                    6093.0000000 2938.00192  51.8%     -   13s
     0     0 2948.46848    0 1900 6093.00000 2948.46848  51.6%     -   15s
H    0     0                    6090.0000000 2952.45066  51.5%     -   16s
     0     0 2952.45066    0 1916 6090.00000 2952.45066  51.5%     -   16s
H    0     0                    6081.0000000 2952.87661  51.4%     -   17s
     0     0 2952.87661    0 1853 6081.00000 2952.87661  51.4%     -   17s
     0     0 2953.53181    0 1888 6081.00000 2953.53181  51.4%     -   18s
     0     0 2953.61466    0 1930 6081.00000 2953.61466  51.4%     -   18s
H    0     0                    6061.0000000 2976.37061  50.9%     -   21s
H    0     0                    6031.0000000 2976.37061  50.6%     -   21s
     0     0 2976.37061    0 2451 6031.00000 2976.37061  50.6%     -   21s
H    0     0                    6018.0000000 2976.37061  50.5%     -   22s
     0     0 2985.67311    0 2597 6018.00000 2985.67311  50.4%     -   26s
